TrimmomaticPE: Started with arguments:
 -threads 4 /dfs6/pub/itamburi/ee283/datalinks/ATACseq/P006_A4_ED_4_R1.fq.gz /dfs6/pub/itamburi/ee283/datalinks/ATACseq/P006_A4_ED_4_R2.fq.gz /dfs6/pub/itamburi/ee283/week3/prob4/ATAC_trimmo/P006_A4_ED_4_R1_paired.fq /dfs6/pub/itamburi/ee283/week3/prob4/ATAC_trimmo/P006_A4_ED_4_R1_unpaired.fq /dfs6/pub/itamburi/ee283/week3/prob4/ATAC_trimmo/P006_A4_ED_4_R2_paired.fq /dfs6/pub/itamburi/ee283/week3/prob4/ATAC_trimmo/P006_A4_ED_4_R2_unpaired.fq ILLUMINACLIP:/opt/apps/trimmomatic/0.39/adapters/NexteraPE-PE.fa:2:30:10 LEADING:3 TRAILING:3 SLIDINGWINDOW:4:15 MINLEN:36
Using PrefixPair: 'AGATGTGTATAAGAGACAG' and 'AGATGTGTATAAGAGACAG'
Using Long Clipping Sequence: 'GTCTCGTGGGCTCGGAGATGTGTATAAGAGACAG'
Using Long Clipping Sequence: 'TCGTCGGCAGCGTCAGATGTGTATAAGAGACAG'
Using Long Clipping Sequence: 'CTGTCTCTTATACACATCTCCGAGCCCACGAGAC'
Using Long Clipping Sequence: 'CTGTCTCTTATACACATCTGACGCTGCCGACGA'
ILLUMINACLIP: Using 1 prefix pairs, 4 forward/reverse sequences, 0 forward only sequences, 0 reverse only sequences
Quality encoding detected as phred33
Input Read Pairs: 3297873 Both Surviving: 2727508 (82.71%) Forward Only Surviving: 539906 (16.37%) Reverse Only Surviving: 7219 (0.22%) Dropped: 23240 (0.70%)
TrimmomaticPE: Completed successfully
[M::main_mem] read 802802 sequences (40000001 bp)...
[M::mem_pestat] # candidate unique pairs for (FF, FR, RF, RR): (4, 296902, 22, 3)
[M::mem_pestat] skip orientation FF as there are not enough pairs
[M::mem_pestat] analyzing insert size distribution for orientation FR...
[M::mem_pestat] (25, 50, 75) percentile: (120, 217, 359)
[M::mem_pestat] low and high boundaries for computing mean and std.dev: (1, 837)
[M::mem_pestat] mean and std.dev: (253.63, 165.45)
[M::mem_pestat] low and high boundaries for proper pairs: (1, 1076)
[M::mem_pestat] analyzing insert size distribution for orientation RF...
[M::mem_pestat] (25, 50, 75) percentile: (369, 1597, 3723)
[M::mem_pestat] low and high boundaries for computing mean and std.dev: (1, 10431)
[M::mem_pestat] mean and std.dev: (2334.36, 2131.70)
[M::mem_pestat] low and high boundaries for proper pairs: (1, 13785)
[M::mem_pestat] skip orientation RR as there are not enough pairs
[M::mem_pestat] skip orientation RF
[M::mem_process_seqs] Processed 802802 reads in 58.301 CPU sec, 14.703 real sec
[M::main_mem] read 802878 sequences (40000013 bp)...
[M::mem_pestat] # candidate unique pairs for (FF, FR, RF, RR): (2, 296857, 28, 2)
[M::mem_pestat] skip orientation FF as there are not enough pairs
[M::mem_pestat] analyzing insert size distribution for orientation FR...
[M::mem_pestat] (25, 50, 75) percentile: (120, 219, 365)
[M::mem_pestat] low and high boundaries for computing mean and std.dev: (1, 855)
[M::mem_pestat] mean and std.dev: (257.32, 169.33)
[M::mem_pestat] low and high boundaries for proper pairs: (1, 1100)
[M::mem_pestat] analyzing insert size distribution for orientation RF...
[M::mem_pestat] (25, 50, 75) percentile: (1734, 2421, 5326)
[M::mem_pestat] low and high boundaries for computing mean and std.dev: (1, 12510)
[M::mem_pestat] mean and std.dev: (2855.57, 1926.73)
[M::mem_pestat] low and high boundaries for proper pairs: (1, 16102)
[M::mem_pestat] skip orientation RR as there are not enough pairs
[M::mem_pestat] skip orientation RF
[M::mem_process_seqs] Processed 802878 reads in 56.437 CPU sec, 14.245 real sec
[M::main_mem] read 802890 sequences (40000036 bp)...
[M::mem_pestat] # candidate unique pairs for (FF, FR, RF, RR): (5, 296891, 39, 2)
[M::mem_pestat] skip orientation FF as there are not enough pairs
[M::mem_pestat] analyzing insert size distribution for orientation FR...
[M::mem_pestat] (25, 50, 75) percentile: (121, 219, 366)
[M::mem_pestat] low and high boundaries for computing mean and std.dev: (1, 856)
[M::mem_pestat] mean and std.dev: (257.92, 169.07)
[M::mem_pestat] low and high boundaries for proper pairs: (1, 1101)
[M::mem_pestat] analyzing insert size distribution for orientation RF...
[M::mem_pestat] (25, 50, 75) percentile: (535, 2250, 3869)
[M::mem_pestat] low and high boundaries for computing mean and std.dev: (1, 10537)
[M::mem_pestat] mean and std.dev: (2575.59, 2370.84)
[M::mem_pestat] low and high boundaries for proper pairs: (1, 13871)
[M::mem_pestat] skip orientation RR as there are not enough pairs
[M::mem_pestat] skip orientation RF
[M::mem_process_seqs] Processed 802890 reads in 55.638 CPU sec, 14.023 real sec
[M::main_mem] read 802470 sequences (40000074 bp)...
[M::mem_pestat] # candidate unique pairs for (FF, FR, RF, RR): (3, 296613, 23, 3)
[M::mem_pestat] skip orientation FF as there are not enough pairs
[M::mem_pestat] analyzing insert size distribution for orientation FR...
[M::mem_pestat] (25, 50, 75) percentile: (118, 217, 360)
[M::mem_pestat] low and high boundaries for computing mean and std.dev: (1, 844)
[M::mem_pestat] mean and std.dev: (253.81, 166.81)
[M::mem_pestat] low and high boundaries for proper pairs: (1, 1086)
[M::mem_pestat] analyzing insert size distribution for orientation RF...
[M::mem_pestat] (25, 50, 75) percentile: (409, 1791, 3540)
[M::mem_pestat] low and high boundaries for computing mean and std.dev: (1, 9802)
[M::mem_pestat] mean and std.dev: (2169.65, 2082.46)
[M::mem_pestat] low and high boundaries for proper pairs: (1, 12933)
[M::mem_pestat] skip orientation RR as there are not enough pairs
[M::mem_pestat] skip orientation RF
[M::mem_process_seqs] Processed 802470 reads in 56.161 CPU sec, 14.156 real sec
[M::main_mem] read 802460 sequences (40000018 bp)...
[M::mem_pestat] # candidate unique pairs for (FF, FR, RF, RR): (3, 296572, 34, 3)
[M::mem_pestat] skip orientation FF as there are not enough pairs
[M::mem_pestat] analyzing insert size distribution for orientation FR...
[M::mem_pestat] (25, 50, 75) percentile: (117, 216, 361)
[M::mem_pestat] low and high boundaries for computing mean and std.dev: (1, 849)
[M::mem_pestat] mean and std.dev: (253.72, 168.21)
[M::mem_pestat] low and high boundaries for proper pairs: (1, 1093)
[M::mem_pestat] analyzing insert size distribution for orientation RF...
[M::mem_pestat] (25, 50, 75) percentile: (587, 2108, 2589)
[M::mem_pestat] low and high boundaries for computing mean and std.dev: (1, 6593)
[M::mem_pestat] mean and std.dev: (2019.71, 1566.83)
[M::mem_pestat] low and high boundaries for proper pairs: (1, 8595)
[M::mem_pestat] skip orientation RR as there are not enough pairs
[M::mem_pestat] skip orientation RF
[M::mem_process_seqs] Processed 802460 reads in 55.384 CPU sec, 13.976 real sec
[M::main_mem] read 802380 sequences (40000027 bp)...
[M::mem_pestat] # candidate unique pairs for (FF, FR, RF, RR): (6, 297027, 22, 5)
[M::mem_pestat] skip orientation FF as there are not enough pairs
[M::mem_pestat] analyzing insert size distribution for orientation FR...
[M::mem_pestat] (25, 50, 75) percentile: (116, 216, 363)
[M::mem_pestat] low and high boundaries for computing mean and std.dev: (1, 857)
[M::mem_pestat] mean and std.dev: (254.74, 169.15)
[M::mem_pestat] low and high boundaries for proper pairs: (1, 1104)
[M::mem_pestat] analyzing insert size distribution for orientation RF...
[M::mem_pestat] (25, 50, 75) percentile: (758, 2220, 5233)
[M::mem_pestat] low and high boundaries for computing mean and std.dev: (1, 14183)
[M::mem_pestat] mean and std.dev: (2697.32, 2098.39)
[M::mem_pestat] low and high boundaries for proper pairs: (1, 18658)
[M::mem_pestat] skip orientation RR as there are not enough pairs
[M::mem_pestat] skip orientation RF
[M::mem_process_seqs] Processed 802380 reads in 55.809 CPU sec, 14.075 real sec
[M::main_mem] read 639136 sequences (31859825 bp)...
[M::mem_pestat] # candidate unique pairs for (FF, FR, RF, RR): (4, 236892, 21, 4)
[M::mem_pestat] skip orientation FF as there are not enough pairs
[M::mem_pestat] analyzing insert size distribution for orientation FR...
[M::mem_pestat] (25, 50, 75) percentile: (117, 217, 368)
[M::mem_pestat] low and high boundaries for computing mean and std.dev: (1, 870)
[M::mem_pestat] mean and std.dev: (257.76, 172.30)
[M::mem_pestat] low and high boundaries for proper pairs: (1, 1121)
[M::mem_pestat] analyzing insert size distribution for orientation RF...
[M::mem_pestat] (25, 50, 75) percentile: (313, 1740, 3498)
[M::mem_pestat] low and high boundaries for computing mean and std.dev: (1, 9868)
[M::mem_pestat] mean and std.dev: (2021.40, 1945.38)
[M::mem_pestat] low and high boundaries for proper pairs: (1, 13053)
[M::mem_pestat] skip orientation RR as there are not enough pairs
[M::mem_pestat] skip orientation RF
[M::mem_process_seqs] Processed 639136 reads in 44.699 CPU sec, 11.261 real sec
[main] Version: 0.7.8-r455
[main] CMD: bwa mem -t 4 -M /dfs6/pub/itamburi/ee283/datalinks/refs/bwaidx/bwaidx /dfs6/pub/itamburi/ee283/week3/prob4/ATAC_trimmo/P006_A4_ED_4_R1_paired.fq /dfs6/pub/itamburi/ee283/week3/prob4/ATAC_trimmo/P006_A4_ED_4_R2_paired.fq
[main] Real time: 102.389 sec; CPU: 386.599 sec
[bam_sort_core] merging from 0 files and 4 in-memory blocks...
