TrimmomaticPE: Started with arguments:
 -threads 4 /dfs6/pub/itamburi/ee283/datalinks/ATACseq/P044_A6_WD_2_R1.fq.gz /dfs6/pub/itamburi/ee283/datalinks/ATACseq/P044_A6_WD_2_R2.fq.gz /dfs6/pub/itamburi/ee283/week3/prob4/ATAC_trimmo/P044_A6_WD_2_R1_paired.fq /dfs6/pub/itamburi/ee283/week3/prob4/ATAC_trimmo/P044_A6_WD_2_R1_unpaired.fq /dfs6/pub/itamburi/ee283/week3/prob4/ATAC_trimmo/P044_A6_WD_2_R2_paired.fq /dfs6/pub/itamburi/ee283/week3/prob4/ATAC_trimmo/P044_A6_WD_2_R2_unpaired.fq ILLUMINACLIP:/opt/apps/trimmomatic/0.39/adapters/NexteraPE-PE.fa:2:30:10 LEADING:3 TRAILING:3 SLIDINGWINDOW:4:15 MINLEN:36
Using PrefixPair: 'AGATGTGTATAAGAGACAG' and 'AGATGTGTATAAGAGACAG'
Using Long Clipping Sequence: 'GTCTCGTGGGCTCGGAGATGTGTATAAGAGACAG'
Using Long Clipping Sequence: 'TCGTCGGCAGCGTCAGATGTGTATAAGAGACAG'
Using Long Clipping Sequence: 'CTGTCTCTTATACACATCTCCGAGCCCACGAGAC'
Using Long Clipping Sequence: 'CTGTCTCTTATACACATCTGACGCTGCCGACGA'
ILLUMINACLIP: Using 1 prefix pairs, 4 forward/reverse sequences, 0 forward only sequences, 0 reverse only sequences
Quality encoding detected as phred33
Input Read Pairs: 2903300 Both Surviving: 2365756 (81.49%) Forward Only Surviving: 519583 (17.90%) Reverse Only Surviving: 5810 (0.20%) Dropped: 12151 (0.42%)
TrimmomaticPE: Completed successfully
[M::main_mem] read 803106 sequences (40000094 bp)...
[M::mem_pestat] # candidate unique pairs for (FF, FR, RF, RR): (6, 336605, 34, 4)
[M::mem_pestat] skip orientation FF as there are not enough pairs
[M::mem_pestat] analyzing insert size distribution for orientation FR...
[M::mem_pestat] (25, 50, 75) percentile: (151, 246, 391)
[M::mem_pestat] low and high boundaries for computing mean and std.dev: (1, 871)
[M::mem_pestat] mean and std.dev: (279.71, 169.41)
[M::mem_pestat] low and high boundaries for proper pairs: (1, 1111)
[M::mem_pestat] analyzing insert size distribution for orientation RF...
[M::mem_pestat] (25, 50, 75) percentile: (928, 2062, 2581)
[M::mem_pestat] low and high boundaries for computing mean and std.dev: (1, 5887)
[M::mem_pestat] mean and std.dev: (1976.79, 1472.88)
[M::mem_pestat] low and high boundaries for proper pairs: (1, 7540)
[M::mem_pestat] skip orientation RR as there are not enough pairs
[M::mem_pestat] skip orientation RF
[M::mem_process_seqs] Processed 803106 reads in 65.760 CPU sec, 16.632 real sec
[M::main_mem] read 803150 sequences (40000006 bp)...
[M::mem_pestat] # candidate unique pairs for (FF, FR, RF, RR): (2, 336434, 38, 5)
[M::mem_pestat] skip orientation FF as there are not enough pairs
[M::mem_pestat] analyzing insert size distribution for orientation FR...
[M::mem_pestat] (25, 50, 75) percentile: (151, 247, 394)
[M::mem_pestat] low and high boundaries for computing mean and std.dev: (1, 880)
[M::mem_pestat] mean and std.dev: (281.63, 171.25)
[M::mem_pestat] low and high boundaries for proper pairs: (1, 1123)
[M::mem_pestat] analyzing insert size distribution for orientation RF...
[M::mem_pestat] (25, 50, 75) percentile: (589, 1764, 4206)
[M::mem_pestat] low and high boundaries for computing mean and std.dev: (1, 11440)
[M::mem_pestat] mean and std.dev: (2508.18, 2453.08)
[M::mem_pestat] low and high boundaries for proper pairs: (1, 15057)
[M::mem_pestat] skip orientation RR as there are not enough pairs
[M::mem_pestat] skip orientation RF
[M::mem_process_seqs] Processed 803150 reads in 66.269 CPU sec, 16.758 real sec
[M::main_mem] read 803028 sequences (40000056 bp)...
[M::mem_pestat] # candidate unique pairs for (FF, FR, RF, RR): (11, 336867, 47, 9)
[M::mem_pestat] analyzing insert size distribution for orientation FF...
[M::mem_pestat] (25, 50, 75) percentile: (193, 371, 2852)
[M::mem_pestat] low and high boundaries for computing mean and std.dev: (1, 8170)
[M::mem_pestat] mean and std.dev: (1284.45, 1691.30)
[M::mem_pestat] low and high boundaries for proper pairs: (1, 10829)
[M::mem_pestat] analyzing insert size distribution for orientation FR...
[M::mem_pestat] (25, 50, 75) percentile: (152, 248, 396)
[M::mem_pestat] low and high boundaries for computing mean and std.dev: (1, 884)
[M::mem_pestat] mean and std.dev: (283.29, 172.14)
[M::mem_pestat] low and high boundaries for proper pairs: (1, 1128)
[M::mem_pestat] analyzing insert size distribution for orientation RF...
[M::mem_pestat] (25, 50, 75) percentile: (223, 1606, 4682)
[M::mem_pestat] low and high boundaries for computing mean and std.dev: (1, 13600)
[M::mem_pestat] mean and std.dev: (2616.70, 2631.51)
[M::mem_pestat] low and high boundaries for proper pairs: (1, 18059)
[M::mem_pestat] skip orientation RR as there are not enough pairs
[M::mem_pestat] skip orientation FF
[M::mem_pestat] skip orientation RF
[M::mem_process_seqs] Processed 803028 reads in 65.811 CPU sec, 16.638 real sec
[M::main_mem] read 802744 sequences (40000047 bp)...
[M::mem_pestat] # candidate unique pairs for (FF, FR, RF, RR): (7, 337202, 26, 5)
[M::mem_pestat] skip orientation FF as there are not enough pairs
[M::mem_pestat] analyzing insert size distribution for orientation FR...
[M::mem_pestat] (25, 50, 75) percentile: (148, 245, 394)
[M::mem_pestat] low and high boundaries for computing mean and std.dev: (1, 886)
[M::mem_pestat] mean and std.dev: (281.08, 173.40)
[M::mem_pestat] low and high boundaries for proper pairs: (1, 1132)
[M::mem_pestat] analyzing insert size distribution for orientation RF...
[M::mem_pestat] (25, 50, 75) percentile: (393, 2869, 4471)
[M::mem_pestat] low and high boundaries for computing mean and std.dev: (1, 12627)
[M::mem_pestat] mean and std.dev: (2644.85, 2184.29)
[M::mem_pestat] low and high boundaries for proper pairs: (1, 16705)
[M::mem_pestat] skip orientation RR as there are not enough pairs
[M::mem_pestat] skip orientation RF
[M::mem_process_seqs] Processed 802744 reads in 65.783 CPU sec, 16.764 real sec
[M::main_mem] read 802898 sequences (40000085 bp)...
[M::mem_pestat] # candidate unique pairs for (FF, FR, RF, RR): (9, 337662, 36, 13)
[M::mem_pestat] skip orientation FF as there are not enough pairs
[M::mem_pestat] analyzing insert size distribution for orientation FR...
[M::mem_pestat] (25, 50, 75) percentile: (149, 247, 396)
[M::mem_pestat] low and high boundaries for computing mean and std.dev: (1, 890)
[M::mem_pestat] mean and std.dev: (282.70, 174.04)
[M::mem_pestat] low and high boundaries for proper pairs: (1, 1137)
[M::mem_pestat] analyzing insert size distribution for orientation RF...
[M::mem_pestat] (25, 50, 75) percentile: (552, 1161, 3463)
[M::mem_pestat] low and high boundaries for computing mean and std.dev: (1, 9285)
[M::mem_pestat] mean and std.dev: (2352.47, 2532.74)
[M::mem_pestat] low and high boundaries for proper pairs: (1, 12196)
[M::mem_pestat] analyzing insert size distribution for orientation RR...
[M::mem_pestat] (25, 50, 75) percentile: (206, 250, 379)
[M::mem_pestat] low and high boundaries for computing mean and std.dev: (1, 725)
[M::mem_pestat] mean and std.dev: (240.36, 85.59)
[M::mem_pestat] low and high boundaries for proper pairs: (1, 898)
[M::mem_pestat] skip orientation RF
[M::mem_pestat] skip orientation RR
[M::mem_process_seqs] Processed 802898 reads in 65.874 CPU sec, 16.627 real sec
[M::main_mem] read 716586 sequences (35701944 bp)...
[M::mem_pestat] # candidate unique pairs for (FF, FR, RF, RR): (5, 301139, 31, 8)
[M::mem_pestat] skip orientation FF as there are not enough pairs
[M::mem_pestat] analyzing insert size distribution for orientation FR...
[M::mem_pestat] (25, 50, 75) percentile: (149, 248, 400)
[M::mem_pestat] low and high boundaries for computing mean and std.dev: (1, 902)
[M::mem_pestat] mean and std.dev: (284.87, 175.47)
[M::mem_pestat] low and high boundaries for proper pairs: (1, 1153)
[M::mem_pestat] analyzing insert size distribution for orientation RF...
[M::mem_pestat] (25, 50, 75) percentile: (675, 1457, 3015)
[M::mem_pestat] low and high boundaries for computing mean and std.dev: (1, 7695)
[M::mem_pestat] mean and std.dev: (1991.61, 1861.75)
[M::mem_pestat] low and high boundaries for proper pairs: (1, 10035)
[M::mem_pestat] skip orientation RR as there are not enough pairs
[M::mem_pestat] skip orientation RF
[M::mem_process_seqs] Processed 716586 reads in 59.112 CPU sec, 14.941 real sec
[main] Version: 0.7.8-r455
[main] CMD: bwa mem -t 4 -M /dfs6/pub/itamburi/ee283/datalinks/refs/bwaidx/bwaidx /dfs6/pub/itamburi/ee283/week3/prob4/ATAC_trimmo/P044_A6_WD_2_R1_paired.fq /dfs6/pub/itamburi/ee283/week3/prob4/ATAC_trimmo/P044_A6_WD_2_R2_paired.fq
[main] Real time: 104.454 sec; CPU: 393.004 sec
[bam_sort_core] merging from 0 files and 4 in-memory blocks...
