INFO	2025-02-16 17:23:15	MarkDuplicates	

********** NOTE: Picard's command line syntax is changing.
**********
********** For more information, please see:
********** https://github.com/broadinstitute/picard/wiki/Command-Line-Syntax-Transition-For-Users-(Pre-Transition)
**********
********** The command line looks like this in the new syntax:
**********
**********    MarkDuplicates -I /dfs6/pub/itamburi/ee283/week6/bam.processed/P006_A4_ED_4.chrX.sort.bam -O /dfs6/pub/itamburi/ee283/week6/bam.processed/P006_A4_ED_4.chrX.dd.bam -M /dfs6/pub/itamburi/ee283/week6/bam.processed/P006_A4_ED_4.chrX.dd.metrics -REMOVE_DUPLICATES true
**********


17:23:15.785 INFO  NativeLibraryLoader - Loading libgkl_compression.so from jar:file:/opt/apps/picard-tools/2.27.1/picard.jar!/com/intel/gkl/native/libgkl_compression.so
[Sun Feb 16 17:23:15 PST 2025] MarkDuplicates INPUT=[/dfs6/pub/itamburi/ee283/week6/bam.processed/P006_A4_ED_4.chrX.sort.bam] OUTPUT=/dfs6/pub/itamburi/ee283/week6/bam.processed/P006_A4_ED_4.chrX.dd.bam METRICS_FILE=/dfs6/pub/itamburi/ee283/week6/bam.processed/P006_A4_ED_4.chrX.dd.metrics REMOVE_DUPLICATES=true    MAX_SEQUENCES_FOR_DISK_READ_ENDS_MAP=50000 MAX_FILE_HANDLES_FOR_READ_ENDS_MAP=8000 SORTING_COLLECTION_SIZE_RATIO=0.25 TAG_DUPLICATE_SET_MEMBERS=false REMOVE_SEQUENCING_DUPLICATES=false TAGGING_POLICY=DontTag CLEAR_DT=true DUPLEX_UMI=false ADD_PG_TAG_TO_READS=true ASSUME_SORTED=false DUPLICATE_SCORING_STRATEGY=SUM_OF_BASE_QUALITIES PROGRAM_RECORD_ID=MarkDuplicates PROGRAM_GROUP_NAME=MarkDuplicates READ_NAME_REGEX=<optimized capture of last three ':' separated fields as numeric values> OPTICAL_DUPLICATE_PIXEL_DISTANCE=100 MAX_OPTICAL_DUPLICATE_SET_SIZE=300000 VERBOSITY=INFO QUIET=false VALIDATION_STRINGENCY=STRICT COMPRESSION_LEVEL=5 MAX_RECORDS_IN_RAM=500000 CREATE_INDEX=false CREATE_MD5_FILE=false GA4GH_CLIENT_SECRETS=client_secrets.json USE_JDK_DEFLATER=false USE_JDK_INFLATER=false
[Sun Feb 16 17:23:15 PST 2025] Executing as itamburi@hpc3-20-27 on Linux 4.18.0-553.22.1.el8_10.x86_64 amd64; OpenJDK 64-Bit Server VM 11.0.25+9-LTS; Deflater: Intel; Inflater: Intel; Provider GCS is not available; Picard version: unspecified-SNAPSHOT
INFO	2025-02-16 17:23:15	MarkDuplicates	Start of doWork freeMemory: 203035424; totalMemory: 209715200; maxMemory: 25769803776
INFO	2025-02-16 17:23:15	MarkDuplicates	Reading input file and constructing read end information.
INFO	2025-02-16 17:23:15	MarkDuplicates	Will retain up to 93368854 data points before spilling to disk.
INFO	2025-02-16 17:23:17	MarkDuplicates	Read 522128 records. 1381 pairs never matched.
INFO	2025-02-16 17:23:17	MarkDuplicates	After buildSortedReadEndLists freeMemory: 962296776; totalMemory: 1782579200; maxMemory: 25769803776
INFO	2025-02-16 17:23:17	MarkDuplicates	Will retain up to 805306368 duplicate indices before spilling to disk.
INFO	2025-02-16 17:23:19	MarkDuplicates	Traversing read pair information and detecting duplicates.
INFO	2025-02-16 17:23:19	MarkDuplicates	Traversing fragment information and detecting duplicates.
INFO	2025-02-16 17:23:19	MarkDuplicates	Sorting list of duplicate records.
INFO	2025-02-16 17:23:19	MarkDuplicates	After generateDuplicateIndexes freeMemory: 4465200232; totalMemory: 10921967616; maxMemory: 25769803776
INFO	2025-02-16 17:23:19	MarkDuplicates	Marking 45962 records as duplicates.
INFO	2025-02-16 17:23:19	MarkDuplicates	Found 3018 optical duplicate clusters.
INFO	2025-02-16 17:23:19	MarkDuplicates	Reads are assumed to be ordered by: coordinate
INFO	2025-02-16 17:23:23	MarkDuplicates	Writing complete. Closing input iterator.
INFO	2025-02-16 17:23:23	MarkDuplicates	Duplicate Index cleanup.
INFO	2025-02-16 17:23:23	MarkDuplicates	Getting Memory Stats.
INFO	2025-02-16 17:23:23	MarkDuplicates	Before output close freeMemory: 324246104; totalMemory: 335544320; maxMemory: 25769803776
INFO	2025-02-16 17:23:23	MarkDuplicates	Closed outputs. Getting more Memory Stats.
INFO	2025-02-16 17:23:23	MarkDuplicates	After output close freeMemory: 131904584; totalMemory: 142606336; maxMemory: 25769803776
[Sun Feb 16 17:23:23 PST 2025] picard.sam.markduplicates.MarkDuplicates done. Elapsed time: 0.13 minutes.
Runtime.totalMemory()=142606336
