INFO	2025-02-16 17:23:11	MarkDuplicates	

********** NOTE: Picard's command line syntax is changing.
**********
********** For more information, please see:
********** https://github.com/broadinstitute/picard/wiki/Command-Line-Syntax-Transition-For-Users-(Pre-Transition)
**********
********** The command line looks like this in the new syntax:
**********
**********    MarkDuplicates -I /dfs6/pub/itamburi/ee283/week6/bam.processed/P013_A4_WD_1.chrX.sort.bam -O /dfs6/pub/itamburi/ee283/week6/bam.processed/P013_A4_WD_1.chrX.dd.bam -M /dfs6/pub/itamburi/ee283/week6/bam.processed/P013_A4_WD_1.chrX.dd.metrics -REMOVE_DUPLICATES true
**********


17:23:12.152 INFO  NativeLibraryLoader - Loading libgkl_compression.so from jar:file:/opt/apps/picard-tools/2.27.1/picard.jar!/com/intel/gkl/native/libgkl_compression.so
[Sun Feb 16 17:23:12 PST 2025] MarkDuplicates INPUT=[/dfs6/pub/itamburi/ee283/week6/bam.processed/P013_A4_WD_1.chrX.sort.bam] OUTPUT=/dfs6/pub/itamburi/ee283/week6/bam.processed/P013_A4_WD_1.chrX.dd.bam METRICS_FILE=/dfs6/pub/itamburi/ee283/week6/bam.processed/P013_A4_WD_1.chrX.dd.metrics REMOVE_DUPLICATES=true    MAX_SEQUENCES_FOR_DISK_READ_ENDS_MAP=50000 MAX_FILE_HANDLES_FOR_READ_ENDS_MAP=8000 SORTING_COLLECTION_SIZE_RATIO=0.25 TAG_DUPLICATE_SET_MEMBERS=false REMOVE_SEQUENCING_DUPLICATES=false TAGGING_POLICY=DontTag CLEAR_DT=true DUPLEX_UMI=false ADD_PG_TAG_TO_READS=true ASSUME_SORTED=false DUPLICATE_SCORING_STRATEGY=SUM_OF_BASE_QUALITIES PROGRAM_RECORD_ID=MarkDuplicates PROGRAM_GROUP_NAME=MarkDuplicates READ_NAME_REGEX=<optimized capture of last three ':' separated fields as numeric values> OPTICAL_DUPLICATE_PIXEL_DISTANCE=100 MAX_OPTICAL_DUPLICATE_SET_SIZE=300000 VERBOSITY=INFO QUIET=false VALIDATION_STRINGENCY=STRICT COMPRESSION_LEVEL=5 MAX_RECORDS_IN_RAM=500000 CREATE_INDEX=false CREATE_MD5_FILE=false GA4GH_CLIENT_SECRETS=client_secrets.json USE_JDK_DEFLATER=false USE_JDK_INFLATER=false
[Sun Feb 16 17:23:12 PST 2025] Executing as itamburi@hpc3-21-15 on Linux 4.18.0-553.22.1.el8_10.x86_64 amd64; OpenJDK 64-Bit Server VM 11.0.25+9-LTS; Deflater: Intel; Inflater: Intel; Provider GCS is not available; Picard version: unspecified-SNAPSHOT
INFO	2025-02-16 17:23:12	MarkDuplicates	Start of doWork freeMemory: 203040584; totalMemory: 209715200; maxMemory: 25769803776
INFO	2025-02-16 17:23:12	MarkDuplicates	Reading input file and constructing read end information.
INFO	2025-02-16 17:23:12	MarkDuplicates	Will retain up to 93368854 data points before spilling to disk.
INFO	2025-02-16 17:23:13	MarkDuplicates	Read 371579 records. 1007 pairs never matched.
INFO	2025-02-16 17:23:13	MarkDuplicates	After buildSortedReadEndLists freeMemory: 974333984; totalMemory: 1778384896; maxMemory: 25769803776
INFO	2025-02-16 17:23:13	MarkDuplicates	Will retain up to 805306368 duplicate indices before spilling to disk.
INFO	2025-02-16 17:23:15	MarkDuplicates	Traversing read pair information and detecting duplicates.
INFO	2025-02-16 17:23:15	MarkDuplicates	Traversing fragment information and detecting duplicates.
INFO	2025-02-16 17:23:15	MarkDuplicates	Sorting list of duplicate records.
INFO	2025-02-16 17:23:15	MarkDuplicates	After generateDuplicateIndexes freeMemory: 4444229784; totalMemory: 10900996096; maxMemory: 25769803776
INFO	2025-02-16 17:23:15	MarkDuplicates	Marking 29309 records as duplicates.
INFO	2025-02-16 17:23:15	MarkDuplicates	Found 2130 optical duplicate clusters.
INFO	2025-02-16 17:23:15	MarkDuplicates	Reads are assumed to be ordered by: coordinate
INFO	2025-02-16 17:23:18	MarkDuplicates	Writing complete. Closing input iterator.
INFO	2025-02-16 17:23:18	MarkDuplicates	Duplicate Index cleanup.
INFO	2025-02-16 17:23:18	MarkDuplicates	Getting Memory Stats.
INFO	2025-02-16 17:23:18	MarkDuplicates	Before output close freeMemory: 311599336; totalMemory: 322961408; maxMemory: 25769803776
INFO	2025-02-16 17:23:18	MarkDuplicates	Closed outputs. Getting more Memory Stats.
INFO	2025-02-16 17:23:18	MarkDuplicates	After output close freeMemory: 102965576; totalMemory: 113246208; maxMemory: 25769803776
[Sun Feb 16 17:23:18 PST 2025] picard.sam.markduplicates.MarkDuplicates done. Elapsed time: 0.11 minutes.
Runtime.totalMemory()=113246208
