[M::main_mem] read 1481482 sequences (80000028 bp)...
[M::mem_pestat] # candidate unique pairs for (FF, FR, RF, RR): (17, 578755, 86, 19)
[M::mem_pestat] analyzing insert size distribution for orientation FF...
[M::mem_pestat] (25, 50, 75) percentile: (300, 1113, 3705)
[M::mem_pestat] low and high boundaries for computing mean and std.dev: (1, 10515)
[M::mem_pestat] mean and std.dev: (2197.00, 2286.46)
[M::mem_pestat] low and high boundaries for proper pairs: (1, 13920)
[M::mem_pestat] analyzing insert size distribution for orientation FR...
[M::mem_pestat] (25, 50, 75) percentile: (297, 328, 360)
[M::mem_pestat] low and high boundaries for computing mean and std.dev: (171, 486)
[M::mem_pestat] mean and std.dev: (326.14, 48.76)
[M::mem_pestat] low and high boundaries for proper pairs: (108, 549)
[M::mem_pestat] analyzing insert size distribution for orientation RF...
[M::mem_pestat] (25, 50, 75) percentile: (99, 569, 2515)
[M::mem_pestat] low and high boundaries for computing mean and std.dev: (1, 7347)
[M::mem_pestat] mean and std.dev: (1323.51, 1607.34)
[M::mem_pestat] low and high boundaries for proper pairs: (1, 9763)
[M::mem_pestat] analyzing insert size distribution for orientation RR...
[M::mem_pestat] (25, 50, 75) percentile: (235, 574, 2187)
[M::mem_pestat] low and high boundaries for computing mean and std.dev: (1, 6091)
[M::mem_pestat] mean and std.dev: (990.18, 1272.74)
[M::mem_pestat] low and high boundaries for proper pairs: (1, 8043)
[M::mem_pestat] skip orientation FF
[M::mem_pestat] skip orientation RF
[M::mem_pestat] skip orientation RR
[M::mem_process_seqs] Processed 1481482 reads in 186.753 CPU sec, 23.794 real sec
[M::main_mem] read 1481482 sequences (80000028 bp)...
[M::mem_pestat] # candidate unique pairs for (FF, FR, RF, RR): (14, 578196, 76, 19)
[M::mem_pestat] analyzing insert size distribution for orientation FF...
[M::mem_pestat] (25, 50, 75) percentile: (120, 1849, 3854)
[M::mem_pestat] low and high boundaries for computing mean and std.dev: (1, 11322)
[M::mem_pestat] mean and std.dev: (2107.00, 2201.32)
[M::mem_pestat] low and high boundaries for proper pairs: (1, 15056)
[M::mem_pestat] analyzing insert size distribution for orientation FR...
[M::mem_pestat] (25, 50, 75) percentile: (297, 328, 360)
[M::mem_pestat] low and high boundaries for computing mean and std.dev: (171, 486)
[M::mem_pestat] mean and std.dev: (326.11, 48.86)
[M::mem_pestat] low and high boundaries for proper pairs: (108, 549)
[M::mem_pestat] analyzing insert size distribution for orientation RF...
[M::mem_pestat] (25, 50, 75) percentile: (187, 2181, 4376)
[M::mem_pestat] low and high boundaries for computing mean and std.dev: (1, 12754)
[M::mem_pestat] mean and std.dev: (2710.93, 2725.20)
[M::mem_pestat] low and high boundaries for proper pairs: (1, 16943)
[M::mem_pestat] analyzing insert size distribution for orientation RR...
[M::mem_pestat] (25, 50, 75) percentile: (324, 1968, 2675)
[M::mem_pestat] low and high boundaries for computing mean and std.dev: (1, 7377)
[M::mem_pestat] mean and std.dev: (1601.00, 1211.77)
[M::mem_pestat] low and high boundaries for proper pairs: (1, 9728)
[M::mem_pestat] skip orientation FF
[M::mem_pestat] skip orientation RF
[M::mem_pestat] skip orientation RR
[M::mem_process_seqs] Processed 1481482 reads in 179.924 CPU sec, 22.788 real sec
[M::main_mem] read 1481482 sequences (80000028 bp)...
[M::mem_pestat] # candidate unique pairs for (FF, FR, RF, RR): (28, 578732, 92, 16)
[M::mem_pestat] analyzing insert size distribution for orientation FF...
[M::mem_pestat] (25, 50, 75) percentile: (276, 977, 2150)
[M::mem_pestat] low and high boundaries for computing mean and std.dev: (1, 5898)
[M::mem_pestat] mean and std.dev: (1038.17, 1206.86)
[M::mem_pestat] low and high boundaries for proper pairs: (1, 7772)
[M::mem_pestat] analyzing insert size distribution for orientation FR...
[M::mem_pestat] (25, 50, 75) percentile: (297, 328, 360)
[M::mem_pestat] low and high boundaries for computing mean and std.dev: (171, 486)
[M::mem_pestat] mean and std.dev: (326.09, 48.80)
[M::mem_pestat] low and high boundaries for proper pairs: (108, 549)
[M::mem_pestat] analyzing insert size distribution for orientation RF...
[M::mem_pestat] (25, 50, 75) percentile: (151, 569, 3886)
[M::mem_pestat] low and high boundaries for computing mean and std.dev: (1, 11356)
[M::mem_pestat] mean and std.dev: (2060.85, 2373.05)
[M::mem_pestat] low and high boundaries for proper pairs: (1, 15091)
[M::mem_pestat] analyzing insert size distribution for orientation RR...
[M::mem_pestat] (25, 50, 75) percentile: (349, 1105, 3349)
[M::mem_pestat] low and high boundaries for computing mean and std.dev: (1, 9349)
[M::mem_pestat] mean and std.dev: (1583.81, 1266.81)
[M::mem_pestat] low and high boundaries for proper pairs: (1, 12349)
[M::mem_pestat] skip orientation FF
[M::mem_pestat] skip orientation RF
[M::mem_pestat] skip orientation RR
[M::mem_process_seqs] Processed 1481482 reads in 176.422 CPU sec, 22.321 real sec
[M::main_mem] read 1481482 sequences (80000028 bp)...
[M::mem_pestat] # candidate unique pairs for (FF, FR, RF, RR): (22, 578359, 94, 20)
[M::mem_pestat] analyzing insert size distribution for orientation FF...
[M::mem_pestat] (25, 50, 75) percentile: (203, 295, 1964)
[M::mem_pestat] low and high boundaries for computing mean and std.dev: (1, 5486)
[M::mem_pestat] mean and std.dev: (1013.50, 1244.71)
[M::mem_pestat] low and high boundaries for proper pairs: (1, 7247)
[M::mem_pestat] analyzing insert size distribution for orientation FR...
[M::mem_pestat] (25, 50, 75) percentile: (297, 328, 360)
[M::mem_pestat] low and high boundaries for computing mean and std.dev: (171, 486)
[M::mem_pestat] mean and std.dev: (326.19, 48.82)
[M::mem_pestat] low and high boundaries for proper pairs: (108, 549)
[M::mem_pestat] analyzing insert size distribution for orientation RF...
[M::mem_pestat] (25, 50, 75) percentile: (246, 1091, 3865)
[M::mem_pestat] low and high boundaries for computing mean and std.dev: (1, 11103)
[M::mem_pestat] mean and std.dev: (2187.69, 2263.21)
[M::mem_pestat] low and high boundaries for proper pairs: (1, 14722)
[M::mem_pestat] analyzing insert size distribution for orientation RR...
[M::mem_pestat] (25, 50, 75) percentile: (273, 379, 2253)
[M::mem_pestat] low and high boundaries for computing mean and std.dev: (1, 6213)
[M::mem_pestat] mean and std.dev: (1091.95, 1380.80)
[M::mem_pestat] low and high boundaries for proper pairs: (1, 8193)
[M::mem_pestat] skip orientation FF
[M::mem_pestat] skip orientation RF
[M::mem_pestat] skip orientation RR
[M::mem_process_seqs] Processed 1481482 reads in 181.617 CPU sec, 22.952 real sec
[M::main_mem] read 1481482 sequences (80000028 bp)...
[M::mem_pestat] # candidate unique pairs for (FF, FR, RF, RR): (22, 579453, 77, 21)
[M::mem_pestat] analyzing insert size distribution for orientation FF...
[M::mem_pestat] (25, 50, 75) percentile: (270, 784, 2354)
[M::mem_pestat] low and high boundaries for computing mean and std.dev: (1, 6522)
[M::mem_pestat] mean and std.dev: (1004.47, 1135.69)
[M::mem_pestat] low and high boundaries for proper pairs: (1, 8606)
[M::mem_pestat] analyzing insert size distribution for orientation FR...
[M::mem_pestat] (25, 50, 75) percentile: (297, 328, 360)
[M::mem_pestat] low and high boundaries for computing mean and std.dev: (171, 486)
[M::mem_pestat] mean and std.dev: (326.27, 48.72)
[M::mem_pestat] low and high boundaries for proper pairs: (108, 549)
[M::mem_pestat] analyzing insert size distribution for orientation RF...
[M::mem_pestat] (25, 50, 75) percentile: (152, 801, 3828)
[M::mem_pestat] low and high boundaries for computing mean and std.dev: (1, 11180)
[M::mem_pestat] mean and std.dev: (2078.01, 2396.61)
[M::mem_pestat] low and high boundaries for proper pairs: (1, 14856)
[M::mem_pestat] analyzing insert size distribution for orientation RR...
[M::mem_pestat] (25, 50, 75) percentile: (582, 1386, 3483)
[M::mem_pestat] low and high boundaries for computing mean and std.dev: (1, 9285)
[M::mem_pestat] mean and std.dev: (2091.05, 2045.87)
[M::mem_pestat] low and high boundaries for proper pairs: (1, 12186)
[M::mem_pestat] skip orientation FF
[M::mem_pestat] skip orientation RF
[M::mem_pestat] skip orientation RR
[M::mem_process_seqs] Processed 1481482 reads in 182.312 CPU sec, 23.110 real sec
[M::main_mem] read 1481482 sequences (80000028 bp)...
[M::mem_pestat] # candidate unique pairs for (FF, FR, RF, RR): (19, 579760, 92, 17)
[M::mem_pestat] analyzing insert size distribution for orientation FF...
[M::mem_pestat] (25, 50, 75) percentile: (288, 929, 2547)
[M::mem_pestat] low and high boundaries for computing mean and std.dev: (1, 7065)
[M::mem_pestat] mean and std.dev: (1675.26, 1764.20)
[M::mem_pestat] low and high boundaries for proper pairs: (1, 9324)
[M::mem_pestat] analyzing insert size distribution for orientation FR...
[M::mem_pestat] (25, 50, 75) percentile: (297, 328, 360)
[M::mem_pestat] low and high boundaries for computing mean and std.dev: (171, 486)
[M::mem_pestat] mean and std.dev: (326.10, 48.86)
[M::mem_pestat] low and high boundaries for proper pairs: (108, 549)
[M::mem_pestat] analyzing insert size distribution for orientation RF...
[M::mem_pestat] (25, 50, 75) percentile: (131, 573, 2918)
[M::mem_pestat] low and high boundaries for computing mean and std.dev: (1, 8492)
[M::mem_pestat] mean and std.dev: (1504.81, 1916.61)
[M::mem_pestat] low and high boundaries for proper pairs: (1, 11279)
[M::mem_pestat] analyzing insert size distribution for orientation RR...
[M::mem_pestat] (25, 50, 75) percentile: (286, 530, 3337)
[M::mem_pestat] low and high boundaries for computing mean and std.dev: (1, 9439)
[M::mem_pestat] mean and std.dev: (1913.88, 2446.16)
[M::mem_pestat] low and high boundaries for proper pairs: (1, 12490)
[M::mem_pestat] skip orientation FF
[M::mem_pestat] skip orientation RF
[M::mem_pestat] skip orientation RR
[M::mem_process_seqs] Processed 1481482 reads in 181.780 CPU sec, 23.054 real sec
[M::main_mem] read 1481482 sequences (80000028 bp)...
[M::mem_pestat] # candidate unique pairs for (FF, FR, RF, RR): (22, 578913, 92, 20)
[M::mem_pestat] analyzing insert size distribution for orientation FF...
[M::mem_pestat] (25, 50, 75) percentile: (326, 907, 2610)
[M::mem_pestat] low and high boundaries for computing mean and std.dev: (1, 7178)
[M::mem_pestat] mean and std.dev: (1338.33, 1249.58)
[M::mem_pestat] low and high boundaries for proper pairs: (1, 9462)
[M::mem_pestat] analyzing insert size distribution for orientation FR...
[M::mem_pestat] (25, 50, 75) percentile: (297, 328, 360)
[M::mem_pestat] low and high boundaries for computing mean and std.dev: (171, 486)
[M::mem_pestat] mean and std.dev: (326.12, 48.83)
[M::mem_pestat] low and high boundaries for proper pairs: (108, 549)
[M::mem_pestat] analyzing insert size distribution for orientation RF...
[M::mem_pestat] (25, 50, 75) percentile: (98, 967, 3879)
[M::mem_pestat] low and high boundaries for computing mean and std.dev: (1, 11441)
[M::mem_pestat] mean and std.dev: (2163.36, 2407.17)
[M::mem_pestat] low and high boundaries for proper pairs: (1, 15222)
[M::mem_pestat] analyzing insert size distribution for orientation RR...
[M::mem_pestat] (25, 50, 75) percentile: (402, 1353, 3552)
[M::mem_pestat] low and high boundaries for computing mean and std.dev: (1, 9852)
[M::mem_pestat] mean and std.dev: (2380.00, 2713.44)
[M::mem_pestat] low and high boundaries for proper pairs: (1, 13002)
[M::mem_pestat] skip orientation FF
[M::mem_pestat] skip orientation RF
[M::mem_pestat] skip orientation RR
[M::mem_process_seqs] Processed 1481482 reads in 181.407 CPU sec, 22.973 real sec
[M::main_mem] read 1481482 sequences (80000028 bp)...
[M::mem_pestat] # candidate unique pairs for (FF, FR, RF, RR): (17, 579620, 97, 18)
[M::mem_pestat] analyzing insert size distribution for orientation FF...
[M::mem_pestat] (25, 50, 75) percentile: (1640, 2217, 3215)
[M::mem_pestat] low and high boundaries for computing mean and std.dev: (1, 6365)
[M::mem_pestat] mean and std.dev: (2081.50, 1075.14)
[M::mem_pestat] low and high boundaries for proper pairs: (1, 7940)
[M::mem_pestat] analyzing insert size distribution for orientation FR...
[M::mem_pestat] (25, 50, 75) percentile: (297, 328, 360)
[M::mem_pestat] low and high boundaries for computing mean and std.dev: (171, 486)
[M::mem_pestat] mean and std.dev: (326.25, 48.76)
[M::mem_pestat] low and high boundaries for proper pairs: (108, 549)
[M::mem_pestat] analyzing insert size distribution for orientation RF...
[M::mem_pestat] (25, 50, 75) percentile: (53, 524, 2902)
[M::mem_pestat] low and high boundaries for computing mean and std.dev: (1, 8600)
[M::mem_pestat] mean and std.dev: (1631.49, 2138.53)
[M::mem_pestat] low and high boundaries for proper pairs: (1, 11449)
[M::mem_pestat] analyzing insert size distribution for orientation RR...
[M::mem_pestat] (25, 50, 75) percentile: (796, 1446, 2159)
[M::mem_pestat] low and high boundaries for computing mean and std.dev: (1, 4885)
[M::mem_pestat] mean and std.dev: (1191.87, 657.86)
[M::mem_pestat] low and high boundaries for proper pairs: (1, 6248)
[M::mem_pestat] skip orientation FF
[M::mem_pestat] skip orientation RF
[M::mem_pestat] skip orientation RR
[M::mem_process_seqs] Processed 1481482 reads in 179.160 CPU sec, 22.720 real sec
[M::main_mem] read 1481482 sequences (80000028 bp)...
[M::mem_pestat] # candidate unique pairs for (FF, FR, RF, RR): (20, 579840, 95, 15)
[M::mem_pestat] analyzing insert size distribution for orientation FF...
[M::mem_pestat] (25, 50, 75) percentile: (326, 1249, 3415)
[M::mem_pestat] low and high boundaries for computing mean and std.dev: (1, 9593)
[M::mem_pestat] mean and std.dev: (2067.15, 2131.56)
[M::mem_pestat] low and high boundaries for proper pairs: (1, 12682)
[M::mem_pestat] analyzing insert size distribution for orientation FR...
[M::mem_pestat] (25, 50, 75) percentile: (297, 328, 360)
[M::mem_pestat] low and high boundaries for computing mean and std.dev: (171, 486)
[M::mem_pestat] mean and std.dev: (326.21, 48.68)
[M::mem_pestat] low and high boundaries for proper pairs: (108, 549)
[M::mem_pestat] analyzing insert size distribution for orientation RF...
[M::mem_pestat] (25, 50, 75) percentile: (113, 649, 3513)
[M::mem_pestat] low and high boundaries for computing mean and std.dev: (1, 10313)
[M::mem_pestat] mean and std.dev: (1880.45, 2315.85)
[M::mem_pestat] low and high boundaries for proper pairs: (1, 13713)
[M::mem_pestat] analyzing insert size distribution for orientation RR...
[M::mem_pestat] (25, 50, 75) percentile: (302, 944, 1911)
[M::mem_pestat] low and high boundaries for computing mean and std.dev: (1, 5129)
[M::mem_pestat] mean and std.dev: (1063.57, 1085.26)
[M::mem_pestat] low and high boundaries for proper pairs: (1, 6738)
[M::mem_pestat] skip orientation FF
[M::mem_pestat] skip orientation RF
[M::mem_pestat] skip orientation RR
[M::mem_process_seqs] Processed 1481482 reads in 180.179 CPU sec, 22.811 real sec
[M::main_mem] read 1481482 sequences (80000028 bp)...
[M::mem_pestat] # candidate unique pairs for (FF, FR, RF, RR): (21, 579519, 93, 18)
[M::mem_pestat] analyzing insert size distribution for orientation FF...
[M::mem_pestat] (25, 50, 75) percentile: (359, 2042, 3450)
[M::mem_pestat] low and high boundaries for computing mean and std.dev: (1, 9632)
[M::mem_pestat] mean and std.dev: (2400.00, 2447.12)
[M::mem_pestat] low and high boundaries for proper pairs: (1, 12723)
[M::mem_pestat] analyzing insert size distribution for orientation FR...
[M::mem_pestat] (25, 50, 75) percentile: (297, 329, 360)
[M::mem_pestat] low and high boundaries for computing mean and std.dev: (171, 486)
[M::mem_pestat] mean and std.dev: (326.37, 48.72)
[M::mem_pestat] low and high boundaries for proper pairs: (108, 549)
[M::mem_pestat] analyzing insert size distribution for orientation RF...
[M::mem_pestat] (25, 50, 75) percentile: (77, 721, 2902)
[M::mem_pestat] low and high boundaries for computing mean and std.dev: (1, 8552)
[M::mem_pestat] mean and std.dev: (1849.90, 2054.73)
[M::mem_pestat] low and high boundaries for proper pairs: (1, 11377)
[M::mem_pestat] analyzing insert size distribution for orientation RR...
[M::mem_pestat] (25, 50, 75) percentile: (263, 668, 2010)
[M::mem_pestat] low and high boundaries for computing mean and std.dev: (1, 5504)
[M::mem_pestat] mean and std.dev: (969.47, 1039.12)
[M::mem_pestat] low and high boundaries for proper pairs: (1, 7251)
[M::mem_pestat] skip orientation FF
[M::mem_pestat] skip orientation RF
[M::mem_pestat] skip orientation RR
[M::mem_process_seqs] Processed 1481482 reads in 179.045 CPU sec, 22.737 real sec
[M::main_mem] read 1481482 sequences (80000028 bp)...
[M::mem_pestat] # candidate unique pairs for (FF, FR, RF, RR): (19, 579902, 90, 22)
[M::mem_pestat] analyzing insert size distribution for orientation FF...
[M::mem_pestat] (25, 50, 75) percentile: (284, 1850, 2536)
[M::mem_pestat] low and high boundaries for computing mean and std.dev: (1, 7040)
[M::mem_pestat] mean and std.dev: (1718.47, 1616.95)
[M::mem_pestat] low and high boundaries for proper pairs: (1, 9292)
[M::mem_pestat] analyzing insert size distribution for orientation FR...
[M::mem_pestat] (25, 50, 75) percentile: (297, 329, 360)
[M::mem_pestat] low and high boundaries for computing mean and std.dev: (171, 486)
[M::mem_pestat] mean and std.dev: (326.36, 48.72)
[M::mem_pestat] low and high boundaries for proper pairs: (108, 549)
[M::mem_pestat] analyzing insert size distribution for orientation RF...
[M::mem_pestat] (25, 50, 75) percentile: (54, 550, 2939)
[M::mem_pestat] low and high boundaries for computing mean and std.dev: (1, 8709)
[M::mem_pestat] mean and std.dev: (1729.34, 2081.71)
[M::mem_pestat] low and high boundaries for proper pairs: (1, 11594)
[M::mem_pestat] analyzing insert size distribution for orientation RR...
[M::mem_pestat] (25, 50, 75) percentile: (383, 909, 1529)
[M::mem_pestat] low and high boundaries for computing mean and std.dev: (1, 3821)
[M::mem_pestat] mean and std.dev: (987.10, 862.95)
[M::mem_pestat] low and high boundaries for proper pairs: (1, 4967)
[M::mem_pestat] skip orientation FF
[M::mem_pestat] skip orientation RF
[M::mem_pestat] skip orientation RR
[M::mem_process_seqs] Processed 1481482 reads in 173.936 CPU sec, 22.050 real sec
[M::main_mem] read 1481482 sequences (80000028 bp)...
[M::mem_pestat] # candidate unique pairs for (FF, FR, RF, RR): (32, 579236, 67, 24)
[M::mem_pestat] analyzing insert size distribution for orientation FF...
[M::mem_pestat] (25, 50, 75) percentile: (467, 2324, 5902)
[M::mem_pestat] low and high boundaries for computing mean and std.dev: (1, 16772)
[M::mem_pestat] mean and std.dev: (3154.06, 2930.57)
[M::mem_pestat] low and high boundaries for proper pairs: (1, 22207)
[M::mem_pestat] analyzing insert size distribution for orientation FR...
[M::mem_pestat] (25, 50, 75) percentile: (297, 329, 360)
[M::mem_pestat] low and high boundaries for computing mean and std.dev: (171, 486)
[M::mem_pestat] mean and std.dev: (326.47, 48.64)
[M::mem_pestat] low and high boundaries for proper pairs: (108, 549)
[M::mem_pestat] analyzing insert size distribution for orientation RF...
[M::mem_pestat] (25, 50, 75) percentile: (280, 932, 3545)
[M::mem_pestat] low and high boundaries for computing mean and std.dev: (1, 10075)
[M::mem_pestat] mean and std.dev: (2054.49, 2168.53)
[M::mem_pestat] low and high boundaries for proper pairs: (1, 13340)
[M::mem_pestat] analyzing insert size distribution for orientation RR...
[M::mem_pestat] (25, 50, 75) percentile: (258, 1276, 2206)
[M::mem_pestat] low and high boundaries for computing mean and std.dev: (1, 6102)
[M::mem_pestat] mean and std.dev: (1208.64, 936.16)
[M::mem_pestat] low and high boundaries for proper pairs: (1, 8050)
[M::mem_pestat] skip orientation FF
[M::mem_pestat] skip orientation RF
[M::mem_pestat] skip orientation RR
[M::mem_process_seqs] Processed 1481482 reads in 177.638 CPU sec, 22.527 real sec
[M::main_mem] read 1481482 sequences (80000028 bp)...
[M::mem_pestat] # candidate unique pairs for (FF, FR, RF, RR): (17, 579910, 79, 21)
[M::mem_pestat] analyzing insert size distribution for orientation FF...
[M::mem_pestat] (25, 50, 75) percentile: (363, 1817, 3233)
[M::mem_pestat] low and high boundaries for computing mean and std.dev: (1, 8973)
[M::mem_pestat] mean and std.dev: (1939.76, 1906.01)
[M::mem_pestat] low and high boundaries for proper pairs: (1, 11843)
[M::mem_pestat] analyzing insert size distribution for orientation FR...
[M::mem_pestat] (25, 50, 75) percentile: (297, 329, 361)
[M::mem_pestat] low and high boundaries for computing mean and std.dev: (169, 489)
[M::mem_pestat] mean and std.dev: (326.33, 48.97)
[M::mem_pestat] low and high boundaries for proper pairs: (105, 553)
[M::mem_pestat] analyzing insert size distribution for orientation RF...
[M::mem_pestat] (25, 50, 75) percentile: (158, 1077, 3955)
[M::mem_pestat] low and high boundaries for computing mean and std.dev: (1, 11549)
[M::mem_pestat] mean and std.dev: (2202.05, 2469.10)
[M::mem_pestat] low and high boundaries for proper pairs: (1, 15346)
[M::mem_pestat] analyzing insert size distribution for orientation RR...
[M::mem_pestat] (25, 50, 75) percentile: (356, 2287, 4380)
[M::mem_pestat] low and high boundaries for computing mean and std.dev: (1, 12428)
[M::mem_pestat] mean and std.dev: (2568.10, 2452.95)
[M::mem_pestat] low and high boundaries for proper pairs: (1, 16452)
[M::mem_pestat] skip orientation FF
[M::mem_pestat] skip orientation RF
[M::mem_pestat] skip orientation RR
[M::mem_process_seqs] Processed 1481482 reads in 177.562 CPU sec, 22.568 real sec
[M::main_mem] read 1481482 sequences (80000028 bp)...
[M::mem_pestat] # candidate unique pairs for (FF, FR, RF, RR): (19, 580335, 94, 23)
[M::mem_pestat] analyzing insert size distribution for orientation FF...
[M::mem_pestat] (25, 50, 75) percentile: (185, 495, 1397)
[M::mem_pestat] low and high boundaries for computing mean and std.dev: (1, 3821)
[M::mem_pestat] mean and std.dev: (801.56, 949.21)
[M::mem_pestat] low and high boundaries for proper pairs: (1, 5033)
[M::mem_pestat] analyzing insert size distribution for orientation FR...
[M::mem_pestat] (25, 50, 75) percentile: (297, 329, 360)
[M::mem_pestat] low and high boundaries for computing mean and std.dev: (171, 486)
[M::mem_pestat] mean and std.dev: (326.49, 48.57)
[M::mem_pestat] low and high boundaries for proper pairs: (108, 549)
[M::mem_pestat] analyzing insert size distribution for orientation RF...
[M::mem_pestat] (25, 50, 75) percentile: (132, 781, 3819)
[M::mem_pestat] low and high boundaries for computing mean and std.dev: (1, 11193)
[M::mem_pestat] mean and std.dev: (2047.72, 2524.38)
[M::mem_pestat] low and high boundaries for proper pairs: (1, 14880)
[M::mem_pestat] analyzing insert size distribution for orientation RR...
[M::mem_pestat] (25, 50, 75) percentile: (1568, 2055, 3793)
[M::mem_pestat] low and high boundaries for computing mean and std.dev: (1, 8243)
[M::mem_pestat] mean and std.dev: (2741.05, 2240.35)
[M::mem_pestat] low and high boundaries for proper pairs: (1, 10468)
[M::mem_pestat] skip orientation FF
[M::mem_pestat] skip orientation RF
[M::mem_pestat] skip orientation RR
[M::mem_process_seqs] Processed 1481482 reads in 176.705 CPU sec, 22.419 real sec
[M::main_mem] read 1481482 sequences (80000028 bp)...
[M::mem_pestat] # candidate unique pairs for (FF, FR, RF, RR): (20, 579297, 84, 12)
[M::mem_pestat] analyzing insert size distribution for orientation FF...
[M::mem_pestat] (25, 50, 75) percentile: (277, 1866, 2979)
[M::mem_pestat] low and high boundaries for computing mean and std.dev: (1, 8383)
[M::mem_pestat] mean and std.dev: (1916.42, 2066.79)
[M::mem_pestat] low and high boundaries for proper pairs: (1, 11085)
[M::mem_pestat] analyzing insert size distribution for orientation FR...
[M::mem_pestat] (25, 50, 75) percentile: (297, 329, 361)
[M::mem_pestat] low and high boundaries for computing mean and std.dev: (169, 489)
[M::mem_pestat] mean and std.dev: (326.44, 48.88)
[M::mem_pestat] low and high boundaries for proper pairs: (105, 553)
[M::mem_pestat] analyzing insert size distribution for orientation RF...
[M::mem_pestat] (25, 50, 75) percentile: (203, 1657, 4162)
[M::mem_pestat] low and high boundaries for computing mean and std.dev: (1, 12080)
[M::mem_pestat] mean and std.dev: (2327.92, 2439.22)
[M::mem_pestat] low and high boundaries for proper pairs: (1, 16039)
[M::mem_pestat] analyzing insert size distribution for orientation RR...
[M::mem_pestat] (25, 50, 75) percentile: (1087, 2265, 3858)
[M::mem_pestat] low and high boundaries for computing mean and std.dev: (1, 9400)
[M::mem_pestat] mean and std.dev: (2397.33, 1899.86)
[M::mem_pestat] low and high boundaries for proper pairs: (1, 12171)
[M::mem_pestat] skip orientation FF
[M::mem_pestat] skip orientation RF
[M::mem_pestat] skip orientation RR
[M::mem_process_seqs] Processed 1481482 reads in 176.775 CPU sec, 22.468 real sec
[M::main_mem] read 1481482 sequences (80000028 bp)...
[M::mem_pestat] # candidate unique pairs for (FF, FR, RF, RR): (21, 579188, 81, 15)
[M::mem_pestat] analyzing insert size distribution for orientation FF...
[M::mem_pestat] (25, 50, 75) percentile: (1004, 2192, 4157)
[M::mem_pestat] low and high boundaries for computing mean and std.dev: (1, 10463)
[M::mem_pestat] mean and std.dev: (3046.71, 2898.95)
[M::mem_pestat] low and high boundaries for proper pairs: (1, 13616)
[M::mem_pestat] analyzing insert size distribution for orientation FR...
[M::mem_pestat] (25, 50, 75) percentile: (297, 329, 361)
[M::mem_pestat] low and high boundaries for computing mean and std.dev: (169, 489)
[M::mem_pestat] mean and std.dev: (326.41, 48.86)
[M::mem_pestat] low and high boundaries for proper pairs: (105, 553)
[M::mem_pestat] analyzing insert size distribution for orientation RF...
[M::mem_pestat] (25, 50, 75) percentile: (80, 607, 2982)
[M::mem_pestat] low and high boundaries for computing mean and std.dev: (1, 8786)
[M::mem_pestat] mean and std.dev: (1682.50, 2010.66)
[M::mem_pestat] low and high boundaries for proper pairs: (1, 11688)
[M::mem_pestat] analyzing insert size distribution for orientation RR...
[M::mem_pestat] (25, 50, 75) percentile: (219, 826, 2333)
[M::mem_pestat] low and high boundaries for computing mean and std.dev: (1, 6561)
[M::mem_pestat] mean and std.dev: (1371.71, 1471.93)
[M::mem_pestat] low and high boundaries for proper pairs: (1, 8675)
[M::mem_pestat] skip orientation FF
[M::mem_pestat] skip orientation RF
[M::mem_pestat] skip orientation RR
[M::mem_process_seqs] Processed 1481482 reads in 179.411 CPU sec, 22.765 real sec
[M::main_mem] read 1481482 sequences (80000028 bp)...
[M::mem_pestat] # candidate unique pairs for (FF, FR, RF, RR): (15, 580264, 112, 16)
[M::mem_pestat] analyzing insert size distribution for orientation FF...
[M::mem_pestat] (25, 50, 75) percentile: (948, 1906, 4343)
[M::mem_pestat] low and high boundaries for computing mean and std.dev: (1, 11133)
[M::mem_pestat] mean and std.dev: (3126.93, 2968.32)
[M::mem_pestat] low and high boundaries for proper pairs: (1, 14528)
[M::mem_pestat] analyzing insert size distribution for orientation FR...
[M::mem_pestat] (25, 50, 75) percentile: (297, 329, 361)
[M::mem_pestat] low and high boundaries for computing mean and std.dev: (169, 489)
[M::mem_pestat] mean and std.dev: (326.45, 48.94)
[M::mem_pestat] low and high boundaries for proper pairs: (105, 553)
[M::mem_pestat] analyzing insert size distribution for orientation RF...
[M::mem_pestat] (25, 50, 75) percentile: (182, 604, 2716)
[M::mem_pestat] low and high boundaries for computing mean and std.dev: (1, 7784)
[M::mem_pestat] mean and std.dev: (1509.51, 1788.66)
[M::mem_pestat] low and high boundaries for proper pairs: (1, 10318)
[M::mem_pestat] analyzing insert size distribution for orientation RR...
[M::mem_pestat] (25, 50, 75) percentile: (485, 1078, 2029)
[M::mem_pestat] low and high boundaries for computing mean and std.dev: (1, 5117)
[M::mem_pestat] mean and std.dev: (1284.80, 1028.01)
[M::mem_pestat] low and high boundaries for proper pairs: (1, 6661)
[M::mem_pestat] skip orientation FF
[M::mem_pestat] skip orientation RF
[M::mem_pestat] skip orientation RR
[M::mem_process_seqs] Processed 1481482 reads in 175.607 CPU sec, 22.267 real sec
[M::main_mem] read 1481482 sequences (80000028 bp)...
[M::mem_pestat] # candidate unique pairs for (FF, FR, RF, RR): (19, 579595, 80, 20)
[M::mem_pestat] analyzing insert size distribution for orientation FF...
[M::mem_pestat] (25, 50, 75) percentile: (350, 1072, 2169)
[M::mem_pestat] low and high boundaries for computing mean and std.dev: (1, 5807)
[M::mem_pestat] mean and std.dev: (1183.39, 956.86)
[M::mem_pestat] low and high boundaries for proper pairs: (1, 7626)
[M::mem_pestat] analyzing insert size distribution for orientation FR...
[M::mem_pestat] (25, 50, 75) percentile: (297, 329, 360)
[M::mem_pestat] low and high boundaries for computing mean and std.dev: (171, 486)
[M::mem_pestat] mean and std.dev: (326.48, 48.61)
[M::mem_pestat] low and high boundaries for proper pairs: (108, 549)
[M::mem_pestat] analyzing insert size distribution for orientation RF...
[M::mem_pestat] (25, 50, 75) percentile: (215, 1058, 3950)
[M::mem_pestat] low and high boundaries for computing mean and std.dev: (1, 11420)
[M::mem_pestat] mean and std.dev: (2305.76, 2559.04)
[M::mem_pestat] low and high boundaries for proper pairs: (1, 15155)
[M::mem_pestat] analyzing insert size distribution for orientation RR...
[M::mem_pestat] (25, 50, 75) percentile: (330, 810, 3923)
[M::mem_pestat] low and high boundaries for computing mean and std.dev: (1, 11109)
[M::mem_pestat] mean and std.dev: (2089.55, 2773.67)
[M::mem_pestat] low and high boundaries for proper pairs: (1, 14702)
[M::mem_pestat] skip orientation FF
[M::mem_pestat] skip orientation RF
[M::mem_pestat] skip orientation RR
[M::mem_process_seqs] Processed 1481482 reads in 175.142 CPU sec, 22.235 real sec
[M::main_mem] read 1481482 sequences (80000028 bp)...
[M::mem_pestat] # candidate unique pairs for (FF, FR, RF, RR): (11, 579430, 96, 20)
[M::mem_pestat] analyzing insert size distribution for orientation FF...
[M::mem_pestat] (25, 50, 75) percentile: (289, 596, 1203)
[M::mem_pestat] low and high boundaries for computing mean and std.dev: (1, 3031)
[M::mem_pestat] mean and std.dev: (583.78, 371.74)
[M::mem_pestat] low and high boundaries for proper pairs: (1, 3945)
[M::mem_pestat] analyzing insert size distribution for orientation FR...
[M::mem_pestat] (25, 50, 75) percentile: (298, 329, 361)
[M::mem_pestat] low and high boundaries for computing mean and std.dev: (172, 487)
[M::mem_pestat] mean and std.dev: (326.91, 48.46)
[M::mem_pestat] low and high boundaries for proper pairs: (109, 550)
[M::mem_pestat] analyzing insert size distribution for orientation RF...
[M::mem_pestat] (25, 50, 75) percentile: (75, 469, 2549)
[M::mem_pestat] low and high boundaries for computing mean and std.dev: (1, 7497)
[M::mem_pestat] mean and std.dev: (1419.70, 1870.86)
[M::mem_pestat] low and high boundaries for proper pairs: (1, 9971)
[M::mem_pestat] analyzing insert size distribution for orientation RR...
[M::mem_pestat] (25, 50, 75) percentile: (544, 1006, 3105)
[M::mem_pestat] low and high boundaries for computing mean and std.dev: (1, 8227)
[M::mem_pestat] mean and std.dev: (2019.37, 2564.65)
[M::mem_pestat] low and high boundaries for proper pairs: (1, 10788)
[M::mem_pestat] skip orientation FF
[M::mem_pestat] skip orientation RF
[M::mem_pestat] skip orientation RR
[M::mem_process_seqs] Processed 1481482 reads in 175.017 CPU sec, 22.270 real sec
[M::main_mem] read 1481482 sequences (80000028 bp)...
[M::mem_pestat] # candidate unique pairs for (FF, FR, RF, RR): (15, 579029, 84, 15)
[M::mem_pestat] analyzing insert size distribution for orientation FF...
[M::mem_pestat] (25, 50, 75) percentile: (487, 1506, 3982)
[M::mem_pestat] low and high boundaries for computing mean and std.dev: (1, 10972)
[M::mem_pestat] mean and std.dev: (2220.87, 2178.26)
[M::mem_pestat] low and high boundaries for proper pairs: (1, 14467)
[M::mem_pestat] analyzing insert size distribution for orientation FR...
[M::mem_pestat] (25, 50, 75) percentile: (298, 329, 361)
[M::mem_pestat] low and high boundaries for computing mean and std.dev: (172, 487)
[M::mem_pestat] mean and std.dev: (326.93, 48.38)
[M::mem_pestat] low and high boundaries for proper pairs: (109, 550)
[M::mem_pestat] analyzing insert size distribution for orientation RF...
[M::mem_pestat] (25, 50, 75) percentile: (118, 442, 4162)
[M::mem_pestat] low and high boundaries for computing mean and std.dev: (1, 12250)
[M::mem_pestat] mean and std.dev: (1952.89, 2592.24)
[M::mem_pestat] low and high boundaries for proper pairs: (1, 16294)
[M::mem_pestat] analyzing insert size distribution for orientation RR...
[M::mem_pestat] (25, 50, 75) percentile: (297, 818, 2268)
[M::mem_pestat] low and high boundaries for computing mean and std.dev: (1, 6210)
[M::mem_pestat] mean and std.dev: (1296.20, 1369.24)
[M::mem_pestat] low and high boundaries for proper pairs: (1, 8181)
[M::mem_pestat] skip orientation FF
[M::mem_pestat] skip orientation RF
[M::mem_pestat] skip orientation RR
[M::mem_process_seqs] Processed 1481482 reads in 177.790 CPU sec, 22.618 real sec
[M::main_mem] read 1481482 sequences (80000028 bp)...
[M::mem_pestat] # candidate unique pairs for (FF, FR, RF, RR): (21, 580412, 86, 16)
[M::mem_pestat] analyzing insert size distribution for orientation FF...
[M::mem_pestat] (25, 50, 75) percentile: (280, 1951, 3381)
[M::mem_pestat] low and high boundaries for computing mean and std.dev: (1, 9583)
[M::mem_pestat] mean and std.dev: (2050.24, 1906.25)
[M::mem_pestat] low and high boundaries for proper pairs: (1, 12684)
[M::mem_pestat] analyzing insert size distribution for orientation FR...
[M::mem_pestat] (25, 50, 75) percentile: (298, 329, 361)
[M::mem_pestat] low and high boundaries for computing mean and std.dev: (172, 487)
[M::mem_pestat] mean and std.dev: (326.94, 48.48)
[M::mem_pestat] low and high boundaries for proper pairs: (109, 550)
[M::mem_pestat] analyzing insert size distribution for orientation RF...
[M::mem_pestat] (25, 50, 75) percentile: (88, 617, 3754)
[M::mem_pestat] low and high boundaries for computing mean and std.dev: (1, 11086)
[M::mem_pestat] mean and std.dev: (2053.65, 2544.90)
[M::mem_pestat] low and high boundaries for proper pairs: (1, 14752)
[M::mem_pestat] analyzing insert size distribution for orientation RR...
[M::mem_pestat] (25, 50, 75) percentile: (313, 1832, 3862)
[M::mem_pestat] low and high boundaries for computing mean and std.dev: (1, 10960)
[M::mem_pestat] mean and std.dev: (1924.12, 1885.69)
[M::mem_pestat] low and high boundaries for proper pairs: (1, 14509)
[M::mem_pestat] skip orientation FF
[M::mem_pestat] skip orientation RF
[M::mem_pestat] skip orientation RR
[M::mem_process_seqs] Processed 1481482 reads in 174.493 CPU sec, 22.160 real sec
[M::main_mem] read 1481482 sequences (80000028 bp)...
[M::mem_pestat] # candidate unique pairs for (FF, FR, RF, RR): (19, 580760, 92, 18)
[M::mem_pestat] analyzing insert size distribution for orientation FF...
[M::mem_pestat] (25, 50, 75) percentile: (581, 1303, 2133)
[M::mem_pestat] low and high boundaries for computing mean and std.dev: (1, 5237)
[M::mem_pestat] mean and std.dev: (1509.05, 1048.07)
[M::mem_pestat] low and high boundaries for proper pairs: (1, 6789)
[M::mem_pestat] analyzing insert size distribution for orientation FR...
[M::mem_pestat] (25, 50, 75) percentile: (298, 329, 361)
[M::mem_pestat] low and high boundaries for computing mean and std.dev: (172, 487)
[M::mem_pestat] mean and std.dev: (326.97, 48.49)
[M::mem_pestat] low and high boundaries for proper pairs: (109, 550)
[M::mem_pestat] analyzing insert size distribution for orientation RF...
[M::mem_pestat] (25, 50, 75) percentile: (85, 575, 2920)
[M::mem_pestat] low and high boundaries for computing mean and std.dev: (1, 8590)
[M::mem_pestat] mean and std.dev: (1465.65, 1787.54)
[M::mem_pestat] low and high boundaries for proper pairs: (1, 11425)
[M::mem_pestat] analyzing insert size distribution for orientation RR...
[M::mem_pestat] (25, 50, 75) percentile: (1192, 3124, 4575)
[M::mem_pestat] low and high boundaries for computing mean and std.dev: (1, 11341)
[M::mem_pestat] mean and std.dev: (3215.44, 2358.56)
[M::mem_pestat] low and high boundaries for proper pairs: (1, 14724)
[M::mem_pestat] skip orientation FF
[M::mem_pestat] skip orientation RF
[M::mem_pestat] skip orientation RR
[M::mem_process_seqs] Processed 1481482 reads in 171.770 CPU sec, 21.801 real sec
[M::main_mem] read 1481482 sequences (80000028 bp)...
[M::mem_pestat] # candidate unique pairs for (FF, FR, RF, RR): (19, 581008, 78, 22)
[M::mem_pestat] analyzing insert size distribution for orientation FF...
[M::mem_pestat] (25, 50, 75) percentile: (257, 771, 2824)
[M::mem_pestat] low and high boundaries for computing mean and std.dev: (1, 7958)
[M::mem_pestat] mean and std.dev: (1700.53, 1847.39)
[M::mem_pestat] low and high boundaries for proper pairs: (1, 10525)
[M::mem_pestat] analyzing insert size distribution for orientation FR...
[M::mem_pestat] (25, 50, 75) percentile: (297, 329, 361)
[M::mem_pestat] low and high boundaries for computing mean and std.dev: (169, 489)
[M::mem_pestat] mean and std.dev: (326.72, 48.81)
[M::mem_pestat] low and high boundaries for proper pairs: (105, 553)
[M::mem_pestat] analyzing insert size distribution for orientation RF...
[M::mem_pestat] (25, 50, 75) percentile: (89, 618, 3876)
[M::mem_pestat] low and high boundaries for computing mean and std.dev: (1, 11450)
[M::mem_pestat] mean and std.dev: (2067.50, 2403.84)
[M::mem_pestat] low and high boundaries for proper pairs: (1, 15237)
[M::mem_pestat] analyzing insert size distribution for orientation RR...
[M::mem_pestat] (25, 50, 75) percentile: (323, 863, 2985)
[M::mem_pestat] low and high boundaries for computing mean and std.dev: (1, 8309)
[M::mem_pestat] mean and std.dev: (1861.95, 2150.45)
[M::mem_pestat] low and high boundaries for proper pairs: (1, 10971)
[M::mem_pestat] skip orientation FF
[M::mem_pestat] skip orientation RF
[M::mem_pestat] skip orientation RR
[M::mem_process_seqs] Processed 1481482 reads in 172.854 CPU sec, 21.881 real sec
[M::main_mem] read 1481482 sequences (80000028 bp)...
[M::mem_pestat] # candidate unique pairs for (FF, FR, RF, RR): (27, 580879, 85, 19)
[M::mem_pestat] analyzing insert size distribution for orientation FF...
[M::mem_pestat] (25, 50, 75) percentile: (914, 1866, 5383)
[M::mem_pestat] low and high boundaries for computing mean and std.dev: (1, 14321)
[M::mem_pestat] mean and std.dev: (3204.41, 2898.58)
[M::mem_pestat] low and high boundaries for proper pairs: (1, 18790)
[M::mem_pestat] analyzing insert size distribution for orientation FR...
[M::mem_pestat] (25, 50, 75) percentile: (297, 329, 361)
[M::mem_pestat] low and high boundaries for computing mean and std.dev: (169, 489)
[M::mem_pestat] mean and std.dev: (326.61, 48.91)
[M::mem_pestat] low and high boundaries for proper pairs: (105, 553)
[M::mem_pestat] analyzing insert size distribution for orientation RF...
[M::mem_pestat] (25, 50, 75) percentile: (86, 772, 2969)
[M::mem_pestat] low and high boundaries for computing mean and std.dev: (1, 8735)
[M::mem_pestat] mean and std.dev: (2022.55, 2414.14)
[M::mem_pestat] low and high boundaries for proper pairs: (1, 11618)
[M::mem_pestat] analyzing insert size distribution for orientation RR...
[M::mem_pestat] (25, 50, 75) percentile: (671, 1846, 2411)
[M::mem_pestat] low and high boundaries for computing mean and std.dev: (1, 5891)
[M::mem_pestat] mean and std.dev: (1413.65, 940.41)
[M::mem_pestat] low and high boundaries for proper pairs: (1, 7631)
[M::mem_pestat] skip orientation FF
[M::mem_pestat] skip orientation RF
[M::mem_pestat] skip orientation RR
[M::mem_process_seqs] Processed 1481482 reads in 174.496 CPU sec, 22.087 real sec
[M::main_mem] read 1481482 sequences (80000028 bp)...
[M::mem_pestat] # candidate unique pairs for (FF, FR, RF, RR): (21, 581129, 80, 15)
[M::mem_pestat] analyzing insert size distribution for orientation FF...
[M::mem_pestat] (25, 50, 75) percentile: (239, 387, 2187)
[M::mem_pestat] low and high boundaries for computing mean and std.dev: (1, 6083)
[M::mem_pestat] mean and std.dev: (981.26, 1121.74)
[M::mem_pestat] low and high boundaries for proper pairs: (1, 8031)
[M::mem_pestat] analyzing insert size distribution for orientation FR...
[M::mem_pestat] (25, 50, 75) percentile: (297, 329, 361)
[M::mem_pestat] low and high boundaries for computing mean and std.dev: (169, 489)
[M::mem_pestat] mean and std.dev: (326.57, 48.82)
[M::mem_pestat] low and high boundaries for proper pairs: (105, 553)
[M::mem_pestat] analyzing insert size distribution for orientation RF...
[M::mem_pestat] (25, 50, 75) percentile: (71, 500, 2852)
[M::mem_pestat] low and high boundaries for computing mean and std.dev: (1, 8414)
[M::mem_pestat] mean and std.dev: (1547.20, 1975.09)
[M::mem_pestat] low and high boundaries for proper pairs: (1, 11195)
[M::mem_pestat] analyzing insert size distribution for orientation RR...
[M::mem_pestat] (25, 50, 75) percentile: (394, 1454, 2585)
[M::mem_pestat] low and high boundaries for computing mean and std.dev: (1, 6967)
[M::mem_pestat] mean and std.dev: (1823.80, 1586.88)
[M::mem_pestat] low and high boundaries for proper pairs: (1, 9158)
[M::mem_pestat] skip orientation FF
[M::mem_pestat] skip orientation RF
[M::mem_pestat] skip orientation RR
[M::mem_process_seqs] Processed 1481482 reads in 173.350 CPU sec, 22.003 real sec
[M::main_mem] read 1481482 sequences (80000028 bp)...
[M::mem_pestat] # candidate unique pairs for (FF, FR, RF, RR): (29, 581596, 84, 12)
[M::mem_pestat] analyzing insert size distribution for orientation FF...
[M::mem_pestat] (25, 50, 75) percentile: (654, 1063, 2610)
[M::mem_pestat] low and high boundaries for computing mean and std.dev: (1, 6522)
[M::mem_pestat] mean and std.dev: (1472.38, 1403.32)
[M::mem_pestat] low and high boundaries for proper pairs: (1, 8478)
[M::mem_pestat] analyzing insert size distribution for orientation FR...
[M::mem_pestat] (25, 50, 75) percentile: (297, 329, 361)
[M::mem_pestat] low and high boundaries for computing mean and std.dev: (169, 489)
[M::mem_pestat] mean and std.dev: (326.54, 48.89)
[M::mem_pestat] low and high boundaries for proper pairs: (105, 553)
[M::mem_pestat] analyzing insert size distribution for orientation RF...
[M::mem_pestat] (25, 50, 75) percentile: (95, 653, 3192)
[M::mem_pestat] low and high boundaries for computing mean and std.dev: (1, 9386)
[M::mem_pestat] mean and std.dev: (2018.65, 2498.58)
[M::mem_pestat] low and high boundaries for proper pairs: (1, 12483)
[M::mem_pestat] analyzing insert size distribution for orientation RR...
[M::mem_pestat] (25, 50, 75) percentile: (290, 2290, 3502)
[M::mem_pestat] low and high boundaries for computing mean and std.dev: (1, 9926)
[M::mem_pestat] mean and std.dev: (2690.92, 3026.65)
[M::mem_pestat] low and high boundaries for proper pairs: (1, 13138)
[M::mem_pestat] skip orientation FF
[M::mem_pestat] skip orientation RF
[M::mem_pestat] skip orientation RR
[M::mem_process_seqs] Processed 1481482 reads in 168.945 CPU sec, 21.377 real sec
[M::main_mem] read 1481482 sequences (80000028 bp)...
[M::mem_pestat] # candidate unique pairs for (FF, FR, RF, RR): (15, 580707, 91, 15)
[M::mem_pestat] analyzing insert size distribution for orientation FF...
[M::mem_pestat] (25, 50, 75) percentile: (249, 326, 2455)
[M::mem_pestat] low and high boundaries for computing mean and std.dev: (1, 6867)
[M::mem_pestat] mean and std.dev: (861.21, 1014.24)
[M::mem_pestat] low and high boundaries for proper pairs: (1, 9073)
[M::mem_pestat] analyzing insert size distribution for orientation FR...
[M::mem_pestat] (25, 50, 75) percentile: (297, 329, 361)
[M::mem_pestat] low and high boundaries for computing mean and std.dev: (169, 489)
[M::mem_pestat] mean and std.dev: (326.53, 48.83)
[M::mem_pestat] low and high boundaries for proper pairs: (105, 553)
[M::mem_pestat] analyzing insert size distribution for orientation RF...
[M::mem_pestat] (25, 50, 75) percentile: (129, 593, 3858)
[M::mem_pestat] low and high boundaries for computing mean and std.dev: (1, 11316)
[M::mem_pestat] mean and std.dev: (2178.82, 2710.43)
[M::mem_pestat] low and high boundaries for proper pairs: (1, 15045)
[M::mem_pestat] analyzing insert size distribution for orientation RR...
[M::mem_pestat] (25, 50, 75) percentile: (277, 467, 2316)
[M::mem_pestat] low and high boundaries for computing mean and std.dev: (1, 6394)
[M::mem_pestat] mean and std.dev: (1312.33, 1190.58)
[M::mem_pestat] low and high boundaries for proper pairs: (1, 8433)
[M::mem_pestat] skip orientation FF
[M::mem_pestat] skip orientation RF
[M::mem_pestat] skip orientation RR
[M::mem_process_seqs] Processed 1481482 reads in 171.712 CPU sec, 21.766 real sec
[M::main_mem] read 1481482 sequences (80000028 bp)...
[M::mem_pestat] # candidate unique pairs for (FF, FR, RF, RR): (20, 580765, 94, 21)
[M::mem_pestat] analyzing insert size distribution for orientation FF...
[M::mem_pestat] (25, 50, 75) percentile: (321, 1850, 4166)
[M::mem_pestat] low and high boundaries for computing mean and std.dev: (1, 11856)
[M::mem_pestat] mean and std.dev: (2281.70, 2262.81)
[M::mem_pestat] low and high boundaries for proper pairs: (1, 15701)
[M::mem_pestat] analyzing insert size distribution for orientation FR...
[M::mem_pestat] (25, 50, 75) percentile: (297, 329, 361)
[M::mem_pestat] low and high boundaries for computing mean and std.dev: (169, 489)
[M::mem_pestat] mean and std.dev: (326.50, 48.90)
[M::mem_pestat] low and high boundaries for proper pairs: (105, 553)
[M::mem_pestat] analyzing insert size distribution for orientation RF...
[M::mem_pestat] (25, 50, 75) percentile: (131, 652, 3221)
[M::mem_pestat] low and high boundaries for computing mean and std.dev: (1, 9401)
[M::mem_pestat] mean and std.dev: (1868.38, 2119.65)
[M::mem_pestat] low and high boundaries for proper pairs: (1, 12491)
[M::mem_pestat] analyzing insert size distribution for orientation RR...
[M::mem_pestat] (25, 50, 75) percentile: (947, 2053, 4099)
[M::mem_pestat] low and high boundaries for computing mean and std.dev: (1, 10403)
[M::mem_pestat] mean and std.dev: (2701.43, 2442.91)
[M::mem_pestat] low and high boundaries for proper pairs: (1, 13555)
[M::mem_pestat] skip orientation FF
[M::mem_pestat] skip orientation RF
[M::mem_pestat] skip orientation RR
[M::mem_process_seqs] Processed 1481482 reads in 169.584 CPU sec, 21.475 real sec
[M::main_mem] read 1481482 sequences (80000028 bp)...
[M::mem_pestat] # candidate unique pairs for (FF, FR, RF, RR): (26, 580934, 82, 20)
[M::mem_pestat] analyzing insert size distribution for orientation FF...
[M::mem_pestat] (25, 50, 75) percentile: (587, 1835, 3343)
[M::mem_pestat] low and high boundaries for computing mean and std.dev: (1, 8855)
[M::mem_pestat] mean and std.dev: (2513.27, 2549.78)
[M::mem_pestat] low and high boundaries for proper pairs: (1, 11611)
[M::mem_pestat] analyzing insert size distribution for orientation FR...
[M::mem_pestat] (25, 50, 75) percentile: (297, 329, 361)
[M::mem_pestat] low and high boundaries for computing mean and std.dev: (169, 489)
[M::mem_pestat] mean and std.dev: (326.33, 48.94)
[M::mem_pestat] low and high boundaries for proper pairs: (105, 553)
[M::mem_pestat] analyzing insert size distribution for orientation RF...
[M::mem_pestat] (25, 50, 75) percentile: (80, 641, 4154)
[M::mem_pestat] low and high boundaries for computing mean and std.dev: (1, 12302)
[M::mem_pestat] mean and std.dev: (2171.13, 2568.98)
[M::mem_pestat] low and high boundaries for proper pairs: (1, 16376)
[M::mem_pestat] analyzing insert size distribution for orientation RR...
[M::mem_pestat] (25, 50, 75) percentile: (379, 974, 2298)
[M::mem_pestat] low and high boundaries for computing mean and std.dev: (1, 6136)
[M::mem_pestat] mean and std.dev: (1352.79, 1319.78)
[M::mem_pestat] low and high boundaries for proper pairs: (1, 8055)
[M::mem_pestat] skip orientation FF
[M::mem_pestat] skip orientation RF
[M::mem_pestat] skip orientation RR
[M::mem_process_seqs] Processed 1481482 reads in 171.092 CPU sec, 21.689 real sec
[M::main_mem] read 1481482 sequences (80000028 bp)...
[M::mem_pestat] # candidate unique pairs for (FF, FR, RF, RR): (32, 581091, 95, 18)
[M::mem_pestat] analyzing insert size distribution for orientation FF...
[M::mem_pestat] (25, 50, 75) percentile: (277, 863, 2078)
[M::mem_pestat] low and high boundaries for computing mean and std.dev: (1, 5680)
[M::mem_pestat] mean and std.dev: (1133.91, 1036.58)
[M::mem_pestat] low and high boundaries for proper pairs: (1, 7481)
[M::mem_pestat] analyzing insert size distribution for orientation FR...
[M::mem_pestat] (25, 50, 75) percentile: (297, 329, 361)
[M::mem_pestat] low and high boundaries for computing mean and std.dev: (169, 489)
[M::mem_pestat] mean and std.dev: (326.40, 48.88)
[M::mem_pestat] low and high boundaries for proper pairs: (105, 553)
[M::mem_pestat] analyzing insert size distribution for orientation RF...
[M::mem_pestat] (25, 50, 75) percentile: (108, 474, 2883)
[M::mem_pestat] low and high boundaries for computing mean and std.dev: (1, 8433)
[M::mem_pestat] mean and std.dev: (1628.54, 2034.09)
[M::mem_pestat] low and high boundaries for proper pairs: (1, 11208)
[M::mem_pestat] analyzing insert size distribution for orientation RR...
[M::mem_pestat] (25, 50, 75) percentile: (316, 1949, 5388)
[M::mem_pestat] low and high boundaries for computing mean and std.dev: (1, 15532)
[M::mem_pestat] mean and std.dev: (3103.44, 3209.20)
[M::mem_pestat] low and high boundaries for proper pairs: (1, 20604)
[M::mem_pestat] skip orientation FF
[M::mem_pestat] skip orientation RF
[M::mem_pestat] skip orientation RR
[M::mem_process_seqs] Processed 1481482 reads in 174.041 CPU sec, 22.071 real sec
[M::main_mem] read 1481482 sequences (80000028 bp)...
[M::mem_pestat] # candidate unique pairs for (FF, FR, RF, RR): (13, 581044, 112, 19)
[M::mem_pestat] analyzing insert size distribution for orientation FF...
[M::mem_pestat] (25, 50, 75) percentile: (1731, 1960, 3996)
[M::mem_pestat] low and high boundaries for computing mean and std.dev: (1, 8526)
[M::mem_pestat] mean and std.dev: (2680.15, 1865.23)
[M::mem_pestat] low and high boundaries for proper pairs: (1, 10791)
[M::mem_pestat] analyzing insert size distribution for orientation FR...
[M::mem_pestat] (25, 50, 75) percentile: (297, 328, 361)
[M::mem_pestat] low and high boundaries for computing mean and std.dev: (169, 489)
[M::mem_pestat] mean and std.dev: (326.28, 48.95)
[M::mem_pestat] low and high boundaries for proper pairs: (105, 553)
[M::mem_pestat] analyzing insert size distribution for orientation RF...
[M::mem_pestat] (25, 50, 75) percentile: (120, 872, 2988)
[M::mem_pestat] low and high boundaries for computing mean and std.dev: (1, 8724)
[M::mem_pestat] mean and std.dev: (1966.51, 2295.61)
[M::mem_pestat] low and high boundaries for proper pairs: (1, 11592)
[M::mem_pestat] analyzing insert size distribution for orientation RR...
[M::mem_pestat] (25, 50, 75) percentile: (730, 1750, 3562)
[M::mem_pestat] low and high boundaries for computing mean and std.dev: (1, 9226)
[M::mem_pestat] mean and std.dev: (2498.16, 2375.03)
[M::mem_pestat] low and high boundaries for proper pairs: (1, 12058)
[M::mem_pestat] skip orientation FF
[M::mem_pestat] skip orientation RF
[M::mem_pestat] skip orientation RR
[M::mem_process_seqs] Processed 1481482 reads in 171.877 CPU sec, 21.798 real sec
[M::main_mem] read 1481482 sequences (80000028 bp)...
[M::mem_pestat] # candidate unique pairs for (FF, FR, RF, RR): (23, 580918, 78, 19)
[M::mem_pestat] analyzing insert size distribution for orientation FF...
[M::mem_pestat] (25, 50, 75) percentile: (322, 745, 2230)
[M::mem_pestat] low and high boundaries for computing mean and std.dev: (1, 6046)
[M::mem_pestat] mean and std.dev: (1298.82, 1440.84)
[M::mem_pestat] low and high boundaries for proper pairs: (1, 7954)
[M::mem_pestat] analyzing insert size distribution for orientation FR...
[M::mem_pestat] (25, 50, 75) percentile: (297, 329, 361)
[M::mem_pestat] low and high boundaries for computing mean and std.dev: (169, 489)
[M::mem_pestat] mean and std.dev: (326.35, 48.95)
[M::mem_pestat] low and high boundaries for proper pairs: (105, 553)
[M::mem_pestat] analyzing insert size distribution for orientation RF...
[M::mem_pestat] (25, 50, 75) percentile: (86, 422, 2515)
[M::mem_pestat] low and high boundaries for computing mean and std.dev: (1, 7373)
[M::mem_pestat] mean and std.dev: (1131.33, 1504.08)
[M::mem_pestat] low and high boundaries for proper pairs: (1, 9802)
[M::mem_pestat] analyzing insert size distribution for orientation RR...
[M::mem_pestat] (25, 50, 75) percentile: (316, 1044, 2117)
[M::mem_pestat] low and high boundaries for computing mean and std.dev: (1, 5719)
[M::mem_pestat] mean and std.dev: (1415.47, 1423.68)
[M::mem_pestat] low and high boundaries for proper pairs: (1, 7520)
[M::mem_pestat] skip orientation FF
[M::mem_pestat] skip orientation RF
[M::mem_pestat] skip orientation RR
[M::mem_process_seqs] Processed 1481482 reads in 170.883 CPU sec, 21.657 real sec
[M::main_mem] read 1481482 sequences (80000028 bp)...
[M::mem_pestat] # candidate unique pairs for (FF, FR, RF, RR): (20, 581158, 94, 25)
[M::mem_pestat] analyzing insert size distribution for orientation FF...
[M::mem_pestat] (25, 50, 75) percentile: (521, 2008, 3718)
[M::mem_pestat] low and high boundaries for computing mean and std.dev: (1, 10112)
[M::mem_pestat] mean and std.dev: (2436.30, 2425.55)
[M::mem_pestat] low and high boundaries for proper pairs: (1, 13309)
[M::mem_pestat] analyzing insert size distribution for orientation FR...
[M::mem_pestat] (25, 50, 75) percentile: (297, 329, 361)
[M::mem_pestat] low and high boundaries for computing mean and std.dev: (169, 489)
[M::mem_pestat] mean and std.dev: (326.19, 49.03)
[M::mem_pestat] low and high boundaries for proper pairs: (105, 553)
[M::mem_pestat] analyzing insert size distribution for orientation RF...
[M::mem_pestat] (25, 50, 75) percentile: (133, 686, 3797)
[M::mem_pestat] low and high boundaries for computing mean and std.dev: (1, 11125)
[M::mem_pestat] mean and std.dev: (1918.86, 2228.03)
[M::mem_pestat] low and high boundaries for proper pairs: (1, 14789)
[M::mem_pestat] analyzing insert size distribution for orientation RR...
[M::mem_pestat] (25, 50, 75) percentile: (376, 1977, 3325)
[M::mem_pestat] low and high boundaries for computing mean and std.dev: (1, 9223)
[M::mem_pestat] mean and std.dev: (1964.84, 1562.56)
[M::mem_pestat] low and high boundaries for proper pairs: (1, 12172)
[M::mem_pestat] skip orientation FF
[M::mem_pestat] skip orientation RF
[M::mem_pestat] skip orientation RR
[M::mem_process_seqs] Processed 1481482 reads in 171.296 CPU sec, 21.683 real sec
[M::main_mem] read 1481482 sequences (80000028 bp)...
[M::mem_pestat] # candidate unique pairs for (FF, FR, RF, RR): (16, 580972, 99, 12)
[M::mem_pestat] analyzing insert size distribution for orientation FF...
[M::mem_pestat] (25, 50, 75) percentile: (328, 835, 2007)
[M::mem_pestat] low and high boundaries for computing mean and std.dev: (1, 5365)
[M::mem_pestat] mean and std.dev: (982.81, 815.06)
[M::mem_pestat] low and high boundaries for proper pairs: (1, 7044)
[M::mem_pestat] analyzing insert size distribution for orientation FR...
[M::mem_pestat] (25, 50, 75) percentile: (297, 328, 360)
[M::mem_pestat] low and high boundaries for computing mean and std.dev: (171, 486)
[M::mem_pestat] mean and std.dev: (326.30, 48.72)
[M::mem_pestat] low and high boundaries for proper pairs: (108, 549)
[M::mem_pestat] analyzing insert size distribution for orientation RF...
[M::mem_pestat] (25, 50, 75) percentile: (115, 495, 3618)
[M::mem_pestat] low and high boundaries for computing mean and std.dev: (1, 10624)
[M::mem_pestat] mean and std.dev: (1937.99, 2533.78)
[M::mem_pestat] low and high boundaries for proper pairs: (1, 14127)
[M::mem_pestat] analyzing insert size distribution for orientation RR...
[M::mem_pestat] (25, 50, 75) percentile: (715, 2097, 6897)
[M::mem_pestat] low and high boundaries for computing mean and std.dev: (1, 19261)
[M::mem_pestat] mean and std.dev: (3299.83, 2892.17)
[M::mem_pestat] low and high boundaries for proper pairs: (1, 25443)
[M::mem_pestat] skip orientation FF
[M::mem_pestat] skip orientation RF
[M::mem_pestat] skip orientation RR
[M::mem_process_seqs] Processed 1481482 reads in 174.438 CPU sec, 22.105 real sec
[M::main_mem] read 1481482 sequences (80000028 bp)...
[M::mem_pestat] # candidate unique pairs for (FF, FR, RF, RR): (20, 581467, 91, 17)
[M::mem_pestat] analyzing insert size distribution for orientation FF...
[M::mem_pestat] (25, 50, 75) percentile: (211, 1014, 2294)
[M::mem_pestat] low and high boundaries for computing mean and std.dev: (1, 6460)
[M::mem_pestat] mean and std.dev: (1132.11, 1105.34)
[M::mem_pestat] low and high boundaries for proper pairs: (1, 8543)
[M::mem_pestat] analyzing insert size distribution for orientation FR...
[M::mem_pestat] (25, 50, 75) percentile: (297, 328, 360)
[M::mem_pestat] low and high boundaries for computing mean and std.dev: (171, 486)
[M::mem_pestat] mean and std.dev: (326.24, 48.83)
[M::mem_pestat] low and high boundaries for proper pairs: (108, 549)
[M::mem_pestat] analyzing insert size distribution for orientation RF...
[M::mem_pestat] (25, 50, 75) percentile: (120, 1460, 4136)
[M::mem_pestat] low and high boundaries for computing mean and std.dev: (1, 12168)
[M::mem_pestat] mean and std.dev: (2403.12, 2604.32)
[M::mem_pestat] low and high boundaries for proper pairs: (1, 16184)
[M::mem_pestat] analyzing insert size distribution for orientation RR...
[M::mem_pestat] (25, 50, 75) percentile: (238, 530, 1894)
[M::mem_pestat] low and high boundaries for computing mean and std.dev: (1, 5206)
[M::mem_pestat] mean and std.dev: (1156.94, 1269.47)
[M::mem_pestat] low and high boundaries for proper pairs: (1, 6862)
[M::mem_pestat] skip orientation FF
[M::mem_pestat] skip orientation RF
[M::mem_pestat] skip orientation RR
[M::mem_process_seqs] Processed 1481482 reads in 172.517 CPU sec, 21.882 real sec
[M::main_mem] read 1481482 sequences (80000028 bp)...
[M::mem_pestat] # candidate unique pairs for (FF, FR, RF, RR): (20, 580092, 91, 16)
[M::mem_pestat] analyzing insert size distribution for orientation FF...
[M::mem_pestat] (25, 50, 75) percentile: (478, 2682, 6856)
[M::mem_pestat] low and high boundaries for computing mean and std.dev: (1, 19612)
[M::mem_pestat] mean and std.dev: (3112.75, 2951.68)
[M::mem_pestat] low and high boundaries for proper pairs: (1, 25990)
[M::mem_pestat] analyzing insert size distribution for orientation FR...
[M::mem_pestat] (25, 50, 75) percentile: (297, 328, 360)
[M::mem_pestat] low and high boundaries for computing mean and std.dev: (171, 486)
[M::mem_pestat] mean and std.dev: (326.14, 48.84)
[M::mem_pestat] low and high boundaries for proper pairs: (108, 549)
[M::mem_pestat] analyzing insert size distribution for orientation RF...
[M::mem_pestat] (25, 50, 75) percentile: (59, 519, 2544)
[M::mem_pestat] low and high boundaries for computing mean and std.dev: (1, 7514)
[M::mem_pestat] mean and std.dev: (1331.60, 1698.68)
[M::mem_pestat] low and high boundaries for proper pairs: (1, 9999)
[M::mem_pestat] analyzing insert size distribution for orientation RR...
[M::mem_pestat] (25, 50, 75) percentile: (259, 2118, 3323)
[M::mem_pestat] low and high boundaries for computing mean and std.dev: (1, 9451)
[M::mem_pestat] mean and std.dev: (1968.06, 1687.83)
[M::mem_pestat] low and high boundaries for proper pairs: (1, 12515)
[M::mem_pestat] skip orientation FF
[M::mem_pestat] skip orientation RF
[M::mem_pestat] skip orientation RR
[M::mem_process_seqs] Processed 1481482 reads in 176.436 CPU sec, 22.379 real sec
[M::main_mem] read 1481482 sequences (80000028 bp)...
[M::mem_pestat] # candidate unique pairs for (FF, FR, RF, RR): (21, 579842, 92, 27)
[M::mem_pestat] analyzing insert size distribution for orientation FF...
[M::mem_pestat] (25, 50, 75) percentile: (316, 791, 2168)
[M::mem_pestat] low and high boundaries for computing mean and std.dev: (1, 5872)
[M::mem_pestat] mean and std.dev: (1298.33, 1252.65)
[M::mem_pestat] low and high boundaries for proper pairs: (1, 7724)
[M::mem_pestat] analyzing insert size distribution for orientation FR...
[M::mem_pestat] (25, 50, 75) percentile: (297, 328, 361)
[M::mem_pestat] low and high boundaries for computing mean and std.dev: (169, 489)
[M::mem_pestat] mean and std.dev: (326.29, 48.94)
[M::mem_pestat] low and high boundaries for proper pairs: (105, 553)
[M::mem_pestat] analyzing insert size distribution for orientation RF...
[M::mem_pestat] (25, 50, 75) percentile: (97, 556, 2775)
[M::mem_pestat] low and high boundaries for computing mean and std.dev: (1, 8131)
[M::mem_pestat] mean and std.dev: (1416.89, 1685.07)
[M::mem_pestat] low and high boundaries for proper pairs: (1, 10809)
[M::mem_pestat] analyzing insert size distribution for orientation RR...
[M::mem_pestat] (25, 50, 75) percentile: (560, 1291, 2222)
[M::mem_pestat] low and high boundaries for computing mean and std.dev: (1, 5546)
[M::mem_pestat] mean and std.dev: (1373.96, 969.86)
[M::mem_pestat] low and high boundaries for proper pairs: (1, 7208)
[M::mem_pestat] skip orientation FF
[M::mem_pestat] skip orientation RF
[M::mem_pestat] skip orientation RR
[M::mem_process_seqs] Processed 1481482 reads in 177.854 CPU sec, 22.551 real sec
[M::main_mem] read 1481482 sequences (80000028 bp)...
[M::mem_pestat] # candidate unique pairs for (FF, FR, RF, RR): (19, 580466, 76, 24)
[M::mem_pestat] analyzing insert size distribution for orientation FF...
[M::mem_pestat] (25, 50, 75) percentile: (156, 592, 2222)
[M::mem_pestat] low and high boundaries for computing mean and std.dev: (1, 6354)
[M::mem_pestat] mean and std.dev: (1057.88, 1480.21)
[M::mem_pestat] low and high boundaries for proper pairs: (1, 8420)
[M::mem_pestat] analyzing insert size distribution for orientation FR...
[M::mem_pestat] (25, 50, 75) percentile: (297, 328, 360)
[M::mem_pestat] low and high boundaries for computing mean and std.dev: (171, 486)
[M::mem_pestat] mean and std.dev: (326.27, 48.78)
[M::mem_pestat] low and high boundaries for proper pairs: (108, 549)
[M::mem_pestat] analyzing insert size distribution for orientation RF...
[M::mem_pestat] (25, 50, 75) percentile: (77, 647, 2855)
[M::mem_pestat] low and high boundaries for computing mean and std.dev: (1, 8411)
[M::mem_pestat] mean and std.dev: (1584.88, 1958.80)
[M::mem_pestat] low and high boundaries for proper pairs: (1, 11189)
[M::mem_pestat] analyzing insert size distribution for orientation RR...
[M::mem_pestat] (25, 50, 75) percentile: (714, 2275, 4249)
[M::mem_pestat] low and high boundaries for computing mean and std.dev: (1, 11319)
[M::mem_pestat] mean and std.dev: (2864.46, 2672.89)
[M::mem_pestat] low and high boundaries for proper pairs: (1, 14854)
[M::mem_pestat] skip orientation FF
[M::mem_pestat] skip orientation RF
[M::mem_pestat] skip orientation RR
[M::mem_process_seqs] Processed 1481482 reads in 182.427 CPU sec, 23.214 real sec
[M::main_mem] read 1481482 sequences (80000028 bp)...
[M::mem_pestat] # candidate unique pairs for (FF, FR, RF, RR): (21, 580717, 92, 26)
[M::mem_pestat] analyzing insert size distribution for orientation FF...
[M::mem_pestat] (25, 50, 75) percentile: (267, 1793, 3387)
[M::mem_pestat] low and high boundaries for computing mean and std.dev: (1, 9627)
[M::mem_pestat] mean and std.dev: (2114.76, 2211.54)
[M::mem_pestat] low and high boundaries for proper pairs: (1, 12747)
[M::mem_pestat] analyzing insert size distribution for orientation FR...
[M::mem_pestat] (25, 50, 75) percentile: (297, 328, 360)
[M::mem_pestat] low and high boundaries for computing mean and std.dev: (171, 486)
[M::mem_pestat] mean and std.dev: (326.29, 48.75)
[M::mem_pestat] low and high boundaries for proper pairs: (108, 549)
[M::mem_pestat] analyzing insert size distribution for orientation RF...
[M::mem_pestat] (25, 50, 75) percentile: (146, 940, 3822)
[M::mem_pestat] low and high boundaries for computing mean and std.dev: (1, 11174)
[M::mem_pestat] mean and std.dev: (2116.75, 2323.79)
[M::mem_pestat] low and high boundaries for proper pairs: (1, 14850)
[M::mem_pestat] analyzing insert size distribution for orientation RR...
[M::mem_pestat] (25, 50, 75) percentile: (271, 358, 1801)
[M::mem_pestat] low and high boundaries for computing mean and std.dev: (1, 4861)
[M::mem_pestat] mean and std.dev: (1019.62, 1312.93)
[M::mem_pestat] low and high boundaries for proper pairs: (1, 6391)
[M::mem_pestat] skip orientation FF
[M::mem_pestat] skip orientation RF
[M::mem_pestat] skip orientation RR
[M::mem_process_seqs] Processed 1481482 reads in 183.574 CPU sec, 23.354 real sec
[M::main_mem] read 1481482 sequences (80000028 bp)...
[M::mem_pestat] # candidate unique pairs for (FF, FR, RF, RR): (13, 580408, 101, 17)
[M::mem_pestat] analyzing insert size distribution for orientation FF...
[M::mem_pestat] (25, 50, 75) percentile: (322, 335, 1391)
[M::mem_pestat] low and high boundaries for computing mean and std.dev: (1, 3529)
[M::mem_pestat] mean and std.dev: (832.85, 836.13)
[M::mem_pestat] low and high boundaries for proper pairs: (1, 4598)
[M::mem_pestat] analyzing insert size distribution for orientation FR...
[M::mem_pestat] (25, 50, 75) percentile: (297, 328, 360)
[M::mem_pestat] low and high boundaries for computing mean and std.dev: (171, 486)
[M::mem_pestat] mean and std.dev: (326.22, 48.75)
[M::mem_pestat] low and high boundaries for proper pairs: (108, 549)
[M::mem_pestat] analyzing insert size distribution for orientation RF...
[M::mem_pestat] (25, 50, 75) percentile: (252, 1057, 3835)
[M::mem_pestat] low and high boundaries for computing mean and std.dev: (1, 11001)
[M::mem_pestat] mean and std.dev: (2204.00, 2608.43)
[M::mem_pestat] low and high boundaries for proper pairs: (1, 14584)
[M::mem_pestat] analyzing insert size distribution for orientation RR...
[M::mem_pestat] (25, 50, 75) percentile: (695, 1808, 4264)
[M::mem_pestat] low and high boundaries for computing mean and std.dev: (1, 11402)
[M::mem_pestat] mean and std.dev: (2395.82, 2481.63)
[M::mem_pestat] low and high boundaries for proper pairs: (1, 14971)
[M::mem_pestat] skip orientation FF
[M::mem_pestat] skip orientation RF
[M::mem_pestat] skip orientation RR
[M::mem_process_seqs] Processed 1481482 reads in 180.950 CPU sec, 22.900 real sec
[M::main_mem] read 1481482 sequences (80000028 bp)...
[M::mem_pestat] # candidate unique pairs for (FF, FR, RF, RR): (20, 580387, 83, 29)
[M::mem_pestat] analyzing insert size distribution for orientation FF...
[M::mem_pestat] (25, 50, 75) percentile: (291, 454, 1889)
[M::mem_pestat] low and high boundaries for computing mean and std.dev: (1, 5085)
[M::mem_pestat] mean and std.dev: (981.40, 997.43)
[M::mem_pestat] low and high boundaries for proper pairs: (1, 6683)
[M::mem_pestat] analyzing insert size distribution for orientation FR...
[M::mem_pestat] (25, 50, 75) percentile: (297, 328, 360)
[M::mem_pestat] low and high boundaries for computing mean and std.dev: (171, 486)
[M::mem_pestat] mean and std.dev: (326.21, 48.75)
[M::mem_pestat] low and high boundaries for proper pairs: (108, 549)
[M::mem_pestat] analyzing insert size distribution for orientation RF...
[M::mem_pestat] (25, 50, 75) percentile: (96, 460, 1712)
[M::mem_pestat] low and high boundaries for computing mean and std.dev: (1, 4944)
[M::mem_pestat] mean and std.dev: (850.89, 1253.05)
[M::mem_pestat] low and high boundaries for proper pairs: (1, 6560)
[M::mem_pestat] analyzing insert size distribution for orientation RR...
[M::mem_pestat] (25, 50, 75) percentile: (340, 860, 4264)
[M::mem_pestat] low and high boundaries for computing mean and std.dev: (1, 12112)
[M::mem_pestat] mean and std.dev: (1804.90, 1857.86)
[M::mem_pestat] low and high boundaries for proper pairs: (1, 16036)
[M::mem_pestat] skip orientation FF
[M::mem_pestat] skip orientation RF
[M::mem_pestat] skip orientation RR
[M::mem_process_seqs] Processed 1481482 reads in 184.983 CPU sec, 23.533 real sec
[M::main_mem] read 564560 sequences (30486240 bp)...
[M::mem_pestat] # candidate unique pairs for (FF, FR, RF, RR): (5, 220867, 38, 12)
[M::mem_pestat] skip orientation FF as there are not enough pairs
[M::mem_pestat] analyzing insert size distribution for orientation FR...
[M::mem_pestat] (25, 50, 75) percentile: (297, 329, 361)
[M::mem_pestat] low and high boundaries for computing mean and std.dev: (169, 489)
[M::mem_pestat] mean and std.dev: (326.33, 48.90)
[M::mem_pestat] low and high boundaries for proper pairs: (105, 553)
[M::mem_pestat] analyzing insert size distribution for orientation RF...
[M::mem_pestat] (25, 50, 75) percentile: (106, 692, 3979)
[M::mem_pestat] low and high boundaries for computing mean and std.dev: (1, 11725)
[M::mem_pestat] mean and std.dev: (2164.05, 2693.34)
[M::mem_pestat] low and high boundaries for proper pairs: (1, 15598)
[M::mem_pestat] analyzing insert size distribution for orientation RR...
[M::mem_pestat] (25, 50, 75) percentile: (282, 936, 2181)
[M::mem_pestat] low and high boundaries for computing mean and std.dev: (1, 5979)
[M::mem_pestat] mean and std.dev: (1315.67, 1408.71)
[M::mem_pestat] low and high boundaries for proper pairs: (1, 7878)
[M::mem_pestat] skip orientation RF
[M::mem_pestat] skip orientation RR
[M::mem_process_seqs] Processed 564560 reads in 66.277 CPU sec, 8.351 real sec
[main] Version: 0.7.8-r455
[main] CMD: bwa mem -t 8 -M /dfs6/pub/itamburi/ee283/datalinks/refs/bwaidx/bwaidx /dfs6/pub/itamburi/ee283/datalinks/DNAseq/ADL09_1_1.fq.gz /dfs6/pub/itamburi/ee283/datalinks/DNAseq/ADL09_1_2.fq.gz
[main] Real time: 1023.652 sec; CPU: 7405.282 sec
[bam_sort_core] merging from 0 files and 8 in-memory blocks...
