[M::main_mem] read 1481482 sequences (80000028 bp)...
[M::mem_pestat] # candidate unique pairs for (FF, FR, RF, RR): (16, 566141, 93, 12)
[M::mem_pestat] analyzing insert size distribution for orientation FF...
[M::mem_pestat] (25, 50, 75) percentile: (395, 910, 1805)
[M::mem_pestat] low and high boundaries for computing mean and std.dev: (1, 4625)
[M::mem_pestat] mean and std.dev: (1155.60, 997.62)
[M::mem_pestat] low and high boundaries for proper pairs: (1, 6035)
[M::mem_pestat] analyzing insert size distribution for orientation FR...
[M::mem_pestat] (25, 50, 75) percentile: (316, 347, 382)
[M::mem_pestat] low and high boundaries for computing mean and std.dev: (184, 514)
[M::mem_pestat] mean and std.dev: (347.18, 51.24)
[M::mem_pestat] low and high boundaries for proper pairs: (118, 580)
[M::mem_pestat] analyzing insert size distribution for orientation RF...
[M::mem_pestat] (25, 50, 75) percentile: (396, 1026, 2560)
[M::mem_pestat] low and high boundaries for computing mean and std.dev: (1, 6888)
[M::mem_pestat] mean and std.dev: (1462.32, 1303.79)
[M::mem_pestat] low and high boundaries for proper pairs: (1, 9052)
[M::mem_pestat] analyzing insert size distribution for orientation RR...
[M::mem_pestat] (25, 50, 75) percentile: (727, 1460, 3937)
[M::mem_pestat] low and high boundaries for computing mean and std.dev: (1, 10357)
[M::mem_pestat] mean and std.dev: (2259.67, 2287.13)
[M::mem_pestat] low and high boundaries for proper pairs: (1, 13567)
[M::mem_pestat] skip orientation FF
[M::mem_pestat] skip orientation RF
[M::mem_pestat] skip orientation RR
[M::mem_process_seqs] Processed 1481482 reads in 211.304 CPU sec, 26.958 real sec
[M::main_mem] read 1481482 sequences (80000028 bp)...
[M::mem_pestat] # candidate unique pairs for (FF, FR, RF, RR): (20, 565351, 99, 12)
[M::mem_pestat] analyzing insert size distribution for orientation FF...
[M::mem_pestat] (25, 50, 75) percentile: (312, 870, 4482)
[M::mem_pestat] low and high boundaries for computing mean and std.dev: (1, 12822)
[M::mem_pestat] mean and std.dev: (2245.60, 2780.17)
[M::mem_pestat] low and high boundaries for proper pairs: (1, 16992)
[M::mem_pestat] analyzing insert size distribution for orientation FR...
[M::mem_pestat] (25, 50, 75) percentile: (317, 347, 382)
[M::mem_pestat] low and high boundaries for computing mean and std.dev: (187, 512)
[M::mem_pestat] mean and std.dev: (347.58, 50.86)
[M::mem_pestat] low and high boundaries for proper pairs: (122, 577)
[M::mem_pestat] analyzing insert size distribution for orientation RF...
[M::mem_pestat] (25, 50, 75) percentile: (227, 1221, 2333)
[M::mem_pestat] low and high boundaries for computing mean and std.dev: (1, 6545)
[M::mem_pestat] mean and std.dev: (1509.99, 1387.22)
[M::mem_pestat] low and high boundaries for proper pairs: (1, 8651)
[M::mem_pestat] analyzing insert size distribution for orientation RR...
[M::mem_pestat] (25, 50, 75) percentile: (597, 1762, 2504)
[M::mem_pestat] low and high boundaries for computing mean and std.dev: (1, 6318)
[M::mem_pestat] mean and std.dev: (1430.09, 1365.31)
[M::mem_pestat] low and high boundaries for proper pairs: (1, 8225)
[M::mem_pestat] skip orientation FF
[M::mem_pestat] skip orientation RF
[M::mem_pestat] skip orientation RR
[M::mem_process_seqs] Processed 1481482 reads in 211.744 CPU sec, 27.120 real sec
[M::main_mem] read 1481482 sequences (80000028 bp)...
[M::mem_pestat] # candidate unique pairs for (FF, FR, RF, RR): (12, 565859, 96, 16)
[M::mem_pestat] analyzing insert size distribution for orientation FF...
[M::mem_pestat] (25, 50, 75) percentile: (242, 1082, 3855)
[M::mem_pestat] low and high boundaries for computing mean and std.dev: (1, 11081)
[M::mem_pestat] mean and std.dev: (1889.42, 1857.78)
[M::mem_pestat] low and high boundaries for proper pairs: (1, 14694)
[M::mem_pestat] analyzing insert size distribution for orientation FR...
[M::mem_pestat] (25, 50, 75) percentile: (316, 347, 382)
[M::mem_pestat] low and high boundaries for computing mean and std.dev: (184, 514)
[M::mem_pestat] mean and std.dev: (347.27, 51.25)
[M::mem_pestat] low and high boundaries for proper pairs: (118, 580)
[M::mem_pestat] analyzing insert size distribution for orientation RF...
[M::mem_pestat] (25, 50, 75) percentile: (236, 1288, 2602)
[M::mem_pestat] low and high boundaries for computing mean and std.dev: (1, 7334)
[M::mem_pestat] mean and std.dev: (1650.85, 1549.89)
[M::mem_pestat] low and high boundaries for proper pairs: (1, 9700)
[M::mem_pestat] analyzing insert size distribution for orientation RR...
[M::mem_pestat] (25, 50, 75) percentile: (1813, 3255, 7467)
[M::mem_pestat] low and high boundaries for computing mean and std.dev: (1, 18775)
[M::mem_pestat] mean and std.dev: (4013.00, 2908.81)
[M::mem_pestat] low and high boundaries for proper pairs: (1, 24429)
[M::mem_pestat] skip orientation FF
[M::mem_pestat] skip orientation RF
[M::mem_pestat] skip orientation RR
[M::mem_process_seqs] Processed 1481482 reads in 208.659 CPU sec, 26.648 real sec
[M::main_mem] read 1481482 sequences (80000028 bp)...
[M::mem_pestat] # candidate unique pairs for (FF, FR, RF, RR): (18, 566421, 105, 12)
[M::mem_pestat] analyzing insert size distribution for orientation FF...
[M::mem_pestat] (25, 50, 75) percentile: (342, 2021, 5349)
[M::mem_pestat] low and high boundaries for computing mean and std.dev: (1, 15363)
[M::mem_pestat] mean and std.dev: (2608.22, 2727.23)
[M::mem_pestat] low and high boundaries for proper pairs: (1, 20370)
[M::mem_pestat] analyzing insert size distribution for orientation FR...
[M::mem_pestat] (25, 50, 75) percentile: (316, 347, 382)
[M::mem_pestat] low and high boundaries for computing mean and std.dev: (184, 514)
[M::mem_pestat] mean and std.dev: (347.19, 51.20)
[M::mem_pestat] low and high boundaries for proper pairs: (118, 580)
[M::mem_pestat] analyzing insert size distribution for orientation RF...
[M::mem_pestat] (25, 50, 75) percentile: (186, 1040, 2679)
[M::mem_pestat] low and high boundaries for computing mean and std.dev: (1, 7665)
[M::mem_pestat] mean and std.dev: (1774.58, 1993.48)
[M::mem_pestat] low and high boundaries for proper pairs: (1, 10158)
[M::mem_pestat] analyzing insert size distribution for orientation RR...
[M::mem_pestat] (25, 50, 75) percentile: (509, 1794, 3729)
[M::mem_pestat] low and high boundaries for computing mean and std.dev: (1, 10169)
[M::mem_pestat] mean and std.dev: (2021.83, 1606.85)
[M::mem_pestat] low and high boundaries for proper pairs: (1, 13389)
[M::mem_pestat] skip orientation FF
[M::mem_pestat] skip orientation RF
[M::mem_pestat] skip orientation RR
[M::mem_process_seqs] Processed 1481482 reads in 210.853 CPU sec, 26.947 real sec
[M::main_mem] read 1481482 sequences (80000028 bp)...
[M::mem_pestat] # candidate unique pairs for (FF, FR, RF, RR): (15, 566540, 105, 18)
[M::mem_pestat] analyzing insert size distribution for orientation FF...
[M::mem_pestat] (25, 50, 75) percentile: (652, 1493, 2100)
[M::mem_pestat] low and high boundaries for computing mean and std.dev: (1, 4996)
[M::mem_pestat] mean and std.dev: (1224.46, 922.13)
[M::mem_pestat] low and high boundaries for proper pairs: (1, 6444)
[M::mem_pestat] analyzing insert size distribution for orientation FR...
[M::mem_pestat] (25, 50, 75) percentile: (316, 347, 382)
[M::mem_pestat] low and high boundaries for computing mean and std.dev: (184, 514)
[M::mem_pestat] mean and std.dev: (347.12, 51.28)
[M::mem_pestat] low and high boundaries for proper pairs: (118, 580)
[M::mem_pestat] analyzing insert size distribution for orientation RF...
[M::mem_pestat] (25, 50, 75) percentile: (78, 803, 2332)
[M::mem_pestat] low and high boundaries for computing mean and std.dev: (1, 6840)
[M::mem_pestat] mean and std.dev: (1418.16, 1666.75)
[M::mem_pestat] low and high boundaries for proper pairs: (1, 9094)
[M::mem_pestat] analyzing insert size distribution for orientation RR...
[M::mem_pestat] (25, 50, 75) percentile: (380, 1335, 2270)
[M::mem_pestat] low and high boundaries for computing mean and std.dev: (1, 6050)
[M::mem_pestat] mean and std.dev: (1037.00, 723.44)
[M::mem_pestat] low and high boundaries for proper pairs: (1, 7940)
[M::mem_pestat] skip orientation FF
[M::mem_pestat] skip orientation RF
[M::mem_pestat] skip orientation RR
[M::mem_process_seqs] Processed 1481482 reads in 209.852 CPU sec, 26.880 real sec
[M::main_mem] read 1481482 sequences (80000028 bp)...
[M::mem_pestat] # candidate unique pairs for (FF, FR, RF, RR): (14, 566504, 124, 12)
[M::mem_pestat] analyzing insert size distribution for orientation FF...
[M::mem_pestat] (25, 50, 75) percentile: (362, 909, 2153)
[M::mem_pestat] low and high boundaries for computing mean and std.dev: (1, 5735)
[M::mem_pestat] mean and std.dev: (1322.00, 1326.74)
[M::mem_pestat] low and high boundaries for proper pairs: (1, 7526)
[M::mem_pestat] analyzing insert size distribution for orientation FR...
[M::mem_pestat] (25, 50, 75) percentile: (316, 347, 382)
[M::mem_pestat] low and high boundaries for computing mean and std.dev: (184, 514)
[M::mem_pestat] mean and std.dev: (347.19, 51.32)
[M::mem_pestat] low and high boundaries for proper pairs: (118, 580)
[M::mem_pestat] analyzing insert size distribution for orientation RF...
[M::mem_pestat] (25, 50, 75) percentile: (173, 1070, 2418)
[M::mem_pestat] low and high boundaries for computing mean and std.dev: (1, 6908)
[M::mem_pestat] mean and std.dev: (1384.53, 1384.22)
[M::mem_pestat] low and high boundaries for proper pairs: (1, 9153)
[M::mem_pestat] analyzing insert size distribution for orientation RR...
[M::mem_pestat] (25, 50, 75) percentile: (402, 1862, 2728)
[M::mem_pestat] low and high boundaries for computing mean and std.dev: (1, 7380)
[M::mem_pestat] mean and std.dev: (1695.17, 1322.03)
[M::mem_pestat] low and high boundaries for proper pairs: (1, 9706)
[M::mem_pestat] skip orientation FF
[M::mem_pestat] skip orientation RF
[M::mem_pestat] skip orientation RR
[M::mem_process_seqs] Processed 1481482 reads in 206.305 CPU sec, 26.528 real sec
[M::main_mem] read 1481482 sequences (80000028 bp)...
[M::mem_pestat] # candidate unique pairs for (FF, FR, RF, RR): (17, 565617, 105, 17)
[M::mem_pestat] analyzing insert size distribution for orientation FF...
[M::mem_pestat] (25, 50, 75) percentile: (335, 1061, 4103)
[M::mem_pestat] low and high boundaries for computing mean and std.dev: (1, 11639)
[M::mem_pestat] mean and std.dev: (2238.59, 2481.04)
[M::mem_pestat] low and high boundaries for proper pairs: (1, 15407)
[M::mem_pestat] analyzing insert size distribution for orientation FR...
[M::mem_pestat] (25, 50, 75) percentile: (316, 347, 382)
[M::mem_pestat] low and high boundaries for computing mean and std.dev: (184, 514)
[M::mem_pestat] mean and std.dev: (347.30, 51.28)
[M::mem_pestat] low and high boundaries for proper pairs: (118, 580)
[M::mem_pestat] analyzing insert size distribution for orientation RF...
[M::mem_pestat] (25, 50, 75) percentile: (451, 1698, 2904)
[M::mem_pestat] low and high boundaries for computing mean and std.dev: (1, 7810)
[M::mem_pestat] mean and std.dev: (1808.96, 1679.70)
[M::mem_pestat] low and high boundaries for proper pairs: (1, 10263)
[M::mem_pestat] analyzing insert size distribution for orientation RR...
[M::mem_pestat] (25, 50, 75) percentile: (675, 861, 2084)
[M::mem_pestat] low and high boundaries for computing mean and std.dev: (1, 4902)
[M::mem_pestat] mean and std.dev: (1229.44, 997.62)
[M::mem_pestat] low and high boundaries for proper pairs: (1, 6311)
[M::mem_pestat] skip orientation FF
[M::mem_pestat] skip orientation RF
[M::mem_pestat] skip orientation RR
[M::mem_process_seqs] Processed 1481482 reads in 205.225 CPU sec, 26.262 real sec
[M::main_mem] read 1481482 sequences (80000028 bp)...
[M::mem_pestat] # candidate unique pairs for (FF, FR, RF, RR): (17, 566269, 113, 10)
[M::mem_pestat] analyzing insert size distribution for orientation FF...
[M::mem_pestat] (25, 50, 75) percentile: (834, 2539, 5310)
[M::mem_pestat] low and high boundaries for computing mean and std.dev: (1, 14262)
[M::mem_pestat] mean and std.dev: (2966.82, 2332.93)
[M::mem_pestat] low and high boundaries for proper pairs: (1, 18738)
[M::mem_pestat] analyzing insert size distribution for orientation FR...
[M::mem_pestat] (25, 50, 75) percentile: (317, 347, 382)
[M::mem_pestat] low and high boundaries for computing mean and std.dev: (187, 512)
[M::mem_pestat] mean and std.dev: (347.59, 50.82)
[M::mem_pestat] low and high boundaries for proper pairs: (122, 577)
[M::mem_pestat] analyzing insert size distribution for orientation RF...
[M::mem_pestat] (25, 50, 75) percentile: (270, 1420, 2543)
[M::mem_pestat] low and high boundaries for computing mean and std.dev: (1, 7089)
[M::mem_pestat] mean and std.dev: (1702.18, 1552.95)
[M::mem_pestat] low and high boundaries for proper pairs: (1, 9362)
[M::mem_pestat] analyzing insert size distribution for orientation RR...
[M::mem_pestat] (25, 50, 75) percentile: (618, 5392, 7632)
[M::mem_pestat] low and high boundaries for computing mean and std.dev: (1, 21660)
[M::mem_pestat] mean and std.dev: (4313.00, 3586.20)
[M::mem_pestat] low and high boundaries for proper pairs: (1, 28674)
[M::mem_pestat] skip orientation FF
[M::mem_pestat] skip orientation RF
[M::mem_pestat] skip orientation RR
[M::mem_process_seqs] Processed 1481482 reads in 207.632 CPU sec, 26.529 real sec
[M::main_mem] read 1481482 sequences (80000028 bp)...
[M::mem_pestat] # candidate unique pairs for (FF, FR, RF, RR): (19, 566796, 77, 18)
[M::mem_pestat] analyzing insert size distribution for orientation FF...
[M::mem_pestat] (25, 50, 75) percentile: (691, 1807, 2558)
[M::mem_pestat] low and high boundaries for computing mean and std.dev: (1, 6292)
[M::mem_pestat] mean and std.dev: (1505.18, 957.73)
[M::mem_pestat] low and high boundaries for proper pairs: (1, 8159)
[M::mem_pestat] analyzing insert size distribution for orientation FR...
[M::mem_pestat] (25, 50, 75) percentile: (317, 347, 382)
[M::mem_pestat] low and high boundaries for computing mean and std.dev: (187, 512)
[M::mem_pestat] mean and std.dev: (347.48, 50.95)
[M::mem_pestat] low and high boundaries for proper pairs: (122, 577)
[M::mem_pestat] analyzing insert size distribution for orientation RF...
[M::mem_pestat] (25, 50, 75) percentile: (233, 1537, 2550)
[M::mem_pestat] low and high boundaries for computing mean and std.dev: (1, 7184)
[M::mem_pestat] mean and std.dev: (1713.57, 1625.85)
[M::mem_pestat] low and high boundaries for proper pairs: (1, 9501)
[M::mem_pestat] analyzing insert size distribution for orientation RR...
[M::mem_pestat] (25, 50, 75) percentile: (463, 1773, 5424)
[M::mem_pestat] low and high boundaries for computing mean and std.dev: (1, 15346)
[M::mem_pestat] mean and std.dev: (2812.94, 2584.67)
[M::mem_pestat] low and high boundaries for proper pairs: (1, 20307)
[M::mem_pestat] skip orientation FF
[M::mem_pestat] skip orientation RF
[M::mem_pestat] skip orientation RR
[M::mem_process_seqs] Processed 1481482 reads in 203.143 CPU sec, 25.983 real sec
[M::main_mem] read 1481482 sequences (80000028 bp)...
[M::mem_pestat] # candidate unique pairs for (FF, FR, RF, RR): (11, 567204, 102, 12)
[M::mem_pestat] analyzing insert size distribution for orientation FF...
[M::mem_pestat] (25, 50, 75) percentile: (484, 908, 1976)
[M::mem_pestat] low and high boundaries for computing mean and std.dev: (1, 4960)
[M::mem_pestat] mean and std.dev: (954.60, 648.62)
[M::mem_pestat] low and high boundaries for proper pairs: (1, 6452)
[M::mem_pestat] analyzing insert size distribution for orientation FR...
[M::mem_pestat] (25, 50, 75) percentile: (316, 347, 382)
[M::mem_pestat] low and high boundaries for computing mean and std.dev: (184, 514)
[M::mem_pestat] mean and std.dev: (347.35, 51.33)
[M::mem_pestat] low and high boundaries for proper pairs: (118, 580)
[M::mem_pestat] analyzing insert size distribution for orientation RF...
[M::mem_pestat] (25, 50, 75) percentile: (230, 1183, 2568)
[M::mem_pestat] low and high boundaries for computing mean and std.dev: (1, 7244)
[M::mem_pestat] mean and std.dev: (1555.00, 1487.97)
[M::mem_pestat] low and high boundaries for proper pairs: (1, 9582)
[M::mem_pestat] analyzing insert size distribution for orientation RR...
[M::mem_pestat] (25, 50, 75) percentile: (849, 2377, 5894)
[M::mem_pestat] low and high boundaries for computing mean and std.dev: (1, 15984)
[M::mem_pestat] mean and std.dev: (2808.83, 2372.78)
[M::mem_pestat] low and high boundaries for proper pairs: (1, 21029)
[M::mem_pestat] skip orientation FF
[M::mem_pestat] skip orientation RF
[M::mem_pestat] skip orientation RR
[M::mem_process_seqs] Processed 1481482 reads in 202.460 CPU sec, 26.090 real sec
[M::main_mem] read 1481482 sequences (80000028 bp)...
[M::mem_pestat] # candidate unique pairs for (FF, FR, RF, RR): (19, 566870, 109, 16)
[M::mem_pestat] analyzing insert size distribution for orientation FF...
[M::mem_pestat] (25, 50, 75) percentile: (784, 1350, 2863)
[M::mem_pestat] low and high boundaries for computing mean and std.dev: (1, 7021)
[M::mem_pestat] mean and std.dev: (2013.50, 1881.27)
[M::mem_pestat] low and high boundaries for proper pairs: (1, 9100)
[M::mem_pestat] analyzing insert size distribution for orientation FR...
[M::mem_pestat] (25, 50, 75) percentile: (317, 347, 382)
[M::mem_pestat] low and high boundaries for computing mean and std.dev: (187, 512)
[M::mem_pestat] mean and std.dev: (347.61, 50.87)
[M::mem_pestat] low and high boundaries for proper pairs: (122, 577)
[M::mem_pestat] analyzing insert size distribution for orientation RF...
[M::mem_pestat] (25, 50, 75) percentile: (368, 1432, 2600)
[M::mem_pestat] low and high boundaries for computing mean and std.dev: (1, 7064)
[M::mem_pestat] mean and std.dev: (1806.79, 1686.89)
[M::mem_pestat] low and high boundaries for proper pairs: (1, 9296)
[M::mem_pestat] analyzing insert size distribution for orientation RR...
[M::mem_pestat] (25, 50, 75) percentile: (878, 1777, 3334)
[M::mem_pestat] low and high boundaries for computing mean and std.dev: (1, 8246)
[M::mem_pestat] mean and std.dev: (2060.67, 1731.38)
[M::mem_pestat] low and high boundaries for proper pairs: (1, 10702)
[M::mem_pestat] skip orientation FF
[M::mem_pestat] skip orientation RF
[M::mem_pestat] skip orientation RR
[M::mem_process_seqs] Processed 1481482 reads in 203.251 CPU sec, 26.046 real sec
[M::main_mem] read 1481482 sequences (80000028 bp)...
[M::mem_pestat] # candidate unique pairs for (FF, FR, RF, RR): (13, 566652, 94, 14)
[M::mem_pestat] analyzing insert size distribution for orientation FF...
[M::mem_pestat] (25, 50, 75) percentile: (362, 2688, 6479)
[M::mem_pestat] low and high boundaries for computing mean and std.dev: (1, 18713)
[M::mem_pestat] mean and std.dev: (3512.77, 3160.27)
[M::mem_pestat] low and high boundaries for proper pairs: (1, 24830)
[M::mem_pestat] analyzing insert size distribution for orientation FR...
[M::mem_pestat] (25, 50, 75) percentile: (317, 347, 382)
[M::mem_pestat] low and high boundaries for computing mean and std.dev: (187, 512)
[M::mem_pestat] mean and std.dev: (347.69, 50.77)
[M::mem_pestat] low and high boundaries for proper pairs: (122, 577)
[M::mem_pestat] analyzing insert size distribution for orientation RF...
[M::mem_pestat] (25, 50, 75) percentile: (193, 1665, 2882)
[M::mem_pestat] low and high boundaries for computing mean and std.dev: (1, 8260)
[M::mem_pestat] mean and std.dev: (1842.86, 1803.83)
[M::mem_pestat] low and high boundaries for proper pairs: (1, 10949)
[M::mem_pestat] analyzing insert size distribution for orientation RR...
[M::mem_pestat] (25, 50, 75) percentile: (497, 725, 2007)
[M::mem_pestat] low and high boundaries for computing mean and std.dev: (1, 5027)
[M::mem_pestat] mean and std.dev: (970.23, 866.29)
[M::mem_pestat] low and high boundaries for proper pairs: (1, 6537)
[M::mem_pestat] skip orientation FF
[M::mem_pestat] skip orientation RF
[M::mem_pestat] skip orientation RR
[M::mem_process_seqs] Processed 1481482 reads in 199.979 CPU sec, 25.683 real sec
[M::main_mem] read 1481482 sequences (80000028 bp)...
[M::mem_pestat] # candidate unique pairs for (FF, FR, RF, RR): (11, 566960, 109, 12)
[M::mem_pestat] analyzing insert size distribution for orientation FF...
[M::mem_pestat] (25, 50, 75) percentile: (1022, 2097, 2688)
[M::mem_pestat] low and high boundaries for computing mean and std.dev: (1, 6020)
[M::mem_pestat] mean and std.dev: (1593.70, 953.55)
[M::mem_pestat] low and high boundaries for proper pairs: (1, 7686)
[M::mem_pestat] analyzing insert size distribution for orientation FR...
[M::mem_pestat] (25, 50, 75) percentile: (317, 347, 382)
[M::mem_pestat] low and high boundaries for computing mean and std.dev: (187, 512)
[M::mem_pestat] mean and std.dev: (347.80, 50.82)
[M::mem_pestat] low and high boundaries for proper pairs: (122, 577)
[M::mem_pestat] analyzing insert size distribution for orientation RF...
[M::mem_pestat] (25, 50, 75) percentile: (122, 955, 2384)
[M::mem_pestat] low and high boundaries for computing mean and std.dev: (1, 6908)
[M::mem_pestat] mean and std.dev: (1312.36, 1342.20)
[M::mem_pestat] low and high boundaries for proper pairs: (1, 9170)
[M::mem_pestat] analyzing insert size distribution for orientation RR...
[M::mem_pestat] (25, 50, 75) percentile: (852, 1137, 7328)
[M::mem_pestat] low and high boundaries for computing mean and std.dev: (1, 20280)
[M::mem_pestat] mean and std.dev: (2753.50, 3177.40)
[M::mem_pestat] low and high boundaries for proper pairs: (1, 26756)
[M::mem_pestat] skip orientation FF
[M::mem_pestat] skip orientation RF
[M::mem_pestat] skip orientation RR
[M::mem_process_seqs] Processed 1481482 reads in 197.220 CPU sec, 25.274 real sec
[M::main_mem] read 1481482 sequences (80000028 bp)...
[M::mem_pestat] # candidate unique pairs for (FF, FR, RF, RR): (16, 566824, 101, 15)
[M::mem_pestat] analyzing insert size distribution for orientation FF...
[M::mem_pestat] (25, 50, 75) percentile: (833, 1593, 5806)
[M::mem_pestat] low and high boundaries for computing mean and std.dev: (1, 15752)
[M::mem_pestat] mean and std.dev: (2799.88, 2567.66)
[M::mem_pestat] low and high boundaries for proper pairs: (1, 20725)
[M::mem_pestat] analyzing insert size distribution for orientation FR...
[M::mem_pestat] (25, 50, 75) percentile: (317, 347, 382)
[M::mem_pestat] low and high boundaries for computing mean and std.dev: (187, 512)
[M::mem_pestat] mean and std.dev: (347.75, 50.78)
[M::mem_pestat] low and high boundaries for proper pairs: (122, 577)
[M::mem_pestat] analyzing insert size distribution for orientation RF...
[M::mem_pestat] (25, 50, 75) percentile: (386, 1270, 2530)
[M::mem_pestat] low and high boundaries for computing mean and std.dev: (1, 6818)
[M::mem_pestat] mean and std.dev: (1626.05, 1537.43)
[M::mem_pestat] low and high boundaries for proper pairs: (1, 8962)
[M::mem_pestat] analyzing insert size distribution for orientation RR...
[M::mem_pestat] (25, 50, 75) percentile: (683, 923, 6019)
[M::mem_pestat] low and high boundaries for computing mean and std.dev: (1, 16691)
[M::mem_pestat] mean and std.dev: (3079.80, 3317.01)
[M::mem_pestat] low and high boundaries for proper pairs: (1, 22027)
[M::mem_pestat] skip orientation FF
[M::mem_pestat] skip orientation RF
[M::mem_pestat] skip orientation RR
[M::mem_process_seqs] Processed 1481482 reads in 201.336 CPU sec, 26.225 real sec
[M::main_mem] read 1481482 sequences (80000028 bp)...
[M::mem_pestat] # candidate unique pairs for (FF, FR, RF, RR): (16, 566574, 113, 11)
[M::mem_pestat] analyzing insert size distribution for orientation FF...
[M::mem_pestat] (25, 50, 75) percentile: (696, 2162, 4137)
[M::mem_pestat] low and high boundaries for computing mean and std.dev: (1, 11019)
[M::mem_pestat] mean and std.dev: (2475.56, 2112.55)
[M::mem_pestat] low and high boundaries for proper pairs: (1, 14460)
[M::mem_pestat] analyzing insert size distribution for orientation FR...
[M::mem_pestat] (25, 50, 75) percentile: (317, 347, 382)
[M::mem_pestat] low and high boundaries for computing mean and std.dev: (187, 512)
[M::mem_pestat] mean and std.dev: (347.88, 50.73)
[M::mem_pestat] low and high boundaries for proper pairs: (122, 577)
[M::mem_pestat] analyzing insert size distribution for orientation RF...
[M::mem_pestat] (25, 50, 75) percentile: (420, 1313, 4329)
[M::mem_pestat] low and high boundaries for computing mean and std.dev: (1, 12147)
[M::mem_pestat] mean and std.dev: (2506.77, 2563.86)
[M::mem_pestat] low and high boundaries for proper pairs: (1, 16056)
[M::mem_pestat] analyzing insert size distribution for orientation RR...
[M::mem_pestat] (25, 50, 75) percentile: (1800, 1992, 7507)
[M::mem_pestat] low and high boundaries for computing mean and std.dev: (1, 18921)
[M::mem_pestat] mean and std.dev: (3134.00, 2939.21)
[M::mem_pestat] low and high boundaries for proper pairs: (1, 24628)
[M::mem_pestat] skip orientation FF
[M::mem_pestat] skip orientation RF
[M::mem_pestat] skip orientation RR
[M::mem_process_seqs] Processed 1481482 reads in 197.112 CPU sec, 25.453 real sec
[M::main_mem] read 1481482 sequences (80000028 bp)...
[M::mem_pestat] # candidate unique pairs for (FF, FR, RF, RR): (14, 566828, 101, 12)
[M::mem_pestat] analyzing insert size distribution for orientation FF...
[M::mem_pestat] (25, 50, 75) percentile: (353, 690, 2479)
[M::mem_pestat] low and high boundaries for computing mean and std.dev: (1, 6731)
[M::mem_pestat] mean and std.dev: (1458.71, 1606.58)
[M::mem_pestat] low and high boundaries for proper pairs: (1, 8857)
[M::mem_pestat] analyzing insert size distribution for orientation FR...
[M::mem_pestat] (25, 50, 75) percentile: (317, 347, 382)
[M::mem_pestat] low and high boundaries for computing mean and std.dev: (187, 512)
[M::mem_pestat] mean and std.dev: (347.98, 50.79)
[M::mem_pestat] low and high boundaries for proper pairs: (122, 577)
[M::mem_pestat] analyzing insert size distribution for orientation RF...
[M::mem_pestat] (25, 50, 75) percentile: (50, 968, 2531)
[M::mem_pestat] low and high boundaries for computing mean and std.dev: (1, 7493)
[M::mem_pestat] mean and std.dev: (1560.40, 1715.31)
[M::mem_pestat] low and high boundaries for proper pairs: (1, 9974)
[M::mem_pestat] analyzing insert size distribution for orientation RR...
[M::mem_pestat] (25, 50, 75) percentile: (981, 2492, 4586)
[M::mem_pestat] low and high boundaries for computing mean and std.dev: (1, 11796)
[M::mem_pestat] mean and std.dev: (2746.08, 2217.44)
[M::mem_pestat] low and high boundaries for proper pairs: (1, 15401)
[M::mem_pestat] skip orientation FF
[M::mem_pestat] skip orientation RF
[M::mem_pestat] skip orientation RR
[M::mem_process_seqs] Processed 1481482 reads in 192.262 CPU sec, 24.646 real sec
[M::main_mem] read 1481482 sequences (80000028 bp)...
[M::mem_pestat] # candidate unique pairs for (FF, FR, RF, RR): (11, 566575, 125, 14)
[M::mem_pestat] analyzing insert size distribution for orientation FF...
[M::mem_pestat] (25, 50, 75) percentile: (1024, 2276, 4279)
[M::mem_pestat] low and high boundaries for computing mean and std.dev: (1, 10789)
[M::mem_pestat] mean and std.dev: (2899.91, 2448.96)
[M::mem_pestat] low and high boundaries for proper pairs: (1, 14044)
[M::mem_pestat] analyzing insert size distribution for orientation FR...
[M::mem_pestat] (25, 50, 75) percentile: (317, 347, 382)
[M::mem_pestat] low and high boundaries for computing mean and std.dev: (187, 512)
[M::mem_pestat] mean and std.dev: (347.99, 50.73)
[M::mem_pestat] low and high boundaries for proper pairs: (122, 577)
[M::mem_pestat] analyzing insert size distribution for orientation RF...
[M::mem_pestat] (25, 50, 75) percentile: (168, 1132, 2937)
[M::mem_pestat] low and high boundaries for computing mean and std.dev: (1, 8475)
[M::mem_pestat] mean and std.dev: (1754.42, 1891.34)
[M::mem_pestat] low and high boundaries for proper pairs: (1, 11244)
[M::mem_pestat] analyzing insert size distribution for orientation RR...
[M::mem_pestat] (25, 50, 75) percentile: (330, 1441, 2008)
[M::mem_pestat] low and high boundaries for computing mean and std.dev: (1, 5364)
[M::mem_pestat] mean and std.dev: (1094.92, 912.67)
[M::mem_pestat] low and high boundaries for proper pairs: (1, 7042)
[M::mem_pestat] skip orientation FF
[M::mem_pestat] skip orientation RF
[M::mem_pestat] skip orientation RR
[M::mem_process_seqs] Processed 1481482 reads in 191.007 CPU sec, 24.408 real sec
[M::main_mem] read 1481482 sequences (80000028 bp)...
[M::mem_pestat] # candidate unique pairs for (FF, FR, RF, RR): (22, 566568, 114, 9)
[M::mem_pestat] analyzing insert size distribution for orientation FF...
[M::mem_pestat] (25, 50, 75) percentile: (326, 1493, 2282)
[M::mem_pestat] low and high boundaries for computing mean and std.dev: (1, 6194)
[M::mem_pestat] mean and std.dev: (1351.75, 1127.37)
[M::mem_pestat] low and high boundaries for proper pairs: (1, 8150)
[M::mem_pestat] analyzing insert size distribution for orientation FR...
[M::mem_pestat] (25, 50, 75) percentile: (317, 347, 382)
[M::mem_pestat] low and high boundaries for computing mean and std.dev: (187, 512)
[M::mem_pestat] mean and std.dev: (348.05, 50.66)
[M::mem_pestat] low and high boundaries for proper pairs: (122, 577)
[M::mem_pestat] analyzing insert size distribution for orientation RF...
[M::mem_pestat] (25, 50, 75) percentile: (485, 2234, 2978)
[M::mem_pestat] low and high boundaries for computing mean and std.dev: (1, 7964)
[M::mem_pestat] mean and std.dev: (2175.13, 1920.96)
[M::mem_pestat] low and high boundaries for proper pairs: (1, 10457)
[M::mem_pestat] skip orientation RR as there are not enough pairs
[M::mem_pestat] skip orientation FF
[M::mem_pestat] skip orientation RF
[M::mem_process_seqs] Processed 1481482 reads in 190.907 CPU sec, 24.942 real sec
[M::main_mem] read 1481482 sequences (80000028 bp)...
[M::mem_pestat] # candidate unique pairs for (FF, FR, RF, RR): (17, 566547, 123, 10)
[M::mem_pestat] analyzing insert size distribution for orientation FF...
[M::mem_pestat] (25, 50, 75) percentile: (815, 1019, 4048)
[M::mem_pestat] low and high boundaries for computing mean and std.dev: (1, 10514)
[M::mem_pestat] mean and std.dev: (2276.47, 2377.20)
[M::mem_pestat] low and high boundaries for proper pairs: (1, 13747)
[M::mem_pestat] analyzing insert size distribution for orientation FR...
[M::mem_pestat] (25, 50, 75) percentile: (317, 347, 382)
[M::mem_pestat] low and high boundaries for computing mean and std.dev: (187, 512)
[M::mem_pestat] mean and std.dev: (348.07, 50.73)
[M::mem_pestat] low and high boundaries for proper pairs: (122, 577)
[M::mem_pestat] analyzing insert size distribution for orientation RF...
[M::mem_pestat] (25, 50, 75) percentile: (173, 1034, 2329)
[M::mem_pestat] low and high boundaries for computing mean and std.dev: (1, 6641)
[M::mem_pestat] mean and std.dev: (1274.85, 1325.60)
[M::mem_pestat] low and high boundaries for proper pairs: (1, 8797)
[M::mem_pestat] analyzing insert size distribution for orientation RR...
[M::mem_pestat] (25, 50, 75) percentile: (403, 1135, 2267)
[M::mem_pestat] low and high boundaries for computing mean and std.dev: (1, 5995)
[M::mem_pestat] mean and std.dev: (1518.50, 1528.39)
[M::mem_pestat] low and high boundaries for proper pairs: (1, 7859)
[M::mem_pestat] skip orientation FF
[M::mem_pestat] skip orientation RF
[M::mem_pestat] skip orientation RR
[M::mem_process_seqs] Processed 1481482 reads in 190.777 CPU sec, 24.431 real sec
[M::main_mem] read 1481482 sequences (80000028 bp)...
[M::mem_pestat] # candidate unique pairs for (FF, FR, RF, RR): (7, 566181, 114, 9)
[M::mem_pestat] skip orientation FF as there are not enough pairs
[M::mem_pestat] analyzing insert size distribution for orientation FR...
[M::mem_pestat] (25, 50, 75) percentile: (317, 347, 382)
[M::mem_pestat] low and high boundaries for computing mean and std.dev: (187, 512)
[M::mem_pestat] mean and std.dev: (348.04, 50.72)
[M::mem_pestat] low and high boundaries for proper pairs: (122, 577)
[M::mem_pestat] analyzing insert size distribution for orientation RF...
[M::mem_pestat] (25, 50, 75) percentile: (157, 1688, 2870)
[M::mem_pestat] low and high boundaries for computing mean and std.dev: (1, 8296)
[M::mem_pestat] mean and std.dev: (1911.90, 1951.42)
[M::mem_pestat] low and high boundaries for proper pairs: (1, 11009)
[M::mem_pestat] skip orientation RR as there are not enough pairs
[M::mem_pestat] skip orientation RF
[M::mem_process_seqs] Processed 1481482 reads in 189.767 CPU sec, 24.304 real sec
[M::main_mem] read 1481482 sequences (80000028 bp)...
[M::mem_pestat] # candidate unique pairs for (FF, FR, RF, RR): (16, 565387, 104, 8)
[M::mem_pestat] analyzing insert size distribution for orientation FF...
[M::mem_pestat] (25, 50, 75) percentile: (347, 877, 6150)
[M::mem_pestat] low and high boundaries for computing mean and std.dev: (1, 17756)
[M::mem_pestat] mean and std.dev: (2667.81, 2930.03)
[M::mem_pestat] low and high boundaries for proper pairs: (1, 23559)
[M::mem_pestat] analyzing insert size distribution for orientation FR...
[M::mem_pestat] (25, 50, 75) percentile: (317, 348, 382)
[M::mem_pestat] low and high boundaries for computing mean and std.dev: (187, 512)
[M::mem_pestat] mean and std.dev: (348.17, 50.72)
[M::mem_pestat] low and high boundaries for proper pairs: (122, 577)
[M::mem_pestat] analyzing insert size distribution for orientation RF...
[M::mem_pestat] (25, 50, 75) percentile: (728, 2290, 3700)
[M::mem_pestat] low and high boundaries for computing mean and std.dev: (1, 9644)
[M::mem_pestat] mean and std.dev: (2489.49, 2289.21)
[M::mem_pestat] low and high boundaries for proper pairs: (1, 12616)
[M::mem_pestat] skip orientation RR as there are not enough pairs
[M::mem_pestat] skip orientation FF
[M::mem_pestat] skip orientation RF
[M::mem_process_seqs] Processed 1481482 reads in 188.084 CPU sec, 24.080 real sec
[M::main_mem] read 1481482 sequences (80000028 bp)...
[M::mem_pestat] # candidate unique pairs for (FF, FR, RF, RR): (16, 567105, 99, 14)
[M::mem_pestat] analyzing insert size distribution for orientation FF...
[M::mem_pestat] (25, 50, 75) percentile: (408, 1837, 2207)
[M::mem_pestat] low and high boundaries for computing mean and std.dev: (1, 5805)
[M::mem_pestat] mean and std.dev: (1350.00, 982.67)
[M::mem_pestat] low and high boundaries for proper pairs: (1, 7604)
[M::mem_pestat] analyzing insert size distribution for orientation FR...
[M::mem_pestat] (25, 50, 75) percentile: (317, 347, 382)
[M::mem_pestat] low and high boundaries for computing mean and std.dev: (187, 512)
[M::mem_pestat] mean and std.dev: (348.13, 50.65)
[M::mem_pestat] low and high boundaries for proper pairs: (122, 577)
[M::mem_pestat] analyzing insert size distribution for orientation RF...
[M::mem_pestat] (25, 50, 75) percentile: (132, 936, 2577)
[M::mem_pestat] low and high boundaries for computing mean and std.dev: (1, 7467)
[M::mem_pestat] mean and std.dev: (1402.02, 1576.74)
[M::mem_pestat] low and high boundaries for proper pairs: (1, 9912)
[M::mem_pestat] analyzing insert size distribution for orientation RR...
[M::mem_pestat] (25, 50, 75) percentile: (398, 1349, 2218)
[M::mem_pestat] low and high boundaries for computing mean and std.dev: (1, 5858)
[M::mem_pestat] mean and std.dev: (1268.54, 1044.87)
[M::mem_pestat] low and high boundaries for proper pairs: (1, 7678)
[M::mem_pestat] skip orientation FF
[M::mem_pestat] skip orientation RF
[M::mem_pestat] skip orientation RR
[M::mem_process_seqs] Processed 1481482 reads in 188.238 CPU sec, 24.166 real sec
[M::main_mem] read 1481482 sequences (80000028 bp)...
[M::mem_pestat] # candidate unique pairs for (FF, FR, RF, RR): (19, 568094, 99, 12)
[M::mem_pestat] analyzing insert size distribution for orientation FF...
[M::mem_pestat] (25, 50, 75) percentile: (511, 1381, 4188)
[M::mem_pestat] low and high boundaries for computing mean and std.dev: (1, 11542)
[M::mem_pestat] mean and std.dev: (2531.21, 2590.15)
[M::mem_pestat] low and high boundaries for proper pairs: (1, 15219)
[M::mem_pestat] analyzing insert size distribution for orientation FR...
[M::mem_pestat] (25, 50, 75) percentile: (317, 348, 383)
[M::mem_pestat] low and high boundaries for computing mean and std.dev: (185, 515)
[M::mem_pestat] mean and std.dev: (348.06, 51.01)
[M::mem_pestat] low and high boundaries for proper pairs: (119, 581)
[M::mem_pestat] analyzing insert size distribution for orientation RF...
[M::mem_pestat] (25, 50, 75) percentile: (210, 1581, 2567)
[M::mem_pestat] low and high boundaries for computing mean and std.dev: (1, 7281)
[M::mem_pestat] mean and std.dev: (1624.44, 1409.00)
[M::mem_pestat] low and high boundaries for proper pairs: (1, 9638)
[M::mem_pestat] analyzing insert size distribution for orientation RR...
[M::mem_pestat] (25, 50, 75) percentile: (1271, 2024, 5325)
[M::mem_pestat] low and high boundaries for computing mean and std.dev: (1, 13433)
[M::mem_pestat] mean and std.dev: (2961.67, 2972.67)
[M::mem_pestat] low and high boundaries for proper pairs: (1, 17487)
[M::mem_pestat] skip orientation FF
[M::mem_pestat] skip orientation RF
[M::mem_pestat] skip orientation RR
[M::mem_process_seqs] Processed 1481482 reads in 190.728 CPU sec, 24.412 real sec
[M::main_mem] read 1481482 sequences (80000028 bp)...
[M::mem_pestat] # candidate unique pairs for (FF, FR, RF, RR): (10, 568708, 105, 15)
[M::mem_pestat] analyzing insert size distribution for orientation FF...
[M::mem_pestat] (25, 50, 75) percentile: (239, 3051, 5297)
[M::mem_pestat] low and high boundaries for computing mean and std.dev: (1, 15413)
[M::mem_pestat] mean and std.dev: (3229.10, 2830.08)
[M::mem_pestat] low and high boundaries for proper pairs: (1, 20471)
[M::mem_pestat] analyzing insert size distribution for orientation FR...
[M::mem_pestat] (25, 50, 75) percentile: (317, 348, 382)
[M::mem_pestat] low and high boundaries for computing mean and std.dev: (187, 512)
[M::mem_pestat] mean and std.dev: (348.17, 50.76)
[M::mem_pestat] low and high boundaries for proper pairs: (122, 577)
[M::mem_pestat] analyzing insert size distribution for orientation RF...
[M::mem_pestat] (25, 50, 75) percentile: (233, 1439, 3013)
[M::mem_pestat] low and high boundaries for computing mean and std.dev: (1, 8573)
[M::mem_pestat] mean and std.dev: (1955.34, 1979.58)
[M::mem_pestat] low and high boundaries for proper pairs: (1, 11353)
[M::mem_pestat] analyzing insert size distribution for orientation RR...
[M::mem_pestat] (25, 50, 75) percentile: (527, 1792, 4052)
[M::mem_pestat] low and high boundaries for computing mean and std.dev: (1, 11102)
[M::mem_pestat] mean and std.dev: (2120.33, 1963.89)
[M::mem_pestat] low and high boundaries for proper pairs: (1, 14627)
[M::mem_pestat] skip orientation FF
[M::mem_pestat] skip orientation RF
[M::mem_pestat] skip orientation RR
[M::mem_process_seqs] Processed 1481482 reads in 189.793 CPU sec, 24.463 real sec
[M::main_mem] read 1481482 sequences (80000028 bp)...
[M::mem_pestat] # candidate unique pairs for (FF, FR, RF, RR): (18, 567643, 110, 13)
[M::mem_pestat] analyzing insert size distribution for orientation FF...
[M::mem_pestat] (25, 50, 75) percentile: (294, 550, 2212)
[M::mem_pestat] low and high boundaries for computing mean and std.dev: (1, 6048)
[M::mem_pestat] mean and std.dev: (1060.88, 1037.83)
[M::mem_pestat] low and high boundaries for proper pairs: (1, 7966)
[M::mem_pestat] analyzing insert size distribution for orientation FR...
[M::mem_pestat] (25, 50, 75) percentile: (317, 348, 382)
[M::mem_pestat] low and high boundaries for computing mean and std.dev: (187, 512)
[M::mem_pestat] mean and std.dev: (348.08, 50.68)
[M::mem_pestat] low and high boundaries for proper pairs: (122, 577)
[M::mem_pestat] analyzing insert size distribution for orientation RF...
[M::mem_pestat] (25, 50, 75) percentile: (211, 2188, 2983)
[M::mem_pestat] low and high boundaries for computing mean and std.dev: (1, 8527)
[M::mem_pestat] mean and std.dev: (1987.18, 1925.17)
[M::mem_pestat] low and high boundaries for proper pairs: (1, 11299)
[M::mem_pestat] analyzing insert size distribution for orientation RR...
[M::mem_pestat] (25, 50, 75) percentile: (899, 1791, 3727)
[M::mem_pestat] low and high boundaries for computing mean and std.dev: (1, 9383)
[M::mem_pestat] mean and std.dev: (1931.08, 1950.53)
[M::mem_pestat] low and high boundaries for proper pairs: (1, 12211)
[M::mem_pestat] skip orientation FF
[M::mem_pestat] skip orientation RF
[M::mem_pestat] skip orientation RR
[M::mem_process_seqs] Processed 1481482 reads in 190.160 CPU sec, 24.280 real sec
[M::main_mem] read 1481482 sequences (80000028 bp)...
[M::mem_pestat] # candidate unique pairs for (FF, FR, RF, RR): (17, 568052, 88, 12)
[M::mem_pestat] analyzing insert size distribution for orientation FF...
[M::mem_pestat] (25, 50, 75) percentile: (352, 1283, 2047)
[M::mem_pestat] low and high boundaries for computing mean and std.dev: (1, 5437)
[M::mem_pestat] mean and std.dev: (1200.31, 860.74)
[M::mem_pestat] low and high boundaries for proper pairs: (1, 7132)
[M::mem_pestat] analyzing insert size distribution for orientation FR...
[M::mem_pestat] (25, 50, 75) percentile: (317, 347, 382)
[M::mem_pestat] low and high boundaries for computing mean and std.dev: (187, 512)
[M::mem_pestat] mean and std.dev: (348.03, 50.72)
[M::mem_pestat] low and high boundaries for proper pairs: (122, 577)
[M::mem_pestat] analyzing insert size distribution for orientation RF...
[M::mem_pestat] (25, 50, 75) percentile: (214, 1356, 2872)
[M::mem_pestat] low and high boundaries for computing mean and std.dev: (1, 8188)
[M::mem_pestat] mean and std.dev: (1767.26, 1737.96)
[M::mem_pestat] low and high boundaries for proper pairs: (1, 10846)
[M::mem_pestat] analyzing insert size distribution for orientation RR...
[M::mem_pestat] (25, 50, 75) percentile: (864, 1746, 2558)
[M::mem_pestat] low and high boundaries for computing mean and std.dev: (1, 5946)
[M::mem_pestat] mean and std.dev: (1543.09, 1044.11)
[M::mem_pestat] low and high boundaries for proper pairs: (1, 7640)
[M::mem_pestat] skip orientation FF
[M::mem_pestat] skip orientation RF
[M::mem_pestat] skip orientation RR
[M::mem_process_seqs] Processed 1481482 reads in 193.227 CPU sec, 24.785 real sec
[M::main_mem] read 1481482 sequences (80000028 bp)...
[M::mem_pestat] # candidate unique pairs for (FF, FR, RF, RR): (10, 568077, 103, 10)
[M::mem_pestat] analyzing insert size distribution for orientation FF...
[M::mem_pestat] (25, 50, 75) percentile: (776, 2229, 7250)
[M::mem_pestat] low and high boundaries for computing mean and std.dev: (1, 20198)
[M::mem_pestat] mean and std.dev: (3547.20, 3228.27)
[M::mem_pestat] low and high boundaries for proper pairs: (1, 26672)
[M::mem_pestat] analyzing insert size distribution for orientation FR...
[M::mem_pestat] (25, 50, 75) percentile: (317, 347, 382)
[M::mem_pestat] low and high boundaries for computing mean and std.dev: (187, 512)
[M::mem_pestat] mean and std.dev: (348.03, 50.75)
[M::mem_pestat] low and high boundaries for proper pairs: (122, 577)
[M::mem_pestat] analyzing insert size distribution for orientation RF...
[M::mem_pestat] (25, 50, 75) percentile: (179, 1014, 2493)
[M::mem_pestat] low and high boundaries for computing mean and std.dev: (1, 7121)
[M::mem_pestat] mean and std.dev: (1595.50, 1711.73)
[M::mem_pestat] low and high boundaries for proper pairs: (1, 9435)
[M::mem_pestat] analyzing insert size distribution for orientation RR...
[M::mem_pestat] (25, 50, 75) percentile: (772, 1404, 2286)
[M::mem_pestat] low and high boundaries for computing mean and std.dev: (1, 5314)
[M::mem_pestat] mean and std.dev: (1317.44, 731.24)
[M::mem_pestat] low and high boundaries for proper pairs: (1, 6828)
[M::mem_pestat] skip orientation FF
[M::mem_pestat] skip orientation RF
[M::mem_pestat] skip orientation RR
[M::mem_process_seqs] Processed 1481482 reads in 190.714 CPU sec, 24.700 real sec
[M::main_mem] read 1481482 sequences (80000028 bp)...
[M::mem_pestat] # candidate unique pairs for (FF, FR, RF, RR): (18, 568643, 99, 14)
[M::mem_pestat] analyzing insert size distribution for orientation FF...
[M::mem_pestat] (25, 50, 75) percentile: (299, 1736, 2031)
[M::mem_pestat] low and high boundaries for computing mean and std.dev: (1, 5495)
[M::mem_pestat] mean and std.dev: (1336.94, 1111.33)
[M::mem_pestat] low and high boundaries for proper pairs: (1, 7227)
[M::mem_pestat] analyzing insert size distribution for orientation FR...
[M::mem_pestat] (25, 50, 75) percentile: (317, 347, 382)
[M::mem_pestat] low and high boundaries for computing mean and std.dev: (187, 512)
[M::mem_pestat] mean and std.dev: (347.99, 50.77)
[M::mem_pestat] low and high boundaries for proper pairs: (122, 577)
[M::mem_pestat] analyzing insert size distribution for orientation RF...
[M::mem_pestat] (25, 50, 75) percentile: (215, 1488, 2564)
[M::mem_pestat] low and high boundaries for computing mean and std.dev: (1, 7262)
[M::mem_pestat] mean and std.dev: (1562.59, 1445.97)
[M::mem_pestat] low and high boundaries for proper pairs: (1, 9611)
[M::mem_pestat] analyzing insert size distribution for orientation RR...
[M::mem_pestat] (25, 50, 75) percentile: (470, 2041, 4163)
[M::mem_pestat] low and high boundaries for computing mean and std.dev: (1, 11549)
[M::mem_pestat] mean and std.dev: (2431.29, 2263.88)
[M::mem_pestat] low and high boundaries for proper pairs: (1, 15242)
[M::mem_pestat] skip orientation FF
[M::mem_pestat] skip orientation RF
[M::mem_pestat] skip orientation RR
[M::mem_process_seqs] Processed 1481482 reads in 191.651 CPU sec, 24.550 real sec
[M::main_mem] read 1481482 sequences (80000028 bp)...
[M::mem_pestat] # candidate unique pairs for (FF, FR, RF, RR): (12, 568188, 99, 9)
[M::mem_pestat] analyzing insert size distribution for orientation FF...
[M::mem_pestat] (25, 50, 75) percentile: (2041, 3834, 7479)
[M::mem_pestat] low and high boundaries for computing mean and std.dev: (1, 18355)
[M::mem_pestat] mean and std.dev: (3807.17, 3051.29)
[M::mem_pestat] low and high boundaries for proper pairs: (1, 23793)
[M::mem_pestat] analyzing insert size distribution for orientation FR...
[M::mem_pestat] (25, 50, 75) percentile: (317, 347, 382)
[M::mem_pestat] low and high boundaries for computing mean and std.dev: (187, 512)
[M::mem_pestat] mean and std.dev: (347.88, 50.80)
[M::mem_pestat] low and high boundaries for proper pairs: (122, 577)
[M::mem_pestat] analyzing insert size distribution for orientation RF...
[M::mem_pestat] (25, 50, 75) percentile: (499, 1850, 3087)
[M::mem_pestat] low and high boundaries for computing mean and std.dev: (1, 8263)
[M::mem_pestat] mean and std.dev: (1993.24, 1909.78)
[M::mem_pestat] low and high boundaries for proper pairs: (1, 10851)
[M::mem_pestat] skip orientation RR as there are not enough pairs
[M::mem_pestat] skip orientation FF
[M::mem_pestat] skip orientation RF
[M::mem_process_seqs] Processed 1481482 reads in 193.369 CPU sec, 24.841 real sec
[M::main_mem] read 1481482 sequences (80000028 bp)...
[M::mem_pestat] # candidate unique pairs for (FF, FR, RF, RR): (19, 568526, 86, 18)
[M::mem_pestat] analyzing insert size distribution for orientation FF...
[M::mem_pestat] (25, 50, 75) percentile: (436, 1936, 5679)
[M::mem_pestat] low and high boundaries for computing mean and std.dev: (1, 16165)
[M::mem_pestat] mean and std.dev: (3009.42, 2886.44)
[M::mem_pestat] low and high boundaries for proper pairs: (1, 21408)
[M::mem_pestat] analyzing insert size distribution for orientation FR...
[M::mem_pestat] (25, 50, 75) percentile: (317, 347, 382)
[M::mem_pestat] low and high boundaries for computing mean and std.dev: (187, 512)
[M::mem_pestat] mean and std.dev: (347.81, 50.77)
[M::mem_pestat] low and high boundaries for proper pairs: (122, 577)
[M::mem_pestat] analyzing insert size distribution for orientation RF...
[M::mem_pestat] (25, 50, 75) percentile: (633, 1797, 2758)
[M::mem_pestat] low and high boundaries for computing mean and std.dev: (1, 7008)
[M::mem_pestat] mean and std.dev: (1863.22, 1590.75)
[M::mem_pestat] low and high boundaries for proper pairs: (1, 9133)
[M::mem_pestat] analyzing insert size distribution for orientation RR...
[M::mem_pestat] (25, 50, 75) percentile: (710, 1927, 3853)
[M::mem_pestat] low and high boundaries for computing mean and std.dev: (1, 10139)
[M::mem_pestat] mean and std.dev: (2518.17, 2299.23)
[M::mem_pestat] low and high boundaries for proper pairs: (1, 13282)
[M::mem_pestat] skip orientation FF
[M::mem_pestat] skip orientation RF
[M::mem_pestat] skip orientation RR
[M::mem_process_seqs] Processed 1481482 reads in 191.338 CPU sec, 24.550 real sec
[M::main_mem] read 1481482 sequences (80000028 bp)...
[M::mem_pestat] # candidate unique pairs for (FF, FR, RF, RR): (14, 568442, 99, 12)
[M::mem_pestat] analyzing insert size distribution for orientation FF...
[M::mem_pestat] (25, 50, 75) percentile: (643, 3811, 7621)
[M::mem_pestat] low and high boundaries for computing mean and std.dev: (1, 21577)
[M::mem_pestat] mean and std.dev: (4022.07, 3225.81)
[M::mem_pestat] low and high boundaries for proper pairs: (1, 28555)
[M::mem_pestat] analyzing insert size distribution for orientation FR...
[M::mem_pestat] (25, 50, 75) percentile: (317, 347, 382)
[M::mem_pestat] low and high boundaries for computing mean and std.dev: (187, 512)
[M::mem_pestat] mean and std.dev: (347.84, 50.77)
[M::mem_pestat] low and high boundaries for proper pairs: (122, 577)
[M::mem_pestat] analyzing insert size distribution for orientation RF...
[M::mem_pestat] (25, 50, 75) percentile: (276, 1768, 2552)
[M::mem_pestat] low and high boundaries for computing mean and std.dev: (1, 7104)
[M::mem_pestat] mean and std.dev: (1662.43, 1481.69)
[M::mem_pestat] low and high boundaries for proper pairs: (1, 9380)
[M::mem_pestat] analyzing insert size distribution for orientation RR...
[M::mem_pestat] (25, 50, 75) percentile: (621, 2044, 3497)
[M::mem_pestat] low and high boundaries for computing mean and std.dev: (1, 9249)
[M::mem_pestat] mean and std.dev: (2516.17, 2231.63)
[M::mem_pestat] low and high boundaries for proper pairs: (1, 12125)
[M::mem_pestat] skip orientation FF
[M::mem_pestat] skip orientation RF
[M::mem_pestat] skip orientation RR
[M::mem_process_seqs] Processed 1481482 reads in 190.838 CPU sec, 24.410 real sec
[M::main_mem] read 1481482 sequences (80000028 bp)...
[M::mem_pestat] # candidate unique pairs for (FF, FR, RF, RR): (19, 568065, 97, 16)
[M::mem_pestat] analyzing insert size distribution for orientation FF...
[M::mem_pestat] (25, 50, 75) percentile: (322, 1115, 2014)
[M::mem_pestat] low and high boundaries for computing mean and std.dev: (1, 5398)
[M::mem_pestat] mean and std.dev: (1027.38, 939.96)
[M::mem_pestat] low and high boundaries for proper pairs: (1, 7090)
[M::mem_pestat] analyzing insert size distribution for orientation FR...
[M::mem_pestat] (25, 50, 75) percentile: (317, 347, 382)
[M::mem_pestat] low and high boundaries for computing mean and std.dev: (187, 512)
[M::mem_pestat] mean and std.dev: (347.80, 50.78)
[M::mem_pestat] low and high boundaries for proper pairs: (122, 577)
[M::mem_pestat] analyzing insert size distribution for orientation RF...
[M::mem_pestat] (25, 50, 75) percentile: (233, 1420, 2596)
[M::mem_pestat] low and high boundaries for computing mean and std.dev: (1, 7322)
[M::mem_pestat] mean and std.dev: (1795.97, 1631.82)
[M::mem_pestat] low and high boundaries for proper pairs: (1, 9685)
[M::mem_pestat] analyzing insert size distribution for orientation RR...
[M::mem_pestat] (25, 50, 75) percentile: (310, 1114, 3396)
[M::mem_pestat] low and high boundaries for computing mean and std.dev: (1, 9568)
[M::mem_pestat] mean and std.dev: (1742.12, 1698.04)
[M::mem_pestat] low and high boundaries for proper pairs: (1, 12654)
[M::mem_pestat] skip orientation FF
[M::mem_pestat] skip orientation RF
[M::mem_pestat] skip orientation RR
[M::mem_process_seqs] Processed 1481482 reads in 191.961 CPU sec, 24.663 real sec
[M::main_mem] read 1481482 sequences (80000028 bp)...
[M::mem_pestat] # candidate unique pairs for (FF, FR, RF, RR): (16, 568482, 117, 12)
[M::mem_pestat] analyzing insert size distribution for orientation FF...
[M::mem_pestat] (25, 50, 75) percentile: (303, 1810, 4256)
[M::mem_pestat] low and high boundaries for computing mean and std.dev: (1, 12162)
[M::mem_pestat] mean and std.dev: (2504.25, 2949.91)
[M::mem_pestat] low and high boundaries for proper pairs: (1, 16115)
[M::mem_pestat] analyzing insert size distribution for orientation FR...
[M::mem_pestat] (25, 50, 75) percentile: (317, 347, 382)
[M::mem_pestat] low and high boundaries for computing mean and std.dev: (187, 512)
[M::mem_pestat] mean and std.dev: (347.81, 50.90)
[M::mem_pestat] low and high boundaries for proper pairs: (122, 577)
[M::mem_pestat] analyzing insert size distribution for orientation RF...
[M::mem_pestat] (25, 50, 75) percentile: (230, 1229, 2540)
[M::mem_pestat] low and high boundaries for computing mean and std.dev: (1, 7160)
[M::mem_pestat] mean and std.dev: (1544.21, 1473.70)
[M::mem_pestat] low and high boundaries for proper pairs: (1, 9470)
[M::mem_pestat] analyzing insert size distribution for orientation RR...
[M::mem_pestat] (25, 50, 75) percentile: (733, 1318, 5997)
[M::mem_pestat] low and high boundaries for computing mean and std.dev: (1, 16525)
[M::mem_pestat] mean and std.dev: (2746.25, 3075.41)
[M::mem_pestat] low and high boundaries for proper pairs: (1, 21789)
[M::mem_pestat] skip orientation FF
[M::mem_pestat] skip orientation RF
[M::mem_pestat] skip orientation RR
[M::mem_process_seqs] Processed 1481482 reads in 193.064 CPU sec, 24.845 real sec
[M::main_mem] read 1481482 sequences (80000028 bp)...
[M::mem_pestat] # candidate unique pairs for (FF, FR, RF, RR): (10, 567397, 93, 15)
[M::mem_pestat] analyzing insert size distribution for orientation FF...
[M::mem_pestat] (25, 50, 75) percentile: (559, 1008, 2078)
[M::mem_pestat] low and high boundaries for computing mean and std.dev: (1, 5116)
[M::mem_pestat] mean and std.dev: (1120.56, 944.70)
[M::mem_pestat] low and high boundaries for proper pairs: (1, 6635)
[M::mem_pestat] analyzing insert size distribution for orientation FR...
[M::mem_pestat] (25, 50, 75) percentile: (317, 347, 382)
[M::mem_pestat] low and high boundaries for computing mean and std.dev: (187, 512)
[M::mem_pestat] mean and std.dev: (347.74, 50.79)
[M::mem_pestat] low and high boundaries for proper pairs: (122, 577)
[M::mem_pestat] analyzing insert size distribution for orientation RF...
[M::mem_pestat] (25, 50, 75) percentile: (156, 1009, 2491)
[M::mem_pestat] low and high boundaries for computing mean and std.dev: (1, 7161)
[M::mem_pestat] mean and std.dev: (1448.66, 1548.50)
[M::mem_pestat] low and high boundaries for proper pairs: (1, 9496)
[M::mem_pestat] analyzing insert size distribution for orientation RR...
[M::mem_pestat] (25, 50, 75) percentile: (367, 1617, 2211)
[M::mem_pestat] low and high boundaries for computing mean and std.dev: (1, 5899)
[M::mem_pestat] mean and std.dev: (1085.00, 808.25)
[M::mem_pestat] low and high boundaries for proper pairs: (1, 7743)
[M::mem_pestat] skip orientation FF
[M::mem_pestat] skip orientation RF
[M::mem_pestat] skip orientation RR
[M::mem_process_seqs] Processed 1481482 reads in 196.092 CPU sec, 25.257 real sec
[M::main_mem] read 1481482 sequences (80000028 bp)...
[M::mem_pestat] # candidate unique pairs for (FF, FR, RF, RR): (13, 567783, 100, 12)
[M::mem_pestat] analyzing insert size distribution for orientation FF...
[M::mem_pestat] (25, 50, 75) percentile: (389, 866, 1904)
[M::mem_pestat] low and high boundaries for computing mean and std.dev: (1, 4934)
[M::mem_pestat] mean and std.dev: (950.00, 712.60)
[M::mem_pestat] low and high boundaries for proper pairs: (1, 6449)
[M::mem_pestat] analyzing insert size distribution for orientation FR...
[M::mem_pestat] (25, 50, 75) percentile: (317, 347, 382)
[M::mem_pestat] low and high boundaries for computing mean and std.dev: (187, 512)
[M::mem_pestat] mean and std.dev: (347.60, 50.89)
[M::mem_pestat] low and high boundaries for proper pairs: (122, 577)
[M::mem_pestat] analyzing insert size distribution for orientation RF...
[M::mem_pestat] (25, 50, 75) percentile: (350, 1445, 2903)
[M::mem_pestat] low and high boundaries for computing mean and std.dev: (1, 8009)
[M::mem_pestat] mean and std.dev: (1798.65, 1736.30)
[M::mem_pestat] low and high boundaries for proper pairs: (1, 10562)
[M::mem_pestat] analyzing insert size distribution for orientation RR...
[M::mem_pestat] (25, 50, 75) percentile: (449, 791, 3583)
[M::mem_pestat] low and high boundaries for computing mean and std.dev: (1, 9851)
[M::mem_pestat] mean and std.dev: (1990.67, 2399.95)
[M::mem_pestat] low and high boundaries for proper pairs: (1, 12985)
[M::mem_pestat] skip orientation FF
[M::mem_pestat] skip orientation RF
[M::mem_pestat] skip orientation RR
[M::mem_process_seqs] Processed 1481482 reads in 194.314 CPU sec, 24.846 real sec
[M::main_mem] read 1481482 sequences (80000028 bp)...
[M::mem_pestat] # candidate unique pairs for (FF, FR, RF, RR): (19, 567320, 112, 15)
[M::mem_pestat] analyzing insert size distribution for orientation FF...
[M::mem_pestat] (25, 50, 75) percentile: (409, 1008, 3821)
[M::mem_pestat] low and high boundaries for computing mean and std.dev: (1, 10645)
[M::mem_pestat] mean and std.dev: (2076.74, 2506.62)
[M::mem_pestat] low and high boundaries for proper pairs: (1, 14057)
[M::mem_pestat] analyzing insert size distribution for orientation FR...
[M::mem_pestat] (25, 50, 75) percentile: (317, 347, 382)
[M::mem_pestat] low and high boundaries for computing mean and std.dev: (187, 512)
[M::mem_pestat] mean and std.dev: (347.62, 50.92)
[M::mem_pestat] low and high boundaries for proper pairs: (122, 577)
[M::mem_pestat] analyzing insert size distribution for orientation RF...
[M::mem_pestat] (25, 50, 75) percentile: (130, 1230, 2530)
[M::mem_pestat] low and high boundaries for computing mean and std.dev: (1, 7330)
[M::mem_pestat] mean and std.dev: (1588.38, 1641.31)
[M::mem_pestat] low and high boundaries for proper pairs: (1, 9730)
[M::mem_pestat] analyzing insert size distribution for orientation RR...
[M::mem_pestat] (25, 50, 75) percentile: (913, 1078, 3834)
[M::mem_pestat] low and high boundaries for computing mean and std.dev: (1, 9676)
[M::mem_pestat] mean and std.dev: (2126.40, 2167.48)
[M::mem_pestat] low and high boundaries for proper pairs: (1, 12597)
[M::mem_pestat] skip orientation FF
[M::mem_pestat] skip orientation RF
[M::mem_pestat] skip orientation RR
[M::mem_process_seqs] Processed 1481482 reads in 194.559 CPU sec, 24.983 real sec
[M::main_mem] read 1481482 sequences (80000028 bp)...
[M::mem_pestat] # candidate unique pairs for (FF, FR, RF, RR): (12, 567470, 117, 15)
[M::mem_pestat] analyzing insert size distribution for orientation FF...
[M::mem_pestat] (25, 50, 75) percentile: (565, 1011, 5795)
[M::mem_pestat] low and high boundaries for computing mean and std.dev: (1, 16255)
[M::mem_pestat] mean and std.dev: (2227.50, 2461.51)
[M::mem_pestat] low and high boundaries for proper pairs: (1, 21485)
[M::mem_pestat] analyzing insert size distribution for orientation FR...
[M::mem_pestat] (25, 50, 75) percentile: (317, 347, 382)
[M::mem_pestat] low and high boundaries for computing mean and std.dev: (187, 512)
[M::mem_pestat] mean and std.dev: (347.69, 50.79)
[M::mem_pestat] low and high boundaries for proper pairs: (122, 577)
[M::mem_pestat] analyzing insert size distribution for orientation RF...
[M::mem_pestat] (25, 50, 75) percentile: (211, 1440, 2787)
[M::mem_pestat] low and high boundaries for computing mean and std.dev: (1, 7939)
[M::mem_pestat] mean and std.dev: (1769.80, 1674.63)
[M::mem_pestat] low and high boundaries for proper pairs: (1, 10515)
[M::mem_pestat] analyzing insert size distribution for orientation RR...
[M::mem_pestat] (25, 50, 75) percentile: (811, 1267, 3465)
[M::mem_pestat] low and high boundaries for computing mean and std.dev: (1, 8773)
[M::mem_pestat] mean and std.dev: (1829.29, 1756.17)
[M::mem_pestat] low and high boundaries for proper pairs: (1, 11427)
[M::mem_pestat] skip orientation FF
[M::mem_pestat] skip orientation RF
[M::mem_pestat] skip orientation RR
[M::mem_process_seqs] Processed 1481482 reads in 196.648 CPU sec, 25.491 real sec
[M::main_mem] read 1481482 sequences (80000028 bp)...
[M::mem_pestat] # candidate unique pairs for (FF, FR, RF, RR): (15, 567237, 119, 9)
[M::mem_pestat] analyzing insert size distribution for orientation FF...
[M::mem_pestat] (25, 50, 75) percentile: (1593, 2077, 5338)
[M::mem_pestat] low and high boundaries for computing mean and std.dev: (1, 12828)
[M::mem_pestat] mean and std.dev: (3349.53, 2783.30)
[M::mem_pestat] low and high boundaries for proper pairs: (1, 16573)
[M::mem_pestat] analyzing insert size distribution for orientation FR...
[M::mem_pestat] (25, 50, 75) percentile: (316, 347, 382)
[M::mem_pestat] low and high boundaries for computing mean and std.dev: (184, 514)
[M::mem_pestat] mean and std.dev: (347.28, 51.34)
[M::mem_pestat] low and high boundaries for proper pairs: (118, 580)
[M::mem_pestat] analyzing insert size distribution for orientation RF...
[M::mem_pestat] (25, 50, 75) percentile: (274, 1368, 2566)
[M::mem_pestat] low and high boundaries for computing mean and std.dev: (1, 7150)
[M::mem_pestat] mean and std.dev: (1596.46, 1524.64)
[M::mem_pestat] low and high boundaries for proper pairs: (1, 9442)
[M::mem_pestat] skip orientation RR as there are not enough pairs
[M::mem_pestat] skip orientation FF
[M::mem_pestat] skip orientation RF
[M::mem_process_seqs] Processed 1481482 reads in 197.340 CPU sec, 25.295 real sec
[M::main_mem] read 1481482 sequences (80000028 bp)...
[M::mem_pestat] # candidate unique pairs for (FF, FR, RF, RR): (14, 567105, 94, 11)
[M::mem_pestat] analyzing insert size distribution for orientation FF...
[M::mem_pestat] (25, 50, 75) percentile: (267, 2305, 7257)
[M::mem_pestat] low and high boundaries for computing mean and std.dev: (1, 21237)
[M::mem_pestat] mean and std.dev: (3484.79, 3210.23)
[M::mem_pestat] low and high boundaries for proper pairs: (1, 28227)
[M::mem_pestat] analyzing insert size distribution for orientation FR...
[M::mem_pestat] (25, 50, 75) percentile: (317, 347, 382)
[M::mem_pestat] low and high boundaries for computing mean and std.dev: (187, 512)
[M::mem_pestat] mean and std.dev: (347.68, 50.89)
[M::mem_pestat] low and high boundaries for proper pairs: (122, 577)
[M::mem_pestat] analyzing insert size distribution for orientation RF...
[M::mem_pestat] (25, 50, 75) percentile: (350, 1282, 2709)
[M::mem_pestat] low and high boundaries for computing mean and std.dev: (1, 7427)
[M::mem_pestat] mean and std.dev: (1598.15, 1463.72)
[M::mem_pestat] low and high boundaries for proper pairs: (1, 9786)
[M::mem_pestat] analyzing insert size distribution for orientation RR...
[M::mem_pestat] (25, 50, 75) percentile: (2114, 2236, 5652)
[M::mem_pestat] low and high boundaries for computing mean and std.dev: (1, 12728)
[M::mem_pestat] mean and std.dev: (3357.36, 2265.98)
[M::mem_pestat] low and high boundaries for proper pairs: (1, 16266)
[M::mem_pestat] skip orientation FF
[M::mem_pestat] skip orientation RF
[M::mem_pestat] skip orientation RR
[M::mem_process_seqs] Processed 1481482 reads in 199.082 CPU sec, 25.560 real sec
[M::main_mem] read 1481482 sequences (80000028 bp)...
[M::mem_pestat] # candidate unique pairs for (FF, FR, RF, RR): (15, 567587, 90, 15)
[M::mem_pestat] analyzing insert size distribution for orientation FF...
[M::mem_pestat] (25, 50, 75) percentile: (353, 1012, 2495)
[M::mem_pestat] low and high boundaries for computing mean and std.dev: (1, 6779)
[M::mem_pestat] mean and std.dev: (1337.62, 1488.66)
[M::mem_pestat] low and high boundaries for proper pairs: (1, 8921)
[M::mem_pestat] analyzing insert size distribution for orientation FR...
[M::mem_pestat] (25, 50, 75) percentile: (317, 347, 382)
[M::mem_pestat] low and high boundaries for computing mean and std.dev: (187, 512)
[M::mem_pestat] mean and std.dev: (347.55, 50.82)
[M::mem_pestat] low and high boundaries for proper pairs: (122, 577)
[M::mem_pestat] analyzing insert size distribution for orientation RF...
[M::mem_pestat] (25, 50, 75) percentile: (345, 1311, 2635)
[M::mem_pestat] low and high boundaries for computing mean and std.dev: (1, 7215)
[M::mem_pestat] mean and std.dev: (1580.27, 1539.92)
[M::mem_pestat] low and high boundaries for proper pairs: (1, 9505)
[M::mem_pestat] analyzing insert size distribution for orientation RR...
[M::mem_pestat] (25, 50, 75) percentile: (316, 2008, 6325)
[M::mem_pestat] low and high boundaries for computing mean and std.dev: (1, 18343)
[M::mem_pestat] mean and std.dev: (3520.00, 3428.08)
[M::mem_pestat] low and high boundaries for proper pairs: (1, 24352)
[M::mem_pestat] skip orientation FF
[M::mem_pestat] skip orientation RF
[M::mem_pestat] skip orientation RR
[M::mem_process_seqs] Processed 1481482 reads in 200.979 CPU sec, 25.782 real sec
[M::main_mem] read 1481482 sequences (80000028 bp)...
[M::mem_pestat] # candidate unique pairs for (FF, FR, RF, RR): (12, 566495, 96, 19)
[M::mem_pestat] analyzing insert size distribution for orientation FF...
[M::mem_pestat] (25, 50, 75) percentile: (229, 412, 953)
[M::mem_pestat] low and high boundaries for computing mean and std.dev: (1, 2401)
[M::mem_pestat] mean and std.dev: (631.17, 589.02)
[M::mem_pestat] low and high boundaries for proper pairs: (1, 3125)
[M::mem_pestat] analyzing insert size distribution for orientation FR...
[M::mem_pestat] (25, 50, 75) percentile: (317, 347, 382)
[M::mem_pestat] low and high boundaries for computing mean and std.dev: (187, 512)
[M::mem_pestat] mean and std.dev: (347.55, 50.80)
[M::mem_pestat] low and high boundaries for proper pairs: (122, 577)
[M::mem_pestat] analyzing insert size distribution for orientation RF...
[M::mem_pestat] (25, 50, 75) percentile: (601, 1794, 2873)
[M::mem_pestat] low and high boundaries for computing mean and std.dev: (1, 7417)
[M::mem_pestat] mean and std.dev: (1925.28, 1673.25)
[M::mem_pestat] low and high boundaries for proper pairs: (1, 9689)
[M::mem_pestat] analyzing insert size distribution for orientation RR...
[M::mem_pestat] (25, 50, 75) percentile: (527, 1064, 4483)
[M::mem_pestat] low and high boundaries for computing mean and std.dev: (1, 12395)
[M::mem_pestat] mean and std.dev: (2463.00, 2530.13)
[M::mem_pestat] low and high boundaries for proper pairs: (1, 16351)
[M::mem_pestat] skip orientation FF
[M::mem_pestat] skip orientation RF
[M::mem_pestat] skip orientation RR
[M::mem_process_seqs] Processed 1481482 reads in 202.816 CPU sec, 25.990 real sec
[M::main_mem] read 1481482 sequences (80000028 bp)...
[M::mem_pestat] # candidate unique pairs for (FF, FR, RF, RR): (16, 565849, 95, 13)
[M::mem_pestat] analyzing insert size distribution for orientation FF...
[M::mem_pestat] (25, 50, 75) percentile: (1382, 1997, 5652)
[M::mem_pestat] low and high boundaries for computing mean and std.dev: (1, 14192)
[M::mem_pestat] mean and std.dev: (2956.94, 2751.30)
[M::mem_pestat] low and high boundaries for proper pairs: (1, 18462)
[M::mem_pestat] analyzing insert size distribution for orientation FR...
[M::mem_pestat] (25, 50, 75) percentile: (316, 347, 382)
[M::mem_pestat] low and high boundaries for computing mean and std.dev: (184, 514)
[M::mem_pestat] mean and std.dev: (347.25, 51.19)
[M::mem_pestat] low and high boundaries for proper pairs: (118, 580)
[M::mem_pestat] analyzing insert size distribution for orientation RF...
[M::mem_pestat] (25, 50, 75) percentile: (398, 1300, 2526)
[M::mem_pestat] low and high boundaries for computing mean and std.dev: (1, 6782)
[M::mem_pestat] mean and std.dev: (1670.12, 1532.25)
[M::mem_pestat] low and high boundaries for proper pairs: (1, 8910)
[M::mem_pestat] analyzing insert size distribution for orientation RR...
[M::mem_pestat] (25, 50, 75) percentile: (498, 1545, 7220)
[M::mem_pestat] low and high boundaries for computing mean and std.dev: (1, 20664)
[M::mem_pestat] mean and std.dev: (2835.00, 2876.33)
[M::mem_pestat] low and high boundaries for proper pairs: (1, 27386)
[M::mem_pestat] skip orientation FF
[M::mem_pestat] skip orientation RF
[M::mem_pestat] skip orientation RR
[M::mem_process_seqs] Processed 1481482 reads in 205.312 CPU sec, 26.230 real sec
[M::main_mem] read 1481482 sequences (80000028 bp)...
[M::mem_pestat] # candidate unique pairs for (FF, FR, RF, RR): (20, 565946, 107, 11)
[M::mem_pestat] analyzing insert size distribution for orientation FF...
[M::mem_pestat] (25, 50, 75) percentile: (326, 846, 2178)
[M::mem_pestat] low and high boundaries for computing mean and std.dev: (1, 5882)
[M::mem_pestat] mean and std.dev: (1155.67, 1349.46)
[M::mem_pestat] low and high boundaries for proper pairs: (1, 7734)
[M::mem_pestat] analyzing insert size distribution for orientation FR...
[M::mem_pestat] (25, 50, 75) percentile: (317, 347, 382)
[M::mem_pestat] low and high boundaries for computing mean and std.dev: (187, 512)
[M::mem_pestat] mean and std.dev: (347.59, 50.83)
[M::mem_pestat] low and high boundaries for proper pairs: (122, 577)
[M::mem_pestat] analyzing insert size distribution for orientation RF...
[M::mem_pestat] (25, 50, 75) percentile: (268, 1293, 2576)
[M::mem_pestat] low and high boundaries for computing mean and std.dev: (1, 7192)
[M::mem_pestat] mean and std.dev: (1567.26, 1382.87)
[M::mem_pestat] low and high boundaries for proper pairs: (1, 9500)
[M::mem_pestat] analyzing insert size distribution for orientation RR...
[M::mem_pestat] (25, 50, 75) percentile: (452, 1794, 7213)
[M::mem_pestat] low and high boundaries for computing mean and std.dev: (1, 20735)
[M::mem_pestat] mean and std.dev: (3099.00, 3326.43)
[M::mem_pestat] low and high boundaries for proper pairs: (1, 27496)
[M::mem_pestat] skip orientation FF
[M::mem_pestat] skip orientation RF
[M::mem_pestat] skip orientation RR
[M::mem_process_seqs] Processed 1481482 reads in 209.659 CPU sec, 26.863 real sec
[M::main_mem] read 103168 sequences (5571072 bp)...
[M::mem_pestat] # candidate unique pairs for (FF, FR, RF, RR): (1, 39443, 6, 0)
[M::mem_pestat] skip orientation FF as there are not enough pairs
[M::mem_pestat] analyzing insert size distribution for orientation FR...
[M::mem_pestat] (25, 50, 75) percentile: (316, 347, 382)
[M::mem_pestat] low and high boundaries for computing mean and std.dev: (184, 514)
[M::mem_pestat] mean and std.dev: (347.25, 51.55)
[M::mem_pestat] low and high boundaries for proper pairs: (118, 580)
[M::mem_pestat] skip orientation RF as there are not enough pairs
[M::mem_pestat] skip orientation RR as there are not enough pairs
[M::mem_process_seqs] Processed 103168 reads in 13.518 CPU sec, 1.763 real sec
[main] Version: 0.7.8-r455
[main] CMD: bwa mem -t 8 -M /dfs6/pub/itamburi/ee283/datalinks/refs/bwaidx/bwaidx /dfs6/pub/itamburi/ee283/datalinks/DNAseq/ADL10_1_1.fq.gz /dfs6/pub/itamburi/ee283/datalinks/DNAseq/ADL10_1_2.fq.gz
[main] Real time: 1194.203 sec; CPU: 8623.826 sec
[bam_sort_core] merging from 0 files and 8 in-memory blocks...
