[M::main_mem] read 1481482 sequences (80000028 bp)...
[M::mem_pestat] # candidate unique pairs for (FF, FR, RF, RR): (19, 490164, 81, 21)
[M::mem_pestat] analyzing insert size distribution for orientation FF...
[M::mem_pestat] (25, 50, 75) percentile: (599, 1049, 2830)
[M::mem_pestat] low and high boundaries for computing mean and std.dev: (1, 7292)
[M::mem_pestat] mean and std.dev: (1372.50, 1280.53)
[M::mem_pestat] low and high boundaries for proper pairs: (1, 9523)
[M::mem_pestat] analyzing insert size distribution for orientation FR...
[M::mem_pestat] (25, 50, 75) percentile: (297, 328, 360)
[M::mem_pestat] low and high boundaries for computing mean and std.dev: (171, 486)
[M::mem_pestat] mean and std.dev: (326.05, 48.55)
[M::mem_pestat] low and high boundaries for proper pairs: (108, 549)
[M::mem_pestat] analyzing insert size distribution for orientation RF...
[M::mem_pestat] (25, 50, 75) percentile: (207, 1497, 3194)
[M::mem_pestat] low and high boundaries for computing mean and std.dev: (1, 9168)
[M::mem_pestat] mean and std.dev: (1983.44, 1931.41)
[M::mem_pestat] low and high boundaries for proper pairs: (1, 12155)
[M::mem_pestat] analyzing insert size distribution for orientation RR...
[M::mem_pestat] (25, 50, 75) percentile: (832, 1909, 2254)
[M::mem_pestat] low and high boundaries for computing mean and std.dev: (1, 5098)
[M::mem_pestat] mean and std.dev: (1569.95, 1175.33)
[M::mem_pestat] low and high boundaries for proper pairs: (1, 6520)
[M::mem_pestat] skip orientation FF
[M::mem_pestat] skip orientation RF
[M::mem_pestat] skip orientation RR
[M::mem_process_seqs] Processed 1481482 reads in 210.877 CPU sec, 26.730 real sec
[M::main_mem] read 1481482 sequences (80000028 bp)...
[M::mem_pestat] # candidate unique pairs for (FF, FR, RF, RR): (14, 353809, 58, 14)
[M::mem_pestat] analyzing insert size distribution for orientation FF...
[M::mem_pestat] (25, 50, 75) percentile: (421, 2332, 3870)
[M::mem_pestat] low and high boundaries for computing mean and std.dev: (1, 10768)
[M::mem_pestat] mean and std.dev: (2642.14, 2270.23)
[M::mem_pestat] low and high boundaries for proper pairs: (1, 14217)
[M::mem_pestat] analyzing insert size distribution for orientation FR...
[M::mem_pestat] (25, 50, 75) percentile: (297, 328, 360)
[M::mem_pestat] low and high boundaries for computing mean and std.dev: (171, 486)
[M::mem_pestat] mean and std.dev: (325.79, 48.74)
[M::mem_pestat] low and high boundaries for proper pairs: (108, 549)
[M::mem_pestat] analyzing insert size distribution for orientation RF...
[M::mem_pestat] (25, 50, 75) percentile: (245, 588, 3650)
[M::mem_pestat] low and high boundaries for computing mean and std.dev: (1, 10460)
[M::mem_pestat] mean and std.dev: (2019.78, 2578.27)
[M::mem_pestat] low and high boundaries for proper pairs: (1, 13865)
[M::mem_pestat] analyzing insert size distribution for orientation RR...
[M::mem_pestat] (25, 50, 75) percentile: (302, 2161, 4170)
[M::mem_pestat] low and high boundaries for computing mean and std.dev: (1, 11906)
[M::mem_pestat] mean and std.dev: (2227.00, 1974.70)
[M::mem_pestat] low and high boundaries for proper pairs: (1, 15774)
[M::mem_pestat] skip orientation FF
[M::mem_pestat] skip orientation RF
[M::mem_pestat] skip orientation RR
[M::mem_process_seqs] Processed 1481482 reads in 213.791 CPU sec, 27.101 real sec
[M::main_mem] read 1481482 sequences (80000028 bp)...
[M::mem_pestat] # candidate unique pairs for (FF, FR, RF, RR): (21, 516510, 75, 16)
[M::mem_pestat] analyzing insert size distribution for orientation FF...
[M::mem_pestat] (25, 50, 75) percentile: (172, 599, 1990)
[M::mem_pestat] low and high boundaries for computing mean and std.dev: (1, 5626)
[M::mem_pestat] mean and std.dev: (816.89, 881.28)
[M::mem_pestat] low and high boundaries for proper pairs: (1, 7444)
[M::mem_pestat] analyzing insert size distribution for orientation FR...
[M::mem_pestat] (25, 50, 75) percentile: (297, 328, 360)
[M::mem_pestat] low and high boundaries for computing mean and std.dev: (171, 486)
[M::mem_pestat] mean and std.dev: (325.79, 48.68)
[M::mem_pestat] low and high boundaries for proper pairs: (108, 549)
[M::mem_pestat] analyzing insert size distribution for orientation RF...
[M::mem_pestat] (25, 50, 75) percentile: (116, 1301, 3678)
[M::mem_pestat] low and high boundaries for computing mean and std.dev: (1, 10802)
[M::mem_pestat] mean and std.dev: (2134.53, 2503.18)
[M::mem_pestat] low and high boundaries for proper pairs: (1, 14364)
[M::mem_pestat] analyzing insert size distribution for orientation RR...
[M::mem_pestat] (25, 50, 75) percentile: (467, 1139, 2144)
[M::mem_pestat] low and high boundaries for computing mean and std.dev: (1, 5498)
[M::mem_pestat] mean and std.dev: (1352.67, 1271.44)
[M::mem_pestat] low and high boundaries for proper pairs: (1, 7175)
[M::mem_pestat] skip orientation FF
[M::mem_pestat] skip orientation RF
[M::mem_pestat] skip orientation RR
[M::mem_process_seqs] Processed 1481482 reads in 259.155 CPU sec, 32.953 real sec
[M::main_mem] read 1481482 sequences (80000028 bp)...
[M::mem_pestat] # candidate unique pairs for (FF, FR, RF, RR): (5, 40417, 6, 3)
[M::mem_pestat] skip orientation FF as there are not enough pairs
[M::mem_pestat] analyzing insert size distribution for orientation FR...
[M::mem_pestat] (25, 50, 75) percentile: (293, 323, 355)
[M::mem_pestat] low and high boundaries for computing mean and std.dev: (169, 479)
[M::mem_pestat] mean and std.dev: (321.94, 47.31)
[M::mem_pestat] low and high boundaries for proper pairs: (107, 541)
[M::mem_pestat] skip orientation RF as there are not enough pairs
[M::mem_pestat] skip orientation RR as there are not enough pairs
[M::mem_process_seqs] Processed 1481482 reads in 164.006 CPU sec, 20.640 real sec
[M::main_mem] read 1481482 sequences (80000028 bp)...
[M::mem_pestat] # candidate unique pairs for (FF, FR, RF, RR): (10, 450001, 75, 15)
[M::mem_pestat] analyzing insert size distribution for orientation FF...
[M::mem_pestat] (25, 50, 75) percentile: (248, 1295, 2381)
[M::mem_pestat] low and high boundaries for computing mean and std.dev: (1, 6647)
[M::mem_pestat] mean and std.dev: (1549.30, 1393.74)
[M::mem_pestat] low and high boundaries for proper pairs: (1, 8780)
[M::mem_pestat] analyzing insert size distribution for orientation FR...
[M::mem_pestat] (25, 50, 75) percentile: (297, 328, 360)
[M::mem_pestat] low and high boundaries for computing mean and std.dev: (171, 486)
[M::mem_pestat] mean and std.dev: (325.85, 48.72)
[M::mem_pestat] low and high boundaries for proper pairs: (108, 549)
[M::mem_pestat] analyzing insert size distribution for orientation RF...
[M::mem_pestat] (25, 50, 75) percentile: (114, 1546, 4214)
[M::mem_pestat] low and high boundaries for computing mean and std.dev: (1, 12414)
[M::mem_pestat] mean and std.dev: (2546.53, 2803.04)
[M::mem_pestat] low and high boundaries for proper pairs: (1, 16514)
[M::mem_pestat] analyzing insert size distribution for orientation RR...
[M::mem_pestat] (25, 50, 75) percentile: (281, 976, 3862)
[M::mem_pestat] low and high boundaries for computing mean and std.dev: (1, 11024)
[M::mem_pestat] mean and std.dev: (1859.47, 1932.02)
[M::mem_pestat] low and high boundaries for proper pairs: (1, 14605)
[M::mem_pestat] skip orientation FF
[M::mem_pestat] skip orientation RF
[M::mem_pestat] skip orientation RR
[M::mem_process_seqs] Processed 1481482 reads in 226.206 CPU sec, 28.660 real sec
[M::main_mem] read 1481482 sequences (80000028 bp)...
[M::mem_pestat] # candidate unique pairs for (FF, FR, RF, RR): (20, 458011, 66, 16)
[M::mem_pestat] analyzing insert size distribution for orientation FF...
[M::mem_pestat] (25, 50, 75) percentile: (460, 1746, 4504)
[M::mem_pestat] low and high boundaries for computing mean and std.dev: (1, 12592)
[M::mem_pestat] mean and std.dev: (2481.80, 2594.92)
[M::mem_pestat] low and high boundaries for proper pairs: (1, 16636)
[M::mem_pestat] analyzing insert size distribution for orientation FR...
[M::mem_pestat] (25, 50, 75) percentile: (296, 328, 360)
[M::mem_pestat] low and high boundaries for computing mean and std.dev: (168, 488)
[M::mem_pestat] mean and std.dev: (325.44, 49.01)
[M::mem_pestat] low and high boundaries for proper pairs: (104, 552)
[M::mem_pestat] analyzing insert size distribution for orientation RF...
[M::mem_pestat] (25, 50, 75) percentile: (266, 872, 4096)
[M::mem_pestat] low and high boundaries for computing mean and std.dev: (1, 11756)
[M::mem_pestat] mean and std.dev: (2225.70, 2477.70)
[M::mem_pestat] low and high boundaries for proper pairs: (1, 15586)
[M::mem_pestat] analyzing insert size distribution for orientation RR...
[M::mem_pestat] (25, 50, 75) percentile: (394, 907, 3384)
[M::mem_pestat] low and high boundaries for computing mean and std.dev: (1, 9364)
[M::mem_pestat] mean and std.dev: (1689.50, 1578.60)
[M::mem_pestat] low and high boundaries for proper pairs: (1, 12354)
[M::mem_pestat] skip orientation FF
[M::mem_pestat] skip orientation RF
[M::mem_pestat] skip orientation RR
[M::mem_process_seqs] Processed 1481482 reads in 185.875 CPU sec, 23.662 real sec
[M::main_mem] read 1481482 sequences (80000028 bp)...
[M::mem_pestat] # candidate unique pairs for (FF, FR, RF, RR): (18, 525874, 117, 18)
[M::mem_pestat] analyzing insert size distribution for orientation FF...
[M::mem_pestat] (25, 50, 75) percentile: (254, 602, 2335)
[M::mem_pestat] low and high boundaries for computing mean and std.dev: (1, 6497)
[M::mem_pestat] mean and std.dev: (1116.12, 1500.44)
[M::mem_pestat] low and high boundaries for proper pairs: (1, 8578)
[M::mem_pestat] analyzing insert size distribution for orientation FR...
[M::mem_pestat] (25, 50, 75) percentile: (297, 328, 360)
[M::mem_pestat] low and high boundaries for computing mean and std.dev: (171, 486)
[M::mem_pestat] mean and std.dev: (326.09, 48.56)
[M::mem_pestat] low and high boundaries for proper pairs: (108, 549)
[M::mem_pestat] analyzing insert size distribution for orientation RF...
[M::mem_pestat] (25, 50, 75) percentile: (102, 658, 3878)
[M::mem_pestat] low and high boundaries for computing mean and std.dev: (1, 11430)
[M::mem_pestat] mean and std.dev: (2094.79, 2464.86)
[M::mem_pestat] low and high boundaries for proper pairs: (1, 15206)
[M::mem_pestat] analyzing insert size distribution for orientation RR...
[M::mem_pestat] (25, 50, 75) percentile: (317, 1853, 3233)
[M::mem_pestat] low and high boundaries for computing mean and std.dev: (1, 9065)
[M::mem_pestat] mean and std.dev: (1809.78, 1833.63)
[M::mem_pestat] low and high boundaries for proper pairs: (1, 11981)
[M::mem_pestat] skip orientation FF
[M::mem_pestat] skip orientation RF
[M::mem_pestat] skip orientation RR
[M::mem_process_seqs] Processed 1481482 reads in 193.637 CPU sec, 24.571 real sec
[M::main_mem] read 1481482 sequences (80000028 bp)...
[M::mem_pestat] # candidate unique pairs for (FF, FR, RF, RR): (14, 576623, 105, 14)
[M::mem_pestat] analyzing insert size distribution for orientation FF...
[M::mem_pestat] (25, 50, 75) percentile: (287, 834, 2359)
[M::mem_pestat] low and high boundaries for computing mean and std.dev: (1, 6503)
[M::mem_pestat] mean and std.dev: (941.58, 995.09)
[M::mem_pestat] low and high boundaries for proper pairs: (1, 8575)
[M::mem_pestat] analyzing insert size distribution for orientation FR...
[M::mem_pestat] (25, 50, 75) percentile: (297, 328, 360)
[M::mem_pestat] low and high boundaries for computing mean and std.dev: (171, 486)
[M::mem_pestat] mean and std.dev: (325.85, 48.74)
[M::mem_pestat] low and high boundaries for proper pairs: (108, 549)
[M::mem_pestat] analyzing insert size distribution for orientation RF...
[M::mem_pestat] (25, 50, 75) percentile: (155, 754, 3889)
[M::mem_pestat] low and high boundaries for computing mean and std.dev: (1, 11357)
[M::mem_pestat] mean and std.dev: (2205.47, 2464.50)
[M::mem_pestat] low and high boundaries for proper pairs: (1, 15091)
[M::mem_pestat] analyzing insert size distribution for orientation RR...
[M::mem_pestat] (25, 50, 75) percentile: (287, 1181, 3179)
[M::mem_pestat] low and high boundaries for computing mean and std.dev: (1, 8963)
[M::mem_pestat] mean and std.dev: (1824.71, 1820.72)
[M::mem_pestat] low and high boundaries for proper pairs: (1, 11855)
[M::mem_pestat] skip orientation FF
[M::mem_pestat] skip orientation RF
[M::mem_pestat] skip orientation RR
[M::mem_process_seqs] Processed 1481482 reads in 176.461 CPU sec, 22.372 real sec
[M::main_mem] read 1481482 sequences (80000028 bp)...
[M::mem_pestat] # candidate unique pairs for (FF, FR, RF, RR): (13, 577259, 87, 17)
[M::mem_pestat] analyzing insert size distribution for orientation FF...
[M::mem_pestat] (25, 50, 75) percentile: (742, 1981, 2877)
[M::mem_pestat] low and high boundaries for computing mean and std.dev: (1, 7147)
[M::mem_pestat] mean and std.dev: (1777.17, 1369.25)
[M::mem_pestat] low and high boundaries for proper pairs: (1, 9282)
[M::mem_pestat] analyzing insert size distribution for orientation FR...
[M::mem_pestat] (25, 50, 75) percentile: (297, 328, 360)
[M::mem_pestat] low and high boundaries for computing mean and std.dev: (171, 486)
[M::mem_pestat] mean and std.dev: (325.83, 48.71)
[M::mem_pestat] low and high boundaries for proper pairs: (108, 549)
[M::mem_pestat] analyzing insert size distribution for orientation RF...
[M::mem_pestat] (25, 50, 75) percentile: (124, 493, 2828)
[M::mem_pestat] low and high boundaries for computing mean and std.dev: (1, 8236)
[M::mem_pestat] mean and std.dev: (1614.08, 2017.85)
[M::mem_pestat] low and high boundaries for proper pairs: (1, 10940)
[M::mem_pestat] analyzing insert size distribution for orientation RR...
[M::mem_pestat] (25, 50, 75) percentile: (277, 1468, 3793)
[M::mem_pestat] low and high boundaries for computing mean and std.dev: (1, 10825)
[M::mem_pestat] mean and std.dev: (1936.76, 1737.01)
[M::mem_pestat] low and high boundaries for proper pairs: (1, 14341)
[M::mem_pestat] skip orientation FF
[M::mem_pestat] skip orientation RF
[M::mem_pestat] skip orientation RR
[M::mem_process_seqs] Processed 1481482 reads in 177.797 CPU sec, 22.636 real sec
[M::main_mem] read 1481482 sequences (80000028 bp)...
[M::mem_pestat] # candidate unique pairs for (FF, FR, RF, RR): (13, 577042, 75, 20)
[M::mem_pestat] analyzing insert size distribution for orientation FF...
[M::mem_pestat] (25, 50, 75) percentile: (258, 1416, 3763)
[M::mem_pestat] low and high boundaries for computing mean and std.dev: (1, 10773)
[M::mem_pestat] mean and std.dev: (2148.54, 2317.19)
[M::mem_pestat] low and high boundaries for proper pairs: (1, 14278)
[M::mem_pestat] analyzing insert size distribution for orientation FR...
[M::mem_pestat] (25, 50, 75) percentile: (297, 328, 360)
[M::mem_pestat] low and high boundaries for computing mean and std.dev: (171, 486)
[M::mem_pestat] mean and std.dev: (325.94, 48.68)
[M::mem_pestat] low and high boundaries for proper pairs: (108, 549)
[M::mem_pestat] analyzing insert size distribution for orientation RF...
[M::mem_pestat] (25, 50, 75) percentile: (150, 629, 4115)
[M::mem_pestat] low and high boundaries for computing mean and std.dev: (1, 12045)
[M::mem_pestat] mean and std.dev: (2296.44, 2572.65)
[M::mem_pestat] low and high boundaries for proper pairs: (1, 16010)
[M::mem_pestat] analyzing insert size distribution for orientation RR...
[M::mem_pestat] (25, 50, 75) percentile: (317, 1420, 4911)
[M::mem_pestat] low and high boundaries for computing mean and std.dev: (1, 14099)
[M::mem_pestat] mean and std.dev: (2420.75, 2664.38)
[M::mem_pestat] low and high boundaries for proper pairs: (1, 18693)
[M::mem_pestat] skip orientation FF
[M::mem_pestat] skip orientation RF
[M::mem_pestat] skip orientation RR
[M::mem_process_seqs] Processed 1481482 reads in 174.920 CPU sec, 22.170 real sec
[M::main_mem] read 1481482 sequences (80000028 bp)...
[M::mem_pestat] # candidate unique pairs for (FF, FR, RF, RR): (21, 577052, 93, 19)
[M::mem_pestat] analyzing insert size distribution for orientation FF...
[M::mem_pestat] (25, 50, 75) percentile: (356, 1208, 3776)
[M::mem_pestat] low and high boundaries for computing mean and std.dev: (1, 10616)
[M::mem_pestat] mean and std.dev: (2103.67, 2083.08)
[M::mem_pestat] low and high boundaries for proper pairs: (1, 14036)
[M::mem_pestat] analyzing insert size distribution for orientation FR...
[M::mem_pestat] (25, 50, 75) percentile: (297, 328, 360)
[M::mem_pestat] low and high boundaries for computing mean and std.dev: (171, 486)
[M::mem_pestat] mean and std.dev: (325.92, 48.67)
[M::mem_pestat] low and high boundaries for proper pairs: (108, 549)
[M::mem_pestat] analyzing insert size distribution for orientation RF...
[M::mem_pestat] (25, 50, 75) percentile: (77, 888, 3598)
[M::mem_pestat] low and high boundaries for computing mean and std.dev: (1, 10640)
[M::mem_pestat] mean and std.dev: (1828.41, 2005.99)
[M::mem_pestat] low and high boundaries for proper pairs: (1, 14161)
[M::mem_pestat] analyzing insert size distribution for orientation RR...
[M::mem_pestat] (25, 50, 75) percentile: (356, 909, 4279)
[M::mem_pestat] low and high boundaries for computing mean and std.dev: (1, 12125)
[M::mem_pestat] mean and std.dev: (2103.00, 2041.58)
[M::mem_pestat] low and high boundaries for proper pairs: (1, 16048)
[M::mem_pestat] skip orientation FF
[M::mem_pestat] skip orientation RF
[M::mem_pestat] skip orientation RR
[M::mem_process_seqs] Processed 1481482 reads in 171.984 CPU sec, 21.798 real sec
[M::main_mem] read 1481482 sequences (80000028 bp)...
[M::mem_pestat] # candidate unique pairs for (FF, FR, RF, RR): (23, 576704, 104, 25)
[M::mem_pestat] analyzing insert size distribution for orientation FF...
[M::mem_pestat] (25, 50, 75) percentile: (761, 1537, 3870)
[M::mem_pestat] low and high boundaries for computing mean and std.dev: (1, 10088)
[M::mem_pestat] mean and std.dev: (2758.83, 2509.64)
[M::mem_pestat] low and high boundaries for proper pairs: (1, 13197)
[M::mem_pestat] analyzing insert size distribution for orientation FR...
[M::mem_pestat] (25, 50, 75) percentile: (297, 328, 360)
[M::mem_pestat] low and high boundaries for computing mean and std.dev: (171, 486)
[M::mem_pestat] mean and std.dev: (326.13, 48.63)
[M::mem_pestat] low and high boundaries for proper pairs: (108, 549)
[M::mem_pestat] analyzing insert size distribution for orientation RF...
[M::mem_pestat] (25, 50, 75) percentile: (86, 496, 2904)
[M::mem_pestat] low and high boundaries for computing mean and std.dev: (1, 8540)
[M::mem_pestat] mean and std.dev: (1420.41, 1903.80)
[M::mem_pestat] low and high boundaries for proper pairs: (1, 11358)
[M::mem_pestat] analyzing insert size distribution for orientation RR...
[M::mem_pestat] (25, 50, 75) percentile: (317, 1325, 3961)
[M::mem_pestat] low and high boundaries for computing mean and std.dev: (1, 11249)
[M::mem_pestat] mean and std.dev: (2226.48, 2172.61)
[M::mem_pestat] low and high boundaries for proper pairs: (1, 14893)
[M::mem_pestat] skip orientation FF
[M::mem_pestat] skip orientation RF
[M::mem_pestat] skip orientation RR
[M::mem_process_seqs] Processed 1481482 reads in 170.895 CPU sec, 21.739 real sec
[M::main_mem] read 1481482 sequences (80000028 bp)...
[M::mem_pestat] # candidate unique pairs for (FF, FR, RF, RR): (18, 576790, 84, 16)
[M::mem_pestat] analyzing insert size distribution for orientation FF...
[M::mem_pestat] (25, 50, 75) percentile: (184, 805, 1970)
[M::mem_pestat] low and high boundaries for computing mean and std.dev: (1, 5542)
[M::mem_pestat] mean and std.dev: (970.47, 998.37)
[M::mem_pestat] low and high boundaries for proper pairs: (1, 7328)
[M::mem_pestat] analyzing insert size distribution for orientation FR...
[M::mem_pestat] (25, 50, 75) percentile: (297, 328, 360)
[M::mem_pestat] low and high boundaries for computing mean and std.dev: (171, 486)
[M::mem_pestat] mean and std.dev: (326.16, 48.68)
[M::mem_pestat] low and high boundaries for proper pairs: (108, 549)
[M::mem_pestat] analyzing insert size distribution for orientation RF...
[M::mem_pestat] (25, 50, 75) percentile: (105, 628, 3619)
[M::mem_pestat] low and high boundaries for computing mean and std.dev: (1, 10647)
[M::mem_pestat] mean and std.dev: (1679.19, 1995.94)
[M::mem_pestat] low and high boundaries for proper pairs: (1, 14161)
[M::mem_pestat] analyzing insert size distribution for orientation RR...
[M::mem_pestat] (25, 50, 75) percentile: (979, 2164, 4157)
[M::mem_pestat] low and high boundaries for computing mean and std.dev: (1, 10513)
[M::mem_pestat] mean and std.dev: (2304.19, 1547.35)
[M::mem_pestat] low and high boundaries for proper pairs: (1, 13691)
[M::mem_pestat] skip orientation FF
[M::mem_pestat] skip orientation RF
[M::mem_pestat] skip orientation RR
[M::mem_process_seqs] Processed 1481482 reads in 170.817 CPU sec, 21.678 real sec
[M::main_mem] read 1481482 sequences (80000028 bp)...
[M::mem_pestat] # candidate unique pairs for (FF, FR, RF, RR): (19, 577478, 82, 17)
[M::mem_pestat] analyzing insert size distribution for orientation FF...
[M::mem_pestat] (25, 50, 75) percentile: (367, 1034, 3656)
[M::mem_pestat] low and high boundaries for computing mean and std.dev: (1, 10234)
[M::mem_pestat] mean and std.dev: (2161.26, 2745.37)
[M::mem_pestat] low and high boundaries for proper pairs: (1, 13523)
[M::mem_pestat] analyzing insert size distribution for orientation FR...
[M::mem_pestat] (25, 50, 75) percentile: (297, 328, 360)
[M::mem_pestat] low and high boundaries for computing mean and std.dev: (171, 486)
[M::mem_pestat] mean and std.dev: (326.24, 48.60)
[M::mem_pestat] low and high boundaries for proper pairs: (108, 549)
[M::mem_pestat] analyzing insert size distribution for orientation RF...
[M::mem_pestat] (25, 50, 75) percentile: (70, 463, 2590)
[M::mem_pestat] low and high boundaries for computing mean and std.dev: (1, 7630)
[M::mem_pestat] mean and std.dev: (1408.38, 1885.60)
[M::mem_pestat] low and high boundaries for proper pairs: (1, 10150)
[M::mem_pestat] analyzing insert size distribution for orientation RR...
[M::mem_pestat] (25, 50, 75) percentile: (791, 1358, 4857)
[M::mem_pestat] low and high boundaries for computing mean and std.dev: (1, 12989)
[M::mem_pestat] mean and std.dev: (2342.82, 2303.26)
[M::mem_pestat] low and high boundaries for proper pairs: (1, 17055)
[M::mem_pestat] skip orientation FF
[M::mem_pestat] skip orientation RF
[M::mem_pestat] skip orientation RR
[M::mem_process_seqs] Processed 1481482 reads in 169.613 CPU sec, 21.496 real sec
[M::main_mem] read 1481482 sequences (80000028 bp)...
[M::mem_pestat] # candidate unique pairs for (FF, FR, RF, RR): (22, 577230, 86, 23)
[M::mem_pestat] analyzing insert size distribution for orientation FF...
[M::mem_pestat] (25, 50, 75) percentile: (265, 1872, 3423)
[M::mem_pestat] low and high boundaries for computing mean and std.dev: (1, 9739)
[M::mem_pestat] mean and std.dev: (2193.91, 2305.85)
[M::mem_pestat] low and high boundaries for proper pairs: (1, 12897)
[M::mem_pestat] analyzing insert size distribution for orientation FR...
[M::mem_pestat] (25, 50, 75) percentile: (297, 328, 360)
[M::mem_pestat] low and high boundaries for computing mean and std.dev: (171, 486)
[M::mem_pestat] mean and std.dev: (326.29, 48.59)
[M::mem_pestat] low and high boundaries for proper pairs: (108, 549)
[M::mem_pestat] analyzing insert size distribution for orientation RF...
[M::mem_pestat] (25, 50, 75) percentile: (151, 1348, 3876)
[M::mem_pestat] low and high boundaries for computing mean and std.dev: (1, 11326)
[M::mem_pestat] mean and std.dev: (2080.84, 2300.91)
[M::mem_pestat] low and high boundaries for proper pairs: (1, 15051)
[M::mem_pestat] analyzing insert size distribution for orientation RR...
[M::mem_pestat] (25, 50, 75) percentile: (253, 315, 2869)
[M::mem_pestat] low and high boundaries for computing mean and std.dev: (1, 8101)
[M::mem_pestat] mean and std.dev: (1170.05, 1418.49)
[M::mem_pestat] low and high boundaries for proper pairs: (1, 10717)
[M::mem_pestat] skip orientation FF
[M::mem_pestat] skip orientation RF
[M::mem_pestat] skip orientation RR
[M::mem_process_seqs] Processed 1481482 reads in 170.101 CPU sec, 21.625 real sec
[M::main_mem] read 1481482 sequences (80000028 bp)...
[M::mem_pestat] # candidate unique pairs for (FF, FR, RF, RR): (25, 578240, 76, 13)
[M::mem_pestat] analyzing insert size distribution for orientation FF...
[M::mem_pestat] (25, 50, 75) percentile: (313, 1955, 3381)
[M::mem_pestat] low and high boundaries for computing mean and std.dev: (1, 9517)
[M::mem_pestat] mean and std.dev: (2016.68, 1833.46)
[M::mem_pestat] low and high boundaries for proper pairs: (1, 12585)
[M::mem_pestat] analyzing insert size distribution for orientation FR...
[M::mem_pestat] (25, 50, 75) percentile: (297, 328, 360)
[M::mem_pestat] low and high boundaries for computing mean and std.dev: (171, 486)
[M::mem_pestat] mean and std.dev: (326.26, 48.68)
[M::mem_pestat] low and high boundaries for proper pairs: (108, 549)
[M::mem_pestat] analyzing insert size distribution for orientation RF...
[M::mem_pestat] (25, 50, 75) percentile: (72, 671, 3588)
[M::mem_pestat] low and high boundaries for computing mean and std.dev: (1, 10620)
[M::mem_pestat] mean and std.dev: (2075.24, 2600.00)
[M::mem_pestat] low and high boundaries for proper pairs: (1, 14136)
[M::mem_pestat] analyzing insert size distribution for orientation RR...
[M::mem_pestat] (25, 50, 75) percentile: (544, 1784, 3328)
[M::mem_pestat] low and high boundaries for computing mean and std.dev: (1, 8896)
[M::mem_pestat] mean and std.dev: (1810.62, 1298.40)
[M::mem_pestat] low and high boundaries for proper pairs: (1, 11680)
[M::mem_pestat] skip orientation FF
[M::mem_pestat] skip orientation RF
[M::mem_pestat] skip orientation RR
[M::mem_process_seqs] Processed 1481482 reads in 166.505 CPU sec, 21.204 real sec
[M::main_mem] read 1481482 sequences (80000028 bp)...
[M::mem_pestat] # candidate unique pairs for (FF, FR, RF, RR): (18, 579083, 83, 17)
[M::mem_pestat] analyzing insert size distribution for orientation FF...
[M::mem_pestat] (25, 50, 75) percentile: (336, 1790, 3913)
[M::mem_pestat] low and high boundaries for computing mean and std.dev: (1, 11067)
[M::mem_pestat] mean and std.dev: (2224.00, 2439.98)
[M::mem_pestat] low and high boundaries for proper pairs: (1, 14644)
[M::mem_pestat] analyzing insert size distribution for orientation FR...
[M::mem_pestat] (25, 50, 75) percentile: (297, 328, 360)
[M::mem_pestat] low and high boundaries for computing mean and std.dev: (171, 486)
[M::mem_pestat] mean and std.dev: (326.39, 48.61)
[M::mem_pestat] low and high boundaries for proper pairs: (108, 549)
[M::mem_pestat] analyzing insert size distribution for orientation RF...
[M::mem_pestat] (25, 50, 75) percentile: (105, 573, 2617)
[M::mem_pestat] low and high boundaries for computing mean and std.dev: (1, 7641)
[M::mem_pestat] mean and std.dev: (1345.93, 1665.75)
[M::mem_pestat] low and high boundaries for proper pairs: (1, 10153)
[M::mem_pestat] analyzing insert size distribution for orientation RR...
[M::mem_pestat] (25, 50, 75) percentile: (294, 345, 3514)
[M::mem_pestat] low and high boundaries for computing mean and std.dev: (1, 9954)
[M::mem_pestat] mean and std.dev: (1597.88, 2032.28)
[M::mem_pestat] low and high boundaries for proper pairs: (1, 13174)
[M::mem_pestat] skip orientation FF
[M::mem_pestat] skip orientation RF
[M::mem_pestat] skip orientation RR
[M::mem_process_seqs] Processed 1481482 reads in 167.499 CPU sec, 21.289 real sec
[M::main_mem] read 1481482 sequences (80000028 bp)...
[M::mem_pestat] # candidate unique pairs for (FF, FR, RF, RR): (24, 577616, 77, 17)
[M::mem_pestat] analyzing insert size distribution for orientation FF...
[M::mem_pestat] (25, 50, 75) percentile: (305, 572, 2227)
[M::mem_pestat] low and high boundaries for computing mean and std.dev: (1, 6071)
[M::mem_pestat] mean and std.dev: (1054.82, 1143.11)
[M::mem_pestat] low and high boundaries for proper pairs: (1, 7993)
[M::mem_pestat] analyzing insert size distribution for orientation FR...
[M::mem_pestat] (25, 50, 75) percentile: (297, 329, 360)
[M::mem_pestat] low and high boundaries for computing mean and std.dev: (171, 486)
[M::mem_pestat] mean and std.dev: (326.48, 48.61)
[M::mem_pestat] low and high boundaries for proper pairs: (108, 549)
[M::mem_pestat] analyzing insert size distribution for orientation RF...
[M::mem_pestat] (25, 50, 75) percentile: (70, 480, 2820)
[M::mem_pestat] low and high boundaries for computing mean and std.dev: (1, 8320)
[M::mem_pestat] mean and std.dev: (1554.14, 1977.82)
[M::mem_pestat] low and high boundaries for proper pairs: (1, 11070)
[M::mem_pestat] analyzing insert size distribution for orientation RR...
[M::mem_pestat] (25, 50, 75) percentile: (469, 1826, 3143)
[M::mem_pestat] low and high boundaries for computing mean and std.dev: (1, 8491)
[M::mem_pestat] mean and std.dev: (1916.47, 1588.81)
[M::mem_pestat] low and high boundaries for proper pairs: (1, 11165)
[M::mem_pestat] skip orientation FF
[M::mem_pestat] skip orientation RF
[M::mem_pestat] skip orientation RR
[M::mem_process_seqs] Processed 1481482 reads in 169.881 CPU sec, 21.546 real sec
[M::main_mem] read 1481482 sequences (80000028 bp)...
[M::mem_pestat] # candidate unique pairs for (FF, FR, RF, RR): (20, 576812, 88, 25)
[M::mem_pestat] analyzing insert size distribution for orientation FF...
[M::mem_pestat] (25, 50, 75) percentile: (765, 1827, 3500)
[M::mem_pestat] low and high boundaries for computing mean and std.dev: (1, 8970)
[M::mem_pestat] mean and std.dev: (2221.95, 2094.83)
[M::mem_pestat] low and high boundaries for proper pairs: (1, 11705)
[M::mem_pestat] analyzing insert size distribution for orientation FR...
[M::mem_pestat] (25, 50, 75) percentile: (297, 329, 360)
[M::mem_pestat] low and high boundaries for computing mean and std.dev: (171, 486)
[M::mem_pestat] mean and std.dev: (326.41, 48.59)
[M::mem_pestat] low and high boundaries for proper pairs: (108, 549)
[M::mem_pestat] analyzing insert size distribution for orientation RF...
[M::mem_pestat] (25, 50, 75) percentile: (169, 645, 2864)
[M::mem_pestat] low and high boundaries for computing mean and std.dev: (1, 8254)
[M::mem_pestat] mean and std.dev: (1790.46, 2342.33)
[M::mem_pestat] low and high boundaries for proper pairs: (1, 10949)
[M::mem_pestat] analyzing insert size distribution for orientation RR...
[M::mem_pestat] (25, 50, 75) percentile: (310, 1848, 3708)
[M::mem_pestat] low and high boundaries for computing mean and std.dev: (1, 10504)
[M::mem_pestat] mean and std.dev: (2089.60, 2045.45)
[M::mem_pestat] low and high boundaries for proper pairs: (1, 13902)
[M::mem_pestat] skip orientation FF
[M::mem_pestat] skip orientation RF
[M::mem_pestat] skip orientation RR
[M::mem_process_seqs] Processed 1481482 reads in 169.511 CPU sec, 21.465 real sec
[M::main_mem] read 1481482 sequences (80000028 bp)...
[M::mem_pestat] # candidate unique pairs for (FF, FR, RF, RR): (26, 576988, 78, 13)
[M::mem_pestat] analyzing insert size distribution for orientation FF...
[M::mem_pestat] (25, 50, 75) percentile: (360, 1113, 2290)
[M::mem_pestat] low and high boundaries for computing mean and std.dev: (1, 6150)
[M::mem_pestat] mean and std.dev: (1363.25, 1269.03)
[M::mem_pestat] low and high boundaries for proper pairs: (1, 8080)
[M::mem_pestat] analyzing insert size distribution for orientation FR...
[M::mem_pestat] (25, 50, 75) percentile: (297, 328, 360)
[M::mem_pestat] low and high boundaries for computing mean and std.dev: (171, 486)
[M::mem_pestat] mean and std.dev: (326.37, 48.51)
[M::mem_pestat] low and high boundaries for proper pairs: (108, 549)
[M::mem_pestat] analyzing insert size distribution for orientation RF...
[M::mem_pestat] (25, 50, 75) percentile: (87, 547, 2941)
[M::mem_pestat] low and high boundaries for computing mean and std.dev: (1, 8649)
[M::mem_pestat] mean and std.dev: (1496.13, 1858.59)
[M::mem_pestat] low and high boundaries for proper pairs: (1, 11503)
[M::mem_pestat] analyzing insert size distribution for orientation RR...
[M::mem_pestat] (25, 50, 75) percentile: (1419, 3708, 7650)
[M::mem_pestat] low and high boundaries for computing mean and std.dev: (1, 20112)
[M::mem_pestat] mean and std.dev: (4016.85, 3063.70)
[M::mem_pestat] low and high boundaries for proper pairs: (1, 26343)
[M::mem_pestat] skip orientation FF
[M::mem_pestat] skip orientation RF
[M::mem_pestat] skip orientation RR
[M::mem_process_seqs] Processed 1481482 reads in 170.931 CPU sec, 21.662 real sec
[M::main_mem] read 1481482 sequences (80000028 bp)...
[M::mem_pestat] # candidate unique pairs for (FF, FR, RF, RR): (17, 578122, 99, 11)
[M::mem_pestat] analyzing insert size distribution for orientation FF...
[M::mem_pestat] (25, 50, 75) percentile: (519, 1651, 3207)
[M::mem_pestat] low and high boundaries for computing mean and std.dev: (1, 8583)
[M::mem_pestat] mean and std.dev: (2038.82, 2048.31)
[M::mem_pestat] low and high boundaries for proper pairs: (1, 11271)
[M::mem_pestat] analyzing insert size distribution for orientation FR...
[M::mem_pestat] (25, 50, 75) percentile: (297, 329, 361)
[M::mem_pestat] low and high boundaries for computing mean and std.dev: (169, 489)
[M::mem_pestat] mean and std.dev: (326.40, 48.86)
[M::mem_pestat] low and high boundaries for proper pairs: (105, 553)
[M::mem_pestat] analyzing insert size distribution for orientation RF...
[M::mem_pestat] (25, 50, 75) percentile: (135, 575, 2390)
[M::mem_pestat] low and high boundaries for computing mean and std.dev: (1, 6900)
[M::mem_pestat] mean and std.dev: (1263.17, 1595.99)
[M::mem_pestat] low and high boundaries for proper pairs: (1, 9155)
[M::mem_pestat] analyzing insert size distribution for orientation RR...
[M::mem_pestat] (25, 50, 75) percentile: (311, 361, 3964)
[M::mem_pestat] low and high boundaries for computing mean and std.dev: (1, 11270)
[M::mem_pestat] mean and std.dev: (1913.91, 1954.92)
[M::mem_pestat] low and high boundaries for proper pairs: (1, 14923)
[M::mem_pestat] skip orientation FF
[M::mem_pestat] skip orientation RF
[M::mem_pestat] skip orientation RR
[M::mem_process_seqs] Processed 1481482 reads in 171.114 CPU sec, 21.671 real sec
[M::main_mem] read 1481482 sequences (80000028 bp)...
[M::mem_pestat] # candidate unique pairs for (FF, FR, RF, RR): (16, 577439, 82, 23)
[M::mem_pestat] analyzing insert size distribution for orientation FF...
[M::mem_pestat] (25, 50, 75) percentile: (812, 2359, 6739)
[M::mem_pestat] low and high boundaries for computing mean and std.dev: (1, 18593)
[M::mem_pestat] mean and std.dev: (3140.44, 2867.41)
[M::mem_pestat] low and high boundaries for proper pairs: (1, 24520)
[M::mem_pestat] analyzing insert size distribution for orientation FR...
[M::mem_pestat] (25, 50, 75) percentile: (297, 329, 360)
[M::mem_pestat] low and high boundaries for computing mean and std.dev: (171, 486)
[M::mem_pestat] mean and std.dev: (326.33, 48.50)
[M::mem_pestat] low and high boundaries for proper pairs: (108, 549)
[M::mem_pestat] analyzing insert size distribution for orientation RF...
[M::mem_pestat] (25, 50, 75) percentile: (387, 1676, 3629)
[M::mem_pestat] low and high boundaries for computing mean and std.dev: (1, 10113)
[M::mem_pestat] mean and std.dev: (2238.87, 2246.09)
[M::mem_pestat] low and high boundaries for proper pairs: (1, 13355)
[M::mem_pestat] analyzing insert size distribution for orientation RR...
[M::mem_pestat] (25, 50, 75) percentile: (859, 1895, 3551)
[M::mem_pestat] low and high boundaries for computing mean and std.dev: (1, 8935)
[M::mem_pestat] mean and std.dev: (2015.78, 1534.47)
[M::mem_pestat] low and high boundaries for proper pairs: (1, 11627)
[M::mem_pestat] skip orientation FF
[M::mem_pestat] skip orientation RF
[M::mem_pestat] skip orientation RR
[M::mem_process_seqs] Processed 1481482 reads in 170.824 CPU sec, 21.623 real sec
[M::main_mem] read 1481482 sequences (80000028 bp)...
[M::mem_pestat] # candidate unique pairs for (FF, FR, RF, RR): (16, 577805, 98, 14)
[M::mem_pestat] analyzing insert size distribution for orientation FF...
[M::mem_pestat] (25, 50, 75) percentile: (261, 698, 1337)
[M::mem_pestat] low and high boundaries for computing mean and std.dev: (1, 3489)
[M::mem_pestat] mean and std.dev: (648.43, 523.57)
[M::mem_pestat] low and high boundaries for proper pairs: (1, 4565)
[M::mem_pestat] analyzing insert size distribution for orientation FR...
[M::mem_pestat] (25, 50, 75) percentile: (297, 328, 360)
[M::mem_pestat] low and high boundaries for computing mean and std.dev: (171, 486)
[M::mem_pestat] mean and std.dev: (326.16, 48.75)
[M::mem_pestat] low and high boundaries for proper pairs: (108, 549)
[M::mem_pestat] analyzing insert size distribution for orientation RF...
[M::mem_pestat] (25, 50, 75) percentile: (304, 840, 3513)
[M::mem_pestat] low and high boundaries for computing mean and std.dev: (1, 9931)
[M::mem_pestat] mean and std.dev: (1978.43, 2153.74)
[M::mem_pestat] low and high boundaries for proper pairs: (1, 13140)
[M::mem_pestat] analyzing insert size distribution for orientation RR...
[M::mem_pestat] (25, 50, 75) percentile: (258, 891, 2088)
[M::mem_pestat] low and high boundaries for computing mean and std.dev: (1, 5748)
[M::mem_pestat] mean and std.dev: (1306.36, 1324.29)
[M::mem_pestat] low and high boundaries for proper pairs: (1, 7578)
[M::mem_pestat] skip orientation FF
[M::mem_pestat] skip orientation RF
[M::mem_pestat] skip orientation RR
[M::mem_process_seqs] Processed 1481482 reads in 172.600 CPU sec, 21.866 real sec
[M::main_mem] read 1481482 sequences (80000028 bp)...
[M::mem_pestat] # candidate unique pairs for (FF, FR, RF, RR): (25, 577926, 91, 23)
[M::mem_pestat] analyzing insert size distribution for orientation FF...
[M::mem_pestat] (25, 50, 75) percentile: (306, 995, 2295)
[M::mem_pestat] low and high boundaries for computing mean and std.dev: (1, 6273)
[M::mem_pestat] mean and std.dev: (1529.61, 1710.72)
[M::mem_pestat] low and high boundaries for proper pairs: (1, 8262)
[M::mem_pestat] analyzing insert size distribution for orientation FR...
[M::mem_pestat] (25, 50, 75) percentile: (297, 328, 360)
[M::mem_pestat] low and high boundaries for computing mean and std.dev: (171, 486)
[M::mem_pestat] mean and std.dev: (326.14, 48.67)
[M::mem_pestat] low and high boundaries for proper pairs: (108, 549)
[M::mem_pestat] analyzing insert size distribution for orientation RF...
[M::mem_pestat] (25, 50, 75) percentile: (165, 612, 3861)
[M::mem_pestat] low and high boundaries for computing mean and std.dev: (1, 11253)
[M::mem_pestat] mean and std.dev: (2073.59, 2521.92)
[M::mem_pestat] low and high boundaries for proper pairs: (1, 14949)
[M::mem_pestat] analyzing insert size distribution for orientation RR...
[M::mem_pestat] (25, 50, 75) percentile: (150, 377, 2396)
[M::mem_pestat] low and high boundaries for computing mean and std.dev: (1, 6888)
[M::mem_pestat] mean and std.dev: (1193.95, 1536.13)
[M::mem_pestat] low and high boundaries for proper pairs: (1, 9134)
[M::mem_pestat] skip orientation FF
[M::mem_pestat] skip orientation RF
[M::mem_pestat] skip orientation RR
[M::mem_process_seqs] Processed 1481482 reads in 171.499 CPU sec, 21.688 real sec
[M::main_mem] read 1481482 sequences (80000028 bp)...
[M::mem_pestat] # candidate unique pairs for (FF, FR, RF, RR): (13, 578669, 84, 20)
[M::mem_pestat] analyzing insert size distribution for orientation FF...
[M::mem_pestat] (25, 50, 75) percentile: (274, 1742, 6639)
[M::mem_pestat] low and high boundaries for computing mean and std.dev: (1, 19369)
[M::mem_pestat] mean and std.dev: (2681.31, 2747.41)
[M::mem_pestat] low and high boundaries for proper pairs: (1, 25734)
[M::mem_pestat] analyzing insert size distribution for orientation FR...
[M::mem_pestat] (25, 50, 75) percentile: (297, 328, 360)
[M::mem_pestat] low and high boundaries for computing mean and std.dev: (171, 486)
[M::mem_pestat] mean and std.dev: (326.06, 48.73)
[M::mem_pestat] low and high boundaries for proper pairs: (108, 549)
[M::mem_pestat] analyzing insert size distribution for orientation RF...
[M::mem_pestat] (25, 50, 75) percentile: (147, 507, 3468)
[M::mem_pestat] low and high boundaries for computing mean and std.dev: (1, 10110)
[M::mem_pestat] mean and std.dev: (1936.01, 2359.90)
[M::mem_pestat] low and high boundaries for proper pairs: (1, 13431)
[M::mem_pestat] analyzing insert size distribution for orientation RR...
[M::mem_pestat] (25, 50, 75) percentile: (412, 2016, 3278)
[M::mem_pestat] low and high boundaries for computing mean and std.dev: (1, 9010)
[M::mem_pestat] mean and std.dev: (2225.25, 2351.35)
[M::mem_pestat] low and high boundaries for proper pairs: (1, 11876)
[M::mem_pestat] skip orientation FF
[M::mem_pestat] skip orientation RF
[M::mem_pestat] skip orientation RR
[M::mem_process_seqs] Processed 1481482 reads in 171.001 CPU sec, 21.678 real sec
[M::main_mem] read 1481482 sequences (80000028 bp)...
[M::mem_pestat] # candidate unique pairs for (FF, FR, RF, RR): (22, 578022, 101, 26)
[M::mem_pestat] analyzing insert size distribution for orientation FF...
[M::mem_pestat] (25, 50, 75) percentile: (292, 2241, 4867)
[M::mem_pestat] low and high boundaries for computing mean and std.dev: (1, 14017)
[M::mem_pestat] mean and std.dev: (2696.95, 2370.96)
[M::mem_pestat] low and high boundaries for proper pairs: (1, 18592)
[M::mem_pestat] analyzing insert size distribution for orientation FR...
[M::mem_pestat] (25, 50, 75) percentile: (297, 328, 360)
[M::mem_pestat] low and high boundaries for computing mean and std.dev: (171, 486)
[M::mem_pestat] mean and std.dev: (326.12, 48.67)
[M::mem_pestat] low and high boundaries for proper pairs: (108, 549)
[M::mem_pestat] analyzing insert size distribution for orientation RF...
[M::mem_pestat] (25, 50, 75) percentile: (216, 1606, 4164)
[M::mem_pestat] low and high boundaries for computing mean and std.dev: (1, 12060)
[M::mem_pestat] mean and std.dev: (2502.87, 2741.00)
[M::mem_pestat] low and high boundaries for proper pairs: (1, 16008)
[M::mem_pestat] analyzing insert size distribution for orientation RR...
[M::mem_pestat] (25, 50, 75) percentile: (286, 960, 2085)
[M::mem_pestat] low and high boundaries for computing mean and std.dev: (1, 5683)
[M::mem_pestat] mean and std.dev: (1364.46, 1291.28)
[M::mem_pestat] low and high boundaries for proper pairs: (1, 7482)
[M::mem_pestat] skip orientation FF
[M::mem_pestat] skip orientation RF
[M::mem_pestat] skip orientation RR
[M::mem_process_seqs] Processed 1481482 reads in 170.321 CPU sec, 21.592 real sec
[M::main_mem] read 1481482 sequences (80000028 bp)...
[M::mem_pestat] # candidate unique pairs for (FF, FR, RF, RR): (23, 577063, 80, 22)
[M::mem_pestat] analyzing insert size distribution for orientation FF...
[M::mem_pestat] (25, 50, 75) percentile: (254, 1261, 3124)
[M::mem_pestat] low and high boundaries for computing mean and std.dev: (1, 8864)
[M::mem_pestat] mean and std.dev: (1847.04, 1995.35)
[M::mem_pestat] low and high boundaries for proper pairs: (1, 11734)
[M::mem_pestat] analyzing insert size distribution for orientation FR...
[M::mem_pestat] (25, 50, 75) percentile: (297, 328, 360)
[M::mem_pestat] low and high boundaries for computing mean and std.dev: (171, 486)
[M::mem_pestat] mean and std.dev: (326.03, 48.68)
[M::mem_pestat] low and high boundaries for proper pairs: (108, 549)
[M::mem_pestat] analyzing insert size distribution for orientation RF...
[M::mem_pestat] (25, 50, 75) percentile: (625, 2239, 3609)
[M::mem_pestat] low and high boundaries for computing mean and std.dev: (1, 9577)
[M::mem_pestat] mean and std.dev: (2266.03, 1967.80)
[M::mem_pestat] low and high boundaries for proper pairs: (1, 12561)
[M::mem_pestat] analyzing insert size distribution for orientation RR...
[M::mem_pestat] (25, 50, 75) percentile: (286, 1239, 2884)
[M::mem_pestat] low and high boundaries for computing mean and std.dev: (1, 8080)
[M::mem_pestat] mean and std.dev: (1739.68, 1579.04)
[M::mem_pestat] low and high boundaries for proper pairs: (1, 10678)
[M::mem_pestat] skip orientation FF
[M::mem_pestat] skip orientation RF
[M::mem_pestat] skip orientation RR
[M::mem_process_seqs] Processed 1481482 reads in 173.669 CPU sec, 22.010 real sec
[M::main_mem] read 1481482 sequences (80000028 bp)...
[M::mem_pestat] # candidate unique pairs for (FF, FR, RF, RR): (21, 528700, 77, 16)
[M::mem_pestat] analyzing insert size distribution for orientation FF...
[M::mem_pestat] (25, 50, 75) percentile: (232, 2120, 6016)
[M::mem_pestat] low and high boundaries for computing mean and std.dev: (1, 17584)
[M::mem_pestat] mean and std.dev: (2743.29, 2929.76)
[M::mem_pestat] low and high boundaries for proper pairs: (1, 23368)
[M::mem_pestat] analyzing insert size distribution for orientation FR...
[M::mem_pestat] (25, 50, 75) percentile: (297, 328, 360)
[M::mem_pestat] low and high boundaries for computing mean and std.dev: (171, 486)
[M::mem_pestat] mean and std.dev: (326.40, 48.48)
[M::mem_pestat] low and high boundaries for proper pairs: (108, 549)
[M::mem_pestat] analyzing insert size distribution for orientation RF...
[M::mem_pestat] (25, 50, 75) percentile: (85, 1013, 3867)
[M::mem_pestat] low and high boundaries for computing mean and std.dev: (1, 11431)
[M::mem_pestat] mean and std.dev: (2067.73, 2477.68)
[M::mem_pestat] low and high boundaries for proper pairs: (1, 15213)
[M::mem_pestat] analyzing insert size distribution for orientation RR...
[M::mem_pestat] (25, 50, 75) percentile: (203, 1324, 3222)
[M::mem_pestat] low and high boundaries for computing mean and std.dev: (1, 9260)
[M::mem_pestat] mean and std.dev: (2172.69, 2554.79)
[M::mem_pestat] low and high boundaries for proper pairs: (1, 12279)
[M::mem_pestat] skip orientation FF
[M::mem_pestat] skip orientation RF
[M::mem_pestat] skip orientation RR
[M::mem_process_seqs] Processed 1481482 reads in 234.284 CPU sec, 29.654 real sec
[M::main_mem] read 1481482 sequences (80000028 bp)...
[M::mem_pestat] # candidate unique pairs for (FF, FR, RF, RR): (14, 572538, 99, 14)
[M::mem_pestat] analyzing insert size distribution for orientation FF...
[M::mem_pestat] (25, 50, 75) percentile: (339, 1058, 1303)
[M::mem_pestat] low and high boundaries for computing mean and std.dev: (1, 3231)
[M::mem_pestat] mean and std.dev: (888.85, 499.05)
[M::mem_pestat] low and high boundaries for proper pairs: (1, 4195)
[M::mem_pestat] analyzing insert size distribution for orientation FR...
[M::mem_pestat] (25, 50, 75) percentile: (296, 328, 360)
[M::mem_pestat] low and high boundaries for computing mean and std.dev: (168, 488)
[M::mem_pestat] mean and std.dev: (325.38, 49.04)
[M::mem_pestat] low and high boundaries for proper pairs: (104, 552)
[M::mem_pestat] analyzing insert size distribution for orientation RF...
[M::mem_pestat] (25, 50, 75) percentile: (61, 859, 3590)
[M::mem_pestat] low and high boundaries for computing mean and std.dev: (1, 10648)
[M::mem_pestat] mean and std.dev: (1964.98, 2316.75)
[M::mem_pestat] low and high boundaries for proper pairs: (1, 14177)
[M::mem_pestat] analyzing insert size distribution for orientation RR...
[M::mem_pestat] (25, 50, 75) percentile: (281, 1875, 3294)
[M::mem_pestat] low and high boundaries for computing mean and std.dev: (1, 9320)
[M::mem_pestat] mean and std.dev: (2466.00, 2522.93)
[M::mem_pestat] low and high boundaries for proper pairs: (1, 12333)
[M::mem_pestat] skip orientation FF
[M::mem_pestat] skip orientation RF
[M::mem_pestat] skip orientation RR
[M::mem_process_seqs] Processed 1481482 reads in 216.873 CPU sec, 27.447 real sec
[M::main_mem] read 1481482 sequences (80000028 bp)...
[M::mem_pestat] # candidate unique pairs for (FF, FR, RF, RR): (17, 564478, 84, 9)
[M::mem_pestat] analyzing insert size distribution for orientation FF...
[M::mem_pestat] (25, 50, 75) percentile: (309, 1835, 2988)
[M::mem_pestat] low and high boundaries for computing mean and std.dev: (1, 8346)
[M::mem_pestat] mean and std.dev: (2081.29, 2041.72)
[M::mem_pestat] low and high boundaries for proper pairs: (1, 11025)
[M::mem_pestat] analyzing insert size distribution for orientation FR...
[M::mem_pestat] (25, 50, 75) percentile: (297, 328, 360)
[M::mem_pestat] low and high boundaries for computing mean and std.dev: (171, 486)
[M::mem_pestat] mean and std.dev: (326.08, 48.51)
[M::mem_pestat] low and high boundaries for proper pairs: (108, 549)
[M::mem_pestat] analyzing insert size distribution for orientation RF...
[M::mem_pestat] (25, 50, 75) percentile: (51, 490, 2536)
[M::mem_pestat] low and high boundaries for computing mean and std.dev: (1, 7506)
[M::mem_pestat] mean and std.dev: (1496.98, 1912.63)
[M::mem_pestat] low and high boundaries for proper pairs: (1, 9991)
[M::mem_pestat] skip orientation RR as there are not enough pairs
[M::mem_pestat] skip orientation FF
[M::mem_pestat] skip orientation RF
[M::mem_process_seqs] Processed 1481482 reads in 234.071 CPU sec, 29.629 real sec
[M::main_mem] read 1481482 sequences (80000028 bp)...
[M::mem_pestat] # candidate unique pairs for (FF, FR, RF, RR): (29, 571298, 99, 23)
[M::mem_pestat] analyzing insert size distribution for orientation FF...
[M::mem_pestat] (25, 50, 75) percentile: (308, 1115, 2264)
[M::mem_pestat] low and high boundaries for computing mean and std.dev: (1, 6176)
[M::mem_pestat] mean and std.dev: (1443.59, 1399.14)
[M::mem_pestat] low and high boundaries for proper pairs: (1, 8132)
[M::mem_pestat] analyzing insert size distribution for orientation FR...
[M::mem_pestat] (25, 50, 75) percentile: (297, 328, 360)
[M::mem_pestat] low and high boundaries for computing mean and std.dev: (171, 486)
[M::mem_pestat] mean and std.dev: (325.95, 48.72)
[M::mem_pestat] low and high boundaries for proper pairs: (108, 549)
[M::mem_pestat] analyzing insert size distribution for orientation RF...
[M::mem_pestat] (25, 50, 75) percentile: (138, 640, 3786)
[M::mem_pestat] low and high boundaries for computing mean and std.dev: (1, 11082)
[M::mem_pestat] mean and std.dev: (1905.90, 2067.43)
[M::mem_pestat] low and high boundaries for proper pairs: (1, 14730)
[M::mem_pestat] analyzing insert size distribution for orientation RR...
[M::mem_pestat] (25, 50, 75) percentile: (672, 1431, 3007)
[M::mem_pestat] low and high boundaries for computing mean and std.dev: (1, 7677)
[M::mem_pestat] mean and std.dev: (1913.96, 1677.41)
[M::mem_pestat] low and high boundaries for proper pairs: (1, 10012)
[M::mem_pestat] skip orientation FF
[M::mem_pestat] skip orientation RF
[M::mem_pestat] skip orientation RR
[M::mem_process_seqs] Processed 1481482 reads in 193.102 CPU sec, 24.493 real sec
[M::main_mem] read 1481482 sequences (80000028 bp)...
[M::mem_pestat] # candidate unique pairs for (FF, FR, RF, RR): (19, 574927, 93, 17)
[M::mem_pestat] analyzing insert size distribution for orientation FF...
[M::mem_pestat] (25, 50, 75) percentile: (315, 818, 4922)
[M::mem_pestat] low and high boundaries for computing mean and std.dev: (1, 14136)
[M::mem_pestat] mean and std.dev: (2688.89, 3034.38)
[M::mem_pestat] low and high boundaries for proper pairs: (1, 18743)
[M::mem_pestat] analyzing insert size distribution for orientation FR...
[M::mem_pestat] (25, 50, 75) percentile: (297, 328, 360)
[M::mem_pestat] low and high boundaries for computing mean and std.dev: (171, 486)
[M::mem_pestat] mean and std.dev: (325.90, 48.70)
[M::mem_pestat] low and high boundaries for proper pairs: (108, 549)
[M::mem_pestat] analyzing insert size distribution for orientation RF...
[M::mem_pestat] (25, 50, 75) percentile: (268, 1666, 4186)
[M::mem_pestat] low and high boundaries for computing mean and std.dev: (1, 12022)
[M::mem_pestat] mean and std.dev: (2478.43, 2675.34)
[M::mem_pestat] low and high boundaries for proper pairs: (1, 15940)
[M::mem_pestat] analyzing insert size distribution for orientation RR...
[M::mem_pestat] (25, 50, 75) percentile: (304, 1195, 3092)
[M::mem_pestat] low and high boundaries for computing mean and std.dev: (1, 8668)
[M::mem_pestat] mean and std.dev: (1906.18, 2004.81)
[M::mem_pestat] low and high boundaries for proper pairs: (1, 11456)
[M::mem_pestat] skip orientation FF
[M::mem_pestat] skip orientation RF
[M::mem_pestat] skip orientation RR
[M::mem_process_seqs] Processed 1481482 reads in 188.568 CPU sec, 23.857 real sec
[M::main_mem] read 1481482 sequences (80000028 bp)...
[M::mem_pestat] # candidate unique pairs for (FF, FR, RF, RR): (18, 577370, 86, 24)
[M::mem_pestat] analyzing insert size distribution for orientation FF...
[M::mem_pestat] (25, 50, 75) percentile: (286, 837, 2232)
[M::mem_pestat] low and high boundaries for computing mean and std.dev: (1, 6124)
[M::mem_pestat] mean and std.dev: (1272.61, 1301.03)
[M::mem_pestat] low and high boundaries for proper pairs: (1, 8070)
[M::mem_pestat] analyzing insert size distribution for orientation FR...
[M::mem_pestat] (25, 50, 75) percentile: (297, 328, 360)
[M::mem_pestat] low and high boundaries for computing mean and std.dev: (171, 486)
[M::mem_pestat] mean and std.dev: (325.98, 48.66)
[M::mem_pestat] low and high boundaries for proper pairs: (108, 549)
[M::mem_pestat] analyzing insert size distribution for orientation RF...
[M::mem_pestat] (25, 50, 75) percentile: (146, 683, 2819)
[M::mem_pestat] low and high boundaries for computing mean and std.dev: (1, 8165)
[M::mem_pestat] mean and std.dev: (1514.98, 1850.68)
[M::mem_pestat] low and high boundaries for proper pairs: (1, 10838)
[M::mem_pestat] analyzing insert size distribution for orientation RR...
[M::mem_pestat] (25, 50, 75) percentile: (665, 1195, 2762)
[M::mem_pestat] low and high boundaries for computing mean and std.dev: (1, 6956)
[M::mem_pestat] mean and std.dev: (1727.87, 1536.15)
[M::mem_pestat] low and high boundaries for proper pairs: (1, 9053)
[M::mem_pestat] skip orientation FF
[M::mem_pestat] skip orientation RF
[M::mem_pestat] skip orientation RR
[M::mem_process_seqs] Processed 1481482 reads in 182.762 CPU sec, 23.195 real sec
[M::main_mem] read 1481482 sequences (80000028 bp)...
[M::mem_pestat] # candidate unique pairs for (FF, FR, RF, RR): (15, 575848, 96, 23)
[M::mem_pestat] analyzing insert size distribution for orientation FF...
[M::mem_pestat] (25, 50, 75) percentile: (296, 1998, 5997)
[M::mem_pestat] low and high boundaries for computing mean and std.dev: (1, 17399)
[M::mem_pestat] mean and std.dev: (2752.80, 2808.31)
[M::mem_pestat] low and high boundaries for proper pairs: (1, 23100)
[M::mem_pestat] analyzing insert size distribution for orientation FR...
[M::mem_pestat] (25, 50, 75) percentile: (297, 328, 360)
[M::mem_pestat] low and high boundaries for computing mean and std.dev: (171, 486)
[M::mem_pestat] mean and std.dev: (326.03, 48.62)
[M::mem_pestat] low and high boundaries for proper pairs: (108, 549)
[M::mem_pestat] analyzing insert size distribution for orientation RF...
[M::mem_pestat] (25, 50, 75) percentile: (160, 630, 2852)
[M::mem_pestat] low and high boundaries for computing mean and std.dev: (1, 8236)
[M::mem_pestat] mean and std.dev: (1737.19, 2262.95)
[M::mem_pestat] low and high boundaries for proper pairs: (1, 10928)
[M::mem_pestat] analyzing insert size distribution for orientation RR...
[M::mem_pestat] (25, 50, 75) percentile: (665, 2240, 4468)
[M::mem_pestat] low and high boundaries for computing mean and std.dev: (1, 12074)
[M::mem_pestat] mean and std.dev: (2688.83, 2528.64)
[M::mem_pestat] low and high boundaries for proper pairs: (1, 15877)
[M::mem_pestat] skip orientation FF
[M::mem_pestat] skip orientation RF
[M::mem_pestat] skip orientation RR
[M::mem_process_seqs] Processed 1481482 reads in 183.079 CPU sec, 23.192 real sec
[M::main_mem] read 1481482 sequences (80000028 bp)...
[M::mem_pestat] # candidate unique pairs for (FF, FR, RF, RR): (30, 558319, 96, 16)
[M::mem_pestat] analyzing insert size distribution for orientation FF...
[M::mem_pestat] (25, 50, 75) percentile: (288, 923, 3669)
[M::mem_pestat] low and high boundaries for computing mean and std.dev: (1, 10431)
[M::mem_pestat] mean and std.dev: (2266.80, 2959.84)
[M::mem_pestat] low and high boundaries for proper pairs: (1, 13812)
[M::mem_pestat] analyzing insert size distribution for orientation FR...
[M::mem_pestat] (25, 50, 75) percentile: (297, 328, 360)
[M::mem_pestat] low and high boundaries for computing mean and std.dev: (171, 486)
[M::mem_pestat] mean and std.dev: (325.92, 48.62)
[M::mem_pestat] low and high boundaries for proper pairs: (108, 549)
[M::mem_pestat] analyzing insert size distribution for orientation RF...
[M::mem_pestat] (25, 50, 75) percentile: (85, 481, 2645)
[M::mem_pestat] low and high boundaries for computing mean and std.dev: (1, 7765)
[M::mem_pestat] mean and std.dev: (1644.52, 2087.55)
[M::mem_pestat] low and high boundaries for proper pairs: (1, 10325)
[M::mem_pestat] analyzing insert size distribution for orientation RR...
[M::mem_pestat] (25, 50, 75) percentile: (272, 1096, 2068)
[M::mem_pestat] low and high boundaries for computing mean and std.dev: (1, 5660)
[M::mem_pestat] mean and std.dev: (1293.81, 1360.10)
[M::mem_pestat] low and high boundaries for proper pairs: (1, 7456)
[M::mem_pestat] skip orientation FF
[M::mem_pestat] skip orientation RF
[M::mem_pestat] skip orientation RR
[M::mem_process_seqs] Processed 1481482 reads in 215.696 CPU sec, 27.380 real sec
[M::main_mem] read 23720 sequences (1280880 bp)...
[M::mem_pestat] # candidate unique pairs for (FF, FR, RF, RR): (0, 8279, 1, 0)
[M::mem_pestat] skip orientation FF as there are not enough pairs
[M::mem_pestat] analyzing insert size distribution for orientation FR...
[M::mem_pestat] (25, 50, 75) percentile: (296, 328, 359)
[M::mem_pestat] low and high boundaries for computing mean and std.dev: (170, 485)
[M::mem_pestat] mean and std.dev: (325.27, 49.56)
[M::mem_pestat] low and high boundaries for proper pairs: (107, 548)
[M::mem_pestat] skip orientation RF as there are not enough pairs
[M::mem_pestat] skip orientation RR as there are not enough pairs
[M::mem_process_seqs] Processed 23720 reads in 4.678 CPU sec, 0.643 real sec
[main] Version: 0.7.8-r455
[main] CMD: bwa mem -t 8 -M /dfs6/pub/itamburi/ee283/datalinks/refs/bwaidx/bwaidx /dfs6/pub/itamburi/ee283/datalinks/DNAseq/ADL09_3_1.fq.gz /dfs6/pub/itamburi/ee283/datalinks/DNAseq/ADL09_3_2.fq.gz
[main] Real time: 920.391 sec; CPU: 6626.083 sec
[bam_sort_core] merging from 0 files and 8 in-memory blocks...
