[bam_sort_core] merging from 52 files and 1 in-memory blocks...
INFO	2025-02-06 13:53:43	AddOrReplaceReadGroups	

********** NOTE: Picard's command line syntax is changing.
**********
********** For more information, please see:
********** https://github.com/broadinstitute/picard/wiki/Command-Line-Syntax-Transition-For-Users-(Pre-Transition)
**********
********** The command line looks like this in the new syntax:
**********
**********    AddOrReplaceReadGroups -I /dfs6/pub/itamburi/ee283/week5/bamout/ADL14.mrg.bam -O /dfs6/pub/itamburi/ee283/week5/bamout/ADL14.RG.bam -SORT_ORDER coordinate -RGPL illumina -RGPU D109LACXX -RGLB Lib1 -RGID ADL14 -RGSM ADL14 -VALIDATION_STRINGENCY LENIENT
**********


13:53:43.872 INFO  NativeLibraryLoader - Loading libgkl_compression.so from jar:file:/opt/apps/picard-tools/2.27.1/picard.jar!/com/intel/gkl/native/libgkl_compression.so
[Thu Feb 06 13:53:43 PST 2025] AddOrReplaceReadGroups INPUT=/dfs6/pub/itamburi/ee283/week5/bamout/ADL14.mrg.bam OUTPUT=/dfs6/pub/itamburi/ee283/week5/bamout/ADL14.RG.bam SORT_ORDER=coordinate RGID=ADL14 RGLB=Lib1 RGPL=illumina RGPU=D109LACXX RGSM=ADL14 VALIDATION_STRINGENCY=LENIENT    VERBOSITY=INFO QUIET=false COMPRESSION_LEVEL=5 MAX_RECORDS_IN_RAM=500000 CREATE_INDEX=false CREATE_MD5_FILE=false GA4GH_CLIENT_SECRETS=client_secrets.json USE_JDK_DEFLATER=false USE_JDK_INFLATER=false
[Thu Feb 06 13:53:43 PST 2025] Executing as itamburi@hpc3-21-20 on Linux 4.18.0-553.22.1.el8_10.x86_64 amd64; OpenJDK 64-Bit Server VM 11.0.25+9-LTS; Deflater: Intel; Inflater: Intel; Provider GCS is not available; Picard version: unspecified-SNAPSHOT
INFO	2025-02-06 13:53:43	AddOrReplaceReadGroups	Created read-group ID=ADL14 PL=illumina LB=Lib1 SM=ADL14

INFO	2025-02-06 13:53:52	AddOrReplaceReadGroups	Processed     1,000,000 records.  Elapsed time: 00:00:08s.  Time for last 1,000,000:    8s.  Last read position: 2L:749,100
INFO	2025-02-06 13:53:59	AddOrReplaceReadGroups	Processed     2,000,000 records.  Elapsed time: 00:00:15s.  Time for last 1,000,000:    7s.  Last read position: 2L:1,568,000
INFO	2025-02-06 13:54:07	AddOrReplaceReadGroups	Processed     3,000,000 records.  Elapsed time: 00:00:23s.  Time for last 1,000,000:    7s.  Last read position: 2L:2,355,938
INFO	2025-02-06 13:54:15	AddOrReplaceReadGroups	Processed     4,000,000 records.  Elapsed time: 00:00:31s.  Time for last 1,000,000:    8s.  Last read position: 2L:3,140,593
INFO	2025-02-06 13:54:23	AddOrReplaceReadGroups	Processed     5,000,000 records.  Elapsed time: 00:00:39s.  Time for last 1,000,000:    8s.  Last read position: 2L:3,909,758
INFO	2025-02-06 13:54:32	AddOrReplaceReadGroups	Processed     6,000,000 records.  Elapsed time: 00:00:48s.  Time for last 1,000,000:    8s.  Last read position: 2L:4,742,662
INFO	2025-02-06 13:54:40	AddOrReplaceReadGroups	Processed     7,000,000 records.  Elapsed time: 00:00:56s.  Time for last 1,000,000:    7s.  Last read position: 2L:5,503,222
INFO	2025-02-06 13:54:48	AddOrReplaceReadGroups	Processed     8,000,000 records.  Elapsed time: 00:01:04s.  Time for last 1,000,000:    8s.  Last read position: 2L:6,288,492
INFO	2025-02-06 13:54:56	AddOrReplaceReadGroups	Processed     9,000,000 records.  Elapsed time: 00:01:12s.  Time for last 1,000,000:    7s.  Last read position: 2L:7,051,437
INFO	2025-02-06 13:55:04	AddOrReplaceReadGroups	Processed    10,000,000 records.  Elapsed time: 00:01:20s.  Time for last 1,000,000:    8s.  Last read position: 2L:7,798,605
INFO	2025-02-06 13:55:12	AddOrReplaceReadGroups	Processed    11,000,000 records.  Elapsed time: 00:01:28s.  Time for last 1,000,000:    8s.  Last read position: 2L:8,537,341
INFO	2025-02-06 13:55:21	AddOrReplaceReadGroups	Processed    12,000,000 records.  Elapsed time: 00:01:37s.  Time for last 1,000,000:    8s.  Last read position: 2L:9,294,632
INFO	2025-02-06 13:55:29	AddOrReplaceReadGroups	Processed    13,000,000 records.  Elapsed time: 00:01:45s.  Time for last 1,000,000:    8s.  Last read position: 2L:10,037,868
INFO	2025-02-06 13:55:37	AddOrReplaceReadGroups	Processed    14,000,000 records.  Elapsed time: 00:01:53s.  Time for last 1,000,000:    8s.  Last read position: 2L:10,780,034
INFO	2025-02-06 13:55:46	AddOrReplaceReadGroups	Processed    15,000,000 records.  Elapsed time: 00:02:01s.  Time for last 1,000,000:    8s.  Last read position: 2L:11,556,735
INFO	2025-02-06 13:55:54	AddOrReplaceReadGroups	Processed    16,000,000 records.  Elapsed time: 00:02:10s.  Time for last 1,000,000:    8s.  Last read position: 2L:12,350,481
INFO	2025-02-06 13:56:02	AddOrReplaceReadGroups	Processed    17,000,000 records.  Elapsed time: 00:02:18s.  Time for last 1,000,000:    8s.  Last read position: 2L:13,113,292
INFO	2025-02-06 13:56:10	AddOrReplaceReadGroups	Processed    18,000,000 records.  Elapsed time: 00:02:26s.  Time for last 1,000,000:    8s.  Last read position: 2L:13,857,781
INFO	2025-02-06 13:56:18	AddOrReplaceReadGroups	Processed    19,000,000 records.  Elapsed time: 00:02:34s.  Time for last 1,000,000:    8s.  Last read position: 2L:14,618,335
INFO	2025-02-06 13:56:26	AddOrReplaceReadGroups	Processed    20,000,000 records.  Elapsed time: 00:02:42s.  Time for last 1,000,000:    7s.  Last read position: 2L:15,413,765
INFO	2025-02-06 13:56:34	AddOrReplaceReadGroups	Processed    21,000,000 records.  Elapsed time: 00:02:50s.  Time for last 1,000,000:    7s.  Last read position: 2L:16,249,896
INFO	2025-02-06 13:56:42	AddOrReplaceReadGroups	Processed    22,000,000 records.  Elapsed time: 00:02:58s.  Time for last 1,000,000:    8s.  Last read position: 2L:16,988,378
INFO	2025-02-06 13:56:51	AddOrReplaceReadGroups	Processed    23,000,000 records.  Elapsed time: 00:03:07s.  Time for last 1,000,000:    8s.  Last read position: 2L:17,870,313
INFO	2025-02-06 13:56:59	AddOrReplaceReadGroups	Processed    24,000,000 records.  Elapsed time: 00:03:15s.  Time for last 1,000,000:    8s.  Last read position: 2L:18,639,533
INFO	2025-02-06 13:57:07	AddOrReplaceReadGroups	Processed    25,000,000 records.  Elapsed time: 00:03:23s.  Time for last 1,000,000:    8s.  Last read position: 2L:19,423,006
INFO	2025-02-06 13:57:15	AddOrReplaceReadGroups	Processed    26,000,000 records.  Elapsed time: 00:03:31s.  Time for last 1,000,000:    8s.  Last read position: 2L:20,209,321
INFO	2025-02-06 13:57:24	AddOrReplaceReadGroups	Processed    27,000,000 records.  Elapsed time: 00:03:40s.  Time for last 1,000,000:    8s.  Last read position: 2L:20,982,031
INFO	2025-02-06 13:57:32	AddOrReplaceReadGroups	Processed    28,000,000 records.  Elapsed time: 00:03:48s.  Time for last 1,000,000:    8s.  Last read position: 2L:21,480,078
INFO	2025-02-06 13:57:40	AddOrReplaceReadGroups	Processed    29,000,000 records.  Elapsed time: 00:03:56s.  Time for last 1,000,000:    8s.  Last read position: 2L:22,015,815
INFO	2025-02-06 13:57:49	AddOrReplaceReadGroups	Processed    30,000,000 records.  Elapsed time: 00:04:05s.  Time for last 1,000,000:    8s.  Last read position: 2L:22,745,556
INFO	2025-02-06 13:57:57	AddOrReplaceReadGroups	Processed    31,000,000 records.  Elapsed time: 00:04:13s.  Time for last 1,000,000:    8s.  Last read position: 2L:23,513,498
INFO	2025-02-06 13:58:06	AddOrReplaceReadGroups	Processed    32,000,000 records.  Elapsed time: 00:04:22s.  Time for last 1,000,000:    8s.  Last read position: 2R:1,027,891
INFO	2025-02-06 13:58:14	AddOrReplaceReadGroups	Processed    33,000,000 records.  Elapsed time: 00:04:30s.  Time for last 1,000,000:    8s.  Last read position: 2R:1,826,002
INFO	2025-02-06 13:58:22	AddOrReplaceReadGroups	Processed    34,000,000 records.  Elapsed time: 00:04:38s.  Time for last 1,000,000:    8s.  Last read position: 2R:2,652,529
INFO	2025-02-06 13:58:30	AddOrReplaceReadGroups	Processed    35,000,000 records.  Elapsed time: 00:04:46s.  Time for last 1,000,000:    8s.  Last read position: 2R:3,584,771
INFO	2025-02-06 13:58:39	AddOrReplaceReadGroups	Processed    36,000,000 records.  Elapsed time: 00:04:55s.  Time for last 1,000,000:    8s.  Last read position: 2R:4,382,889
INFO	2025-02-06 13:58:46	AddOrReplaceReadGroups	Processed    37,000,000 records.  Elapsed time: 00:05:02s.  Time for last 1,000,000:    7s.  Last read position: 2R:5,111,253
INFO	2025-02-06 13:58:54	AddOrReplaceReadGroups	Processed    38,000,000 records.  Elapsed time: 00:05:10s.  Time for last 1,000,000:    7s.  Last read position: 2R:5,902,185
INFO	2025-02-06 13:59:03	AddOrReplaceReadGroups	Processed    39,000,000 records.  Elapsed time: 00:05:18s.  Time for last 1,000,000:    8s.  Last read position: 2R:6,670,694
INFO	2025-02-06 13:59:11	AddOrReplaceReadGroups	Processed    40,000,000 records.  Elapsed time: 00:05:27s.  Time for last 1,000,000:    8s.  Last read position: 2R:7,457,125
INFO	2025-02-06 13:59:20	AddOrReplaceReadGroups	Processed    41,000,000 records.  Elapsed time: 00:05:36s.  Time for last 1,000,000:    8s.  Last read position: 2R:8,215,961
INFO	2025-02-06 13:59:28	AddOrReplaceReadGroups	Processed    42,000,000 records.  Elapsed time: 00:05:44s.  Time for last 1,000,000:    8s.  Last read position: 2R:9,029,567
INFO	2025-02-06 13:59:36	AddOrReplaceReadGroups	Processed    43,000,000 records.  Elapsed time: 00:05:52s.  Time for last 1,000,000:    8s.  Last read position: 2R:9,793,960
INFO	2025-02-06 13:59:46	AddOrReplaceReadGroups	Processed    44,000,000 records.  Elapsed time: 00:06:02s.  Time for last 1,000,000:    9s.  Last read position: 2R:10,543,757
INFO	2025-02-06 13:59:55	AddOrReplaceReadGroups	Processed    45,000,000 records.  Elapsed time: 00:06:11s.  Time for last 1,000,000:    8s.  Last read position: 2R:11,305,636
INFO	2025-02-06 14:00:03	AddOrReplaceReadGroups	Processed    46,000,000 records.  Elapsed time: 00:06:19s.  Time for last 1,000,000:    7s.  Last read position: 2R:12,079,356
INFO	2025-02-06 14:00:11	AddOrReplaceReadGroups	Processed    47,000,000 records.  Elapsed time: 00:06:27s.  Time for last 1,000,000:    8s.  Last read position: 2R:12,838,612
INFO	2025-02-06 14:00:19	AddOrReplaceReadGroups	Processed    48,000,000 records.  Elapsed time: 00:06:35s.  Time for last 1,000,000:    8s.  Last read position: 2R:13,626,457
INFO	2025-02-06 14:00:28	AddOrReplaceReadGroups	Processed    49,000,000 records.  Elapsed time: 00:06:44s.  Time for last 1,000,000:    8s.  Last read position: 2R:14,415,597
INFO	2025-02-06 14:00:36	AddOrReplaceReadGroups	Processed    50,000,000 records.  Elapsed time: 00:06:52s.  Time for last 1,000,000:    8s.  Last read position: 2R:15,199,117
INFO	2025-02-06 14:00:45	AddOrReplaceReadGroups	Processed    51,000,000 records.  Elapsed time: 00:07:01s.  Time for last 1,000,000:    9s.  Last read position: 2R:15,989,796
INFO	2025-02-06 14:00:54	AddOrReplaceReadGroups	Processed    52,000,000 records.  Elapsed time: 00:07:10s.  Time for last 1,000,000:    8s.  Last read position: 2R:16,763,241
INFO	2025-02-06 14:01:03	AddOrReplaceReadGroups	Processed    53,000,000 records.  Elapsed time: 00:07:19s.  Time for last 1,000,000:    8s.  Last read position: 2R:17,515,417
INFO	2025-02-06 14:01:12	AddOrReplaceReadGroups	Processed    54,000,000 records.  Elapsed time: 00:07:28s.  Time for last 1,000,000:    9s.  Last read position: 2R:18,295,769
INFO	2025-02-06 14:01:20	AddOrReplaceReadGroups	Processed    55,000,000 records.  Elapsed time: 00:07:36s.  Time for last 1,000,000:    8s.  Last read position: 2R:19,068,478
INFO	2025-02-06 14:01:29	AddOrReplaceReadGroups	Processed    56,000,000 records.  Elapsed time: 00:07:45s.  Time for last 1,000,000:    8s.  Last read position: 2R:19,828,327
INFO	2025-02-06 14:01:38	AddOrReplaceReadGroups	Processed    57,000,000 records.  Elapsed time: 00:07:54s.  Time for last 1,000,000:    8s.  Last read position: 2R:20,631,561
INFO	2025-02-06 14:01:46	AddOrReplaceReadGroups	Processed    58,000,000 records.  Elapsed time: 00:08:02s.  Time for last 1,000,000:    8s.  Last read position: 2R:21,413,454
INFO	2025-02-06 14:01:55	AddOrReplaceReadGroups	Processed    59,000,000 records.  Elapsed time: 00:08:11s.  Time for last 1,000,000:    8s.  Last read position: 2R:22,191,408
INFO	2025-02-06 14:02:03	AddOrReplaceReadGroups	Processed    60,000,000 records.  Elapsed time: 00:08:19s.  Time for last 1,000,000:    8s.  Last read position: 2R:22,976,414
INFO	2025-02-06 14:02:12	AddOrReplaceReadGroups	Processed    61,000,000 records.  Elapsed time: 00:08:28s.  Time for last 1,000,000:    8s.  Last read position: 2R:23,808,238
INFO	2025-02-06 14:02:20	AddOrReplaceReadGroups	Processed    62,000,000 records.  Elapsed time: 00:08:36s.  Time for last 1,000,000:    8s.  Last read position: 2R:24,639,284
INFO	2025-02-06 14:02:28	AddOrReplaceReadGroups	Processed    63,000,000 records.  Elapsed time: 00:08:44s.  Time for last 1,000,000:    8s.  Last read position: 3L:33,339
INFO	2025-02-06 14:02:36	AddOrReplaceReadGroups	Processed    64,000,000 records.  Elapsed time: 00:08:52s.  Time for last 1,000,000:    7s.  Last read position: 3L:782,372
INFO	2025-02-06 14:02:44	AddOrReplaceReadGroups	Processed    65,000,000 records.  Elapsed time: 00:09:00s.  Time for last 1,000,000:    8s.  Last read position: 3L:1,603,386
INFO	2025-02-06 14:02:52	AddOrReplaceReadGroups	Processed    66,000,000 records.  Elapsed time: 00:09:08s.  Time for last 1,000,000:    8s.  Last read position: 3L:2,386,836
INFO	2025-02-06 14:03:01	AddOrReplaceReadGroups	Processed    67,000,000 records.  Elapsed time: 00:09:17s.  Time for last 1,000,000:    8s.  Last read position: 3L:3,176,236
INFO	2025-02-06 14:03:09	AddOrReplaceReadGroups	Processed    68,000,000 records.  Elapsed time: 00:09:25s.  Time for last 1,000,000:    8s.  Last read position: 3L:3,938,844
INFO	2025-02-06 14:03:17	AddOrReplaceReadGroups	Processed    69,000,000 records.  Elapsed time: 00:09:33s.  Time for last 1,000,000:    7s.  Last read position: 3L:4,711,631
INFO	2025-02-06 14:03:25	AddOrReplaceReadGroups	Processed    70,000,000 records.  Elapsed time: 00:09:41s.  Time for last 1,000,000:    8s.  Last read position: 3L:5,524,531
INFO	2025-02-06 14:03:33	AddOrReplaceReadGroups	Processed    71,000,000 records.  Elapsed time: 00:09:49s.  Time for last 1,000,000:    8s.  Last read position: 3L:6,307,572
INFO	2025-02-06 14:03:41	AddOrReplaceReadGroups	Processed    72,000,000 records.  Elapsed time: 00:09:57s.  Time for last 1,000,000:    8s.  Last read position: 3L:7,109,032
INFO	2025-02-06 14:03:49	AddOrReplaceReadGroups	Processed    73,000,000 records.  Elapsed time: 00:10:05s.  Time for last 1,000,000:    8s.  Last read position: 3L:7,878,935
INFO	2025-02-06 14:03:58	AddOrReplaceReadGroups	Processed    74,000,000 records.  Elapsed time: 00:10:14s.  Time for last 1,000,000:    8s.  Last read position: 3L:8,638,603
INFO	2025-02-06 14:04:05	AddOrReplaceReadGroups	Processed    75,000,000 records.  Elapsed time: 00:10:21s.  Time for last 1,000,000:    7s.  Last read position: 3L:9,216,228
INFO	2025-02-06 14:04:13	AddOrReplaceReadGroups	Processed    76,000,000 records.  Elapsed time: 00:10:29s.  Time for last 1,000,000:    8s.  Last read position: 3L:9,975,810
INFO	2025-02-06 14:04:21	AddOrReplaceReadGroups	Processed    77,000,000 records.  Elapsed time: 00:10:37s.  Time for last 1,000,000:    7s.  Last read position: 3L:10,778,147
INFO	2025-02-06 14:04:29	AddOrReplaceReadGroups	Processed    78,000,000 records.  Elapsed time: 00:10:45s.  Time for last 1,000,000:    7s.  Last read position: 3L:11,548,703
INFO	2025-02-06 14:04:37	AddOrReplaceReadGroups	Processed    79,000,000 records.  Elapsed time: 00:10:53s.  Time for last 1,000,000:    7s.  Last read position: 3L:12,302,993
INFO	2025-02-06 14:04:45	AddOrReplaceReadGroups	Processed    80,000,000 records.  Elapsed time: 00:11:01s.  Time for last 1,000,000:    7s.  Last read position: 3L:13,057,895
INFO	2025-02-06 14:04:53	AddOrReplaceReadGroups	Processed    81,000,000 records.  Elapsed time: 00:11:09s.  Time for last 1,000,000:    8s.  Last read position: 3L:13,871,218
INFO	2025-02-06 14:05:01	AddOrReplaceReadGroups	Processed    82,000,000 records.  Elapsed time: 00:11:17s.  Time for last 1,000,000:    8s.  Last read position: 3L:14,624,175
INFO	2025-02-06 14:05:09	AddOrReplaceReadGroups	Processed    83,000,000 records.  Elapsed time: 00:11:25s.  Time for last 1,000,000:    7s.  Last read position: 3L:15,374,180
INFO	2025-02-06 14:05:17	AddOrReplaceReadGroups	Processed    84,000,000 records.  Elapsed time: 00:11:33s.  Time for last 1,000,000:    7s.  Last read position: 3L:16,122,228
INFO	2025-02-06 14:05:25	AddOrReplaceReadGroups	Processed    85,000,000 records.  Elapsed time: 00:11:41s.  Time for last 1,000,000:    7s.  Last read position: 3L:16,879,134
INFO	2025-02-06 14:05:33	AddOrReplaceReadGroups	Processed    86,000,000 records.  Elapsed time: 00:11:49s.  Time for last 1,000,000:    8s.  Last read position: 3L:17,661,635
INFO	2025-02-06 14:05:41	AddOrReplaceReadGroups	Processed    87,000,000 records.  Elapsed time: 00:11:57s.  Time for last 1,000,000:    7s.  Last read position: 3L:18,423,338
INFO	2025-02-06 14:05:48	AddOrReplaceReadGroups	Processed    88,000,000 records.  Elapsed time: 00:12:04s.  Time for last 1,000,000:    7s.  Last read position: 3L:19,168,940
INFO	2025-02-06 14:05:56	AddOrReplaceReadGroups	Processed    89,000,000 records.  Elapsed time: 00:12:12s.  Time for last 1,000,000:    7s.  Last read position: 3L:19,963,445
INFO	2025-02-06 14:06:06	AddOrReplaceReadGroups	Processed    90,000,000 records.  Elapsed time: 00:12:22s.  Time for last 1,000,000:    9s.  Last read position: 3L:20,712,101
INFO	2025-02-06 14:06:14	AddOrReplaceReadGroups	Processed    91,000,000 records.  Elapsed time: 00:12:30s.  Time for last 1,000,000:    8s.  Last read position: 3L:21,467,040
INFO	2025-02-06 14:06:22	AddOrReplaceReadGroups	Processed    92,000,000 records.  Elapsed time: 00:12:38s.  Time for last 1,000,000:    7s.  Last read position: 3L:22,244,146
INFO	2025-02-06 14:06:30	AddOrReplaceReadGroups	Processed    93,000,000 records.  Elapsed time: 00:12:46s.  Time for last 1,000,000:    8s.  Last read position: 3L:23,036,400
INFO	2025-02-06 14:06:38	AddOrReplaceReadGroups	Processed    94,000,000 records.  Elapsed time: 00:12:54s.  Time for last 1,000,000:    7s.  Last read position: 3L:23,765,869
INFO	2025-02-06 14:06:46	AddOrReplaceReadGroups	Processed    95,000,000 records.  Elapsed time: 00:13:02s.  Time for last 1,000,000:    8s.  Last read position: 3L:24,615,614
INFO	2025-02-06 14:06:57	AddOrReplaceReadGroups	Processed    96,000,000 records.  Elapsed time: 00:13:13s.  Time for last 1,000,000:   11s.  Last read position: 3L:25,437,061
INFO	2025-02-06 14:07:06	AddOrReplaceReadGroups	Processed    97,000,000 records.  Elapsed time: 00:13:22s.  Time for last 1,000,000:    8s.  Last read position: 3L:26,351,958
INFO	2025-02-06 14:07:14	AddOrReplaceReadGroups	Processed    98,000,000 records.  Elapsed time: 00:13:30s.  Time for last 1,000,000:    8s.  Last read position: 3L:27,368,058
INFO	2025-02-06 14:07:22	AddOrReplaceReadGroups	Processed    99,000,000 records.  Elapsed time: 00:13:38s.  Time for last 1,000,000:    7s.  Last read position: 3R:195,833
INFO	2025-02-06 14:07:30	AddOrReplaceReadGroups	Processed   100,000,000 records.  Elapsed time: 00:13:46s.  Time for last 1,000,000:    8s.  Last read position: 3R:1,492,975
INFO	2025-02-06 14:07:38	AddOrReplaceReadGroups	Processed   101,000,000 records.  Elapsed time: 00:13:54s.  Time for last 1,000,000:    8s.  Last read position: 3R:2,848,936
INFO	2025-02-06 14:07:46	AddOrReplaceReadGroups	Processed   102,000,000 records.  Elapsed time: 00:14:02s.  Time for last 1,000,000:    7s.  Last read position: 3R:3,808,668
INFO	2025-02-06 14:07:54	AddOrReplaceReadGroups	Processed   103,000,000 records.  Elapsed time: 00:14:10s.  Time for last 1,000,000:    8s.  Last read position: 3R:4,579,189
INFO	2025-02-06 14:08:03	AddOrReplaceReadGroups	Processed   104,000,000 records.  Elapsed time: 00:14:19s.  Time for last 1,000,000:    8s.  Last read position: 3R:5,312,280
INFO	2025-02-06 14:08:11	AddOrReplaceReadGroups	Processed   105,000,000 records.  Elapsed time: 00:14:27s.  Time for last 1,000,000:    8s.  Last read position: 3R:6,093,929
INFO	2025-02-06 14:08:19	AddOrReplaceReadGroups	Processed   106,000,000 records.  Elapsed time: 00:14:35s.  Time for last 1,000,000:    7s.  Last read position: 3R:6,871,638
INFO	2025-02-06 14:08:27	AddOrReplaceReadGroups	Processed   107,000,000 records.  Elapsed time: 00:14:43s.  Time for last 1,000,000:    8s.  Last read position: 3R:7,650,439
INFO	2025-02-06 14:08:35	AddOrReplaceReadGroups	Processed   108,000,000 records.  Elapsed time: 00:14:51s.  Time for last 1,000,000:    8s.  Last read position: 3R:8,420,714
INFO	2025-02-06 14:08:43	AddOrReplaceReadGroups	Processed   109,000,000 records.  Elapsed time: 00:14:59s.  Time for last 1,000,000:    8s.  Last read position: 3R:9,189,735
INFO	2025-02-06 14:08:51	AddOrReplaceReadGroups	Processed   110,000,000 records.  Elapsed time: 00:15:07s.  Time for last 1,000,000:    8s.  Last read position: 3R:9,950,496
INFO	2025-02-06 14:08:59	AddOrReplaceReadGroups	Processed   111,000,000 records.  Elapsed time: 00:15:15s.  Time for last 1,000,000:    8s.  Last read position: 3R:10,724,573
INFO	2025-02-06 14:09:08	AddOrReplaceReadGroups	Processed   112,000,000 records.  Elapsed time: 00:15:24s.  Time for last 1,000,000:    8s.  Last read position: 3R:11,527,668
INFO	2025-02-06 14:09:16	AddOrReplaceReadGroups	Processed   113,000,000 records.  Elapsed time: 00:15:32s.  Time for last 1,000,000:    8s.  Last read position: 3R:12,289,298
INFO	2025-02-06 14:09:24	AddOrReplaceReadGroups	Processed   114,000,000 records.  Elapsed time: 00:15:40s.  Time for last 1,000,000:    8s.  Last read position: 3R:13,048,849
INFO	2025-02-06 14:09:33	AddOrReplaceReadGroups	Processed   115,000,000 records.  Elapsed time: 00:15:49s.  Time for last 1,000,000:    8s.  Last read position: 3R:13,766,308
INFO	2025-02-06 14:09:41	AddOrReplaceReadGroups	Processed   116,000,000 records.  Elapsed time: 00:15:57s.  Time for last 1,000,000:    8s.  Last read position: 3R:14,539,557
INFO	2025-02-06 14:09:49	AddOrReplaceReadGroups	Processed   117,000,000 records.  Elapsed time: 00:16:05s.  Time for last 1,000,000:    8s.  Last read position: 3R:15,299,215
INFO	2025-02-06 14:09:58	AddOrReplaceReadGroups	Processed   118,000,000 records.  Elapsed time: 00:16:14s.  Time for last 1,000,000:    8s.  Last read position: 3R:16,089,806
INFO	2025-02-06 14:10:06	AddOrReplaceReadGroups	Processed   119,000,000 records.  Elapsed time: 00:16:22s.  Time for last 1,000,000:    7s.  Last read position: 3R:16,879,692
INFO	2025-02-06 14:10:14	AddOrReplaceReadGroups	Processed   120,000,000 records.  Elapsed time: 00:16:30s.  Time for last 1,000,000:    7s.  Last read position: 3R:17,661,726
INFO	2025-02-06 14:10:22	AddOrReplaceReadGroups	Processed   121,000,000 records.  Elapsed time: 00:16:38s.  Time for last 1,000,000:    8s.  Last read position: 3R:18,455,070
INFO	2025-02-06 14:10:30	AddOrReplaceReadGroups	Processed   122,000,000 records.  Elapsed time: 00:16:46s.  Time for last 1,000,000:    8s.  Last read position: 3R:19,246,780
INFO	2025-02-06 14:10:38	AddOrReplaceReadGroups	Processed   123,000,000 records.  Elapsed time: 00:16:54s.  Time for last 1,000,000:    8s.  Last read position: 3R:20,008,328
INFO	2025-02-06 14:10:46	AddOrReplaceReadGroups	Processed   124,000,000 records.  Elapsed time: 00:17:02s.  Time for last 1,000,000:    8s.  Last read position: 3R:20,794,815
INFO	2025-02-06 14:10:55	AddOrReplaceReadGroups	Processed   125,000,000 records.  Elapsed time: 00:17:11s.  Time for last 1,000,000:    8s.  Last read position: 3R:21,543,036
INFO	2025-02-06 14:11:03	AddOrReplaceReadGroups	Processed   126,000,000 records.  Elapsed time: 00:17:19s.  Time for last 1,000,000:    8s.  Last read position: 3R:22,319,412
INFO	2025-02-06 14:11:11	AddOrReplaceReadGroups	Processed   127,000,000 records.  Elapsed time: 00:17:27s.  Time for last 1,000,000:    8s.  Last read position: 3R:23,112,080
INFO	2025-02-06 14:11:19	AddOrReplaceReadGroups	Processed   128,000,000 records.  Elapsed time: 00:17:35s.  Time for last 1,000,000:    8s.  Last read position: 3R:23,865,769
INFO	2025-02-06 14:11:27	AddOrReplaceReadGroups	Processed   129,000,000 records.  Elapsed time: 00:17:43s.  Time for last 1,000,000:    8s.  Last read position: 3R:24,637,883
INFO	2025-02-06 14:11:36	AddOrReplaceReadGroups	Processed   130,000,000 records.  Elapsed time: 00:17:52s.  Time for last 1,000,000:    8s.  Last read position: 3R:25,391,443
INFO	2025-02-06 14:11:44	AddOrReplaceReadGroups	Processed   131,000,000 records.  Elapsed time: 00:18:00s.  Time for last 1,000,000:    8s.  Last read position: 3R:26,152,521
INFO	2025-02-06 14:11:52	AddOrReplaceReadGroups	Processed   132,000,000 records.  Elapsed time: 00:18:08s.  Time for last 1,000,000:    8s.  Last read position: 3R:26,938,476
INFO	2025-02-06 14:12:00	AddOrReplaceReadGroups	Processed   133,000,000 records.  Elapsed time: 00:18:16s.  Time for last 1,000,000:    7s.  Last read position: 3R:27,739,593
INFO	2025-02-06 14:12:08	AddOrReplaceReadGroups	Processed   134,000,000 records.  Elapsed time: 00:18:24s.  Time for last 1,000,000:    8s.  Last read position: 3R:28,576,112
INFO	2025-02-06 14:12:16	AddOrReplaceReadGroups	Processed   135,000,000 records.  Elapsed time: 00:18:32s.  Time for last 1,000,000:    8s.  Last read position: 3R:29,373,843
INFO	2025-02-06 14:12:24	AddOrReplaceReadGroups	Processed   136,000,000 records.  Elapsed time: 00:18:40s.  Time for last 1,000,000:    8s.  Last read position: 3R:30,179,725
INFO	2025-02-06 14:12:32	AddOrReplaceReadGroups	Processed   137,000,000 records.  Elapsed time: 00:18:48s.  Time for last 1,000,000:    7s.  Last read position: 3R:30,973,883
INFO	2025-02-06 14:12:40	AddOrReplaceReadGroups	Processed   138,000,000 records.  Elapsed time: 00:18:56s.  Time for last 1,000,000:    7s.  Last read position: 3R:31,780,330
INFO	2025-02-06 14:12:48	AddOrReplaceReadGroups	Processed   139,000,000 records.  Elapsed time: 00:19:04s.  Time for last 1,000,000:    7s.  Last read position: 4:418,618
INFO	2025-02-06 14:12:55	AddOrReplaceReadGroups	Processed   140,000,000 records.  Elapsed time: 00:19:11s.  Time for last 1,000,000:    7s.  Last read position: 4:1,111,327
INFO	2025-02-06 14:13:03	AddOrReplaceReadGroups	Processed   141,000,000 records.  Elapsed time: 00:19:19s.  Time for last 1,000,000:    7s.  Last read position: X:365,538
INFO	2025-02-06 14:13:11	AddOrReplaceReadGroups	Processed   142,000,000 records.  Elapsed time: 00:19:27s.  Time for last 1,000,000:    8s.  Last read position: X:1,129,595
INFO	2025-02-06 14:13:19	AddOrReplaceReadGroups	Processed   143,000,000 records.  Elapsed time: 00:19:35s.  Time for last 1,000,000:    8s.  Last read position: X:2,003,650
INFO	2025-02-06 14:13:27	AddOrReplaceReadGroups	Processed   144,000,000 records.  Elapsed time: 00:19:43s.  Time for last 1,000,000:    8s.  Last read position: X:2,830,927
INFO	2025-02-06 14:13:35	AddOrReplaceReadGroups	Processed   145,000,000 records.  Elapsed time: 00:19:51s.  Time for last 1,000,000:    7s.  Last read position: X:3,652,655
INFO	2025-02-06 14:13:43	AddOrReplaceReadGroups	Processed   146,000,000 records.  Elapsed time: 00:19:59s.  Time for last 1,000,000:    7s.  Last read position: X:4,466,287
INFO	2025-02-06 14:13:51	AddOrReplaceReadGroups	Processed   147,000,000 records.  Elapsed time: 00:20:07s.  Time for last 1,000,000:    7s.  Last read position: X:5,308,889
INFO	2025-02-06 14:13:59	AddOrReplaceReadGroups	Processed   148,000,000 records.  Elapsed time: 00:20:15s.  Time for last 1,000,000:    7s.  Last read position: X:6,135,056
INFO	2025-02-06 14:14:07	AddOrReplaceReadGroups	Processed   149,000,000 records.  Elapsed time: 00:20:23s.  Time for last 1,000,000:    8s.  Last read position: X:6,966,421
INFO	2025-02-06 14:14:15	AddOrReplaceReadGroups	Processed   150,000,000 records.  Elapsed time: 00:20:31s.  Time for last 1,000,000:    8s.  Last read position: X:7,776,651
INFO	2025-02-06 14:14:23	AddOrReplaceReadGroups	Processed   151,000,000 records.  Elapsed time: 00:20:39s.  Time for last 1,000,000:    8s.  Last read position: X:8,538,712
INFO	2025-02-06 14:14:31	AddOrReplaceReadGroups	Processed   152,000,000 records.  Elapsed time: 00:20:47s.  Time for last 1,000,000:    7s.  Last read position: X:9,366,746
INFO	2025-02-06 14:14:39	AddOrReplaceReadGroups	Processed   153,000,000 records.  Elapsed time: 00:20:55s.  Time for last 1,000,000:    7s.  Last read position: X:10,203,314
INFO	2025-02-06 14:14:47	AddOrReplaceReadGroups	Processed   154,000,000 records.  Elapsed time: 00:21:03s.  Time for last 1,000,000:    7s.  Last read position: X:11,007,254
INFO	2025-02-06 14:14:55	AddOrReplaceReadGroups	Processed   155,000,000 records.  Elapsed time: 00:21:11s.  Time for last 1,000,000:    7s.  Last read position: X:11,807,820
INFO	2025-02-06 14:15:03	AddOrReplaceReadGroups	Processed   156,000,000 records.  Elapsed time: 00:21:19s.  Time for last 1,000,000:    7s.  Last read position: X:12,649,944
INFO	2025-02-06 14:15:10	AddOrReplaceReadGroups	Processed   157,000,000 records.  Elapsed time: 00:21:26s.  Time for last 1,000,000:    7s.  Last read position: X:13,433,752
INFO	2025-02-06 14:15:19	AddOrReplaceReadGroups	Processed   158,000,000 records.  Elapsed time: 00:21:35s.  Time for last 1,000,000:    8s.  Last read position: X:14,256,598
INFO	2025-02-06 14:15:27	AddOrReplaceReadGroups	Processed   159,000,000 records.  Elapsed time: 00:21:42s.  Time for last 1,000,000:    7s.  Last read position: X:15,078,221
INFO	2025-02-06 14:15:35	AddOrReplaceReadGroups	Processed   160,000,000 records.  Elapsed time: 00:21:51s.  Time for last 1,000,000:    8s.  Last read position: X:15,872,571
INFO	2025-02-06 14:15:43	AddOrReplaceReadGroups	Processed   161,000,000 records.  Elapsed time: 00:21:59s.  Time for last 1,000,000:    7s.  Last read position: X:16,611,894
INFO	2025-02-06 14:15:51	AddOrReplaceReadGroups	Processed   162,000,000 records.  Elapsed time: 00:22:07s.  Time for last 1,000,000:    8s.  Last read position: X:17,396,269
INFO	2025-02-06 14:15:59	AddOrReplaceReadGroups	Processed   163,000,000 records.  Elapsed time: 00:22:15s.  Time for last 1,000,000:    7s.  Last read position: X:18,203,625
INFO	2025-02-06 14:16:07	AddOrReplaceReadGroups	Processed   164,000,000 records.  Elapsed time: 00:22:23s.  Time for last 1,000,000:    7s.  Last read position: X:19,042,342
INFO	2025-02-06 14:16:15	AddOrReplaceReadGroups	Processed   165,000,000 records.  Elapsed time: 00:22:31s.  Time for last 1,000,000:    8s.  Last read position: X:19,861,120
INFO	2025-02-06 14:16:23	AddOrReplaceReadGroups	Processed   166,000,000 records.  Elapsed time: 00:22:39s.  Time for last 1,000,000:    7s.  Last read position: X:20,746,094
INFO	2025-02-06 14:16:31	AddOrReplaceReadGroups	Processed   167,000,000 records.  Elapsed time: 00:22:47s.  Time for last 1,000,000:    7s.  Last read position: X:21,545,185
INFO	2025-02-06 14:16:39	AddOrReplaceReadGroups	Processed   168,000,000 records.  Elapsed time: 00:22:55s.  Time for last 1,000,000:    7s.  Last read position: X:22,433,030
INFO	2025-02-06 14:16:46	AddOrReplaceReadGroups	Processed   169,000,000 records.  Elapsed time: 00:23:02s.  Time for last 1,000,000:    7s.  Last read position: X:23,040,263
INFO	2025-02-06 14:16:54	AddOrReplaceReadGroups	Processed   170,000,000 records.  Elapsed time: 00:23:10s.  Time for last 1,000,000:    8s.  Last read position: X:23,432,851
INFO	2025-02-06 14:17:01	AddOrReplaceReadGroups	Processed   171,000,000 records.  Elapsed time: 00:23:17s.  Time for last 1,000,000:    6s.  Last read position: Y:124,630
INFO	2025-02-06 14:17:09	AddOrReplaceReadGroups	Processed   172,000,000 records.  Elapsed time: 00:23:25s.  Time for last 1,000,000:    7s.  Last read position: Y:1,642,522
INFO	2025-02-06 14:17:17	AddOrReplaceReadGroups	Processed   173,000,000 records.  Elapsed time: 00:23:33s.  Time for last 1,000,000:    8s.  Last read position: Unmapped_Scaffold_45_D1673:11,679
INFO	2025-02-06 14:17:24	AddOrReplaceReadGroups	Processed   174,000,000 records.  Elapsed time: 00:23:40s.  Time for last 1,000,000:    7s.  Last read position: rDNA:44,005
INFO	2025-02-06 14:17:31	AddOrReplaceReadGroups	Processed   175,000,000 records.  Elapsed time: 00:23:47s.  Time for last 1,000,000:    6s.  Last read position: rDNA:65,968
INFO	2025-02-06 14:17:38	AddOrReplaceReadGroups	Processed   176,000,000 records.  Elapsed time: 00:23:54s.  Time for last 1,000,000:    7s.  Last read position: 211000022279376:1,120
INFO	2025-02-06 14:17:45	AddOrReplaceReadGroups	Processed   177,000,000 records.  Elapsed time: 00:24:01s.  Time for last 1,000,000:    7s.  Last read position: 211000022278207:205
INFO	2025-02-06 14:17:53	AddOrReplaceReadGroups	Processed   178,000,000 records.  Elapsed time: 00:24:09s.  Time for last 1,000,000:    7s.  Last read position: 211000022279175:463
INFO	2025-02-06 14:18:01	AddOrReplaceReadGroups	Processed   179,000,000 records.  Elapsed time: 00:24:17s.  Time for last 1,000,000:    7s.  Last read position: 211000022278554:2,860
INFO	2025-02-06 14:18:08	AddOrReplaceReadGroups	Processed   180,000,000 records.  Elapsed time: 00:24:24s.  Time for last 1,000,000:    7s.  Last read position: 211000022278555:1,786
INFO	2025-02-06 14:18:16	AddOrReplaceReadGroups	Processed   181,000,000 records.  Elapsed time: 00:24:32s.  Time for last 1,000,000:    7s.  Last read position: 211000022279065:1,338
INFO	2025-02-06 14:18:24	AddOrReplaceReadGroups	Processed   182,000,000 records.  Elapsed time: 00:24:40s.  Time for last 1,000,000:    8s.  Last read position: 211000022280633:1,621
INFO	2025-02-06 14:18:31	AddOrReplaceReadGroups	Processed   183,000,000 records.  Elapsed time: 00:24:47s.  Time for last 1,000,000:    6s.  Last read position: mitochondrion_genome:3,636
INFO	2025-02-06 14:18:37	AddOrReplaceReadGroups	Processed   184,000,000 records.  Elapsed time: 00:24:53s.  Time for last 1,000,000:    6s.  Last read position: mitochondrion_genome:7,618
INFO	2025-02-06 14:18:44	AddOrReplaceReadGroups	Processed   185,000,000 records.  Elapsed time: 00:24:59s.  Time for last 1,000,000:    6s.  Last read position: mitochondrion_genome:12,393
INFO	2025-02-06 14:18:50	AddOrReplaceReadGroups	Processed   186,000,000 records.  Elapsed time: 00:25:06s.  Time for last 1,000,000:    6s.  Last read position: */*
[Thu Feb 06 14:18:52 PST 2025] picard.sam.AddOrReplaceReadGroups done. Elapsed time: 25.14 minutes.
Runtime.totalMemory()=541065216
INFO	2025-02-06 14:18:52	MarkDuplicates	

********** NOTE: Picard's command line syntax is changing.
**********
********** For more information, please see:
********** https://github.com/broadinstitute/picard/wiki/Command-Line-Syntax-Transition-For-Users-(Pre-Transition)
**********
********** The command line looks like this in the new syntax:
**********
**********    MarkDuplicates -REMOVE_DUPLICATES true -I /dfs6/pub/itamburi/ee283/week5/bamout/ADL14.RG.bam -O /dfs6/pub/itamburi/ee283/week5/bamout/ADL14.dedup.bam -M /dfs6/pub/itamburi/ee283/week5/bamout/ADL14_mrkdup_metrics.txt
**********


14:18:52.923 INFO  NativeLibraryLoader - Loading libgkl_compression.so from jar:file:/opt/apps/picard-tools/2.27.1/picard.jar!/com/intel/gkl/native/libgkl_compression.so
[Thu Feb 06 14:18:52 PST 2025] MarkDuplicates INPUT=[/dfs6/pub/itamburi/ee283/week5/bamout/ADL14.RG.bam] OUTPUT=/dfs6/pub/itamburi/ee283/week5/bamout/ADL14.dedup.bam METRICS_FILE=/dfs6/pub/itamburi/ee283/week5/bamout/ADL14_mrkdup_metrics.txt REMOVE_DUPLICATES=true    MAX_SEQUENCES_FOR_DISK_READ_ENDS_MAP=50000 MAX_FILE_HANDLES_FOR_READ_ENDS_MAP=8000 SORTING_COLLECTION_SIZE_RATIO=0.25 TAG_DUPLICATE_SET_MEMBERS=false REMOVE_SEQUENCING_DUPLICATES=false TAGGING_POLICY=DontTag CLEAR_DT=true DUPLEX_UMI=false ADD_PG_TAG_TO_READS=true ASSUME_SORTED=false DUPLICATE_SCORING_STRATEGY=SUM_OF_BASE_QUALITIES PROGRAM_RECORD_ID=MarkDuplicates PROGRAM_GROUP_NAME=MarkDuplicates READ_NAME_REGEX=<optimized capture of last three ':' separated fields as numeric values> OPTICAL_DUPLICATE_PIXEL_DISTANCE=100 MAX_OPTICAL_DUPLICATE_SET_SIZE=300000 VERBOSITY=INFO QUIET=false VALIDATION_STRINGENCY=STRICT COMPRESSION_LEVEL=5 MAX_RECORDS_IN_RAM=500000 CREATE_INDEX=false CREATE_MD5_FILE=false GA4GH_CLIENT_SECRETS=client_secrets.json USE_JDK_DEFLATER=false USE_JDK_INFLATER=false
[Thu Feb 06 14:18:52 PST 2025] Executing as itamburi@hpc3-21-20 on Linux 4.18.0-553.22.1.el8_10.x86_64 amd64; OpenJDK 64-Bit Server VM 11.0.25+9-LTS; Deflater: Intel; Inflater: Intel; Provider GCS is not available; Picard version: unspecified-SNAPSHOT
INFO	2025-02-06 14:18:52	MarkDuplicates	Start of doWork freeMemory: 64612424; totalMemory: 71303168; maxMemory: 8589934592
INFO	2025-02-06 14:18:52	MarkDuplicates	Reading input file and constructing read end information.
INFO	2025-02-06 14:18:52	MarkDuplicates	Will retain up to 31122951 data points before spilling to disk.
INFO	2025-02-06 14:18:56	MarkDuplicates	Read     1,000,000 records.  Elapsed time: 00:00:03s.  Time for last 1,000,000:    3s.  Last read position: 2L:749,100
INFO	2025-02-06 14:18:56	MarkDuplicates	Tracking 5947 as yet unmatched pairs. 1041 records in RAM.
INFO	2025-02-06 14:18:58	MarkDuplicates	Read     2,000,000 records.  Elapsed time: 00:00:05s.  Time for last 1,000,000:    2s.  Last read position: 2L:1,568,000
INFO	2025-02-06 14:18:58	MarkDuplicates	Tracking 12034 as yet unmatched pairs. 1925 records in RAM.
INFO	2025-02-06 14:19:01	MarkDuplicates	Read     3,000,000 records.  Elapsed time: 00:00:07s.  Time for last 1,000,000:    2s.  Last read position: 2L:2,355,938
INFO	2025-02-06 14:19:01	MarkDuplicates	Tracking 18543 as yet unmatched pairs. 2893 records in RAM.
INFO	2025-02-06 14:19:03	MarkDuplicates	Read     4,000,000 records.  Elapsed time: 00:00:10s.  Time for last 1,000,000:    2s.  Last read position: 2L:3,140,593
INFO	2025-02-06 14:19:03	MarkDuplicates	Tracking 25163 as yet unmatched pairs. 3946 records in RAM.
INFO	2025-02-06 14:19:06	MarkDuplicates	Read     5,000,000 records.  Elapsed time: 00:00:12s.  Time for last 1,000,000:    2s.  Last read position: 2L:3,909,758
INFO	2025-02-06 14:19:06	MarkDuplicates	Tracking 32033 as yet unmatched pairs. 4953 records in RAM.
INFO	2025-02-06 14:19:08	MarkDuplicates	Read     6,000,000 records.  Elapsed time: 00:00:15s.  Time for last 1,000,000:    2s.  Last read position: 2L:4,742,662
INFO	2025-02-06 14:19:08	MarkDuplicates	Tracking 38638 as yet unmatched pairs. 5561 records in RAM.
INFO	2025-02-06 14:19:11	MarkDuplicates	Read     7,000,000 records.  Elapsed time: 00:00:18s.  Time for last 1,000,000:    2s.  Last read position: 2L:5,503,222
INFO	2025-02-06 14:19:11	MarkDuplicates	Tracking 45246 as yet unmatched pairs. 6393 records in RAM.
INFO	2025-02-06 14:19:13	MarkDuplicates	Read     8,000,000 records.  Elapsed time: 00:00:20s.  Time for last 1,000,000:    2s.  Last read position: 2L:6,288,492
INFO	2025-02-06 14:19:13	MarkDuplicates	Tracking 51391 as yet unmatched pairs. 6982 records in RAM.
INFO	2025-02-06 14:19:16	MarkDuplicates	Read     9,000,000 records.  Elapsed time: 00:00:22s.  Time for last 1,000,000:    2s.  Last read position: 2L:7,051,437
INFO	2025-02-06 14:19:16	MarkDuplicates	Tracking 57032 as yet unmatched pairs. 7413 records in RAM.
INFO	2025-02-06 14:19:18	MarkDuplicates	Read    10,000,000 records.  Elapsed time: 00:00:25s.  Time for last 1,000,000:    2s.  Last read position: 2L:7,798,605
INFO	2025-02-06 14:19:18	MarkDuplicates	Tracking 61832 as yet unmatched pairs. 7854 records in RAM.
INFO	2025-02-06 14:19:21	MarkDuplicates	Read    11,000,000 records.  Elapsed time: 00:00:28s.  Time for last 1,000,000:    2s.  Last read position: 2L:8,537,341
INFO	2025-02-06 14:19:21	MarkDuplicates	Tracking 67537 as yet unmatched pairs. 8223 records in RAM.
INFO	2025-02-06 14:19:23	MarkDuplicates	Read    12,000,000 records.  Elapsed time: 00:00:30s.  Time for last 1,000,000:    2s.  Last read position: 2L:9,294,632
INFO	2025-02-06 14:19:23	MarkDuplicates	Tracking 73869 as yet unmatched pairs. 8762 records in RAM.
INFO	2025-02-06 14:19:26	MarkDuplicates	Read    13,000,000 records.  Elapsed time: 00:00:33s.  Time for last 1,000,000:    2s.  Last read position: 2L:10,037,868
INFO	2025-02-06 14:19:26	MarkDuplicates	Tracking 78984 as yet unmatched pairs. 8945 records in RAM.
INFO	2025-02-06 14:19:28	MarkDuplicates	Read    14,000,000 records.  Elapsed time: 00:00:35s.  Time for last 1,000,000:    2s.  Last read position: 2L:10,780,034
INFO	2025-02-06 14:19:28	MarkDuplicates	Tracking 82816 as yet unmatched pairs. 9041 records in RAM.
INFO	2025-02-06 14:19:31	MarkDuplicates	Read    15,000,000 records.  Elapsed time: 00:00:38s.  Time for last 1,000,000:    2s.  Last read position: 2L:11,556,735
INFO	2025-02-06 14:19:31	MarkDuplicates	Tracking 90135 as yet unmatched pairs. 9130 records in RAM.
INFO	2025-02-06 14:19:33	MarkDuplicates	Read    16,000,000 records.  Elapsed time: 00:00:40s.  Time for last 1,000,000:    2s.  Last read position: 2L:12,350,481
INFO	2025-02-06 14:19:33	MarkDuplicates	Tracking 96441 as yet unmatched pairs. 9220 records in RAM.
INFO	2025-02-06 14:19:36	MarkDuplicates	Read    17,000,000 records.  Elapsed time: 00:00:43s.  Time for last 1,000,000:    2s.  Last read position: 2L:13,113,292
INFO	2025-02-06 14:19:36	MarkDuplicates	Tracking 102511 as yet unmatched pairs. 9194 records in RAM.
INFO	2025-02-06 14:19:39	MarkDuplicates	Read    18,000,000 records.  Elapsed time: 00:00:45s.  Time for last 1,000,000:    2s.  Last read position: 2L:13,857,781
INFO	2025-02-06 14:19:39	MarkDuplicates	Tracking 108690 as yet unmatched pairs. 9373 records in RAM.
INFO	2025-02-06 14:19:41	MarkDuplicates	Read    19,000,000 records.  Elapsed time: 00:00:48s.  Time for last 1,000,000:    2s.  Last read position: 2L:14,618,335
INFO	2025-02-06 14:19:41	MarkDuplicates	Tracking 113760 as yet unmatched pairs. 9098 records in RAM.
INFO	2025-02-06 14:19:44	MarkDuplicates	Read    20,000,000 records.  Elapsed time: 00:00:50s.  Time for last 1,000,000:    2s.  Last read position: 2L:15,413,765
INFO	2025-02-06 14:19:44	MarkDuplicates	Tracking 119696 as yet unmatched pairs. 8795 records in RAM.
INFO	2025-02-06 14:19:46	MarkDuplicates	Read    21,000,000 records.  Elapsed time: 00:00:53s.  Time for last 1,000,000:    2s.  Last read position: 2L:16,249,896
INFO	2025-02-06 14:19:46	MarkDuplicates	Tracking 125077 as yet unmatched pairs. 8404 records in RAM.
INFO	2025-02-06 14:19:49	MarkDuplicates	Read    22,000,000 records.  Elapsed time: 00:00:56s.  Time for last 1,000,000:    2s.  Last read position: 2L:16,988,378
INFO	2025-02-06 14:19:49	MarkDuplicates	Tracking 129703 as yet unmatched pairs. 8027 records in RAM.
INFO	2025-02-06 14:19:51	MarkDuplicates	Read    23,000,000 records.  Elapsed time: 00:00:58s.  Time for last 1,000,000:    2s.  Last read position: 2L:17,870,313
INFO	2025-02-06 14:19:51	MarkDuplicates	Tracking 136077 as yet unmatched pairs. 7597 records in RAM.
INFO	2025-02-06 14:19:54	MarkDuplicates	Read    24,000,000 records.  Elapsed time: 00:01:01s.  Time for last 1,000,000:    2s.  Last read position: 2L:18,639,533
INFO	2025-02-06 14:19:54	MarkDuplicates	Tracking 141241 as yet unmatched pairs. 7100 records in RAM.
INFO	2025-02-06 14:19:57	MarkDuplicates	Read    25,000,000 records.  Elapsed time: 00:01:04s.  Time for last 1,000,000:    2s.  Last read position: 2L:19,423,006
INFO	2025-02-06 14:19:57	MarkDuplicates	Tracking 146298 as yet unmatched pairs. 6669 records in RAM.
INFO	2025-02-06 14:19:59	MarkDuplicates	Read    26,000,000 records.  Elapsed time: 00:01:06s.  Time for last 1,000,000:    2s.  Last read position: 2L:20,209,321
INFO	2025-02-06 14:19:59	MarkDuplicates	Tracking 153845 as yet unmatched pairs. 5905 records in RAM.
INFO	2025-02-06 14:20:02	MarkDuplicates	Read    27,000,000 records.  Elapsed time: 00:01:09s.  Time for last 1,000,000:    2s.  Last read position: 2L:20,982,031
INFO	2025-02-06 14:20:02	MarkDuplicates	Tracking 161004 as yet unmatched pairs. 4793 records in RAM.
INFO	2025-02-06 14:20:04	MarkDuplicates	Read    28,000,000 records.  Elapsed time: 00:01:11s.  Time for last 1,000,000:    2s.  Last read position: 2L:21,480,078
INFO	2025-02-06 14:20:04	MarkDuplicates	Tracking 167882 as yet unmatched pairs. 5226 records in RAM.
INFO	2025-02-06 14:20:07	MarkDuplicates	Read    29,000,000 records.  Elapsed time: 00:01:14s.  Time for last 1,000,000:    2s.  Last read position: 2L:22,015,815
INFO	2025-02-06 14:20:07	MarkDuplicates	Tracking 173897 as yet unmatched pairs. 2982 records in RAM.
INFO	2025-02-06 14:20:09	MarkDuplicates	Read    30,000,000 records.  Elapsed time: 00:01:16s.  Time for last 1,000,000:    2s.  Last read position: 2L:22,745,556
INFO	2025-02-06 14:20:09	MarkDuplicates	Tracking 184436 as yet unmatched pairs. 2174 records in RAM.
INFO	2025-02-06 14:20:12	MarkDuplicates	Read    31,000,000 records.  Elapsed time: 00:01:19s.  Time for last 1,000,000:    2s.  Last read position: 2L:23,513,498
INFO	2025-02-06 14:20:12	MarkDuplicates	Tracking 226805 as yet unmatched pairs. 24327 records in RAM.
INFO	2025-02-06 14:20:27	MarkDuplicates	Read    32,000,000 records.  Elapsed time: 00:01:34s.  Time for last 1,000,000:   15s.  Last read position: 2R:1,027,891
INFO	2025-02-06 14:20:27	MarkDuplicates	Tracking 220426 as yet unmatched pairs. 43380 records in RAM.
INFO	2025-02-06 14:20:30	MarkDuplicates	Read    33,000,000 records.  Elapsed time: 00:01:37s.  Time for last 1,000,000:    2s.  Last read position: 2R:1,826,002
INFO	2025-02-06 14:20:30	MarkDuplicates	Tracking 250688 as yet unmatched pairs. 60181 records in RAM.
INFO	2025-02-06 14:20:32	MarkDuplicates	Read    34,000,000 records.  Elapsed time: 00:01:39s.  Time for last 1,000,000:    2s.  Last read position: 2R:2,652,529
INFO	2025-02-06 14:20:32	MarkDuplicates	Tracking 248146 as yet unmatched pairs. 42807 records in RAM.
INFO	2025-02-06 14:20:35	MarkDuplicates	Read    35,000,000 records.  Elapsed time: 00:01:41s.  Time for last 1,000,000:    2s.  Last read position: 2R:3,584,771
INFO	2025-02-06 14:20:35	MarkDuplicates	Tracking 257171 as yet unmatched pairs. 41939 records in RAM.
INFO	2025-02-06 14:20:37	MarkDuplicates	Read    36,000,000 records.  Elapsed time: 00:01:44s.  Time for last 1,000,000:    2s.  Last read position: 2R:4,382,889
INFO	2025-02-06 14:20:37	MarkDuplicates	Tracking 266986 as yet unmatched pairs. 41146 records in RAM.
INFO	2025-02-06 14:20:39	MarkDuplicates	Read    37,000,000 records.  Elapsed time: 00:01:46s.  Time for last 1,000,000:    2s.  Last read position: 2R:5,111,253
INFO	2025-02-06 14:20:39	MarkDuplicates	Tracking 275396 as yet unmatched pairs. 39230 records in RAM.
INFO	2025-02-06 14:20:42	MarkDuplicates	Read    38,000,000 records.  Elapsed time: 00:01:49s.  Time for last 1,000,000:    2s.  Last read position: 2R:5,902,185
INFO	2025-02-06 14:20:42	MarkDuplicates	Tracking 281404 as yet unmatched pairs. 37227 records in RAM.
INFO	2025-02-06 14:20:44	MarkDuplicates	Read    39,000,000 records.  Elapsed time: 00:01:51s.  Time for last 1,000,000:    2s.  Last read position: 2R:6,670,694
INFO	2025-02-06 14:20:44	MarkDuplicates	Tracking 288362 as yet unmatched pairs. 35444 records in RAM.
INFO	2025-02-06 14:20:46	MarkDuplicates	Read    40,000,000 records.  Elapsed time: 00:01:53s.  Time for last 1,000,000:    2s.  Last read position: 2R:7,457,125
INFO	2025-02-06 14:20:46	MarkDuplicates	Tracking 293164 as yet unmatched pairs. 34738 records in RAM.
INFO	2025-02-06 14:20:49	MarkDuplicates	Read    41,000,000 records.  Elapsed time: 00:01:56s.  Time for last 1,000,000:    2s.  Last read position: 2R:8,215,961
INFO	2025-02-06 14:20:49	MarkDuplicates	Tracking 297659 as yet unmatched pairs. 33813 records in RAM.
INFO	2025-02-06 14:20:51	MarkDuplicates	Read    42,000,000 records.  Elapsed time: 00:01:58s.  Time for last 1,000,000:    2s.  Last read position: 2R:9,029,567
INFO	2025-02-06 14:20:51	MarkDuplicates	Tracking 300911 as yet unmatched pairs. 32817 records in RAM.
INFO	2025-02-06 14:20:53	MarkDuplicates	Read    43,000,000 records.  Elapsed time: 00:02:00s.  Time for last 1,000,000:    2s.  Last read position: 2R:9,793,960
INFO	2025-02-06 14:20:53	MarkDuplicates	Tracking 304146 as yet unmatched pairs. 31965 records in RAM.
INFO	2025-02-06 14:20:56	MarkDuplicates	Read    44,000,000 records.  Elapsed time: 00:02:03s.  Time for last 1,000,000:    2s.  Last read position: 2R:10,543,757
INFO	2025-02-06 14:20:56	MarkDuplicates	Tracking 307602 as yet unmatched pairs. 30702 records in RAM.
INFO	2025-02-06 14:20:58	MarkDuplicates	Read    45,000,000 records.  Elapsed time: 00:02:05s.  Time for last 1,000,000:    2s.  Last read position: 2R:11,305,636
INFO	2025-02-06 14:20:58	MarkDuplicates	Tracking 313127 as yet unmatched pairs. 29459 records in RAM.
INFO	2025-02-06 14:21:00	MarkDuplicates	Read    46,000,000 records.  Elapsed time: 00:02:07s.  Time for last 1,000,000:    2s.  Last read position: 2R:12,079,356
INFO	2025-02-06 14:21:00	MarkDuplicates	Tracking 316040 as yet unmatched pairs. 28437 records in RAM.
INFO	2025-02-06 14:21:03	MarkDuplicates	Read    47,000,000 records.  Elapsed time: 00:02:10s.  Time for last 1,000,000:    2s.  Last read position: 2R:12,838,612
INFO	2025-02-06 14:21:03	MarkDuplicates	Tracking 319258 as yet unmatched pairs. 27671 records in RAM.
INFO	2025-02-06 14:21:05	MarkDuplicates	Read    48,000,000 records.  Elapsed time: 00:02:12s.  Time for last 1,000,000:    2s.  Last read position: 2R:13,626,457
INFO	2025-02-06 14:21:05	MarkDuplicates	Tracking 322061 as yet unmatched pairs. 26617 records in RAM.
INFO	2025-02-06 14:21:08	MarkDuplicates	Read    49,000,000 records.  Elapsed time: 00:02:14s.  Time for last 1,000,000:    2s.  Last read position: 2R:14,415,597
INFO	2025-02-06 14:21:08	MarkDuplicates	Tracking 326098 as yet unmatched pairs. 25089 records in RAM.
INFO	2025-02-06 14:21:10	MarkDuplicates	Read    50,000,000 records.  Elapsed time: 00:02:17s.  Time for last 1,000,000:    2s.  Last read position: 2R:15,199,117
INFO	2025-02-06 14:21:10	MarkDuplicates	Tracking 330041 as yet unmatched pairs. 23370 records in RAM.
INFO	2025-02-06 14:21:12	MarkDuplicates	Read    51,000,000 records.  Elapsed time: 00:02:19s.  Time for last 1,000,000:    2s.  Last read position: 2R:15,989,796
INFO	2025-02-06 14:21:12	MarkDuplicates	Tracking 333059 as yet unmatched pairs. 22010 records in RAM.
INFO	2025-02-06 14:21:15	MarkDuplicates	Read    52,000,000 records.  Elapsed time: 00:02:22s.  Time for last 1,000,000:    2s.  Last read position: 2R:16,763,241
INFO	2025-02-06 14:21:15	MarkDuplicates	Tracking 335029 as yet unmatched pairs. 20624 records in RAM.
INFO	2025-02-06 14:21:17	MarkDuplicates	Read    53,000,000 records.  Elapsed time: 00:02:24s.  Time for last 1,000,000:    2s.  Last read position: 2R:17,515,417
INFO	2025-02-06 14:21:17	MarkDuplicates	Tracking 339039 as yet unmatched pairs. 18382 records in RAM.
INFO	2025-02-06 14:21:20	MarkDuplicates	Read    54,000,000 records.  Elapsed time: 00:02:26s.  Time for last 1,000,000:    2s.  Last read position: 2R:18,295,769
INFO	2025-02-06 14:21:20	MarkDuplicates	Tracking 342144 as yet unmatched pairs. 16747 records in RAM.
INFO	2025-02-06 14:21:22	MarkDuplicates	Read    55,000,000 records.  Elapsed time: 00:02:29s.  Time for last 1,000,000:    2s.  Last read position: 2R:19,068,478
INFO	2025-02-06 14:21:22	MarkDuplicates	Tracking 345726 as yet unmatched pairs. 14845 records in RAM.
INFO	2025-02-06 14:21:24	MarkDuplicates	Read    56,000,000 records.  Elapsed time: 00:02:31s.  Time for last 1,000,000:    2s.  Last read position: 2R:19,828,327
INFO	2025-02-06 14:21:24	MarkDuplicates	Tracking 348387 as yet unmatched pairs. 12993 records in RAM.
INFO	2025-02-06 14:21:27	MarkDuplicates	Read    57,000,000 records.  Elapsed time: 00:02:34s.  Time for last 1,000,000:    2s.  Last read position: 2R:20,631,561
INFO	2025-02-06 14:21:27	MarkDuplicates	Tracking 352106 as yet unmatched pairs. 10956 records in RAM.
INFO	2025-02-06 14:21:29	MarkDuplicates	Read    58,000,000 records.  Elapsed time: 00:02:36s.  Time for last 1,000,000:    2s.  Last read position: 2R:21,413,454
INFO	2025-02-06 14:21:29	MarkDuplicates	Tracking 354357 as yet unmatched pairs. 9356 records in RAM.
INFO	2025-02-06 14:21:32	MarkDuplicates	Read    59,000,000 records.  Elapsed time: 00:02:39s.  Time for last 1,000,000:    2s.  Last read position: 2R:22,191,408
INFO	2025-02-06 14:21:32	MarkDuplicates	Tracking 356139 as yet unmatched pairs. 7642 records in RAM.
INFO	2025-02-06 14:21:34	MarkDuplicates	Read    60,000,000 records.  Elapsed time: 00:02:41s.  Time for last 1,000,000:    2s.  Last read position: 2R:22,976,414
INFO	2025-02-06 14:21:34	MarkDuplicates	Tracking 359144 as yet unmatched pairs. 5730 records in RAM.
INFO	2025-02-06 14:21:37	MarkDuplicates	Read    61,000,000 records.  Elapsed time: 00:02:44s.  Time for last 1,000,000:    2s.  Last read position: 2R:23,808,238
INFO	2025-02-06 14:21:37	MarkDuplicates	Tracking 361092 as yet unmatched pairs. 3973 records in RAM.
INFO	2025-02-06 14:21:39	MarkDuplicates	Read    62,000,000 records.  Elapsed time: 00:02:46s.  Time for last 1,000,000:    2s.  Last read position: 2R:24,639,284
INFO	2025-02-06 14:21:39	MarkDuplicates	Tracking 363104 as yet unmatched pairs. 2486 records in RAM.
INFO	2025-02-06 14:21:43	MarkDuplicates	Read    63,000,000 records.  Elapsed time: 00:02:50s.  Time for last 1,000,000:    3s.  Last read position: 3L:33,339
INFO	2025-02-06 14:21:43	MarkDuplicates	Tracking 371366 as yet unmatched pairs. 98890 records in RAM.
INFO	2025-02-06 14:21:57	MarkDuplicates	Read    64,000,000 records.  Elapsed time: 00:03:04s.  Time for last 1,000,000:   14s.  Last read position: 3L:782,372
INFO	2025-02-06 14:21:57	MarkDuplicates	Tracking 373644 as yet unmatched pairs. 98078 records in RAM.
INFO	2025-02-06 14:22:00	MarkDuplicates	Read    65,000,000 records.  Elapsed time: 00:03:07s.  Time for last 1,000,000:    3s.  Last read position: 3L:1,603,386
INFO	2025-02-06 14:22:00	MarkDuplicates	Tracking 376174 as yet unmatched pairs. 97012 records in RAM.
INFO	2025-02-06 14:22:18	MarkDuplicates	Read    66,000,000 records.  Elapsed time: 00:03:24s.  Time for last 1,000,000:   17s.  Last read position: 3L:2,386,836
INFO	2025-02-06 14:22:18	MarkDuplicates	Tracking 377810 as yet unmatched pairs. 95848 records in RAM.
INFO	2025-02-06 14:22:20	MarkDuplicates	Read    67,000,000 records.  Elapsed time: 00:03:27s.  Time for last 1,000,000:    2s.  Last read position: 3L:3,176,236
INFO	2025-02-06 14:22:20	MarkDuplicates	Tracking 380174 as yet unmatched pairs. 94491 records in RAM.
INFO	2025-02-06 14:22:23	MarkDuplicates	Read    68,000,000 records.  Elapsed time: 00:03:30s.  Time for last 1,000,000:    2s.  Last read position: 3L:3,938,844
INFO	2025-02-06 14:22:23	MarkDuplicates	Tracking 382118 as yet unmatched pairs. 93436 records in RAM.
INFO	2025-02-06 14:22:26	MarkDuplicates	Read    69,000,000 records.  Elapsed time: 00:03:33s.  Time for last 1,000,000:    3s.  Last read position: 3L:4,711,631
INFO	2025-02-06 14:22:26	MarkDuplicates	Tracking 384003 as yet unmatched pairs. 92203 records in RAM.
INFO	2025-02-06 14:22:29	MarkDuplicates	Read    70,000,000 records.  Elapsed time: 00:03:36s.  Time for last 1,000,000:    3s.  Last read position: 3L:5,524,531
INFO	2025-02-06 14:22:29	MarkDuplicates	Tracking 386641 as yet unmatched pairs. 90677 records in RAM.
INFO	2025-02-06 14:22:32	MarkDuplicates	Read    71,000,000 records.  Elapsed time: 00:03:39s.  Time for last 1,000,000:    2s.  Last read position: 3L:6,307,572
INFO	2025-02-06 14:22:32	MarkDuplicates	Tracking 388950 as yet unmatched pairs. 89106 records in RAM.
INFO	2025-02-06 14:22:34	MarkDuplicates	Read    72,000,000 records.  Elapsed time: 00:03:41s.  Time for last 1,000,000:    2s.  Last read position: 3L:7,109,032
INFO	2025-02-06 14:22:34	MarkDuplicates	Tracking 391223 as yet unmatched pairs. 87538 records in RAM.
INFO	2025-02-06 14:22:37	MarkDuplicates	Read    73,000,000 records.  Elapsed time: 00:03:43s.  Time for last 1,000,000:    2s.  Last read position: 3L:7,878,935
INFO	2025-02-06 14:22:37	MarkDuplicates	Tracking 392656 as yet unmatched pairs. 86221 records in RAM.
INFO	2025-02-06 14:22:39	MarkDuplicates	Read    74,000,000 records.  Elapsed time: 00:03:46s.  Time for last 1,000,000:    2s.  Last read position: 3L:8,638,603
INFO	2025-02-06 14:22:39	MarkDuplicates	Tracking 394066 as yet unmatched pairs. 84179 records in RAM.
INFO	2025-02-06 14:22:42	MarkDuplicates	Read    75,000,000 records.  Elapsed time: 00:03:48s.  Time for last 1,000,000:    2s.  Last read position: 3L:9,216,228
INFO	2025-02-06 14:22:42	MarkDuplicates	Tracking 395431 as yet unmatched pairs. 82829 records in RAM.
INFO	2025-02-06 14:22:44	MarkDuplicates	Read    76,000,000 records.  Elapsed time: 00:03:51s.  Time for last 1,000,000:    2s.  Last read position: 3L:9,975,810
INFO	2025-02-06 14:22:44	MarkDuplicates	Tracking 397525 as yet unmatched pairs. 80613 records in RAM.
INFO	2025-02-06 14:22:46	MarkDuplicates	Read    77,000,000 records.  Elapsed time: 00:03:53s.  Time for last 1,000,000:    2s.  Last read position: 3L:10,778,147
INFO	2025-02-06 14:22:46	MarkDuplicates	Tracking 398959 as yet unmatched pairs. 79002 records in RAM.
INFO	2025-02-06 14:22:49	MarkDuplicates	Read    78,000,000 records.  Elapsed time: 00:03:56s.  Time for last 1,000,000:    2s.  Last read position: 3L:11,548,703
INFO	2025-02-06 14:22:49	MarkDuplicates	Tracking 400344 as yet unmatched pairs. 76936 records in RAM.
INFO	2025-02-06 14:22:52	MarkDuplicates	Read    79,000,000 records.  Elapsed time: 00:03:59s.  Time for last 1,000,000:    2s.  Last read position: 3L:12,302,993
INFO	2025-02-06 14:22:52	MarkDuplicates	Tracking 400999 as yet unmatched pairs. 75022 records in RAM.
INFO	2025-02-06 14:22:54	MarkDuplicates	Read    80,000,000 records.  Elapsed time: 00:04:01s.  Time for last 1,000,000:    2s.  Last read position: 3L:13,057,895
INFO	2025-02-06 14:22:54	MarkDuplicates	Tracking 402032 as yet unmatched pairs. 73433 records in RAM.
INFO	2025-02-06 14:22:57	MarkDuplicates	Read    81,000,000 records.  Elapsed time: 00:04:04s.  Time for last 1,000,000:    2s.  Last read position: 3L:13,871,218
INFO	2025-02-06 14:22:57	MarkDuplicates	Tracking 403543 as yet unmatched pairs. 70505 records in RAM.
INFO	2025-02-06 14:23:00	MarkDuplicates	Read    82,000,000 records.  Elapsed time: 00:04:07s.  Time for last 1,000,000:    2s.  Last read position: 3L:14,624,175
INFO	2025-02-06 14:23:00	MarkDuplicates	Tracking 404645 as yet unmatched pairs. 68440 records in RAM.
INFO	2025-02-06 14:23:02	MarkDuplicates	Read    83,000,000 records.  Elapsed time: 00:04:09s.  Time for last 1,000,000:    2s.  Last read position: 3L:15,374,180
INFO	2025-02-06 14:23:02	MarkDuplicates	Tracking 405639 as yet unmatched pairs. 66616 records in RAM.
INFO	2025-02-06 14:23:05	MarkDuplicates	Read    84,000,000 records.  Elapsed time: 00:04:11s.  Time for last 1,000,000:    2s.  Last read position: 3L:16,122,228
INFO	2025-02-06 14:23:05	MarkDuplicates	Tracking 407335 as yet unmatched pairs. 64464 records in RAM.
INFO	2025-02-06 14:23:07	MarkDuplicates	Read    85,000,000 records.  Elapsed time: 00:04:14s.  Time for last 1,000,000:    2s.  Last read position: 3L:16,879,134
INFO	2025-02-06 14:23:07	MarkDuplicates	Tracking 408725 as yet unmatched pairs. 61540 records in RAM.
INFO	2025-02-06 14:23:09	MarkDuplicates	Read    86,000,000 records.  Elapsed time: 00:04:16s.  Time for last 1,000,000:    2s.  Last read position: 3L:17,661,635
INFO	2025-02-06 14:23:09	MarkDuplicates	Tracking 409422 as yet unmatched pairs. 58904 records in RAM.
INFO	2025-02-06 14:23:12	MarkDuplicates	Read    87,000,000 records.  Elapsed time: 00:04:19s.  Time for last 1,000,000:    2s.  Last read position: 3L:18,423,338
INFO	2025-02-06 14:23:12	MarkDuplicates	Tracking 410044 as yet unmatched pairs. 56354 records in RAM.
INFO	2025-02-06 14:23:15	MarkDuplicates	Read    88,000,000 records.  Elapsed time: 00:04:22s.  Time for last 1,000,000:    2s.  Last read position: 3L:19,168,940
INFO	2025-02-06 14:23:15	MarkDuplicates	Tracking 410936 as yet unmatched pairs. 53709 records in RAM.
INFO	2025-02-06 14:23:17	MarkDuplicates	Read    89,000,000 records.  Elapsed time: 00:04:24s.  Time for last 1,000,000:    2s.  Last read position: 3L:19,963,445
INFO	2025-02-06 14:23:17	MarkDuplicates	Tracking 412022 as yet unmatched pairs. 50752 records in RAM.
INFO	2025-02-06 14:23:20	MarkDuplicates	Read    90,000,000 records.  Elapsed time: 00:04:27s.  Time for last 1,000,000:    2s.  Last read position: 3L:20,712,101
INFO	2025-02-06 14:23:20	MarkDuplicates	Tracking 412208 as yet unmatched pairs. 48131 records in RAM.
INFO	2025-02-06 14:23:22	MarkDuplicates	Read    91,000,000 records.  Elapsed time: 00:04:29s.  Time for last 1,000,000:    2s.  Last read position: 3L:21,467,040
INFO	2025-02-06 14:23:22	MarkDuplicates	Tracking 413158 as yet unmatched pairs. 44346 records in RAM.
INFO	2025-02-06 14:23:25	MarkDuplicates	Read    92,000,000 records.  Elapsed time: 00:04:31s.  Time for last 1,000,000:    2s.  Last read position: 3L:22,244,146
INFO	2025-02-06 14:23:25	MarkDuplicates	Tracking 413646 as yet unmatched pairs. 41425 records in RAM.
INFO	2025-02-06 14:23:27	MarkDuplicates	Read    93,000,000 records.  Elapsed time: 00:04:34s.  Time for last 1,000,000:    2s.  Last read position: 3L:23,036,400
INFO	2025-02-06 14:23:27	MarkDuplicates	Tracking 414444 as yet unmatched pairs. 38081 records in RAM.
INFO	2025-02-06 14:23:29	MarkDuplicates	Read    94,000,000 records.  Elapsed time: 00:04:36s.  Time for last 1,000,000:    2s.  Last read position: 3L:23,765,869
INFO	2025-02-06 14:23:29	MarkDuplicates	Tracking 417660 as yet unmatched pairs. 33693 records in RAM.
INFO	2025-02-06 14:23:32	MarkDuplicates	Read    95,000,000 records.  Elapsed time: 00:04:39s.  Time for last 1,000,000:    2s.  Last read position: 3L:24,615,614
INFO	2025-02-06 14:23:32	MarkDuplicates	Tracking 419079 as yet unmatched pairs. 26302 records in RAM.
INFO	2025-02-06 14:23:45	MarkDuplicates	Read    96,000,000 records.  Elapsed time: 00:04:52s.  Time for last 1,000,000:   13s.  Last read position: 3L:25,437,061
INFO	2025-02-06 14:23:45	MarkDuplicates	Tracking 420729 as yet unmatched pairs. 20421 records in RAM.
INFO	2025-02-06 14:23:47	MarkDuplicates	Read    97,000,000 records.  Elapsed time: 00:04:54s.  Time for last 1,000,000:    2s.  Last read position: 3L:26,351,958
INFO	2025-02-06 14:23:47	MarkDuplicates	Tracking 422043 as yet unmatched pairs. 14115 records in RAM.
INFO	2025-02-06 14:23:50	MarkDuplicates	Read    98,000,000 records.  Elapsed time: 00:04:57s.  Time for last 1,000,000:    2s.  Last read position: 3L:27,368,058
INFO	2025-02-06 14:23:50	MarkDuplicates	Tracking 423275 as yet unmatched pairs. 6500 records in RAM.
INFO	2025-02-06 14:23:55	MarkDuplicates	Read    99,000,000 records.  Elapsed time: 00:05:02s.  Time for last 1,000,000:    5s.  Last read position: 3R:195,833
INFO	2025-02-06 14:23:55	MarkDuplicates	Tracking 424326 as yet unmatched pairs. 170775 records in RAM.
INFO	2025-02-06 14:23:58	MarkDuplicates	Read   100,000,000 records.  Elapsed time: 00:05:04s.  Time for last 1,000,000:    2s.  Last read position: 3R:1,492,975
INFO	2025-02-06 14:23:58	MarkDuplicates	Tracking 425167 as yet unmatched pairs. 164369 records in RAM.
INFO	2025-02-06 14:24:00	MarkDuplicates	Read   101,000,000 records.  Elapsed time: 00:05:07s.  Time for last 1,000,000:    2s.  Last read position: 3R:2,848,936
INFO	2025-02-06 14:24:00	MarkDuplicates	Tracking 424302 as yet unmatched pairs. 156183 records in RAM.
INFO	2025-02-06 14:24:03	MarkDuplicates	Read   102,000,000 records.  Elapsed time: 00:05:10s.  Time for last 1,000,000:    2s.  Last read position: 3R:3,808,668
INFO	2025-02-06 14:24:03	MarkDuplicates	Tracking 424620 as yet unmatched pairs. 149237 records in RAM.
INFO	2025-02-06 14:24:05	MarkDuplicates	Read   103,000,000 records.  Elapsed time: 00:05:12s.  Time for last 1,000,000:    2s.  Last read position: 3R:4,579,189
INFO	2025-02-06 14:24:05	MarkDuplicates	Tracking 423320 as yet unmatched pairs. 143764 records in RAM.
INFO	2025-02-06 14:24:09	MarkDuplicates	Read   104,000,000 records.  Elapsed time: 00:05:16s.  Time for last 1,000,000:    3s.  Last read position: 3R:5,312,280
INFO	2025-02-06 14:24:09	MarkDuplicates	Tracking 422122 as yet unmatched pairs. 139905 records in RAM.
INFO	2025-02-06 14:24:11	MarkDuplicates	Read   105,000,000 records.  Elapsed time: 00:05:18s.  Time for last 1,000,000:    2s.  Last read position: 3R:6,093,929
INFO	2025-02-06 14:24:11	MarkDuplicates	Tracking 420508 as yet unmatched pairs. 136193 records in RAM.
INFO	2025-02-06 14:24:13	MarkDuplicates	Read   106,000,000 records.  Elapsed time: 00:05:20s.  Time for last 1,000,000:    2s.  Last read position: 3R:6,871,638
INFO	2025-02-06 14:24:13	MarkDuplicates	Tracking 418753 as yet unmatched pairs. 132331 records in RAM.
INFO	2025-02-06 14:24:16	MarkDuplicates	Read   107,000,000 records.  Elapsed time: 00:05:23s.  Time for last 1,000,000:    2s.  Last read position: 3R:7,650,439
INFO	2025-02-06 14:24:16	MarkDuplicates	Tracking 417500 as yet unmatched pairs. 128991 records in RAM.
INFO	2025-02-06 14:24:18	MarkDuplicates	Read   108,000,000 records.  Elapsed time: 00:05:25s.  Time for last 1,000,000:    2s.  Last read position: 3R:8,420,714
INFO	2025-02-06 14:24:18	MarkDuplicates	Tracking 417066 as yet unmatched pairs. 126314 records in RAM.
INFO	2025-02-06 14:24:21	MarkDuplicates	Read   109,000,000 records.  Elapsed time: 00:05:28s.  Time for last 1,000,000:    2s.  Last read position: 3R:9,189,735
INFO	2025-02-06 14:24:21	MarkDuplicates	Tracking 415790 as yet unmatched pairs. 122640 records in RAM.
INFO	2025-02-06 14:24:23	MarkDuplicates	Read   110,000,000 records.  Elapsed time: 00:05:30s.  Time for last 1,000,000:    2s.  Last read position: 3R:9,950,496
INFO	2025-02-06 14:24:23	MarkDuplicates	Tracking 414900 as yet unmatched pairs. 118880 records in RAM.
INFO	2025-02-06 14:24:26	MarkDuplicates	Read   111,000,000 records.  Elapsed time: 00:05:33s.  Time for last 1,000,000:    2s.  Last read position: 3R:10,724,573
INFO	2025-02-06 14:24:26	MarkDuplicates	Tracking 413864 as yet unmatched pairs. 115479 records in RAM.
INFO	2025-02-06 14:24:28	MarkDuplicates	Read   112,000,000 records.  Elapsed time: 00:05:35s.  Time for last 1,000,000:    2s.  Last read position: 3R:11,527,668
INFO	2025-02-06 14:24:28	MarkDuplicates	Tracking 412694 as yet unmatched pairs. 111856 records in RAM.
INFO	2025-02-06 14:24:31	MarkDuplicates	Read   113,000,000 records.  Elapsed time: 00:05:38s.  Time for last 1,000,000:    2s.  Last read position: 3R:12,289,298
INFO	2025-02-06 14:24:31	MarkDuplicates	Tracking 411747 as yet unmatched pairs. 108969 records in RAM.
INFO	2025-02-06 14:24:34	MarkDuplicates	Read   114,000,000 records.  Elapsed time: 00:05:40s.  Time for last 1,000,000:    2s.  Last read position: 3R:13,048,849
INFO	2025-02-06 14:24:34	MarkDuplicates	Tracking 414912 as yet unmatched pairs. 109640 records in RAM.
INFO	2025-02-06 14:24:36	MarkDuplicates	Read   115,000,000 records.  Elapsed time: 00:05:43s.  Time for last 1,000,000:    2s.  Last read position: 3R:13,766,308
INFO	2025-02-06 14:24:36	MarkDuplicates	Tracking 407744 as yet unmatched pairs. 100614 records in RAM.
INFO	2025-02-06 14:24:38	MarkDuplicates	Read   116,000,000 records.  Elapsed time: 00:05:45s.  Time for last 1,000,000:    2s.  Last read position: 3R:14,539,557
INFO	2025-02-06 14:24:38	MarkDuplicates	Tracking 406435 as yet unmatched pairs. 96644 records in RAM.
INFO	2025-02-06 14:24:41	MarkDuplicates	Read   117,000,000 records.  Elapsed time: 00:05:48s.  Time for last 1,000,000:    2s.  Last read position: 3R:15,299,215
INFO	2025-02-06 14:24:41	MarkDuplicates	Tracking 404484 as yet unmatched pairs. 92561 records in RAM.
INFO	2025-02-06 14:24:44	MarkDuplicates	Read   118,000,000 records.  Elapsed time: 00:05:51s.  Time for last 1,000,000:    2s.  Last read position: 3R:16,089,806
INFO	2025-02-06 14:24:44	MarkDuplicates	Tracking 403244 as yet unmatched pairs. 89794 records in RAM.
INFO	2025-02-06 14:24:46	MarkDuplicates	Read   119,000,000 records.  Elapsed time: 00:05:53s.  Time for last 1,000,000:    2s.  Last read position: 3R:16,879,692
INFO	2025-02-06 14:24:46	MarkDuplicates	Tracking 401813 as yet unmatched pairs. 86704 records in RAM.
INFO	2025-02-06 14:24:49	MarkDuplicates	Read   120,000,000 records.  Elapsed time: 00:05:56s.  Time for last 1,000,000:    2s.  Last read position: 3R:17,661,726
INFO	2025-02-06 14:24:49	MarkDuplicates	Tracking 399868 as yet unmatched pairs. 83256 records in RAM.
INFO	2025-02-06 14:24:51	MarkDuplicates	Read   121,000,000 records.  Elapsed time: 00:05:58s.  Time for last 1,000,000:    2s.  Last read position: 3R:18,455,070
INFO	2025-02-06 14:24:51	MarkDuplicates	Tracking 397959 as yet unmatched pairs. 79375 records in RAM.
INFO	2025-02-06 14:24:54	MarkDuplicates	Read   122,000,000 records.  Elapsed time: 00:06:01s.  Time for last 1,000,000:    2s.  Last read position: 3R:19,246,780
INFO	2025-02-06 14:24:54	MarkDuplicates	Tracking 396382 as yet unmatched pairs. 75684 records in RAM.
INFO	2025-02-06 14:24:57	MarkDuplicates	Read   123,000,000 records.  Elapsed time: 00:06:03s.  Time for last 1,000,000:    2s.  Last read position: 3R:20,008,328
INFO	2025-02-06 14:24:57	MarkDuplicates	Tracking 394792 as yet unmatched pairs. 72469 records in RAM.
INFO	2025-02-06 14:25:00	MarkDuplicates	Read   124,000,000 records.  Elapsed time: 00:06:07s.  Time for last 1,000,000:    3s.  Last read position: 3R:20,794,815
INFO	2025-02-06 14:25:00	MarkDuplicates	Tracking 392403 as yet unmatched pairs. 67801 records in RAM.
INFO	2025-02-06 14:25:02	MarkDuplicates	Read   125,000,000 records.  Elapsed time: 00:06:09s.  Time for last 1,000,000:    2s.  Last read position: 3R:21,543,036
INFO	2025-02-06 14:25:02	MarkDuplicates	Tracking 390299 as yet unmatched pairs. 64142 records in RAM.
INFO	2025-02-06 14:25:05	MarkDuplicates	Read   126,000,000 records.  Elapsed time: 00:06:12s.  Time for last 1,000,000:    2s.  Last read position: 3R:22,319,412
INFO	2025-02-06 14:25:05	MarkDuplicates	Tracking 387713 as yet unmatched pairs. 59672 records in RAM.
INFO	2025-02-06 14:25:19	MarkDuplicates	Read   127,000,000 records.  Elapsed time: 00:06:26s.  Time for last 1,000,000:   13s.  Last read position: 3R:23,112,080
INFO	2025-02-06 14:25:19	MarkDuplicates	Tracking 385807 as yet unmatched pairs. 55703 records in RAM.
INFO	2025-02-06 14:25:22	MarkDuplicates	Read   128,000,000 records.  Elapsed time: 00:06:29s.  Time for last 1,000,000:    3s.  Last read position: 3R:23,865,769
INFO	2025-02-06 14:25:22	MarkDuplicates	Tracking 383569 as yet unmatched pairs. 51626 records in RAM.
INFO	2025-02-06 14:25:25	MarkDuplicates	Read   129,000,000 records.  Elapsed time: 00:06:32s.  Time for last 1,000,000:    2s.  Last read position: 3R:24,637,883
INFO	2025-02-06 14:25:25	MarkDuplicates	Tracking 381436 as yet unmatched pairs. 47233 records in RAM.
INFO	2025-02-06 14:25:42	MarkDuplicates	Read   130,000,000 records.  Elapsed time: 00:06:49s.  Time for last 1,000,000:   17s.  Last read position: 3R:25,391,443
INFO	2025-02-06 14:25:42	MarkDuplicates	Tracking 379497 as yet unmatched pairs. 43716 records in RAM.
INFO	2025-02-06 14:25:45	MarkDuplicates	Read   131,000,000 records.  Elapsed time: 00:06:52s.  Time for last 1,000,000:    2s.  Last read position: 3R:26,152,521
INFO	2025-02-06 14:25:45	MarkDuplicates	Tracking 377403 as yet unmatched pairs. 39889 records in RAM.
INFO	2025-02-06 14:25:48	MarkDuplicates	Read   132,000,000 records.  Elapsed time: 00:06:55s.  Time for last 1,000,000:    2s.  Last read position: 3R:26,938,476
INFO	2025-02-06 14:25:48	MarkDuplicates	Tracking 375078 as yet unmatched pairs. 35934 records in RAM.
INFO	2025-02-06 14:25:51	MarkDuplicates	Read   133,000,000 records.  Elapsed time: 00:06:57s.  Time for last 1,000,000:    2s.  Last read position: 3R:27,739,593
INFO	2025-02-06 14:25:51	MarkDuplicates	Tracking 372208 as yet unmatched pairs. 30705 records in RAM.
INFO	2025-02-06 14:25:53	MarkDuplicates	Read   134,000,000 records.  Elapsed time: 00:07:00s.  Time for last 1,000,000:    2s.  Last read position: 3R:28,576,112
INFO	2025-02-06 14:25:53	MarkDuplicates	Tracking 368850 as yet unmatched pairs. 24849 records in RAM.
INFO	2025-02-06 14:25:56	MarkDuplicates	Read   135,000,000 records.  Elapsed time: 00:07:03s.  Time for last 1,000,000:    2s.  Last read position: 3R:29,373,843
INFO	2025-02-06 14:25:56	MarkDuplicates	Tracking 365454 as yet unmatched pairs. 18875 records in RAM.
INFO	2025-02-06 14:25:58	MarkDuplicates	Read   136,000,000 records.  Elapsed time: 00:07:05s.  Time for last 1,000,000:    2s.  Last read position: 3R:30,179,725
INFO	2025-02-06 14:25:58	MarkDuplicates	Tracking 362183 as yet unmatched pairs. 13224 records in RAM.
INFO	2025-02-06 14:26:01	MarkDuplicates	Read   137,000,000 records.  Elapsed time: 00:07:08s.  Time for last 1,000,000:    2s.  Last read position: 3R:30,973,883
INFO	2025-02-06 14:26:01	MarkDuplicates	Tracking 358810 as yet unmatched pairs. 7724 records in RAM.
INFO	2025-02-06 14:26:03	MarkDuplicates	Read   138,000,000 records.  Elapsed time: 00:07:10s.  Time for last 1,000,000:    2s.  Last read position: 3R:31,780,330
INFO	2025-02-06 14:26:03	MarkDuplicates	Tracking 355573 as yet unmatched pairs. 2513 records in RAM.
INFO	2025-02-06 14:26:06	MarkDuplicates	Read   139,000,000 records.  Elapsed time: 00:07:13s.  Time for last 1,000,000:    2s.  Last read position: 4:418,618
INFO	2025-02-06 14:26:06	MarkDuplicates	Tracking 351057 as yet unmatched pairs. 9591 records in RAM.
INFO	2025-02-06 14:26:09	MarkDuplicates	Read   140,000,000 records.  Elapsed time: 00:07:16s.  Time for last 1,000,000:    2s.  Last read position: 4:1,111,327
INFO	2025-02-06 14:26:09	MarkDuplicates	Tracking 348113 as yet unmatched pairs. 4716 records in RAM.
INFO	2025-02-06 14:26:14	MarkDuplicates	Read   141,000,000 records.  Elapsed time: 00:07:21s.  Time for last 1,000,000:    5s.  Last read position: X:365,538
INFO	2025-02-06 14:26:14	MarkDuplicates	Tracking 351032 as yet unmatched pairs. 192330 records in RAM.
INFO	2025-02-06 14:26:17	MarkDuplicates	Read   142,000,000 records.  Elapsed time: 00:07:24s.  Time for last 1,000,000:    2s.  Last read position: X:1,129,595
INFO	2025-02-06 14:26:17	MarkDuplicates	Tracking 347239 as yet unmatched pairs. 187716 records in RAM.
INFO	2025-02-06 14:26:20	MarkDuplicates	Read   143,000,000 records.  Elapsed time: 00:07:27s.  Time for last 1,000,000:    2s.  Last read position: X:2,003,650
INFO	2025-02-06 14:26:20	MarkDuplicates	Tracking 342551 as yet unmatched pairs. 181929 records in RAM.
INFO	2025-02-06 14:26:22	MarkDuplicates	Read   144,000,000 records.  Elapsed time: 00:07:29s.  Time for last 1,000,000:    2s.  Last read position: X:2,830,927
INFO	2025-02-06 14:26:22	MarkDuplicates	Tracking 339497 as yet unmatched pairs. 178287 records in RAM.
INFO	2025-02-06 14:26:25	MarkDuplicates	Read   145,000,000 records.  Elapsed time: 00:07:32s.  Time for last 1,000,000:    2s.  Last read position: X:3,652,655
INFO	2025-02-06 14:26:25	MarkDuplicates	Tracking 334099 as yet unmatched pairs. 171748 records in RAM.
INFO	2025-02-06 14:26:27	MarkDuplicates	Read   146,000,000 records.  Elapsed time: 00:07:34s.  Time for last 1,000,000:    2s.  Last read position: X:4,466,287
INFO	2025-02-06 14:26:27	MarkDuplicates	Tracking 329505 as yet unmatched pairs. 166542 records in RAM.
INFO	2025-02-06 14:26:30	MarkDuplicates	Read   147,000,000 records.  Elapsed time: 00:07:37s.  Time for last 1,000,000:    2s.  Last read position: X:5,308,889
INFO	2025-02-06 14:26:30	MarkDuplicates	Tracking 325243 as yet unmatched pairs. 161385 records in RAM.
INFO	2025-02-06 14:26:32	MarkDuplicates	Read   148,000,000 records.  Elapsed time: 00:07:39s.  Time for last 1,000,000:    2s.  Last read position: X:6,135,056
INFO	2025-02-06 14:26:32	MarkDuplicates	Tracking 320599 as yet unmatched pairs. 155857 records in RAM.
INFO	2025-02-06 14:26:35	MarkDuplicates	Read   149,000,000 records.  Elapsed time: 00:07:41s.  Time for last 1,000,000:    2s.  Last read position: X:6,966,421
INFO	2025-02-06 14:26:35	MarkDuplicates	Tracking 315961 as yet unmatched pairs. 150087 records in RAM.
INFO	2025-02-06 14:26:37	MarkDuplicates	Read   150,000,000 records.  Elapsed time: 00:07:44s.  Time for last 1,000,000:    2s.  Last read position: X:7,776,651
INFO	2025-02-06 14:26:37	MarkDuplicates	Tracking 311633 as yet unmatched pairs. 144734 records in RAM.
INFO	2025-02-06 14:26:39	MarkDuplicates	Read   151,000,000 records.  Elapsed time: 00:07:46s.  Time for last 1,000,000:    2s.  Last read position: X:8,538,712
INFO	2025-02-06 14:26:39	MarkDuplicates	Tracking 308032 as yet unmatched pairs. 140486 records in RAM.
INFO	2025-02-06 14:26:42	MarkDuplicates	Read   152,000,000 records.  Elapsed time: 00:07:49s.  Time for last 1,000,000:    2s.  Last read position: X:9,366,746
INFO	2025-02-06 14:26:42	MarkDuplicates	Tracking 304385 as yet unmatched pairs. 136052 records in RAM.
INFO	2025-02-06 14:26:44	MarkDuplicates	Read   153,000,000 records.  Elapsed time: 00:07:51s.  Time for last 1,000,000:    2s.  Last read position: X:10,203,314
INFO	2025-02-06 14:26:44	MarkDuplicates	Tracking 299886 as yet unmatched pairs. 130641 records in RAM.
INFO	2025-02-06 14:26:47	MarkDuplicates	Read   154,000,000 records.  Elapsed time: 00:07:53s.  Time for last 1,000,000:    2s.  Last read position: X:11,007,254
INFO	2025-02-06 14:26:47	MarkDuplicates	Tracking 295754 as yet unmatched pairs. 125710 records in RAM.
INFO	2025-02-06 14:26:49	MarkDuplicates	Read   155,000,000 records.  Elapsed time: 00:07:56s.  Time for last 1,000,000:    2s.  Last read position: X:11,807,820
INFO	2025-02-06 14:26:49	MarkDuplicates	Tracking 289844 as yet unmatched pairs. 118893 records in RAM.
INFO	2025-02-06 14:26:52	MarkDuplicates	Read   156,000,000 records.  Elapsed time: 00:07:59s.  Time for last 1,000,000:    2s.  Last read position: X:12,649,944
INFO	2025-02-06 14:26:52	MarkDuplicates	Tracking 284886 as yet unmatched pairs. 113143 records in RAM.
INFO	2025-02-06 14:26:54	MarkDuplicates	Read   157,000,000 records.  Elapsed time: 00:08:01s.  Time for last 1,000,000:    2s.  Last read position: X:13,433,752
INFO	2025-02-06 14:26:54	MarkDuplicates	Tracking 279479 as yet unmatched pairs. 106923 records in RAM.
INFO	2025-02-06 14:26:57	MarkDuplicates	Read   158,000,000 records.  Elapsed time: 00:08:03s.  Time for last 1,000,000:    2s.  Last read position: X:14,256,598
INFO	2025-02-06 14:26:57	MarkDuplicates	Tracking 273562 as yet unmatched pairs. 100271 records in RAM.
INFO	2025-02-06 14:27:10	MarkDuplicates	Read   159,000,000 records.  Elapsed time: 00:08:17s.  Time for last 1,000,000:   13s.  Last read position: X:15,078,221
INFO	2025-02-06 14:27:10	MarkDuplicates	Tracking 266835 as yet unmatched pairs. 92748 records in RAM.
INFO	2025-02-06 14:27:13	MarkDuplicates	Read   160,000,000 records.  Elapsed time: 00:08:20s.  Time for last 1,000,000:    2s.  Last read position: X:15,872,571
INFO	2025-02-06 14:27:13	MarkDuplicates	Tracking 260700 as yet unmatched pairs. 85879 records in RAM.
INFO	2025-02-06 14:27:15	MarkDuplicates	Read   161,000,000 records.  Elapsed time: 00:08:22s.  Time for last 1,000,000:    2s.  Last read position: X:16,611,894
INFO	2025-02-06 14:27:15	MarkDuplicates	Tracking 255693 as yet unmatched pairs. 80216 records in RAM.
INFO	2025-02-06 14:27:17	MarkDuplicates	Read   162,000,000 records.  Elapsed time: 00:08:24s.  Time for last 1,000,000:    2s.  Last read position: X:17,396,269
INFO	2025-02-06 14:27:17	MarkDuplicates	Tracking 250282 as yet unmatched pairs. 74182 records in RAM.
INFO	2025-02-06 14:27:20	MarkDuplicates	Read   163,000,000 records.  Elapsed time: 00:08:27s.  Time for last 1,000,000:    2s.  Last read position: X:18,203,625
INFO	2025-02-06 14:27:20	MarkDuplicates	Tracking 244623 as yet unmatched pairs. 67687 records in RAM.
INFO	2025-02-06 14:27:23	MarkDuplicates	Read   164,000,000 records.  Elapsed time: 00:08:30s.  Time for last 1,000,000:    2s.  Last read position: X:19,042,342
INFO	2025-02-06 14:27:23	MarkDuplicates	Tracking 239120 as yet unmatched pairs. 61515 records in RAM.
INFO	2025-02-06 14:27:25	MarkDuplicates	Read   165,000,000 records.  Elapsed time: 00:08:32s.  Time for last 1,000,000:    2s.  Last read position: X:19,861,120
INFO	2025-02-06 14:27:25	MarkDuplicates	Tracking 232635 as yet unmatched pairs. 54306 records in RAM.
INFO	2025-02-06 14:27:27	MarkDuplicates	Read   166,000,000 records.  Elapsed time: 00:08:34s.  Time for last 1,000,000:    2s.  Last read position: X:20,746,094
INFO	2025-02-06 14:27:27	MarkDuplicates	Tracking 227572 as yet unmatched pairs. 48550 records in RAM.
INFO	2025-02-06 14:27:30	MarkDuplicates	Read   167,000,000 records.  Elapsed time: 00:08:37s.  Time for last 1,000,000:    2s.  Last read position: X:21,545,185
INFO	2025-02-06 14:27:30	MarkDuplicates	Tracking 219588 as yet unmatched pairs. 38987 records in RAM.
INFO	2025-02-06 14:27:32	MarkDuplicates	Read   168,000,000 records.  Elapsed time: 00:08:39s.  Time for last 1,000,000:    2s.  Last read position: X:22,433,030
INFO	2025-02-06 14:27:32	MarkDuplicates	Tracking 351614 as yet unmatched pairs. 166148 records in RAM.
INFO	2025-02-06 14:27:35	MarkDuplicates	Read   169,000,000 records.  Elapsed time: 00:08:42s.  Time for last 1,000,000:    2s.  Last read position: X:23,040,263
INFO	2025-02-06 14:27:35	MarkDuplicates	Tracking 198773 as yet unmatched pairs. 11153 records in RAM.
INFO	2025-02-06 14:27:38	MarkDuplicates	Read   170,000,000 records.  Elapsed time: 00:08:45s.  Time for last 1,000,000:    3s.  Last read position: X:23,432,851
INFO	2025-02-06 14:27:38	MarkDuplicates	Tracking 197512 as yet unmatched pairs. 6234 records in RAM.
INFO	2025-02-06 14:27:41	MarkDuplicates	Read   171,000,000 records.  Elapsed time: 00:08:48s.  Time for last 1,000,000:    3s.  Last read position: Y:124,630
INFO	2025-02-06 14:27:41	MarkDuplicates	Tracking 519205 as yet unmatched pairs. 364453 records in RAM.
INFO	2025-02-06 14:27:43	MarkDuplicates	Read   172,000,000 records.  Elapsed time: 00:08:50s.  Time for last 1,000,000:    2s.  Last read position: Y:1,642,522
INFO	2025-02-06 14:27:43	MarkDuplicates	Tracking 226411 as yet unmatched pairs. 58746 records in RAM.
INFO	2025-02-06 14:27:46	MarkDuplicates	Read   173,000,000 records.  Elapsed time: 00:08:53s.  Time for last 1,000,000:    2s.  Last read position: Unmapped_Scaffold_45_D1673:11,679
INFO	2025-02-06 14:27:46	MarkDuplicates	Tracking 169803 as yet unmatched pairs. 237 records in RAM.
INFO	2025-02-06 14:27:49	MarkDuplicates	Read   174,000,000 records.  Elapsed time: 00:08:56s.  Time for last 1,000,000:    2s.  Last read position: rDNA:44,005
INFO	2025-02-06 14:27:49	MarkDuplicates	Tracking 163299 as yet unmatched pairs. 9369 records in RAM.
INFO	2025-02-06 14:27:51	MarkDuplicates	Read   175,000,000 records.  Elapsed time: 00:08:58s.  Time for last 1,000,000:    2s.  Last read position: rDNA:65,968
INFO	2025-02-06 14:27:51	MarkDuplicates	Tracking 172963 as yet unmatched pairs. 18286 records in RAM.
INFO	2025-02-06 14:27:54	MarkDuplicates	Read   176,000,000 records.  Elapsed time: 00:09:01s.  Time for last 1,000,000:    2s.  Last read position: 211000022279376:1,120
INFO	2025-02-06 14:27:54	MarkDuplicates	Tracking 152365 as yet unmatched pairs. 40 records in RAM.
INFO	2025-02-06 14:27:58	MarkDuplicates	Read   177,000,000 records.  Elapsed time: 00:09:05s.  Time for last 1,000,000:    4s.  Last read position: 211000022278207:205
INFO	2025-02-06 14:27:58	MarkDuplicates	Tracking 146194 as yet unmatched pairs. 22403 records in RAM.
INFO	2025-02-06 14:28:01	MarkDuplicates	Read   178,000,000 records.  Elapsed time: 00:09:08s.  Time for last 1,000,000:    2s.  Last read position: 211000022279175:463
INFO	2025-02-06 14:28:01	MarkDuplicates	Tracking 96879 as yet unmatched pairs. 58 records in RAM.
INFO	2025-02-06 14:28:05	MarkDuplicates	Read   179,000,000 records.  Elapsed time: 00:09:12s.  Time for last 1,000,000:    3s.  Last read position: 211000022278554:2,860
INFO	2025-02-06 14:28:05	MarkDuplicates	Tracking 56382 as yet unmatched pairs. 40 records in RAM.
INFO	2025-02-06 14:28:08	MarkDuplicates	Read   180,000,000 records.  Elapsed time: 00:09:15s.  Time for last 1,000,000:    3s.  Last read position: 211000022278555:1,786
INFO	2025-02-06 14:28:08	MarkDuplicates	Tracking 42531 as yet unmatched pairs. 397 records in RAM.
INFO	2025-02-06 14:28:11	MarkDuplicates	Read   181,000,000 records.  Elapsed time: 00:09:18s.  Time for last 1,000,000:    2s.  Last read position: 211000022279065:1,338
INFO	2025-02-06 14:28:11	MarkDuplicates	Tracking 33705 as yet unmatched pairs. 1088 records in RAM.
INFO	2025-02-06 14:28:14	MarkDuplicates	Read   182,000,000 records.  Elapsed time: 00:09:21s.  Time for last 1,000,000:    2s.  Last read position: 211000022280633:1,621
INFO	2025-02-06 14:28:14	MarkDuplicates	Tracking 17878 as yet unmatched pairs. 173 records in RAM.
INFO	2025-02-06 14:28:16	MarkDuplicates	Read   183,000,000 records.  Elapsed time: 00:09:23s.  Time for last 1,000,000:    2s.  Last read position: mitochondrion_genome:3,636
INFO	2025-02-06 14:28:16	MarkDuplicates	Tracking 47161 as yet unmatched pairs. 47161 records in RAM.
INFO	2025-02-06 14:28:19	MarkDuplicates	Read   184,000,000 records.  Elapsed time: 00:09:26s.  Time for last 1,000,000:    2s.  Last read position: mitochondrion_genome:7,618
INFO	2025-02-06 14:28:19	MarkDuplicates	Tracking 44845 as yet unmatched pairs. 44845 records in RAM.
INFO	2025-02-06 14:28:21	MarkDuplicates	Read   185,000,000 records.  Elapsed time: 00:09:28s.  Time for last 1,000,000:    2s.  Last read position: mitochondrion_genome:12,393
INFO	2025-02-06 14:28:21	MarkDuplicates	Tracking 37907 as yet unmatched pairs. 37907 records in RAM.
INFO	2025-02-06 14:28:22	MarkDuplicates	Read 185390753 records. 0 pairs never matched.
INFO	2025-02-06 14:28:44	MarkDuplicates	After buildSortedReadEndLists freeMemory: 68969224; totalMemory: 77594624; maxMemory: 8589934592
INFO	2025-02-06 14:28:44	MarkDuplicates	Will retain up to 268435456 duplicate indices before spilling to disk.
INFO	2025-02-06 14:28:45	MarkDuplicates	Traversing read pair information and detecting duplicates.
INFO	2025-02-06 14:29:15	OpticalDuplicateFinder	Large duplicate set. size = 1065
INFO	2025-02-06 14:29:15	OpticalDuplicateFinder	compared         1,000 ReadEnds to others.  Elapsed time: 00:00:00s.  Time for last 1,000:    0s.  Last read position: 0:17,762
INFO	2025-02-06 14:29:15	OpticalDuplicateFinder	Large duplicate set. size = 1051
INFO	2025-02-06 14:29:15	OpticalDuplicateFinder	compared         1,000 ReadEnds to others.  Elapsed time: 00:00:00s.  Time for last 1,000:    0s.  Last read position: 0:2,462
INFO	2025-02-06 14:29:15	OpticalDuplicateFinder	Large duplicate set. size = 1526
INFO	2025-02-06 14:29:15	OpticalDuplicateFinder	compared         1,000 ReadEnds to others.  Elapsed time: 00:00:00s.  Time for last 1,000:    0s.  Last read position: 0:7,956
INFO	2025-02-06 14:29:15	OpticalDuplicateFinder	Large duplicate set. size = 1683
INFO	2025-02-06 14:29:15	OpticalDuplicateFinder	compared         1,000 ReadEnds to others.  Elapsed time: 00:00:00s.  Time for last 1,000:    0s.  Last read position: 0:7,119
INFO	2025-02-06 14:29:15	OpticalDuplicateFinder	Large duplicate set. size = 1031
INFO	2025-02-06 14:29:15	OpticalDuplicateFinder	compared         1,000 ReadEnds to others.  Elapsed time: 00:00:00s.  Time for last 1,000:    0s.  Last read position: 0:13,456
INFO	2025-02-06 14:29:15	OpticalDuplicateFinder	Large duplicate set. size = 1114
INFO	2025-02-06 14:29:15	OpticalDuplicateFinder	compared         1,000 ReadEnds to others.  Elapsed time: 00:00:00s.  Time for last 1,000:    0s.  Last read position: 0:18,120
INFO	2025-02-06 14:29:15	OpticalDuplicateFinder	Large duplicate set. size = 1069
INFO	2025-02-06 14:29:15	OpticalDuplicateFinder	compared         1,000 ReadEnds to others.  Elapsed time: 00:00:00s.  Time for last 1,000:    0s.  Last read position: 0:3,808
INFO	2025-02-06 14:29:15	OpticalDuplicateFinder	Large duplicate set. size = 1493
INFO	2025-02-06 14:29:15	OpticalDuplicateFinder	compared         1,000 ReadEnds to others.  Elapsed time: 00:00:00s.  Time for last 1,000:    0s.  Last read position: 0:18,373
INFO	2025-02-06 14:29:15	OpticalDuplicateFinder	Large duplicate set. size = 1574
INFO	2025-02-06 14:29:15	OpticalDuplicateFinder	compared         1,000 ReadEnds to others.  Elapsed time: 00:00:00s.  Time for last 1,000:    0s.  Last read position: 0:18,357
INFO	2025-02-06 14:29:15	OpticalDuplicateFinder	Large duplicate set. size = 1243
INFO	2025-02-06 14:29:15	OpticalDuplicateFinder	compared         1,000 ReadEnds to others.  Elapsed time: 00:00:00s.  Time for last 1,000:    0s.  Last read position: 0:5,663
INFO	2025-02-06 14:29:15	OpticalDuplicateFinder	Large duplicate set. size = 1001
INFO	2025-02-06 14:29:15	OpticalDuplicateFinder	compared         1,000 ReadEnds to others.  Elapsed time: 00:00:00s.  Time for last 1,000:    0s.  Last read position: 0:11,177
INFO	2025-02-06 14:29:15	OpticalDuplicateFinder	Large duplicate set. size = 1239
INFO	2025-02-06 14:29:15	OpticalDuplicateFinder	compared         1,000 ReadEnds to others.  Elapsed time: 00:00:00s.  Time for last 1,000:    0s.  Last read position: 0:16,999
INFO	2025-02-06 14:29:15	OpticalDuplicateFinder	Large duplicate set. size = 1044
INFO	2025-02-06 14:29:15	OpticalDuplicateFinder	compared         1,000 ReadEnds to others.  Elapsed time: 00:00:00s.  Time for last 1,000:    0s.  Last read position: 0:16,793
INFO	2025-02-06 14:29:15	OpticalDuplicateFinder	Large duplicate set. size = 1235
INFO	2025-02-06 14:29:15	OpticalDuplicateFinder	compared         1,000 ReadEnds to others.  Elapsed time: 00:00:00s.  Time for last 1,000:    0s.  Last read position: 0:6,782
INFO	2025-02-06 14:29:15	OpticalDuplicateFinder	Large duplicate set. size = 1229
INFO	2025-02-06 14:29:15	OpticalDuplicateFinder	compared         1,000 ReadEnds to others.  Elapsed time: 00:00:00s.  Time for last 1,000:    0s.  Last read position: 0:18,447
INFO	2025-02-06 14:29:15	OpticalDuplicateFinder	Large duplicate set. size = 1668
INFO	2025-02-06 14:29:15	OpticalDuplicateFinder	compared         1,000 ReadEnds to others.  Elapsed time: 00:00:00s.  Time for last 1,000:    0s.  Last read position: 0:10,422
INFO	2025-02-06 14:29:15	OpticalDuplicateFinder	Large duplicate set. size = 1651
INFO	2025-02-06 14:29:15	OpticalDuplicateFinder	compared         1,000 ReadEnds to others.  Elapsed time: 00:00:00s.  Time for last 1,000:    0s.  Last read position: 0:16,761
INFO	2025-02-06 14:29:16	OpticalDuplicateFinder	Large duplicate set. size = 1247
INFO	2025-02-06 14:29:16	OpticalDuplicateFinder	compared         1,000 ReadEnds to others.  Elapsed time: 00:00:00s.  Time for last 1,000:    0s.  Last read position: 0:14,012
INFO	2025-02-06 14:29:16	OpticalDuplicateFinder	Large duplicate set. size = 1082
INFO	2025-02-06 14:29:16	OpticalDuplicateFinder	compared         1,000 ReadEnds to others.  Elapsed time: 00:00:00s.  Time for last 1,000:    0s.  Last read position: 0:16,369
INFO	2025-02-06 14:29:16	OpticalDuplicateFinder	Large duplicate set. size = 1039
INFO	2025-02-06 14:29:17	OpticalDuplicateFinder	compared         1,000 ReadEnds to others.  Elapsed time: 00:00:00s.  Time for last 1,000:    0s.  Last read position: 0:17,820
INFO	2025-02-06 14:29:17	OpticalDuplicateFinder	Large duplicate set. size = 1384
INFO	2025-02-06 14:29:17	OpticalDuplicateFinder	compared         1,000 ReadEnds to others.  Elapsed time: 00:00:00s.  Time for last 1,000:    0s.  Last read position: 0:15,237
INFO	2025-02-06 14:29:17	OpticalDuplicateFinder	Large duplicate set. size = 1168
INFO	2025-02-06 14:29:17	OpticalDuplicateFinder	compared         1,000 ReadEnds to others.  Elapsed time: 00:00:00s.  Time for last 1,000:    0s.  Last read position: 0:10,588
INFO	2025-02-06 14:29:17	OpticalDuplicateFinder	Large duplicate set. size = 1186
INFO	2025-02-06 14:29:18	OpticalDuplicateFinder	compared         1,000 ReadEnds to others.  Elapsed time: 00:00:00s.  Time for last 1,000:    0s.  Last read position: 0:6,905
INFO	2025-02-06 14:29:18	OpticalDuplicateFinder	Large duplicate set. size = 1198
INFO	2025-02-06 14:29:18	OpticalDuplicateFinder	compared         1,000 ReadEnds to others.  Elapsed time: 00:00:00s.  Time for last 1,000:    0s.  Last read position: 0:16,562
INFO	2025-02-06 14:29:18	OpticalDuplicateFinder	Large duplicate set. size = 1147
INFO	2025-02-06 14:29:18	OpticalDuplicateFinder	compared         1,000 ReadEnds to others.  Elapsed time: 00:00:00s.  Time for last 1,000:    0s.  Last read position: 0:3,348
INFO	2025-02-06 14:29:18	OpticalDuplicateFinder	Large duplicate set. size = 1051
INFO	2025-02-06 14:29:18	OpticalDuplicateFinder	compared         1,000 ReadEnds to others.  Elapsed time: 00:00:00s.  Time for last 1,000:    0s.  Last read position: 0:1,100
INFO	2025-02-06 14:29:18	OpticalDuplicateFinder	Large duplicate set. size = 1247
INFO	2025-02-06 14:29:18	OpticalDuplicateFinder	compared         1,000 ReadEnds to others.  Elapsed time: 00:00:00s.  Time for last 1,000:    0s.  Last read position: 0:18,601
INFO	2025-02-06 14:29:18	OpticalDuplicateFinder	Large duplicate set. size = 1029
INFO	2025-02-06 14:29:18	OpticalDuplicateFinder	compared         1,000 ReadEnds to others.  Elapsed time: 00:00:00s.  Time for last 1,000:    0s.  Last read position: 0:5,576
INFO	2025-02-06 14:29:18	OpticalDuplicateFinder	Large duplicate set. size = 1139
INFO	2025-02-06 14:29:18	OpticalDuplicateFinder	compared         1,000 ReadEnds to others.  Elapsed time: 00:00:00s.  Time for last 1,000:    0s.  Last read position: 0:18,174
INFO	2025-02-06 14:29:18	OpticalDuplicateFinder	Large duplicate set. size = 1205
INFO	2025-02-06 14:29:18	OpticalDuplicateFinder	compared         1,000 ReadEnds to others.  Elapsed time: 00:00:00s.  Time for last 1,000:    0s.  Last read position: 0:9,331
INFO	2025-02-06 14:29:18	OpticalDuplicateFinder	Large duplicate set. size = 1038
INFO	2025-02-06 14:29:18	OpticalDuplicateFinder	compared         1,000 ReadEnds to others.  Elapsed time: 00:00:00s.  Time for last 1,000:    0s.  Last read position: 0:5,683
INFO	2025-02-06 14:29:18	OpticalDuplicateFinder	Large duplicate set. size = 1225
INFO	2025-02-06 14:29:18	OpticalDuplicateFinder	compared         1,000 ReadEnds to others.  Elapsed time: 00:00:00s.  Time for last 1,000:    0s.  Last read position: 0:6,678
INFO	2025-02-06 14:29:20	MarkDuplicates	Traversing fragment information and detecting duplicates.
INFO	2025-02-06 14:30:02	MarkDuplicates	Sorting list of duplicate records.
INFO	2025-02-06 14:30:07	MarkDuplicates	After generateDuplicateIndexes freeMemory: 1459285904; totalMemory: 3617587200; maxMemory: 8589934592
INFO	2025-02-06 14:30:07	MarkDuplicates	Marking 77587305 records as duplicates.
INFO	2025-02-06 14:30:07	MarkDuplicates	Found 276317 optical duplicate clusters.
INFO	2025-02-06 14:30:07	MarkDuplicates	Reads are assumed to be ordered by: coordinate
INFO	2025-02-06 14:32:03	MarkDuplicates	Written    10,000,000 records.  Elapsed time: 00:01:55s.  Time for last 10,000,000:  115s.  Last read position: 2L:13,533,318
INFO	2025-02-06 14:33:55	MarkDuplicates	Written    20,000,000 records.  Elapsed time: 00:03:48s.  Time for last 10,000,000:  112s.  Last read position: 2R:2,631,923
