[bam_sort_core] merging from 47 files and 1 in-memory blocks...
INFO	2025-02-06 13:51:30	AddOrReplaceReadGroups	

********** NOTE: Picard's command line syntax is changing.
**********
********** For more information, please see:
********** https://github.com/broadinstitute/picard/wiki/Command-Line-Syntax-Transition-For-Users-(Pre-Transition)
**********
********** The command line looks like this in the new syntax:
**********
**********    AddOrReplaceReadGroups -I /dfs6/pub/itamburi/ee283/week5/bamout/ADL09.mrg.bam -O /dfs6/pub/itamburi/ee283/week5/bamout/ADL09.RG.bam -SORT_ORDER coordinate -RGPL illumina -RGPU D109LACXX -RGLB Lib1 -RGID ADL09 -RGSM ADL09 -VALIDATION_STRINGENCY LENIENT
**********


13:51:31.355 INFO  NativeLibraryLoader - Loading libgkl_compression.so from jar:file:/opt/apps/picard-tools/2.27.1/picard.jar!/com/intel/gkl/native/libgkl_compression.so
[Thu Feb 06 13:51:31 PST 2025] AddOrReplaceReadGroups INPUT=/dfs6/pub/itamburi/ee283/week5/bamout/ADL09.mrg.bam OUTPUT=/dfs6/pub/itamburi/ee283/week5/bamout/ADL09.RG.bam SORT_ORDER=coordinate RGID=ADL09 RGLB=Lib1 RGPL=illumina RGPU=D109LACXX RGSM=ADL09 VALIDATION_STRINGENCY=LENIENT    VERBOSITY=INFO QUIET=false COMPRESSION_LEVEL=5 MAX_RECORDS_IN_RAM=500000 CREATE_INDEX=false CREATE_MD5_FILE=false GA4GH_CLIENT_SECRETS=client_secrets.json USE_JDK_DEFLATER=false USE_JDK_INFLATER=false
[Thu Feb 06 13:51:31 PST 2025] Executing as itamburi@hpc3-21-09 on Linux 4.18.0-553.22.1.el8_10.x86_64 amd64; OpenJDK 64-Bit Server VM 11.0.25+9-LTS; Deflater: Intel; Inflater: Intel; Provider GCS is not available; Picard version: unspecified-SNAPSHOT
INFO	2025-02-06 13:51:31	AddOrReplaceReadGroups	Created read-group ID=ADL09 PL=illumina LB=Lib1 SM=ADL09

INFO	2025-02-06 13:51:39	AddOrReplaceReadGroups	Processed     1,000,000 records.  Elapsed time: 00:00:08s.  Time for last 1,000,000:    8s.  Last read position: 2L:809,338
INFO	2025-02-06 13:51:47	AddOrReplaceReadGroups	Processed     2,000,000 records.  Elapsed time: 00:00:15s.  Time for last 1,000,000:    7s.  Last read position: 2L:1,704,505
INFO	2025-02-06 13:51:55	AddOrReplaceReadGroups	Processed     3,000,000 records.  Elapsed time: 00:00:23s.  Time for last 1,000,000:    7s.  Last read position: 2L:2,528,466
INFO	2025-02-06 13:52:03	AddOrReplaceReadGroups	Processed     4,000,000 records.  Elapsed time: 00:00:31s.  Time for last 1,000,000:    7s.  Last read position: 2L:3,351,244
INFO	2025-02-06 13:52:11	AddOrReplaceReadGroups	Processed     5,000,000 records.  Elapsed time: 00:00:39s.  Time for last 1,000,000:    8s.  Last read position: 2L:4,174,008
INFO	2025-02-06 13:52:19	AddOrReplaceReadGroups	Processed     6,000,000 records.  Elapsed time: 00:00:48s.  Time for last 1,000,000:    8s.  Last read position: 2L:5,061,616
INFO	2025-02-06 13:52:29	AddOrReplaceReadGroups	Processed     7,000,000 records.  Elapsed time: 00:00:57s.  Time for last 1,000,000:    9s.  Last read position: 2L:5,886,961
INFO	2025-02-06 13:52:37	AddOrReplaceReadGroups	Processed     8,000,000 records.  Elapsed time: 00:01:05s.  Time for last 1,000,000:    8s.  Last read position: 2L:6,732,650
INFO	2025-02-06 13:52:45	AddOrReplaceReadGroups	Processed     9,000,000 records.  Elapsed time: 00:01:13s.  Time for last 1,000,000:    7s.  Last read position: 2L:7,530,704
INFO	2025-02-06 13:52:52	AddOrReplaceReadGroups	Processed    10,000,000 records.  Elapsed time: 00:01:21s.  Time for last 1,000,000:    7s.  Last read position: 2L:8,312,314
INFO	2025-02-06 13:53:01	AddOrReplaceReadGroups	Processed    11,000,000 records.  Elapsed time: 00:01:29s.  Time for last 1,000,000:    8s.  Last read position: 2L:9,103,539
INFO	2025-02-06 13:53:09	AddOrReplaceReadGroups	Processed    12,000,000 records.  Elapsed time: 00:01:37s.  Time for last 1,000,000:    8s.  Last read position: 2L:9,899,618
INFO	2025-02-06 13:53:18	AddOrReplaceReadGroups	Processed    13,000,000 records.  Elapsed time: 00:01:47s.  Time for last 1,000,000:    9s.  Last read position: 2L:10,674,310
INFO	2025-02-06 13:53:27	AddOrReplaceReadGroups	Processed    14,000,000 records.  Elapsed time: 00:01:55s.  Time for last 1,000,000:    8s.  Last read position: 2L:11,509,244
INFO	2025-02-06 13:53:35	AddOrReplaceReadGroups	Processed    15,000,000 records.  Elapsed time: 00:02:03s.  Time for last 1,000,000:    8s.  Last read position: 2L:12,333,882
INFO	2025-02-06 13:53:44	AddOrReplaceReadGroups	Processed    16,000,000 records.  Elapsed time: 00:02:12s.  Time for last 1,000,000:    8s.  Last read position: 2L:13,157,619
INFO	2025-02-06 13:53:52	AddOrReplaceReadGroups	Processed    17,000,000 records.  Elapsed time: 00:02:20s.  Time for last 1,000,000:    7s.  Last read position: 2L:13,963,068
INFO	2025-02-06 13:53:59	AddOrReplaceReadGroups	Processed    18,000,000 records.  Elapsed time: 00:02:28s.  Time for last 1,000,000:    7s.  Last read position: 2L:14,783,120
INFO	2025-02-06 13:54:07	AddOrReplaceReadGroups	Processed    19,000,000 records.  Elapsed time: 00:02:36s.  Time for last 1,000,000:    7s.  Last read position: 2L:15,654,865
INFO	2025-02-06 13:54:16	AddOrReplaceReadGroups	Processed    20,000,000 records.  Elapsed time: 00:02:44s.  Time for last 1,000,000:    8s.  Last read position: 2L:16,516,653
INFO	2025-02-06 13:54:24	AddOrReplaceReadGroups	Processed    21,000,000 records.  Elapsed time: 00:02:53s.  Time for last 1,000,000:    8s.  Last read position: 2L:17,417,305
INFO	2025-02-06 13:54:33	AddOrReplaceReadGroups	Processed    22,000,000 records.  Elapsed time: 00:03:02s.  Time for last 1,000,000:    8s.  Last read position: 2L:18,331,432
INFO	2025-02-06 13:54:42	AddOrReplaceReadGroups	Processed    23,000,000 records.  Elapsed time: 00:03:10s.  Time for last 1,000,000:    8s.  Last read position: 2L:19,150,474
INFO	2025-02-06 13:54:50	AddOrReplaceReadGroups	Processed    24,000,000 records.  Elapsed time: 00:03:18s.  Time for last 1,000,000:    8s.  Last read position: 2L:19,981,952
INFO	2025-02-06 13:54:58	AddOrReplaceReadGroups	Processed    25,000,000 records.  Elapsed time: 00:03:27s.  Time for last 1,000,000:    8s.  Last read position: 2L:20,804,278
INFO	2025-02-06 13:55:07	AddOrReplaceReadGroups	Processed    26,000,000 records.  Elapsed time: 00:03:35s.  Time for last 1,000,000:    8s.  Last read position: 2L:21,460,750
INFO	2025-02-06 13:55:16	AddOrReplaceReadGroups	Processed    27,000,000 records.  Elapsed time: 00:03:44s.  Time for last 1,000,000:    8s.  Last read position: 2L:22,112,058
INFO	2025-02-06 13:55:25	AddOrReplaceReadGroups	Processed    28,000,000 records.  Elapsed time: 00:03:53s.  Time for last 1,000,000:    8s.  Last read position: 2L:22,933,619
INFO	2025-02-06 13:55:34	AddOrReplaceReadGroups	Processed    29,000,000 records.  Elapsed time: 00:04:02s.  Time for last 1,000,000:    8s.  Last read position: 2R:339,736
INFO	2025-02-06 13:55:42	AddOrReplaceReadGroups	Processed    30,000,000 records.  Elapsed time: 00:04:10s.  Time for last 1,000,000:    8s.  Last read position: 2R:1,426,977
INFO	2025-02-06 13:55:51	AddOrReplaceReadGroups	Processed    31,000,000 records.  Elapsed time: 00:04:19s.  Time for last 1,000,000:    8s.  Last read position: 2R:2,344,413
INFO	2025-02-06 13:56:00	AddOrReplaceReadGroups	Processed    32,000,000 records.  Elapsed time: 00:04:28s.  Time for last 1,000,000:    8s.  Last read position: 2R:3,317,826
INFO	2025-02-06 13:56:08	AddOrReplaceReadGroups	Processed    33,000,000 records.  Elapsed time: 00:04:36s.  Time for last 1,000,000:    8s.  Last read position: 2R:4,270,161
INFO	2025-02-06 13:56:16	AddOrReplaceReadGroups	Processed    34,000,000 records.  Elapsed time: 00:04:45s.  Time for last 1,000,000:    8s.  Last read position: 2R:5,095,264
INFO	2025-02-06 13:56:24	AddOrReplaceReadGroups	Processed    35,000,000 records.  Elapsed time: 00:04:53s.  Time for last 1,000,000:    8s.  Last read position: 2R:5,911,402
INFO	2025-02-06 13:56:33	AddOrReplaceReadGroups	Processed    36,000,000 records.  Elapsed time: 00:05:01s.  Time for last 1,000,000:    8s.  Last read position: 2R:6,721,557
INFO	2025-02-06 13:56:41	AddOrReplaceReadGroups	Processed    37,000,000 records.  Elapsed time: 00:05:09s.  Time for last 1,000,000:    8s.  Last read position: 2R:7,574,885
INFO	2025-02-06 13:56:50	AddOrReplaceReadGroups	Processed    38,000,000 records.  Elapsed time: 00:05:18s.  Time for last 1,000,000:    8s.  Last read position: 2R:8,413,554
INFO	2025-02-06 13:56:58	AddOrReplaceReadGroups	Processed    39,000,000 records.  Elapsed time: 00:05:27s.  Time for last 1,000,000:    8s.  Last read position: 2R:9,274,265
INFO	2025-02-06 13:57:07	AddOrReplaceReadGroups	Processed    40,000,000 records.  Elapsed time: 00:05:35s.  Time for last 1,000,000:    8s.  Last read position: 2R:10,091,460
INFO	2025-02-06 13:57:16	AddOrReplaceReadGroups	Processed    41,000,000 records.  Elapsed time: 00:05:44s.  Time for last 1,000,000:    9s.  Last read position: 2R:10,895,782
INFO	2025-02-06 13:57:25	AddOrReplaceReadGroups	Processed    42,000,000 records.  Elapsed time: 00:05:53s.  Time for last 1,000,000:    8s.  Last read position: 2R:11,719,771
INFO	2025-02-06 13:57:34	AddOrReplaceReadGroups	Processed    43,000,000 records.  Elapsed time: 00:06:02s.  Time for last 1,000,000:    8s.  Last read position: 2R:12,537,138
INFO	2025-02-06 13:57:43	AddOrReplaceReadGroups	Processed    44,000,000 records.  Elapsed time: 00:06:11s.  Time for last 1,000,000:    9s.  Last read position: 2R:13,354,950
INFO	2025-02-06 13:57:52	AddOrReplaceReadGroups	Processed    45,000,000 records.  Elapsed time: 00:06:20s.  Time for last 1,000,000:    9s.  Last read position: 2R:14,185,697
INFO	2025-02-06 13:58:02	AddOrReplaceReadGroups	Processed    46,000,000 records.  Elapsed time: 00:06:30s.  Time for last 1,000,000:    9s.  Last read position: 2R:15,009,240
INFO	2025-02-06 13:58:10	AddOrReplaceReadGroups	Processed    47,000,000 records.  Elapsed time: 00:06:39s.  Time for last 1,000,000:    8s.  Last read position: 2R:15,869,531
INFO	2025-02-06 13:58:19	AddOrReplaceReadGroups	Processed    48,000,000 records.  Elapsed time: 00:06:47s.  Time for last 1,000,000:    8s.  Last read position: 2R:16,693,904
INFO	2025-02-06 13:58:28	AddOrReplaceReadGroups	Processed    49,000,000 records.  Elapsed time: 00:06:57s.  Time for last 1,000,000:    9s.  Last read position: 2R:17,481,682
INFO	2025-02-06 13:58:37	AddOrReplaceReadGroups	Processed    50,000,000 records.  Elapsed time: 00:07:06s.  Time for last 1,000,000:    8s.  Last read position: 2R:18,310,627
INFO	2025-02-06 13:58:45	AddOrReplaceReadGroups	Processed    51,000,000 records.  Elapsed time: 00:07:13s.  Time for last 1,000,000:    7s.  Last read position: 2R:19,140,564
INFO	2025-02-06 13:58:53	AddOrReplaceReadGroups	Processed    52,000,000 records.  Elapsed time: 00:07:21s.  Time for last 1,000,000:    7s.  Last read position: 2R:19,955,739
INFO	2025-02-06 13:59:01	AddOrReplaceReadGroups	Processed    53,000,000 records.  Elapsed time: 00:07:30s.  Time for last 1,000,000:    8s.  Last read position: 2R:20,815,273
INFO	2025-02-06 13:59:11	AddOrReplaceReadGroups	Processed    54,000,000 records.  Elapsed time: 00:07:39s.  Time for last 1,000,000:    9s.  Last read position: 2R:21,654,684
INFO	2025-02-06 13:59:20	AddOrReplaceReadGroups	Processed    55,000,000 records.  Elapsed time: 00:07:48s.  Time for last 1,000,000:    9s.  Last read position: 2R:22,489,377
INFO	2025-02-06 13:59:29	AddOrReplaceReadGroups	Processed    56,000,000 records.  Elapsed time: 00:07:57s.  Time for last 1,000,000:    8s.  Last read position: 2R:23,366,265
INFO	2025-02-06 13:59:37	AddOrReplaceReadGroups	Processed    57,000,000 records.  Elapsed time: 00:08:06s.  Time for last 1,000,000:    8s.  Last read position: 2R:24,242,352
INFO	2025-02-06 13:59:47	AddOrReplaceReadGroups	Processed    58,000,000 records.  Elapsed time: 00:08:15s.  Time for last 1,000,000:    9s.  Last read position: 2R:25,134,617
INFO	2025-02-06 13:59:55	AddOrReplaceReadGroups	Processed    59,000,000 records.  Elapsed time: 00:08:24s.  Time for last 1,000,000:    8s.  Last read position: 3L:561,045
INFO	2025-02-06 14:00:04	AddOrReplaceReadGroups	Processed    60,000,000 records.  Elapsed time: 00:08:32s.  Time for last 1,000,000:    8s.  Last read position: 3L:1,414,420
INFO	2025-02-06 14:00:12	AddOrReplaceReadGroups	Processed    61,000,000 records.  Elapsed time: 00:08:41s.  Time for last 1,000,000:    8s.  Last read position: 3L:2,266,434
INFO	2025-02-06 14:00:21	AddOrReplaceReadGroups	Processed    62,000,000 records.  Elapsed time: 00:08:50s.  Time for last 1,000,000:    8s.  Last read position: 3L:3,114,621
INFO	2025-02-06 14:00:30	AddOrReplaceReadGroups	Processed    63,000,000 records.  Elapsed time: 00:08:58s.  Time for last 1,000,000:    8s.  Last read position: 3L:3,909,515
INFO	2025-02-06 14:00:39	AddOrReplaceReadGroups	Processed    64,000,000 records.  Elapsed time: 00:09:07s.  Time for last 1,000,000:    8s.  Last read position: 3L:4,736,770
INFO	2025-02-06 14:00:47	AddOrReplaceReadGroups	Processed    65,000,000 records.  Elapsed time: 00:09:16s.  Time for last 1,000,000:    8s.  Last read position: 3L:5,613,878
INFO	2025-02-06 14:00:57	AddOrReplaceReadGroups	Processed    66,000,000 records.  Elapsed time: 00:09:25s.  Time for last 1,000,000:    9s.  Last read position: 3L:6,472,270
INFO	2025-02-06 14:01:07	AddOrReplaceReadGroups	Processed    67,000,000 records.  Elapsed time: 00:09:35s.  Time for last 1,000,000:    9s.  Last read position: 3L:7,320,171
INFO	2025-02-06 14:01:16	AddOrReplaceReadGroups	Processed    68,000,000 records.  Elapsed time: 00:09:44s.  Time for last 1,000,000:    9s.  Last read position: 3L:8,112,796
INFO	2025-02-06 14:01:24	AddOrReplaceReadGroups	Processed    69,000,000 records.  Elapsed time: 00:09:53s.  Time for last 1,000,000:    8s.  Last read position: 3L:8,891,386
INFO	2025-02-06 14:01:33	AddOrReplaceReadGroups	Processed    70,000,000 records.  Elapsed time: 00:10:02s.  Time for last 1,000,000:    8s.  Last read position: 3L:9,698,525
INFO	2025-02-06 14:01:42	AddOrReplaceReadGroups	Processed    71,000,000 records.  Elapsed time: 00:10:10s.  Time for last 1,000,000:    8s.  Last read position: 3L:10,540,572
INFO	2025-02-06 14:01:51	AddOrReplaceReadGroups	Processed    72,000,000 records.  Elapsed time: 00:10:19s.  Time for last 1,000,000:    8s.  Last read position: 3L:11,353,587
INFO	2025-02-06 14:02:00	AddOrReplaceReadGroups	Processed    73,000,000 records.  Elapsed time: 00:10:28s.  Time for last 1,000,000:    9s.  Last read position: 3L:12,144,243
INFO	2025-02-06 14:02:09	AddOrReplaceReadGroups	Processed    74,000,000 records.  Elapsed time: 00:10:37s.  Time for last 1,000,000:    8s.  Last read position: 3L:12,952,929
INFO	2025-02-06 14:02:17	AddOrReplaceReadGroups	Processed    75,000,000 records.  Elapsed time: 00:10:46s.  Time for last 1,000,000:    8s.  Last read position: 3L:13,843,924
INFO	2025-02-06 14:02:27	AddOrReplaceReadGroups	Processed    76,000,000 records.  Elapsed time: 00:10:55s.  Time for last 1,000,000:    9s.  Last read position: 3L:14,615,515
INFO	2025-02-06 14:02:36	AddOrReplaceReadGroups	Processed    77,000,000 records.  Elapsed time: 00:11:04s.  Time for last 1,000,000:    9s.  Last read position: 3L:15,414,802
INFO	2025-02-06 14:02:45	AddOrReplaceReadGroups	Processed    78,000,000 records.  Elapsed time: 00:11:13s.  Time for last 1,000,000:    8s.  Last read position: 3L:16,212,521
INFO	2025-02-06 14:02:54	AddOrReplaceReadGroups	Processed    79,000,000 records.  Elapsed time: 00:11:22s.  Time for last 1,000,000:    8s.  Last read position: 3L:17,006,132
INFO	2025-02-06 14:03:03	AddOrReplaceReadGroups	Processed    80,000,000 records.  Elapsed time: 00:11:31s.  Time for last 1,000,000:    8s.  Last read position: 3L:17,846,224
INFO	2025-02-06 14:03:12	AddOrReplaceReadGroups	Processed    81,000,000 records.  Elapsed time: 00:11:40s.  Time for last 1,000,000:    9s.  Last read position: 3L:18,652,455
INFO	2025-02-06 14:03:20	AddOrReplaceReadGroups	Processed    82,000,000 records.  Elapsed time: 00:11:49s.  Time for last 1,000,000:    8s.  Last read position: 3L:19,444,656
INFO	2025-02-06 14:03:29	AddOrReplaceReadGroups	Processed    83,000,000 records.  Elapsed time: 00:11:57s.  Time for last 1,000,000:    8s.  Last read position: 3L:20,266,775
INFO	2025-02-06 14:03:38	AddOrReplaceReadGroups	Processed    84,000,000 records.  Elapsed time: 00:12:06s.  Time for last 1,000,000:    8s.  Last read position: 3L:21,065,772
INFO	2025-02-06 14:03:47	AddOrReplaceReadGroups	Processed    85,000,000 records.  Elapsed time: 00:12:15s.  Time for last 1,000,000:    8s.  Last read position: 3L:21,874,572
INFO	2025-02-06 14:03:55	AddOrReplaceReadGroups	Processed    86,000,000 records.  Elapsed time: 00:12:23s.  Time for last 1,000,000:    8s.  Last read position: 3L:22,752,589
INFO	2025-02-06 14:04:04	AddOrReplaceReadGroups	Processed    87,000,000 records.  Elapsed time: 00:12:32s.  Time for last 1,000,000:    9s.  Last read position: 3L:23,537,228
INFO	2025-02-06 14:04:12	AddOrReplaceReadGroups	Processed    88,000,000 records.  Elapsed time: 00:12:41s.  Time for last 1,000,000:    8s.  Last read position: 3L:24,370,535
INFO	2025-02-06 14:04:21	AddOrReplaceReadGroups	Processed    89,000,000 records.  Elapsed time: 00:12:49s.  Time for last 1,000,000:    8s.  Last read position: 3L:25,345,526
INFO	2025-02-06 14:04:30	AddOrReplaceReadGroups	Processed    90,000,000 records.  Elapsed time: 00:12:58s.  Time for last 1,000,000:    8s.  Last read position: 3L:26,294,397
INFO	2025-02-06 14:04:38	AddOrReplaceReadGroups	Processed    91,000,000 records.  Elapsed time: 00:13:07s.  Time for last 1,000,000:    8s.  Last read position: 3L:27,313,495
INFO	2025-02-06 14:04:47	AddOrReplaceReadGroups	Processed    92,000,000 records.  Elapsed time: 00:13:15s.  Time for last 1,000,000:    8s.  Last read position: 3R:256,558
INFO	2025-02-06 14:04:56	AddOrReplaceReadGroups	Processed    93,000,000 records.  Elapsed time: 00:13:24s.  Time for last 1,000,000:    8s.  Last read position: 3R:1,571,581
INFO	2025-02-06 14:05:05	AddOrReplaceReadGroups	Processed    94,000,000 records.  Elapsed time: 00:13:33s.  Time for last 1,000,000:    9s.  Last read position: 3R:3,002,197
INFO	2025-02-06 14:05:14	AddOrReplaceReadGroups	Processed    95,000,000 records.  Elapsed time: 00:13:43s.  Time for last 1,000,000:    9s.  Last read position: 3R:3,964,201
INFO	2025-02-06 14:05:23	AddOrReplaceReadGroups	Processed    96,000,000 records.  Elapsed time: 00:13:51s.  Time for last 1,000,000:    8s.  Last read position: 3R:4,786,679
INFO	2025-02-06 14:05:31	AddOrReplaceReadGroups	Processed    97,000,000 records.  Elapsed time: 00:14:00s.  Time for last 1,000,000:    8s.  Last read position: 3R:5,587,470
INFO	2025-02-06 14:05:41	AddOrReplaceReadGroups	Processed    98,000,000 records.  Elapsed time: 00:14:09s.  Time for last 1,000,000:    9s.  Last read position: 3R:6,449,679
INFO	2025-02-06 14:05:49	AddOrReplaceReadGroups	Processed    99,000,000 records.  Elapsed time: 00:14:17s.  Time for last 1,000,000:    8s.  Last read position: 3R:7,280,934
INFO	2025-02-06 14:05:58	AddOrReplaceReadGroups	Processed   100,000,000 records.  Elapsed time: 00:14:26s.  Time for last 1,000,000:    8s.  Last read position: 3R:8,110,122
INFO	2025-02-06 14:06:08	AddOrReplaceReadGroups	Processed   101,000,000 records.  Elapsed time: 00:14:36s.  Time for last 1,000,000:   10s.  Last read position: 3R:8,935,977
INFO	2025-02-06 14:06:17	AddOrReplaceReadGroups	Processed   102,000,000 records.  Elapsed time: 00:14:45s.  Time for last 1,000,000:    8s.  Last read position: 3R:9,734,128
INFO	2025-02-06 14:06:26	AddOrReplaceReadGroups	Processed   103,000,000 records.  Elapsed time: 00:14:54s.  Time for last 1,000,000:    9s.  Last read position: 3R:10,552,842
INFO	2025-02-06 14:06:35	AddOrReplaceReadGroups	Processed   104,000,000 records.  Elapsed time: 00:15:03s.  Time for last 1,000,000:    9s.  Last read position: 3R:11,414,484
INFO	2025-02-06 14:06:44	AddOrReplaceReadGroups	Processed   105,000,000 records.  Elapsed time: 00:15:12s.  Time for last 1,000,000:    8s.  Last read position: 3R:12,244,932
INFO	2025-02-06 14:06:55	AddOrReplaceReadGroups	Processed   106,000,000 records.  Elapsed time: 00:15:24s.  Time for last 1,000,000:   11s.  Last read position: 3R:13,062,508
INFO	2025-02-06 14:07:06	AddOrReplaceReadGroups	Processed   107,000,000 records.  Elapsed time: 00:15:34s.  Time for last 1,000,000:   10s.  Last read position: 3R:13,884,954
INFO	2025-02-06 14:07:15	AddOrReplaceReadGroups	Processed   108,000,000 records.  Elapsed time: 00:15:43s.  Time for last 1,000,000:    9s.  Last read position: 3R:14,700,498
INFO	2025-02-06 14:07:25	AddOrReplaceReadGroups	Processed   109,000,000 records.  Elapsed time: 00:15:53s.  Time for last 1,000,000:    9s.  Last read position: 3R:15,519,913
INFO	2025-02-06 14:07:34	AddOrReplaceReadGroups	Processed   110,000,000 records.  Elapsed time: 00:16:02s.  Time for last 1,000,000:    9s.  Last read position: 3R:16,348,577
INFO	2025-02-06 14:07:43	AddOrReplaceReadGroups	Processed   111,000,000 records.  Elapsed time: 00:16:11s.  Time for last 1,000,000:    8s.  Last read position: 3R:17,188,941
INFO	2025-02-06 14:07:51	AddOrReplaceReadGroups	Processed   112,000,000 records.  Elapsed time: 00:16:20s.  Time for last 1,000,000:    8s.  Last read position: 3R:18,048,999
INFO	2025-02-06 14:08:00	AddOrReplaceReadGroups	Processed   113,000,000 records.  Elapsed time: 00:16:29s.  Time for last 1,000,000:    9s.  Last read position: 3R:18,881,426
INFO	2025-02-06 14:08:09	AddOrReplaceReadGroups	Processed   114,000,000 records.  Elapsed time: 00:16:37s.  Time for last 1,000,000:    8s.  Last read position: 3R:19,695,833
INFO	2025-02-06 14:08:18	AddOrReplaceReadGroups	Processed   115,000,000 records.  Elapsed time: 00:16:46s.  Time for last 1,000,000:    8s.  Last read position: 3R:20,515,733
INFO	2025-02-06 14:08:26	AddOrReplaceReadGroups	Processed   116,000,000 records.  Elapsed time: 00:16:55s.  Time for last 1,000,000:    8s.  Last read position: 3R:21,318,946
INFO	2025-02-06 14:08:35	AddOrReplaceReadGroups	Processed   117,000,000 records.  Elapsed time: 00:17:04s.  Time for last 1,000,000:    9s.  Last read position: 3R:22,135,983
INFO	2025-02-06 14:08:44	AddOrReplaceReadGroups	Processed   118,000,000 records.  Elapsed time: 00:17:12s.  Time for last 1,000,000:    8s.  Last read position: 3R:22,996,438
INFO	2025-02-06 14:08:53	AddOrReplaceReadGroups	Processed   119,000,000 records.  Elapsed time: 00:17:21s.  Time for last 1,000,000:    8s.  Last read position: 3R:23,827,771
INFO	2025-02-06 14:09:02	AddOrReplaceReadGroups	Processed   120,000,000 records.  Elapsed time: 00:17:30s.  Time for last 1,000,000:    8s.  Last read position: 3R:24,656,870
INFO	2025-02-06 14:09:11	AddOrReplaceReadGroups	Processed   121,000,000 records.  Elapsed time: 00:17:39s.  Time for last 1,000,000:    8s.  Last read position: 3R:25,464,089
INFO	2025-02-06 14:09:19	AddOrReplaceReadGroups	Processed   122,000,000 records.  Elapsed time: 00:17:48s.  Time for last 1,000,000:    8s.  Last read position: 3R:26,258,303
INFO	2025-02-06 14:09:28	AddOrReplaceReadGroups	Processed   123,000,000 records.  Elapsed time: 00:17:57s.  Time for last 1,000,000:    9s.  Last read position: 3R:27,099,819
INFO	2025-02-06 14:09:37	AddOrReplaceReadGroups	Processed   124,000,000 records.  Elapsed time: 00:18:06s.  Time for last 1,000,000:    9s.  Last read position: 3R:28,003,542
INFO	2025-02-06 14:09:47	AddOrReplaceReadGroups	Processed   125,000,000 records.  Elapsed time: 00:18:15s.  Time for last 1,000,000:    9s.  Last read position: 3R:28,945,831
INFO	2025-02-06 14:09:56	AddOrReplaceReadGroups	Processed   126,000,000 records.  Elapsed time: 00:18:24s.  Time for last 1,000,000:    8s.  Last read position: 3R:29,823,224
INFO	2025-02-06 14:10:05	AddOrReplaceReadGroups	Processed   127,000,000 records.  Elapsed time: 00:18:33s.  Time for last 1,000,000:    9s.  Last read position: 3R:30,646,588
INFO	2025-02-06 14:10:14	AddOrReplaceReadGroups	Processed   128,000,000 records.  Elapsed time: 00:18:42s.  Time for last 1,000,000:    9s.  Last read position: 3R:31,503,716
INFO	2025-02-06 14:10:23	AddOrReplaceReadGroups	Processed   129,000,000 records.  Elapsed time: 00:18:51s.  Time for last 1,000,000:    8s.  Last read position: 4:185,272
INFO	2025-02-06 14:10:31	AddOrReplaceReadGroups	Processed   130,000,000 records.  Elapsed time: 00:19:00s.  Time for last 1,000,000:    8s.  Last read position: 4:877,942
INFO	2025-02-06 14:10:40	AddOrReplaceReadGroups	Processed   131,000,000 records.  Elapsed time: 00:19:08s.  Time for last 1,000,000:    8s.  Last read position: X:95,384
INFO	2025-02-06 14:10:49	AddOrReplaceReadGroups	Processed   132,000,000 records.  Elapsed time: 00:19:17s.  Time for last 1,000,000:    8s.  Last read position: X:890,222
INFO	2025-02-06 14:10:58	AddOrReplaceReadGroups	Processed   133,000,000 records.  Elapsed time: 00:19:26s.  Time for last 1,000,000:    8s.  Last read position: X:1,816,032
INFO	2025-02-06 14:11:06	AddOrReplaceReadGroups	Processed   134,000,000 records.  Elapsed time: 00:19:35s.  Time for last 1,000,000:    8s.  Last read position: X:2,699,044
INFO	2025-02-06 14:11:16	AddOrReplaceReadGroups	Processed   135,000,000 records.  Elapsed time: 00:19:44s.  Time for last 1,000,000:    9s.  Last read position: X:3,569,676
INFO	2025-02-06 14:11:25	AddOrReplaceReadGroups	Processed   136,000,000 records.  Elapsed time: 00:19:53s.  Time for last 1,000,000:    9s.  Last read position: X:4,408,806
INFO	2025-02-06 14:11:33	AddOrReplaceReadGroups	Processed   137,000,000 records.  Elapsed time: 00:20:02s.  Time for last 1,000,000:    8s.  Last read position: X:5,295,530
INFO	2025-02-06 14:11:42	AddOrReplaceReadGroups	Processed   138,000,000 records.  Elapsed time: 00:20:11s.  Time for last 1,000,000:    9s.  Last read position: X:6,158,738
INFO	2025-02-06 14:11:51	AddOrReplaceReadGroups	Processed   139,000,000 records.  Elapsed time: 00:20:19s.  Time for last 1,000,000:    8s.  Last read position: X:7,025,162
INFO	2025-02-06 14:12:00	AddOrReplaceReadGroups	Processed   140,000,000 records.  Elapsed time: 00:20:28s.  Time for last 1,000,000:    8s.  Last read position: X:7,900,083
INFO	2025-02-06 14:12:08	AddOrReplaceReadGroups	Processed   141,000,000 records.  Elapsed time: 00:20:37s.  Time for last 1,000,000:    8s.  Last read position: X:8,712,965
INFO	2025-02-06 14:12:17	AddOrReplaceReadGroups	Processed   142,000,000 records.  Elapsed time: 00:20:45s.  Time for last 1,000,000:    8s.  Last read position: X:9,577,528
INFO	2025-02-06 14:12:26	AddOrReplaceReadGroups	Processed   143,000,000 records.  Elapsed time: 00:20:54s.  Time for last 1,000,000:    8s.  Last read position: X:10,418,465
INFO	2025-02-06 14:12:34	AddOrReplaceReadGroups	Processed   144,000,000 records.  Elapsed time: 00:21:02s.  Time for last 1,000,000:    8s.  Last read position: X:11,263,713
INFO	2025-02-06 14:12:42	AddOrReplaceReadGroups	Processed   145,000,000 records.  Elapsed time: 00:21:11s.  Time for last 1,000,000:    8s.  Last read position: X:12,091,860
INFO	2025-02-06 14:12:51	AddOrReplaceReadGroups	Processed   146,000,000 records.  Elapsed time: 00:21:20s.  Time for last 1,000,000:    9s.  Last read position: X:12,987,638
INFO	2025-02-06 14:13:00	AddOrReplaceReadGroups	Processed   147,000,000 records.  Elapsed time: 00:21:28s.  Time for last 1,000,000:    8s.  Last read position: X:13,811,273
INFO	2025-02-06 14:13:08	AddOrReplaceReadGroups	Processed   148,000,000 records.  Elapsed time: 00:21:36s.  Time for last 1,000,000:    8s.  Last read position: X:14,605,669
INFO	2025-02-06 14:13:17	AddOrReplaceReadGroups	Processed   149,000,000 records.  Elapsed time: 00:21:45s.  Time for last 1,000,000:    8s.  Last read position: X:15,437,119
INFO	2025-02-06 14:13:25	AddOrReplaceReadGroups	Processed   150,000,000 records.  Elapsed time: 00:21:53s.  Time for last 1,000,000:    8s.  Last read position: X:16,234,963
INFO	2025-02-06 14:13:33	AddOrReplaceReadGroups	Processed   151,000,000 records.  Elapsed time: 00:22:01s.  Time for last 1,000,000:    7s.  Last read position: X:17,031,938
INFO	2025-02-06 14:13:41	AddOrReplaceReadGroups	Processed   152,000,000 records.  Elapsed time: 00:22:09s.  Time for last 1,000,000:    8s.  Last read position: X:17,855,617
INFO	2025-02-06 14:13:49	AddOrReplaceReadGroups	Processed   153,000,000 records.  Elapsed time: 00:22:18s.  Time for last 1,000,000:    8s.  Last read position: X:18,747,779
INFO	2025-02-06 14:13:57	AddOrReplaceReadGroups	Processed   154,000,000 records.  Elapsed time: 00:22:26s.  Time for last 1,000,000:    8s.  Last read position: X:19,606,607
INFO	2025-02-06 14:14:06	AddOrReplaceReadGroups	Processed   155,000,000 records.  Elapsed time: 00:22:35s.  Time for last 1,000,000:    8s.  Last read position: X:20,529,587
INFO	2025-02-06 14:14:15	AddOrReplaceReadGroups	Processed   156,000,000 records.  Elapsed time: 00:22:43s.  Time for last 1,000,000:    8s.  Last read position: X:21,400,946
INFO	2025-02-06 14:14:23	AddOrReplaceReadGroups	Processed   157,000,000 records.  Elapsed time: 00:22:52s.  Time for last 1,000,000:    8s.  Last read position: X:22,433,013
INFO	2025-02-06 14:14:31	AddOrReplaceReadGroups	Processed   158,000,000 records.  Elapsed time: 00:22:59s.  Time for last 1,000,000:    7s.  Last read position: X:23,020,524
INFO	2025-02-06 14:14:39	AddOrReplaceReadGroups	Processed   159,000,000 records.  Elapsed time: 00:23:07s.  Time for last 1,000,000:    8s.  Last read position: Y:124,358
INFO	2025-02-06 14:14:46	AddOrReplaceReadGroups	Processed   160,000,000 records.  Elapsed time: 00:23:15s.  Time for last 1,000,000:    7s.  Last read position: Y:124,690
INFO	2025-02-06 14:14:55	AddOrReplaceReadGroups	Processed   161,000,000 records.  Elapsed time: 00:23:23s.  Time for last 1,000,000:    8s.  Last read position: Unmapped_Scaffold_8_D1580_D1567:40,131
INFO	2025-02-06 14:15:03	AddOrReplaceReadGroups	Processed   162,000,000 records.  Elapsed time: 00:23:31s.  Time for last 1,000,000:    7s.  Last read position: rDNA:42,751
INFO	2025-02-06 14:15:10	AddOrReplaceReadGroups	Processed   163,000,000 records.  Elapsed time: 00:23:38s.  Time for last 1,000,000:    7s.  Last read position: rDNA:69,210
INFO	2025-02-06 14:15:18	AddOrReplaceReadGroups	Processed   164,000,000 records.  Elapsed time: 00:23:46s.  Time for last 1,000,000:    8s.  Last read position: 211000022278137:12
INFO	2025-02-06 14:15:26	AddOrReplaceReadGroups	Processed   165,000,000 records.  Elapsed time: 00:23:55s.  Time for last 1,000,000:    8s.  Last read position: 211000022280440:89
INFO	2025-02-06 14:15:34	AddOrReplaceReadGroups	Processed   166,000,000 records.  Elapsed time: 00:24:03s.  Time for last 1,000,000:    8s.  Last read position: 211000022278320:90
INFO	2025-02-06 14:15:42	AddOrReplaceReadGroups	Processed   167,000,000 records.  Elapsed time: 00:24:11s.  Time for last 1,000,000:    7s.  Last read position: 211000022278933:234
INFO	2025-02-06 14:15:51	AddOrReplaceReadGroups	Processed   168,000,000 records.  Elapsed time: 00:24:19s.  Time for last 1,000,000:    8s.  Last read position: mitochondrion_genome:1,552
INFO	2025-02-06 14:15:57	AddOrReplaceReadGroups	Processed   169,000,000 records.  Elapsed time: 00:24:26s.  Time for last 1,000,000:    6s.  Last read position: mitochondrion_genome:9,683
INFO	2025-02-06 14:16:04	AddOrReplaceReadGroups	Processed   170,000,000 records.  Elapsed time: 00:24:32s.  Time for last 1,000,000:    6s.  Last read position: */*
[Thu Feb 06 14:16:07 PST 2025] picard.sam.AddOrReplaceReadGroups done. Elapsed time: 24.60 minutes.
Runtime.totalMemory()=754974720
INFO	2025-02-06 14:16:07	MarkDuplicates	

********** NOTE: Picard's command line syntax is changing.
**********
********** For more information, please see:
********** https://github.com/broadinstitute/picard/wiki/Command-Line-Syntax-Transition-For-Users-(Pre-Transition)
**********
********** The command line looks like this in the new syntax:
**********
**********    MarkDuplicates -REMOVE_DUPLICATES true -I /dfs6/pub/itamburi/ee283/week5/bamout/ADL09.RG.bam -O /dfs6/pub/itamburi/ee283/week5/bamout/ADL09.dedup.bam -M /dfs6/pub/itamburi/ee283/week5/bamout/ADL09_mrkdup_metrics.txt
**********


14:16:07.750 INFO  NativeLibraryLoader - Loading libgkl_compression.so from jar:file:/opt/apps/picard-tools/2.27.1/picard.jar!/com/intel/gkl/native/libgkl_compression.so
[Thu Feb 06 14:16:07 PST 2025] MarkDuplicates INPUT=[/dfs6/pub/itamburi/ee283/week5/bamout/ADL09.RG.bam] OUTPUT=/dfs6/pub/itamburi/ee283/week5/bamout/ADL09.dedup.bam METRICS_FILE=/dfs6/pub/itamburi/ee283/week5/bamout/ADL09_mrkdup_metrics.txt REMOVE_DUPLICATES=true    MAX_SEQUENCES_FOR_DISK_READ_ENDS_MAP=50000 MAX_FILE_HANDLES_FOR_READ_ENDS_MAP=8000 SORTING_COLLECTION_SIZE_RATIO=0.25 TAG_DUPLICATE_SET_MEMBERS=false REMOVE_SEQUENCING_DUPLICATES=false TAGGING_POLICY=DontTag CLEAR_DT=true DUPLEX_UMI=false ADD_PG_TAG_TO_READS=true ASSUME_SORTED=false DUPLICATE_SCORING_STRATEGY=SUM_OF_BASE_QUALITIES PROGRAM_RECORD_ID=MarkDuplicates PROGRAM_GROUP_NAME=MarkDuplicates READ_NAME_REGEX=<optimized capture of last three ':' separated fields as numeric values> OPTICAL_DUPLICATE_PIXEL_DISTANCE=100 MAX_OPTICAL_DUPLICATE_SET_SIZE=300000 VERBOSITY=INFO QUIET=false VALIDATION_STRINGENCY=STRICT COMPRESSION_LEVEL=5 MAX_RECORDS_IN_RAM=500000 CREATE_INDEX=false CREATE_MD5_FILE=false GA4GH_CLIENT_SECRETS=client_secrets.json USE_JDK_DEFLATER=false USE_JDK_INFLATER=false
[Thu Feb 06 14:16:07 PST 2025] Executing as itamburi@hpc3-21-09 on Linux 4.18.0-553.22.1.el8_10.x86_64 amd64; OpenJDK 64-Bit Server VM 11.0.25+9-LTS; Deflater: Intel; Inflater: Intel; Provider GCS is not available; Picard version: unspecified-SNAPSHOT
INFO	2025-02-06 14:16:07	MarkDuplicates	Start of doWork freeMemory: 43760728; totalMemory: 50331648; maxMemory: 8589934592
INFO	2025-02-06 14:16:07	MarkDuplicates	Reading input file and constructing read end information.
INFO	2025-02-06 14:16:07	MarkDuplicates	Will retain up to 31122951 data points before spilling to disk.
INFO	2025-02-06 14:16:10	MarkDuplicates	Read     1,000,000 records.  Elapsed time: 00:00:03s.  Time for last 1,000,000:    3s.  Last read position: 2L:809,338
INFO	2025-02-06 14:16:10	MarkDuplicates	Tracking 6887 as yet unmatched pairs. 1316 records in RAM.
INFO	2025-02-06 14:16:13	MarkDuplicates	Read     2,000,000 records.  Elapsed time: 00:00:05s.  Time for last 1,000,000:    2s.  Last read position: 2L:1,704,505
INFO	2025-02-06 14:16:13	MarkDuplicates	Tracking 14150 as yet unmatched pairs. 2577 records in RAM.
INFO	2025-02-06 14:16:15	MarkDuplicates	Read     3,000,000 records.  Elapsed time: 00:00:07s.  Time for last 1,000,000:    2s.  Last read position: 2L:2,528,466
INFO	2025-02-06 14:16:15	MarkDuplicates	Tracking 21838 as yet unmatched pairs. 3651 records in RAM.
INFO	2025-02-06 14:16:18	MarkDuplicates	Read     4,000,000 records.  Elapsed time: 00:00:10s.  Time for last 1,000,000:    2s.  Last read position: 2L:3,351,244
INFO	2025-02-06 14:16:18	MarkDuplicates	Tracking 29229 as yet unmatched pairs. 4717 records in RAM.
INFO	2025-02-06 14:16:20	MarkDuplicates	Read     5,000,000 records.  Elapsed time: 00:00:12s.  Time for last 1,000,000:    2s.  Last read position: 2L:4,174,008
INFO	2025-02-06 14:16:20	MarkDuplicates	Tracking 35137 as yet unmatched pairs. 5515 records in RAM.
INFO	2025-02-06 14:16:23	MarkDuplicates	Read     6,000,000 records.  Elapsed time: 00:00:15s.  Time for last 1,000,000:    2s.  Last read position: 2L:5,061,616
INFO	2025-02-06 14:16:23	MarkDuplicates	Tracking 41345 as yet unmatched pairs. 6237 records in RAM.
INFO	2025-02-06 14:16:25	MarkDuplicates	Read     7,000,000 records.  Elapsed time: 00:00:17s.  Time for last 1,000,000:    2s.  Last read position: 2L:5,886,961
INFO	2025-02-06 14:16:25	MarkDuplicates	Tracking 46788 as yet unmatched pairs. 6760 records in RAM.
INFO	2025-02-06 14:16:27	MarkDuplicates	Read     8,000,000 records.  Elapsed time: 00:00:19s.  Time for last 1,000,000:    2s.  Last read position: 2L:6,732,650
INFO	2025-02-06 14:16:27	MarkDuplicates	Tracking 52327 as yet unmatched pairs. 7295 records in RAM.
INFO	2025-02-06 14:16:30	MarkDuplicates	Read     9,000,000 records.  Elapsed time: 00:00:22s.  Time for last 1,000,000:    2s.  Last read position: 2L:7,530,704
INFO	2025-02-06 14:16:30	MarkDuplicates	Tracking 57784 as yet unmatched pairs. 7589 records in RAM.
INFO	2025-02-06 14:16:32	MarkDuplicates	Read    10,000,000 records.  Elapsed time: 00:00:24s.  Time for last 1,000,000:    2s.  Last read position: 2L:8,312,314
INFO	2025-02-06 14:16:32	MarkDuplicates	Tracking 65176 as yet unmatched pairs. 8298 records in RAM.
INFO	2025-02-06 14:16:35	MarkDuplicates	Read    11,000,000 records.  Elapsed time: 00:00:27s.  Time for last 1,000,000:    2s.  Last read position: 2L:9,103,539
INFO	2025-02-06 14:16:35	MarkDuplicates	Tracking 70743 as yet unmatched pairs. 8655 records in RAM.
INFO	2025-02-06 14:16:37	MarkDuplicates	Read    12,000,000 records.  Elapsed time: 00:00:29s.  Time for last 1,000,000:    2s.  Last read position: 2L:9,899,618
INFO	2025-02-06 14:16:37	MarkDuplicates	Tracking 77481 as yet unmatched pairs. 9054 records in RAM.
INFO	2025-02-06 14:16:40	MarkDuplicates	Read    13,000,000 records.  Elapsed time: 00:00:32s.  Time for last 1,000,000:    2s.  Last read position: 2L:10,674,310
INFO	2025-02-06 14:16:40	MarkDuplicates	Tracking 82532 as yet unmatched pairs. 8958 records in RAM.
INFO	2025-02-06 14:16:42	MarkDuplicates	Read    14,000,000 records.  Elapsed time: 00:00:34s.  Time for last 1,000,000:    2s.  Last read position: 2L:11,509,244
INFO	2025-02-06 14:16:42	MarkDuplicates	Tracking 89202 as yet unmatched pairs. 8984 records in RAM.
INFO	2025-02-06 14:16:45	MarkDuplicates	Read    15,000,000 records.  Elapsed time: 00:00:37s.  Time for last 1,000,000:    2s.  Last read position: 2L:12,333,882
INFO	2025-02-06 14:16:45	MarkDuplicates	Tracking 96774 as yet unmatched pairs. 9158 records in RAM.
INFO	2025-02-06 14:16:48	MarkDuplicates	Read    16,000,000 records.  Elapsed time: 00:00:40s.  Time for last 1,000,000:    2s.  Last read position: 2L:13,157,619
INFO	2025-02-06 14:16:48	MarkDuplicates	Tracking 103196 as yet unmatched pairs. 9198 records in RAM.
INFO	2025-02-06 14:16:50	MarkDuplicates	Read    17,000,000 records.  Elapsed time: 00:00:42s.  Time for last 1,000,000:    2s.  Last read position: 2L:13,963,068
INFO	2025-02-06 14:16:50	MarkDuplicates	Tracking 109029 as yet unmatched pairs. 9313 records in RAM.
INFO	2025-02-06 14:16:53	MarkDuplicates	Read    18,000,000 records.  Elapsed time: 00:00:45s.  Time for last 1,000,000:    2s.  Last read position: 2L:14,783,120
INFO	2025-02-06 14:16:53	MarkDuplicates	Tracking 113974 as yet unmatched pairs. 9175 records in RAM.
INFO	2025-02-06 14:16:55	MarkDuplicates	Read    19,000,000 records.  Elapsed time: 00:00:47s.  Time for last 1,000,000:    2s.  Last read position: 2L:15,654,865
INFO	2025-02-06 14:16:55	MarkDuplicates	Tracking 119874 as yet unmatched pairs. 8801 records in RAM.
INFO	2025-02-06 14:16:58	MarkDuplicates	Read    20,000,000 records.  Elapsed time: 00:00:50s.  Time for last 1,000,000:    2s.  Last read position: 2L:16,516,653
INFO	2025-02-06 14:16:58	MarkDuplicates	Tracking 126793 as yet unmatched pairs. 8722 records in RAM.
INFO	2025-02-06 14:17:00	MarkDuplicates	Read    21,000,000 records.  Elapsed time: 00:00:52s.  Time for last 1,000,000:    2s.  Last read position: 2L:17,417,305
INFO	2025-02-06 14:17:00	MarkDuplicates	Tracking 132709 as yet unmatched pairs. 7953 records in RAM.
INFO	2025-02-06 14:17:03	MarkDuplicates	Read    22,000,000 records.  Elapsed time: 00:00:55s.  Time for last 1,000,000:    2s.  Last read position: 2L:18,331,432
INFO	2025-02-06 14:17:03	MarkDuplicates	Tracking 139117 as yet unmatched pairs. 7670 records in RAM.
INFO	2025-02-06 14:17:06	MarkDuplicates	Read    23,000,000 records.  Elapsed time: 00:00:58s.  Time for last 1,000,000:    2s.  Last read position: 2L:19,150,474
INFO	2025-02-06 14:17:06	MarkDuplicates	Tracking 144707 as yet unmatched pairs. 7358 records in RAM.
INFO	2025-02-06 14:17:08	MarkDuplicates	Read    24,000,000 records.  Elapsed time: 00:01:00s.  Time for last 1,000,000:    2s.  Last read position: 2L:19,981,952
INFO	2025-02-06 14:17:08	MarkDuplicates	Tracking 149845 as yet unmatched pairs. 6664 records in RAM.
INFO	2025-02-06 14:17:11	MarkDuplicates	Read    25,000,000 records.  Elapsed time: 00:01:03s.  Time for last 1,000,000:    2s.  Last read position: 2L:20,804,278
INFO	2025-02-06 14:17:11	MarkDuplicates	Tracking 157863 as yet unmatched pairs. 5542 records in RAM.
INFO	2025-02-06 14:17:13	MarkDuplicates	Read    26,000,000 records.  Elapsed time: 00:01:05s.  Time for last 1,000,000:    2s.  Last read position: 2L:21,460,750
INFO	2025-02-06 14:17:13	MarkDuplicates	Tracking 166029 as yet unmatched pairs. 5222 records in RAM.
INFO	2025-02-06 14:17:16	MarkDuplicates	Read    27,000,000 records.  Elapsed time: 00:01:08s.  Time for last 1,000,000:    2s.  Last read position: 2L:22,112,058
INFO	2025-02-06 14:17:16	MarkDuplicates	Tracking 172585 as yet unmatched pairs. 3030 records in RAM.
INFO	2025-02-06 14:17:18	MarkDuplicates	Read    28,000,000 records.  Elapsed time: 00:01:10s.  Time for last 1,000,000:    2s.  Last read position: 2L:22,933,619
INFO	2025-02-06 14:17:18	MarkDuplicates	Tracking 182204 as yet unmatched pairs. 1994 records in RAM.
INFO	2025-02-06 14:17:22	MarkDuplicates	Read    29,000,000 records.  Elapsed time: 00:01:14s.  Time for last 1,000,000:    3s.  Last read position: 2R:339,736
INFO	2025-02-06 14:17:22	MarkDuplicates	Tracking 203860 as yet unmatched pairs. 43446 records in RAM.
INFO	2025-02-06 14:17:24	MarkDuplicates	Read    30,000,000 records.  Elapsed time: 00:01:16s.  Time for last 1,000,000:    2s.  Last read position: 2R:1,426,977
INFO	2025-02-06 14:17:24	MarkDuplicates	Tracking 218329 as yet unmatched pairs. 44015 records in RAM.
INFO	2025-02-06 14:17:27	MarkDuplicates	Read    31,000,000 records.  Elapsed time: 00:01:19s.  Time for last 1,000,000:    2s.  Last read position: 2R:2,344,413
INFO	2025-02-06 14:17:27	MarkDuplicates	Tracking 235143 as yet unmatched pairs. 43402 records in RAM.
INFO	2025-02-06 14:17:43	MarkDuplicates	Read    32,000,000 records.  Elapsed time: 00:01:35s.  Time for last 1,000,000:   16s.  Last read position: 2R:3,317,826
INFO	2025-02-06 14:17:43	MarkDuplicates	Tracking 247063 as yet unmatched pairs. 42905 records in RAM.
INFO	2025-02-06 14:17:46	MarkDuplicates	Read    33,000,000 records.  Elapsed time: 00:01:38s.  Time for last 1,000,000:    2s.  Last read position: 2R:4,270,161
INFO	2025-02-06 14:17:46	MarkDuplicates	Tracking 257215 as yet unmatched pairs. 41600 records in RAM.
INFO	2025-02-06 14:17:49	MarkDuplicates	Read    34,000,000 records.  Elapsed time: 00:01:41s.  Time for last 1,000,000:    2s.  Last read position: 2R:5,095,264
INFO	2025-02-06 14:17:49	MarkDuplicates	Tracking 266429 as yet unmatched pairs. 39788 records in RAM.
INFO	2025-02-06 14:17:51	MarkDuplicates	Read    35,000,000 records.  Elapsed time: 00:01:43s.  Time for last 1,000,000:    2s.  Last read position: 2R:5,911,402
INFO	2025-02-06 14:17:51	MarkDuplicates	Tracking 273718 as yet unmatched pairs. 37483 records in RAM.
INFO	2025-02-06 14:17:54	MarkDuplicates	Read    36,000,000 records.  Elapsed time: 00:01:46s.  Time for last 1,000,000:    2s.  Last read position: 2R:6,721,557
INFO	2025-02-06 14:17:54	MarkDuplicates	Tracking 280568 as yet unmatched pairs. 35689 records in RAM.
INFO	2025-02-06 14:17:57	MarkDuplicates	Read    37,000,000 records.  Elapsed time: 00:01:49s.  Time for last 1,000,000:    2s.  Last read position: 2R:7,574,885
INFO	2025-02-06 14:17:57	MarkDuplicates	Tracking 284837 as yet unmatched pairs. 34744 records in RAM.
INFO	2025-02-06 14:17:59	MarkDuplicates	Read    38,000,000 records.  Elapsed time: 00:01:51s.  Time for last 1,000,000:    2s.  Last read position: 2R:8,413,554
INFO	2025-02-06 14:17:59	MarkDuplicates	Tracking 289236 as yet unmatched pairs. 33725 records in RAM.
INFO	2025-02-06 14:18:02	MarkDuplicates	Read    39,000,000 records.  Elapsed time: 00:01:54s.  Time for last 1,000,000:    2s.  Last read position: 2R:9,274,265
INFO	2025-02-06 14:18:02	MarkDuplicates	Tracking 292642 as yet unmatched pairs. 32814 records in RAM.
INFO	2025-02-06 14:18:04	MarkDuplicates	Read    40,000,000 records.  Elapsed time: 00:01:56s.  Time for last 1,000,000:    2s.  Last read position: 2R:10,091,460
INFO	2025-02-06 14:18:04	MarkDuplicates	Tracking 296334 as yet unmatched pairs. 31963 records in RAM.
INFO	2025-02-06 14:18:07	MarkDuplicates	Read    41,000,000 records.  Elapsed time: 00:01:59s.  Time for last 1,000,000:    2s.  Last read position: 2R:10,895,782
INFO	2025-02-06 14:18:07	MarkDuplicates	Tracking 301162 as yet unmatched pairs. 30734 records in RAM.
INFO	2025-02-06 14:18:09	MarkDuplicates	Read    42,000,000 records.  Elapsed time: 00:02:01s.  Time for last 1,000,000:    2s.  Last read position: 2R:11,719,771
INFO	2025-02-06 14:18:09	MarkDuplicates	Tracking 305434 as yet unmatched pairs. 29458 records in RAM.
INFO	2025-02-06 14:18:12	MarkDuplicates	Read    43,000,000 records.  Elapsed time: 00:02:04s.  Time for last 1,000,000:    2s.  Last read position: 2R:12,537,138
INFO	2025-02-06 14:18:12	MarkDuplicates	Tracking 308177 as yet unmatched pairs. 28441 records in RAM.
INFO	2025-02-06 14:18:15	MarkDuplicates	Read    44,000,000 records.  Elapsed time: 00:02:07s.  Time for last 1,000,000:    2s.  Last read position: 2R:13,354,950
INFO	2025-02-06 14:18:15	MarkDuplicates	Tracking 312248 as yet unmatched pairs. 27187 records in RAM.
INFO	2025-02-06 14:18:17	MarkDuplicates	Read    45,000,000 records.  Elapsed time: 00:02:09s.  Time for last 1,000,000:    2s.  Last read position: 2R:14,185,697
INFO	2025-02-06 14:18:17	MarkDuplicates	Tracking 316864 as yet unmatched pairs. 25532 records in RAM.
INFO	2025-02-06 14:18:20	MarkDuplicates	Read    46,000,000 records.  Elapsed time: 00:02:12s.  Time for last 1,000,000:    2s.  Last read position: 2R:15,009,240
INFO	2025-02-06 14:18:20	MarkDuplicates	Tracking 320221 as yet unmatched pairs. 24115 records in RAM.
INFO	2025-02-06 14:18:22	MarkDuplicates	Read    47,000,000 records.  Elapsed time: 00:02:15s.  Time for last 1,000,000:    2s.  Last read position: 2R:15,869,531
INFO	2025-02-06 14:18:23	MarkDuplicates	Tracking 323307 as yet unmatched pairs. 22287 records in RAM.
INFO	2025-02-06 14:18:25	MarkDuplicates	Read    48,000,000 records.  Elapsed time: 00:02:17s.  Time for last 1,000,000:    2s.  Last read position: 2R:16,693,904
INFO	2025-02-06 14:18:25	MarkDuplicates	Tracking 326750 as yet unmatched pairs. 20627 records in RAM.
INFO	2025-02-06 14:18:28	MarkDuplicates	Read    49,000,000 records.  Elapsed time: 00:02:20s.  Time for last 1,000,000:    2s.  Last read position: 2R:17,481,682
INFO	2025-02-06 14:18:28	MarkDuplicates	Tracking 330154 as yet unmatched pairs. 19364 records in RAM.
INFO	2025-02-06 14:18:31	MarkDuplicates	Read    50,000,000 records.  Elapsed time: 00:02:23s.  Time for last 1,000,000:    2s.  Last read position: 2R:18,310,627
INFO	2025-02-06 14:18:31	MarkDuplicates	Tracking 332952 as yet unmatched pairs. 17370 records in RAM.
INFO	2025-02-06 14:18:33	MarkDuplicates	Read    51,000,000 records.  Elapsed time: 00:02:25s.  Time for last 1,000,000:    2s.  Last read position: 2R:19,140,564
INFO	2025-02-06 14:18:33	MarkDuplicates	Tracking 336463 as yet unmatched pairs. 15029 records in RAM.
INFO	2025-02-06 14:18:36	MarkDuplicates	Read    52,000,000 records.  Elapsed time: 00:02:28s.  Time for last 1,000,000:    2s.  Last read position: 2R:19,955,739
INFO	2025-02-06 14:18:36	MarkDuplicates	Tracking 339089 as yet unmatched pairs. 13571 records in RAM.
INFO	2025-02-06 14:18:38	MarkDuplicates	Read    53,000,000 records.  Elapsed time: 00:02:30s.  Time for last 1,000,000:    2s.  Last read position: 2R:20,815,273
INFO	2025-02-06 14:18:38	MarkDuplicates	Tracking 342183 as yet unmatched pairs. 11118 records in RAM.
INFO	2025-02-06 14:18:41	MarkDuplicates	Read    54,000,000 records.  Elapsed time: 00:02:33s.  Time for last 1,000,000:    2s.  Last read position: 2R:21,654,684
INFO	2025-02-06 14:18:41	MarkDuplicates	Tracking 344199 as yet unmatched pairs. 9533 records in RAM.
INFO	2025-02-06 14:18:44	MarkDuplicates	Read    55,000,000 records.  Elapsed time: 00:02:36s.  Time for last 1,000,000:    2s.  Last read position: 2R:22,489,377
INFO	2025-02-06 14:18:44	MarkDuplicates	Tracking 346529 as yet unmatched pairs. 7571 records in RAM.
INFO	2025-02-06 14:18:46	MarkDuplicates	Read    56,000,000 records.  Elapsed time: 00:02:38s.  Time for last 1,000,000:    2s.  Last read position: 2R:23,366,265
INFO	2025-02-06 14:18:46	MarkDuplicates	Tracking 349582 as yet unmatched pairs. 5400 records in RAM.
INFO	2025-02-06 14:18:49	MarkDuplicates	Read    57,000,000 records.  Elapsed time: 00:02:41s.  Time for last 1,000,000:    2s.  Last read position: 2R:24,242,352
INFO	2025-02-06 14:18:49	MarkDuplicates	Tracking 352230 as yet unmatched pairs. 3356 records in RAM.
INFO	2025-02-06 14:18:51	MarkDuplicates	Read    58,000,000 records.  Elapsed time: 00:02:44s.  Time for last 1,000,000:    2s.  Last read position: 2R:25,134,617
INFO	2025-02-06 14:18:51	MarkDuplicates	Tracking 354462 as yet unmatched pairs. 1287 records in RAM.
INFO	2025-02-06 14:18:56	MarkDuplicates	Read    59,000,000 records.  Elapsed time: 00:02:48s.  Time for last 1,000,000:    4s.  Last read position: 3L:561,045
INFO	2025-02-06 14:18:56	MarkDuplicates	Tracking 360102 as yet unmatched pairs. 96670 records in RAM.
INFO	2025-02-06 14:18:58	MarkDuplicates	Read    60,000,000 records.  Elapsed time: 00:02:50s.  Time for last 1,000,000:    2s.  Last read position: 3L:1,414,420
INFO	2025-02-06 14:18:58	MarkDuplicates	Tracking 363279 as yet unmatched pairs. 95663 records in RAM.
INFO	2025-02-06 14:19:01	MarkDuplicates	Read    61,000,000 records.  Elapsed time: 00:02:53s.  Time for last 1,000,000:    2s.  Last read position: 3L:2,266,434
INFO	2025-02-06 14:19:01	MarkDuplicates	Tracking 365414 as yet unmatched pairs. 94655 records in RAM.
INFO	2025-02-06 14:19:04	MarkDuplicates	Read    62,000,000 records.  Elapsed time: 00:02:56s.  Time for last 1,000,000:    2s.  Last read position: 3L:3,114,621
INFO	2025-02-06 14:19:04	MarkDuplicates	Tracking 367347 as yet unmatched pairs. 93321 records in RAM.
INFO	2025-02-06 14:19:19	MarkDuplicates	Read    63,000,000 records.  Elapsed time: 00:03:11s.  Time for last 1,000,000:   15s.  Last read position: 3L:3,909,515
INFO	2025-02-06 14:19:19	MarkDuplicates	Tracking 369152 as yet unmatched pairs. 92068 records in RAM.
INFO	2025-02-06 14:19:37	MarkDuplicates	Read    64,000,000 records.  Elapsed time: 00:03:29s.  Time for last 1,000,000:   17s.  Last read position: 3L:4,736,770
INFO	2025-02-06 14:19:37	MarkDuplicates	Tracking 370870 as yet unmatched pairs. 90241 records in RAM.
INFO	2025-02-06 14:19:40	MarkDuplicates	Read    65,000,000 records.  Elapsed time: 00:03:32s.  Time for last 1,000,000:    2s.  Last read position: 3L:5,613,878
INFO	2025-02-06 14:19:40	MarkDuplicates	Tracking 373092 as yet unmatched pairs. 88289 records in RAM.
INFO	2025-02-06 14:19:42	MarkDuplicates	Read    66,000,000 records.  Elapsed time: 00:03:34s.  Time for last 1,000,000:    2s.  Last read position: 3L:6,472,270
INFO	2025-02-06 14:19:42	MarkDuplicates	Tracking 375047 as yet unmatched pairs. 86434 records in RAM.
INFO	2025-02-06 14:19:45	MarkDuplicates	Read    67,000,000 records.  Elapsed time: 00:03:37s.  Time for last 1,000,000:    2s.  Last read position: 3L:7,320,171
INFO	2025-02-06 14:19:45	MarkDuplicates	Tracking 376720 as yet unmatched pairs. 84689 records in RAM.
INFO	2025-02-06 14:19:48	MarkDuplicates	Read    68,000,000 records.  Elapsed time: 00:03:40s.  Time for last 1,000,000:    2s.  Last read position: 3L:8,112,796
INFO	2025-02-06 14:19:48	MarkDuplicates	Tracking 378183 as yet unmatched pairs. 83061 records in RAM.
INFO	2025-02-06 14:19:50	MarkDuplicates	Read    69,000,000 records.  Elapsed time: 00:03:42s.  Time for last 1,000,000:    2s.  Last read position: 3L:8,891,386
INFO	2025-02-06 14:19:50	MarkDuplicates	Tracking 379305 as yet unmatched pairs. 81435 records in RAM.
INFO	2025-02-06 14:19:53	MarkDuplicates	Read    70,000,000 records.  Elapsed time: 00:03:45s.  Time for last 1,000,000:    2s.  Last read position: 3L:9,698,525
INFO	2025-02-06 14:19:53	MarkDuplicates	Tracking 380627 as yet unmatched pairs. 78845 records in RAM.
INFO	2025-02-06 14:19:56	MarkDuplicates	Read    71,000,000 records.  Elapsed time: 00:03:48s.  Time for last 1,000,000:    2s.  Last read position: 3L:10,540,572
INFO	2025-02-06 14:19:56	MarkDuplicates	Tracking 382304 as yet unmatched pairs. 76953 records in RAM.
INFO	2025-02-06 14:19:58	MarkDuplicates	Read    72,000,000 records.  Elapsed time: 00:03:50s.  Time for last 1,000,000:    2s.  Last read position: 3L:11,353,587
INFO	2025-02-06 14:19:58	MarkDuplicates	Tracking 383721 as yet unmatched pairs. 74916 records in RAM.
INFO	2025-02-06 14:20:01	MarkDuplicates	Read    73,000,000 records.  Elapsed time: 00:03:53s.  Time for last 1,000,000:    2s.  Last read position: 3L:12,144,243
INFO	2025-02-06 14:20:01	MarkDuplicates	Tracking 384467 as yet unmatched pairs. 72814 records in RAM.
INFO	2025-02-06 14:20:03	MarkDuplicates	Read    74,000,000 records.  Elapsed time: 00:03:55s.  Time for last 1,000,000:    2s.  Last read position: 3L:12,952,929
INFO	2025-02-06 14:20:03	MarkDuplicates	Tracking 385793 as yet unmatched pairs. 71598 records in RAM.
INFO	2025-02-06 14:20:06	MarkDuplicates	Read    75,000,000 records.  Elapsed time: 00:03:58s.  Time for last 1,000,000:    2s.  Last read position: 3L:13,843,924
INFO	2025-02-06 14:20:06	MarkDuplicates	Tracking 387033 as yet unmatched pairs. 68511 records in RAM.
INFO	2025-02-06 14:20:09	MarkDuplicates	Read    76,000,000 records.  Elapsed time: 00:04:01s.  Time for last 1,000,000:    2s.  Last read position: 3L:14,615,515
INFO	2025-02-06 14:20:09	MarkDuplicates	Tracking 387903 as yet unmatched pairs. 66265 records in RAM.
INFO	2025-02-06 14:20:11	MarkDuplicates	Read    77,000,000 records.  Elapsed time: 00:04:03s.  Time for last 1,000,000:    2s.  Last read position: 3L:15,414,802
INFO	2025-02-06 14:20:11	MarkDuplicates	Tracking 388492 as yet unmatched pairs. 64044 records in RAM.
INFO	2025-02-06 14:20:14	MarkDuplicates	Read    78,000,000 records.  Elapsed time: 00:04:06s.  Time for last 1,000,000:    2s.  Last read position: 3L:16,212,521
INFO	2025-02-06 14:20:14	MarkDuplicates	Tracking 389500 as yet unmatched pairs. 61681 records in RAM.
INFO	2025-02-06 14:20:16	MarkDuplicates	Read    79,000,000 records.  Elapsed time: 00:04:08s.  Time for last 1,000,000:    2s.  Last read position: 3L:17,006,132
INFO	2025-02-06 14:20:16	MarkDuplicates	Tracking 390322 as yet unmatched pairs. 58770 records in RAM.
INFO	2025-02-06 14:20:19	MarkDuplicates	Read    80,000,000 records.  Elapsed time: 00:04:11s.  Time for last 1,000,000:    2s.  Last read position: 3L:17,846,224
INFO	2025-02-06 14:20:19	MarkDuplicates	Tracking 391169 as yet unmatched pairs. 56036 records in RAM.
INFO	2025-02-06 14:20:22	MarkDuplicates	Read    81,000,000 records.  Elapsed time: 00:04:14s.  Time for last 1,000,000:    2s.  Last read position: 3L:18,652,455
INFO	2025-02-06 14:20:22	MarkDuplicates	Tracking 392062 as yet unmatched pairs. 52950 records in RAM.
INFO	2025-02-06 14:20:24	MarkDuplicates	Read    82,000,000 records.  Elapsed time: 00:04:16s.  Time for last 1,000,000:    2s.  Last read position: 3L:19,444,656
INFO	2025-02-06 14:20:24	MarkDuplicates	Tracking 393068 as yet unmatched pairs. 50429 records in RAM.
INFO	2025-02-06 14:20:27	MarkDuplicates	Read    83,000,000 records.  Elapsed time: 00:04:19s.  Time for last 1,000,000:    2s.  Last read position: 3L:20,266,775
INFO	2025-02-06 14:20:27	MarkDuplicates	Tracking 393653 as yet unmatched pairs. 47464 records in RAM.
INFO	2025-02-06 14:20:29	MarkDuplicates	Read    84,000,000 records.  Elapsed time: 00:04:21s.  Time for last 1,000,000:    2s.  Last read position: 3L:21,065,772
INFO	2025-02-06 14:20:29	MarkDuplicates	Tracking 394085 as yet unmatched pairs. 44172 records in RAM.
INFO	2025-02-06 14:20:32	MarkDuplicates	Read    85,000,000 records.  Elapsed time: 00:04:24s.  Time for last 1,000,000:    2s.  Last read position: 3L:21,874,572
INFO	2025-02-06 14:20:32	MarkDuplicates	Tracking 394755 as yet unmatched pairs. 40869 records in RAM.
INFO	2025-02-06 14:20:34	MarkDuplicates	Read    86,000,000 records.  Elapsed time: 00:04:26s.  Time for last 1,000,000:    2s.  Last read position: 3L:22,752,589
INFO	2025-02-06 14:20:34	MarkDuplicates	Tracking 395180 as yet unmatched pairs. 37521 records in RAM.
INFO	2025-02-06 14:20:37	MarkDuplicates	Read    87,000,000 records.  Elapsed time: 00:04:29s.  Time for last 1,000,000:    2s.  Last read position: 3L:23,537,228
INFO	2025-02-06 14:20:37	MarkDuplicates	Tracking 396765 as yet unmatched pairs. 33619 records in RAM.
INFO	2025-02-06 14:20:39	MarkDuplicates	Read    88,000,000 records.  Elapsed time: 00:04:31s.  Time for last 1,000,000:    2s.  Last read position: 3L:24,370,535
INFO	2025-02-06 14:20:39	MarkDuplicates	Tracking 397126 as yet unmatched pairs. 28045 records in RAM.
INFO	2025-02-06 14:20:42	MarkDuplicates	Read    89,000,000 records.  Elapsed time: 00:04:34s.  Time for last 1,000,000:    2s.  Last read position: 3L:25,345,526
INFO	2025-02-06 14:20:42	MarkDuplicates	Tracking 398841 as yet unmatched pairs. 20971 records in RAM.
INFO	2025-02-06 14:20:44	MarkDuplicates	Read    90,000,000 records.  Elapsed time: 00:04:36s.  Time for last 1,000,000:    2s.  Last read position: 3L:26,294,397
INFO	2025-02-06 14:20:44	MarkDuplicates	Tracking 399632 as yet unmatched pairs. 14292 records in RAM.
INFO	2025-02-06 14:20:47	MarkDuplicates	Read    91,000,000 records.  Elapsed time: 00:04:39s.  Time for last 1,000,000:    2s.  Last read position: 3L:27,313,495
INFO	2025-02-06 14:20:47	MarkDuplicates	Tracking 400369 as yet unmatched pairs. 6052 records in RAM.
INFO	2025-02-06 14:20:51	MarkDuplicates	Read    92,000,000 records.  Elapsed time: 00:04:44s.  Time for last 1,000,000:    4s.  Last read position: 3R:256,558
INFO	2025-02-06 14:20:51	MarkDuplicates	Tracking 401602 as yet unmatched pairs. 159406 records in RAM.
INFO	2025-02-06 14:20:54	MarkDuplicates	Read    93,000,000 records.  Elapsed time: 00:04:46s.  Time for last 1,000,000:    2s.  Last read position: 3R:1,571,581
INFO	2025-02-06 14:20:54	MarkDuplicates	Tracking 400504 as yet unmatched pairs. 151709 records in RAM.
INFO	2025-02-06 14:20:57	MarkDuplicates	Read    94,000,000 records.  Elapsed time: 00:04:49s.  Time for last 1,000,000:    2s.  Last read position: 3R:3,002,197
INFO	2025-02-06 14:20:57	MarkDuplicates	Tracking 397660 as yet unmatched pairs. 142131 records in RAM.
INFO	2025-02-06 14:21:11	MarkDuplicates	Read    95,000,000 records.  Elapsed time: 00:05:03s.  Time for last 1,000,000:   14s.  Last read position: 3R:3,964,201
INFO	2025-02-06 14:21:11	MarkDuplicates	Tracking 397983 as yet unmatched pairs. 134884 records in RAM.
INFO	2025-02-06 14:21:13	MarkDuplicates	Read    96,000,000 records.  Elapsed time: 00:05:05s.  Time for last 1,000,000:    2s.  Last read position: 3R:4,786,679
INFO	2025-02-06 14:21:13	MarkDuplicates	Tracking 397232 as yet unmatched pairs. 129862 records in RAM.
INFO	2025-02-06 14:21:16	MarkDuplicates	Read    97,000,000 records.  Elapsed time: 00:05:08s.  Time for last 1,000,000:    2s.  Last read position: 3R:5,587,470
INFO	2025-02-06 14:21:16	MarkDuplicates	Tracking 396129 as yet unmatched pairs. 126426 records in RAM.
INFO	2025-02-06 14:21:18	MarkDuplicates	Read    98,000,000 records.  Elapsed time: 00:05:10s.  Time for last 1,000,000:    2s.  Last read position: 3R:6,449,679
INFO	2025-02-06 14:21:18	MarkDuplicates	Tracking 395693 as yet unmatched pairs. 123600 records in RAM.
INFO	2025-02-06 14:21:21	MarkDuplicates	Read    99,000,000 records.  Elapsed time: 00:05:13s.  Time for last 1,000,000:    2s.  Last read position: 3R:7,280,934
INFO	2025-02-06 14:21:21	MarkDuplicates	Tracking 394593 as yet unmatched pairs. 120916 records in RAM.
INFO	2025-02-06 14:21:24	MarkDuplicates	Read   100,000,000 records.  Elapsed time: 00:05:16s.  Time for last 1,000,000:    2s.  Last read position: 3R:8,110,122
INFO	2025-02-06 14:21:24	MarkDuplicates	Tracking 392956 as yet unmatched pairs. 117136 records in RAM.
INFO	2025-02-06 14:21:26	MarkDuplicates	Read   101,000,000 records.  Elapsed time: 00:05:18s.  Time for last 1,000,000:    2s.  Last read position: 3R:8,935,977
INFO	2025-02-06 14:21:26	MarkDuplicates	Tracking 391783 as yet unmatched pairs. 113906 records in RAM.
INFO	2025-02-06 14:21:29	MarkDuplicates	Read   102,000,000 records.  Elapsed time: 00:05:21s.  Time for last 1,000,000:    2s.  Last read position: 3R:9,734,128
INFO	2025-02-06 14:21:29	MarkDuplicates	Tracking 390713 as yet unmatched pairs. 110737 records in RAM.
INFO	2025-02-06 14:21:31	MarkDuplicates	Read   103,000,000 records.  Elapsed time: 00:05:23s.  Time for last 1,000,000:    2s.  Last read position: 3R:10,552,842
INFO	2025-02-06 14:21:31	MarkDuplicates	Tracking 389169 as yet unmatched pairs. 106531 records in RAM.
INFO	2025-02-06 14:21:34	MarkDuplicates	Read   104,000,000 records.  Elapsed time: 00:05:26s.  Time for last 1,000,000:    2s.  Last read position: 3R:11,414,484
INFO	2025-02-06 14:21:34	MarkDuplicates	Tracking 387624 as yet unmatched pairs. 102790 records in RAM.
INFO	2025-02-06 14:21:36	MarkDuplicates	Read   105,000,000 records.  Elapsed time: 00:05:29s.  Time for last 1,000,000:    2s.  Last read position: 3R:12,244,932
INFO	2025-02-06 14:21:36	MarkDuplicates	Tracking 386275 as yet unmatched pairs. 100027 records in RAM.
INFO	2025-02-06 14:21:39	MarkDuplicates	Read   106,000,000 records.  Elapsed time: 00:05:31s.  Time for last 1,000,000:    2s.  Last read position: 3R:13,062,508
INFO	2025-02-06 14:21:39	MarkDuplicates	Tracking 384668 as yet unmatched pairs. 96186 records in RAM.
INFO	2025-02-06 14:21:42	MarkDuplicates	Read   107,000,000 records.  Elapsed time: 00:05:34s.  Time for last 1,000,000:    2s.  Last read position: 3R:13,884,954
INFO	2025-02-06 14:21:42	MarkDuplicates	Tracking 383239 as yet unmatched pairs. 92503 records in RAM.
INFO	2025-02-06 14:21:44	MarkDuplicates	Read   108,000,000 records.  Elapsed time: 00:05:36s.  Time for last 1,000,000:    2s.  Last read position: 3R:14,700,498
INFO	2025-02-06 14:21:44	MarkDuplicates	Tracking 381674 as yet unmatched pairs. 88844 records in RAM.
INFO	2025-02-06 14:21:47	MarkDuplicates	Read   109,000,000 records.  Elapsed time: 00:05:39s.  Time for last 1,000,000:    2s.  Last read position: 3R:15,519,913
INFO	2025-02-06 14:21:47	MarkDuplicates	Tracking 380289 as yet unmatched pairs. 85359 records in RAM.
INFO	2025-02-06 14:21:49	MarkDuplicates	Read   110,000,000 records.  Elapsed time: 00:05:41s.  Time for last 1,000,000:    2s.  Last read position: 3R:16,348,577
INFO	2025-02-06 14:21:49	MarkDuplicates	Tracking 378735 as yet unmatched pairs. 82070 records in RAM.
INFO	2025-02-06 14:21:52	MarkDuplicates	Read   111,000,000 records.  Elapsed time: 00:05:44s.  Time for last 1,000,000:    2s.  Last read position: 3R:17,188,941
INFO	2025-02-06 14:21:52	MarkDuplicates	Tracking 377472 as yet unmatched pairs. 79498 records in RAM.
INFO	2025-02-06 14:21:55	MarkDuplicates	Read   112,000,000 records.  Elapsed time: 00:05:47s.  Time for last 1,000,000:    2s.  Last read position: 3R:18,048,999
INFO	2025-02-06 14:21:55	MarkDuplicates	Tracking 375123 as yet unmatched pairs. 75189 records in RAM.
INFO	2025-02-06 14:21:57	MarkDuplicates	Read   113,000,000 records.  Elapsed time: 00:05:49s.  Time for last 1,000,000:    2s.  Last read position: 3R:18,881,426
INFO	2025-02-06 14:21:57	MarkDuplicates	Tracking 372825 as yet unmatched pairs. 70791 records in RAM.
INFO	2025-02-06 14:22:00	MarkDuplicates	Read   114,000,000 records.  Elapsed time: 00:05:52s.  Time for last 1,000,000:    2s.  Last read position: 3R:19,695,833
INFO	2025-02-06 14:22:00	MarkDuplicates	Tracking 371374 as yet unmatched pairs. 67829 records in RAM.
INFO	2025-02-06 14:22:03	MarkDuplicates	Read   115,000,000 records.  Elapsed time: 00:05:55s.  Time for last 1,000,000:    2s.  Last read position: 3R:20,515,733
INFO	2025-02-06 14:22:03	MarkDuplicates	Tracking 368618 as yet unmatched pairs. 63167 records in RAM.
INFO	2025-02-06 14:22:05	MarkDuplicates	Read   116,000,000 records.  Elapsed time: 00:05:57s.  Time for last 1,000,000:    2s.  Last read position: 3R:21,318,946
INFO	2025-02-06 14:22:05	MarkDuplicates	Tracking 366960 as yet unmatched pairs. 59864 records in RAM.
INFO	2025-02-06 14:22:08	MarkDuplicates	Read   117,000,000 records.  Elapsed time: 00:06:00s.  Time for last 1,000,000:    2s.  Last read position: 3R:22,135,983
INFO	2025-02-06 14:22:08	MarkDuplicates	Tracking 364427 as yet unmatched pairs. 55270 records in RAM.
INFO	2025-02-06 14:22:10	MarkDuplicates	Read   118,000,000 records.  Elapsed time: 00:06:02s.  Time for last 1,000,000:    2s.  Last read position: 3R:22,996,438
INFO	2025-02-06 14:22:10	MarkDuplicates	Tracking 362080 as yet unmatched pairs. 51244 records in RAM.
INFO	2025-02-06 14:22:13	MarkDuplicates	Read   119,000,000 records.  Elapsed time: 00:06:05s.  Time for last 1,000,000:    2s.  Last read position: 3R:23,827,771
INFO	2025-02-06 14:22:13	MarkDuplicates	Tracking 360180 as yet unmatched pairs. 47735 records in RAM.
INFO	2025-02-06 14:22:15	MarkDuplicates	Read   120,000,000 records.  Elapsed time: 00:06:08s.  Time for last 1,000,000:    2s.  Last read position: 3R:24,656,870
INFO	2025-02-06 14:22:15	MarkDuplicates	Tracking 358024 as yet unmatched pairs. 42844 records in RAM.
INFO	2025-02-06 14:22:18	MarkDuplicates	Read   121,000,000 records.  Elapsed time: 00:06:10s.  Time for last 1,000,000:    2s.  Last read position: 3R:25,464,089
INFO	2025-02-06 14:22:18	MarkDuplicates	Tracking 355946 as yet unmatched pairs. 39197 records in RAM.
INFO	2025-02-06 14:22:21	MarkDuplicates	Read   122,000,000 records.  Elapsed time: 00:06:13s.  Time for last 1,000,000:    2s.  Last read position: 3R:26,258,303
INFO	2025-02-06 14:22:21	MarkDuplicates	Tracking 353573 as yet unmatched pairs. 35037 records in RAM.
INFO	2025-02-06 14:22:23	MarkDuplicates	Read   123,000,000 records.  Elapsed time: 00:06:15s.  Time for last 1,000,000:    2s.  Last read position: 3R:27,099,819
INFO	2025-02-06 14:22:23	MarkDuplicates	Tracking 351129 as yet unmatched pairs. 30646 records in RAM.
INFO	2025-02-06 14:22:26	MarkDuplicates	Read   124,000,000 records.  Elapsed time: 00:06:18s.  Time for last 1,000,000:    2s.  Last read position: 3R:28,003,542
INFO	2025-02-06 14:22:26	MarkDuplicates	Tracking 347593 as yet unmatched pairs. 24576 records in RAM.
INFO	2025-02-06 14:22:29	MarkDuplicates	Read   125,000,000 records.  Elapsed time: 00:06:21s.  Time for last 1,000,000:    2s.  Last read position: 3R:28,945,831
INFO	2025-02-06 14:22:29	MarkDuplicates	Tracking 344246 as yet unmatched pairs. 18955 records in RAM.
INFO	2025-02-06 14:22:44	MarkDuplicates	Read   126,000,000 records.  Elapsed time: 00:06:36s.  Time for last 1,000,000:   15s.  Last read position: 3R:29,823,224
INFO	2025-02-06 14:22:44	MarkDuplicates	Tracking 340993 as yet unmatched pairs. 13847 records in RAM.
INFO	2025-02-06 14:22:47	MarkDuplicates	Read   127,000,000 records.  Elapsed time: 00:06:39s.  Time for last 1,000,000:    2s.  Last read position: 3R:30,646,588
INFO	2025-02-06 14:22:47	MarkDuplicates	Tracking 338346 as yet unmatched pairs. 9205 records in RAM.
INFO	2025-02-06 14:23:05	MarkDuplicates	Read   128,000,000 records.  Elapsed time: 00:06:57s.  Time for last 1,000,000:   18s.  Last read position: 3R:31,503,716
INFO	2025-02-06 14:23:05	MarkDuplicates	Tracking 334738 as yet unmatched pairs. 3726 records in RAM.
INFO	2025-02-06 14:23:07	MarkDuplicates	Read   129,000,000 records.  Elapsed time: 00:07:00s.  Time for last 1,000,000:    2s.  Last read position: 4:185,272
INFO	2025-02-06 14:23:07	MarkDuplicates	Tracking 331367 as yet unmatched pairs. 10712 records in RAM.
INFO	2025-02-06 14:23:10	MarkDuplicates	Read   130,000,000 records.  Elapsed time: 00:07:02s.  Time for last 1,000,000:    2s.  Last read position: 4:877,942
INFO	2025-02-06 14:23:10	MarkDuplicates	Tracking 327838 as yet unmatched pairs. 5353 records in RAM.
INFO	2025-02-06 14:23:16	MarkDuplicates	Read   131,000,000 records.  Elapsed time: 00:07:08s.  Time for last 1,000,000:    5s.  Last read position: X:95,384
INFO	2025-02-06 14:23:16	MarkDuplicates	Tracking 331312 as yet unmatched pairs. 187325 records in RAM.
INFO	2025-02-06 14:23:19	MarkDuplicates	Read   132,000,000 records.  Elapsed time: 00:07:11s.  Time for last 1,000,000:    2s.  Last read position: X:890,222
INFO	2025-02-06 14:23:19	MarkDuplicates	Tracking 327703 as yet unmatched pairs. 181523 records in RAM.
INFO	2025-02-06 14:23:21	MarkDuplicates	Read   133,000,000 records.  Elapsed time: 00:07:13s.  Time for last 1,000,000:    2s.  Last read position: X:1,816,032
INFO	2025-02-06 14:23:21	MarkDuplicates	Tracking 323264 as yet unmatched pairs. 176365 records in RAM.
INFO	2025-02-06 14:23:24	MarkDuplicates	Read   134,000,000 records.  Elapsed time: 00:07:16s.  Time for last 1,000,000:    2s.  Last read position: X:2,699,044
INFO	2025-02-06 14:23:24	MarkDuplicates	Tracking 319662 as yet unmatched pairs. 172102 records in RAM.
INFO	2025-02-06 14:23:27	MarkDuplicates	Read   135,000,000 records.  Elapsed time: 00:07:19s.  Time for last 1,000,000:    2s.  Last read position: X:3,569,676
INFO	2025-02-06 14:23:27	MarkDuplicates	Tracking 315235 as yet unmatched pairs. 166938 records in RAM.
INFO	2025-02-06 14:23:29	MarkDuplicates	Read   136,000,000 records.  Elapsed time: 00:07:21s.  Time for last 1,000,000:    2s.  Last read position: X:4,408,806
INFO	2025-02-06 14:23:29	MarkDuplicates	Tracking 310112 as yet unmatched pairs. 161162 records in RAM.
INFO	2025-02-06 14:23:32	MarkDuplicates	Read   137,000,000 records.  Elapsed time: 00:07:24s.  Time for last 1,000,000:    2s.  Last read position: X:5,295,530
INFO	2025-02-06 14:23:32	MarkDuplicates	Tracking 305694 as yet unmatched pairs. 156069 records in RAM.
INFO	2025-02-06 14:23:34	MarkDuplicates	Read   138,000,000 records.  Elapsed time: 00:07:26s.  Time for last 1,000,000:    2s.  Last read position: X:6,158,738
INFO	2025-02-06 14:23:34	MarkDuplicates	Tracking 300930 as yet unmatched pairs. 150712 records in RAM.
INFO	2025-02-06 14:23:37	MarkDuplicates	Read   139,000,000 records.  Elapsed time: 00:07:29s.  Time for last 1,000,000:    2s.  Last read position: X:7,025,162
INFO	2025-02-06 14:23:37	MarkDuplicates	Tracking 296091 as yet unmatched pairs. 144837 records in RAM.
INFO	2025-02-06 14:23:40	MarkDuplicates	Read   140,000,000 records.  Elapsed time: 00:07:32s.  Time for last 1,000,000:    2s.  Last read position: X:7,900,083
INFO	2025-02-06 14:23:40	MarkDuplicates	Tracking 291618 as yet unmatched pairs. 139575 records in RAM.
INFO	2025-02-06 14:23:43	MarkDuplicates	Read   141,000,000 records.  Elapsed time: 00:07:35s.  Time for last 1,000,000:    2s.  Last read position: X:8,712,965
INFO	2025-02-06 14:23:43	MarkDuplicates	Tracking 288106 as yet unmatched pairs. 135480 records in RAM.
INFO	2025-02-06 14:23:45	MarkDuplicates	Read   142,000,000 records.  Elapsed time: 00:07:37s.  Time for last 1,000,000:    2s.  Last read position: X:9,577,528
INFO	2025-02-06 14:23:45	MarkDuplicates	Tracking 284111 as yet unmatched pairs. 130788 records in RAM.
INFO	2025-02-06 14:23:48	MarkDuplicates	Read   143,000,000 records.  Elapsed time: 00:07:40s.  Time for last 1,000,000:    2s.  Last read position: X:10,418,465
INFO	2025-02-06 14:23:48	MarkDuplicates	Tracking 277949 as yet unmatched pairs. 123601 records in RAM.
INFO	2025-02-06 14:23:51	MarkDuplicates	Read   144,000,000 records.  Elapsed time: 00:07:43s.  Time for last 1,000,000:    2s.  Last read position: X:11,263,713
INFO	2025-02-06 14:23:51	MarkDuplicates	Tracking 273285 as yet unmatched pairs. 118125 records in RAM.
INFO	2025-02-06 14:23:53	MarkDuplicates	Read   145,000,000 records.  Elapsed time: 00:07:45s.  Time for last 1,000,000:    2s.  Last read position: X:12,091,860
INFO	2025-02-06 14:23:53	MarkDuplicates	Tracking 267443 as yet unmatched pairs. 111307 records in RAM.
INFO	2025-02-06 14:23:56	MarkDuplicates	Read   146,000,000 records.  Elapsed time: 00:07:48s.  Time for last 1,000,000:    2s.  Last read position: X:12,987,638
INFO	2025-02-06 14:23:56	MarkDuplicates	Tracking 262086 as yet unmatched pairs. 105241 records in RAM.
INFO	2025-02-06 14:23:59	MarkDuplicates	Read   147,000,000 records.  Elapsed time: 00:07:51s.  Time for last 1,000,000:    2s.  Last read position: X:13,811,273
INFO	2025-02-06 14:23:59	MarkDuplicates	Tracking 255723 as yet unmatched pairs. 97781 records in RAM.
INFO	2025-02-06 14:24:01	MarkDuplicates	Read   148,000,000 records.  Elapsed time: 00:07:53s.  Time for last 1,000,000:    2s.  Last read position: X:14,605,669
INFO	2025-02-06 14:24:01	MarkDuplicates	Tracking 249842 as yet unmatched pairs. 90969 records in RAM.
INFO	2025-02-06 14:24:04	MarkDuplicates	Read   149,000,000 records.  Elapsed time: 00:07:56s.  Time for last 1,000,000:    2s.  Last read position: X:15,437,119
INFO	2025-02-06 14:24:04	MarkDuplicates	Tracking 241948 as yet unmatched pairs. 82326 records in RAM.
INFO	2025-02-06 14:24:06	MarkDuplicates	Read   150,000,000 records.  Elapsed time: 00:07:58s.  Time for last 1,000,000:    2s.  Last read position: X:16,234,963
INFO	2025-02-06 14:24:06	MarkDuplicates	Tracking 237461 as yet unmatched pairs. 77335 records in RAM.
INFO	2025-02-06 14:24:09	MarkDuplicates	Read   151,000,000 records.  Elapsed time: 00:08:01s.  Time for last 1,000,000:    2s.  Last read position: X:17,031,938
INFO	2025-02-06 14:24:09	MarkDuplicates	Tracking 231859 as yet unmatched pairs. 71200 records in RAM.
INFO	2025-02-06 14:24:12	MarkDuplicates	Read   152,000,000 records.  Elapsed time: 00:08:04s.  Time for last 1,000,000:    2s.  Last read position: X:17,855,617
INFO	2025-02-06 14:24:12	MarkDuplicates	Tracking 225227 as yet unmatched pairs. 63971 records in RAM.
INFO	2025-02-06 14:24:14	MarkDuplicates	Read   153,000,000 records.  Elapsed time: 00:08:06s.  Time for last 1,000,000:    2s.  Last read position: X:18,747,779
INFO	2025-02-06 14:24:14	MarkDuplicates	Tracking 219139 as yet unmatched pairs. 57259 records in RAM.
INFO	2025-02-06 14:24:17	MarkDuplicates	Read   154,000,000 records.  Elapsed time: 00:08:09s.  Time for last 1,000,000:    2s.  Last read position: X:19,606,607
INFO	2025-02-06 14:24:17	MarkDuplicates	Tracking 212295 as yet unmatched pairs. 49778 records in RAM.
INFO	2025-02-06 14:24:20	MarkDuplicates	Read   155,000,000 records.  Elapsed time: 00:08:12s.  Time for last 1,000,000:    2s.  Last read position: X:20,529,587
INFO	2025-02-06 14:24:20	MarkDuplicates	Tracking 207535 as yet unmatched pairs. 44172 records in RAM.
INFO	2025-02-06 14:24:22	MarkDuplicates	Read   156,000,000 records.  Elapsed time: 00:08:14s.  Time for last 1,000,000:    2s.  Last read position: X:21,400,946
INFO	2025-02-06 14:24:22	MarkDuplicates	Tracking 200493 as yet unmatched pairs. 36437 records in RAM.
INFO	2025-02-06 14:24:25	MarkDuplicates	Read   157,000,000 records.  Elapsed time: 00:08:17s.  Time for last 1,000,000:    2s.  Last read position: X:22,433,013
INFO	2025-02-06 14:24:25	MarkDuplicates	Tracking 209389 as yet unmatched pairs. 40484 records in RAM.
INFO	2025-02-06 14:24:39	MarkDuplicates	Read   158,000,000 records.  Elapsed time: 00:08:31s.  Time for last 1,000,000:   14s.  Last read position: X:23,020,524
INFO	2025-02-06 14:24:39	MarkDuplicates	Tracking 188144 as yet unmatched pairs. 12904 records in RAM.
INFO	2025-02-06 14:24:42	MarkDuplicates	Read   159,000,000 records.  Elapsed time: 00:08:34s.  Time for last 1,000,000:    3s.  Last read position: Y:124,358
INFO	2025-02-06 14:24:42	MarkDuplicates	Tracking 208928 as yet unmatched pairs. 60809 records in RAM.
INFO	2025-02-06 14:24:45	MarkDuplicates	Read   160,000,000 records.  Elapsed time: 00:08:37s.  Time for last 1,000,000:    2s.  Last read position: Y:124,690
INFO	2025-02-06 14:24:45	MarkDuplicates	Tracking 266831 as yet unmatched pairs. 117876 records in RAM.
INFO	2025-02-06 14:24:48	MarkDuplicates	Read   161,000,000 records.  Elapsed time: 00:08:40s.  Time for last 1,000,000:    2s.  Last read position: Unmapped_Scaffold_8_D1580_D1567:40,131
INFO	2025-02-06 14:24:48	MarkDuplicates	Tracking 169324 as yet unmatched pairs. 3822 records in RAM.
INFO	2025-02-06 14:24:51	MarkDuplicates	Read   162,000,000 records.  Elapsed time: 00:08:43s.  Time for last 1,000,000:    3s.  Last read position: rDNA:42,751
INFO	2025-02-06 14:24:51	MarkDuplicates	Tracking 163718 as yet unmatched pairs. 12504 records in RAM.
INFO	2025-02-06 14:24:53	MarkDuplicates	Read   163,000,000 records.  Elapsed time: 00:08:45s.  Time for last 1,000,000:    2s.  Last read position: rDNA:69,210
INFO	2025-02-06 14:24:53	MarkDuplicates	Tracking 158717 as yet unmatched pairs. 6444 records in RAM.
INFO	2025-02-06 14:24:58	MarkDuplicates	Read   164,000,000 records.  Elapsed time: 00:08:50s.  Time for last 1,000,000:    4s.  Last read position: 211000022278137:12
INFO	2025-02-06 14:24:58	MarkDuplicates	Tracking 204158 as yet unmatched pairs. 78823 records in RAM.
INFO	2025-02-06 14:25:02	MarkDuplicates	Read   165,000,000 records.  Elapsed time: 00:08:54s.  Time for last 1,000,000:    4s.  Last read position: 211000022280440:89
INFO	2025-02-06 14:25:02	MarkDuplicates	Tracking 71889 as yet unmatched pairs. 5320 records in RAM.
INFO	2025-02-06 14:25:05	MarkDuplicates	Read   166,000,000 records.  Elapsed time: 00:08:57s.  Time for last 1,000,000:    3s.  Last read position: 211000022278320:90
INFO	2025-02-06 14:25:05	MarkDuplicates	Tracking 39417 as yet unmatched pairs. 248 records in RAM.
INFO	2025-02-06 14:25:08	MarkDuplicates	Read   167,000,000 records.  Elapsed time: 00:09:00s.  Time for last 1,000,000:    3s.  Last read position: 211000022278933:234
INFO	2025-02-06 14:25:08	MarkDuplicates	Tracking 32066 as yet unmatched pairs. 582 records in RAM.
INFO	2025-02-06 14:25:12	MarkDuplicates	Read   168,000,000 records.  Elapsed time: 00:09:04s.  Time for last 1,000,000:    3s.  Last read position: mitochondrion_genome:1,552
INFO	2025-02-06 14:25:12	MarkDuplicates	Tracking 34278 as yet unmatched pairs. 34278 records in RAM.
INFO	2025-02-06 14:25:14	MarkDuplicates	Read   169,000,000 records.  Elapsed time: 00:09:07s.  Time for last 1,000,000:    2s.  Last read position: mitochondrion_genome:9,683
INFO	2025-02-06 14:25:14	MarkDuplicates	Tracking 11882 as yet unmatched pairs. 11882 records in RAM.
INFO	2025-02-06 14:25:16	MarkDuplicates	Read 169454029 records. 0 pairs never matched.
INFO	2025-02-06 14:25:31	MarkDuplicates	After buildSortedReadEndLists freeMemory: 68971544; totalMemory: 77594624; maxMemory: 8589934592
INFO	2025-02-06 14:25:31	MarkDuplicates	Will retain up to 268435456 duplicate indices before spilling to disk.
INFO	2025-02-06 14:25:31	MarkDuplicates	Traversing read pair information and detecting duplicates.
INFO	2025-02-06 14:26:01	OpticalDuplicateFinder	Large duplicate set. size = 1042
INFO	2025-02-06 14:26:01	OpticalDuplicateFinder	compared         1,000 ReadEnds to others.  Elapsed time: 00:00:00s.  Time for last 1,000:    0s.  Last read position: 0:8,449
INFO	2025-02-06 14:26:01	OpticalDuplicateFinder	Large duplicate set. size = 1537
INFO	2025-02-06 14:26:01	OpticalDuplicateFinder	compared         1,000 ReadEnds to others.  Elapsed time: 00:00:00s.  Time for last 1,000:    0s.  Last read position: 0:10,847
INFO	2025-02-06 14:26:01	OpticalDuplicateFinder	Large duplicate set. size = 1093
INFO	2025-02-06 14:26:01	OpticalDuplicateFinder	compared         1,000 ReadEnds to others.  Elapsed time: 00:00:00s.  Time for last 1,000:    0s.  Last read position: 0:13,885
INFO	2025-02-06 14:26:01	OpticalDuplicateFinder	Large duplicate set. size = 1190
INFO	2025-02-06 14:26:01	OpticalDuplicateFinder	compared         1,000 ReadEnds to others.  Elapsed time: 00:00:00s.  Time for last 1,000:    0s.  Last read position: 0:18,375
INFO	2025-02-06 14:26:01	OpticalDuplicateFinder	Large duplicate set. size = 2053
INFO	2025-02-06 14:26:01	OpticalDuplicateFinder	compared         1,000 ReadEnds to others.  Elapsed time: 00:00:00s.  Time for last 1,000:    0s.  Last read position: 0:9,276
INFO	2025-02-06 14:26:01	OpticalDuplicateFinder	compared         2,000 ReadEnds to others.  Elapsed time: 00:00:00s.  Time for last 1,000:    0s.  Last read position: 0:4,513
INFO	2025-02-06 14:26:01	OpticalDuplicateFinder	Large duplicate set. size = 2871
INFO	2025-02-06 14:26:01	OpticalDuplicateFinder	compared         1,000 ReadEnds to others.  Elapsed time: 00:00:00s.  Time for last 1,000:    0s.  Last read position: 0:5,575
INFO	2025-02-06 14:26:01	OpticalDuplicateFinder	compared         2,000 ReadEnds to others.  Elapsed time: 00:00:00s.  Time for last 1,000:    0s.  Last read position: 0:11,993
INFO	2025-02-06 14:26:01	OpticalDuplicateFinder	Large duplicate set. size = 1538
INFO	2025-02-06 14:26:01	OpticalDuplicateFinder	compared         1,000 ReadEnds to others.  Elapsed time: 00:00:00s.  Time for last 1,000:    0s.  Last read position: 0:14,977
INFO	2025-02-06 14:26:01	OpticalDuplicateFinder	Large duplicate set. size = 1930
INFO	2025-02-06 14:26:01	OpticalDuplicateFinder	compared         1,000 ReadEnds to others.  Elapsed time: 00:00:00s.  Time for last 1,000:    0s.  Last read position: 0:15,835
INFO	2025-02-06 14:26:01	OpticalDuplicateFinder	Large duplicate set. size = 1636
INFO	2025-02-06 14:26:01	OpticalDuplicateFinder	compared         1,000 ReadEnds to others.  Elapsed time: 00:00:00s.  Time for last 1,000:    0s.  Last read position: 0:9,068
INFO	2025-02-06 14:26:01	OpticalDuplicateFinder	Large duplicate set. size = 2349
INFO	2025-02-06 14:26:01	OpticalDuplicateFinder	compared         1,000 ReadEnds to others.  Elapsed time: 00:00:00s.  Time for last 1,000:    0s.  Last read position: 0:17,947
INFO	2025-02-06 14:26:01	OpticalDuplicateFinder	compared         2,000 ReadEnds to others.  Elapsed time: 00:00:00s.  Time for last 1,000:    0s.  Last read position: 0:16,341
INFO	2025-02-06 14:26:01	OpticalDuplicateFinder	Large duplicate set. size = 1058
INFO	2025-02-06 14:26:01	OpticalDuplicateFinder	compared         1,000 ReadEnds to others.  Elapsed time: 00:00:00s.  Time for last 1,000:    0s.  Last read position: 0:4,153
INFO	2025-02-06 14:26:01	OpticalDuplicateFinder	Large duplicate set. size = 1619
INFO	2025-02-06 14:26:01	OpticalDuplicateFinder	compared         1,000 ReadEnds to others.  Elapsed time: 00:00:00s.  Time for last 1,000:    0s.  Last read position: 0:8,951
INFO	2025-02-06 14:26:01	OpticalDuplicateFinder	Large duplicate set. size = 1057
INFO	2025-02-06 14:26:01	OpticalDuplicateFinder	compared         1,000 ReadEnds to others.  Elapsed time: 00:00:00s.  Time for last 1,000:    0s.  Last read position: 0:7,084
INFO	2025-02-06 14:26:01	OpticalDuplicateFinder	Large duplicate set. size = 1924
INFO	2025-02-06 14:26:01	OpticalDuplicateFinder	compared         1,000 ReadEnds to others.  Elapsed time: 00:00:00s.  Time for last 1,000:    0s.  Last read position: 0:8,822
INFO	2025-02-06 14:26:01	OpticalDuplicateFinder	Large duplicate set. size = 1859
INFO	2025-02-06 14:26:01	OpticalDuplicateFinder	compared         1,000 ReadEnds to others.  Elapsed time: 00:00:00s.  Time for last 1,000:    0s.  Last read position: 0:4,219
INFO	2025-02-06 14:26:01	OpticalDuplicateFinder	Large duplicate set. size = 2838
INFO	2025-02-06 14:26:01	OpticalDuplicateFinder	compared         1,000 ReadEnds to others.  Elapsed time: 00:00:00s.  Time for last 1,000:    0s.  Last read position: 0:18,310
INFO	2025-02-06 14:26:01	OpticalDuplicateFinder	compared         2,000 ReadEnds to others.  Elapsed time: 00:00:00s.  Time for last 1,000:    0s.  Last read position: 0:9,957
INFO	2025-02-06 14:26:02	MarkDuplicates	Traversing fragment information and detecting duplicates.
INFO	2025-02-06 14:26:47	MarkDuplicates	Sorting list of duplicate records.
INFO	2025-02-06 14:26:49	MarkDuplicates	After generateDuplicateIndexes freeMemory: 1463519448; totalMemory: 3621781504; maxMemory: 8589934592
INFO	2025-02-06 14:26:49	MarkDuplicates	Marking 47242871 records as duplicates.
INFO	2025-02-06 14:26:49	MarkDuplicates	Found 284684 optical duplicate clusters.
INFO	2025-02-06 14:26:49	MarkDuplicates	Reads are assumed to be ordered by: coordinate
INFO	2025-02-06 14:28:31	MarkDuplicates	Written    10,000,000 records.  Elapsed time: 00:01:41s.  Time for last 10,000,000:  101s.  Last read position: 2L:11,469,185
INFO	2025-02-06 14:30:12	MarkDuplicates	Written    20,000,000 records.  Elapsed time: 00:03:22s.  Time for last 10,000,000:  101s.  Last read position: 2L:22,636,380
INFO	2025-02-06 14:31:51	MarkDuplicates	Written    30,000,000 records.  Elapsed time: 00:05:01s.  Time for last 10,000,000:   99s.  Last read position: 2R:11,022,816
INFO	2025-02-06 14:33:33	MarkDuplicates	Written    40,000,000 records.  Elapsed time: 00:06:43s.  Time for last 10,000,000:  101s.  Last read position: 2R:22,544,238
