INFO	2025-02-11 11:32:14	MergeVcfs	

********** NOTE: Picard's command line syntax is changing.
**********
********** For more information, please see:
********** https://github.com/broadinstitute/picard/wiki/Command-Line-Syntax-Transition-For-Users-(Pre-Transition)
**********
********** The command line looks like this in the new syntax:
**********
**********    MergeVcfs -I /dfs6/pub/itamburi/ee283/week5/vcf/result.2L.vcf.gz -I /dfs6/pub/itamburi/ee283/week5/vcf/result.2R.vcf.gz -I /dfs6/pub/itamburi/ee283/week5/vcf/result.3L.vcf.gz -I /dfs6/pub/itamburi/ee283/week5/vcf/result.3R.vcf.gz -I /dfs6/pub/itamburi/ee283/week5/vcf/result.4.vcf.gz -I /dfs6/pub/itamburi/ee283/week5/vcf/result.X.vcf.gz -I /dfs6/pub/itamburi/ee283/week5/vcf/result.Y.vcf.gz -O /dfs6/pub/itamburi/ee283/week5/vcf/all_variants.vcf.gz
**********


11:32:15.258 INFO  NativeLibraryLoader - Loading libgkl_compression.so from jar:file:/opt/apps/picard-tools/2.27.1/picard.jar!/com/intel/gkl/native/libgkl_compression.so
[Tue Feb 11 11:32:15 PST 2025] MergeVcfs INPUT=[/dfs6/pub/itamburi/ee283/week5/vcf/result.2L.vcf.gz, /dfs6/pub/itamburi/ee283/week5/vcf/result.2R.vcf.gz, /dfs6/pub/itamburi/ee283/week5/vcf/result.3L.vcf.gz, /dfs6/pub/itamburi/ee283/week5/vcf/result.3R.vcf.gz, /dfs6/pub/itamburi/ee283/week5/vcf/result.4.vcf.gz, /dfs6/pub/itamburi/ee283/week5/vcf/result.X.vcf.gz, /dfs6/pub/itamburi/ee283/week5/vcf/result.Y.vcf.gz] OUTPUT=/dfs6/pub/itamburi/ee283/week5/vcf/all_variants.vcf.gz    VERBOSITY=INFO QUIET=false VALIDATION_STRINGENCY=STRICT COMPRESSION_LEVEL=5 MAX_RECORDS_IN_RAM=500000 CREATE_INDEX=true CREATE_MD5_FILE=false GA4GH_CLIENT_SECRETS=client_secrets.json USE_JDK_DEFLATER=false USE_JDK_INFLATER=false
[Tue Feb 11 11:32:15 PST 2025] Executing as itamburi@hpc3-19-14 on Linux 4.18.0-553.22.1.el8_10.x86_64 amd64; OpenJDK 64-Bit Server VM 11.0.25+9-LTS; Deflater: Intel; Inflater: Intel; Provider GCS is not available; Picard version: unspecified-SNAPSHOT
INFO	2025-02-11 11:32:16	MergeVcfs	Processed        10,000 records.  Elapsed time: 00:00:01s.  Time for last 10,000:    0s.  Last read position: 2L:921,992
INFO	2025-02-11 11:32:16	MergeVcfs	Processed        20,000 records.  Elapsed time: 00:00:01s.  Time for last 10,000:    0s.  Last read position: 2L:1,363,350
INFO	2025-02-11 11:32:17	MergeVcfs	Processed        30,000 records.  Elapsed time: 00:00:01s.  Time for last 10,000:    0s.  Last read position: 2L:1,777,339
INFO	2025-02-11 11:32:17	MergeVcfs	Processed        40,000 records.  Elapsed time: 00:00:02s.  Time for last 10,000:    0s.  Last read position: 2L:2,269,160
INFO	2025-02-11 11:32:17	MergeVcfs	Processed        50,000 records.  Elapsed time: 00:00:02s.  Time for last 10,000:    0s.  Last read position: 2L:2,772,424
INFO	2025-02-11 11:32:17	MergeVcfs	Processed        60,000 records.  Elapsed time: 00:00:02s.  Time for last 10,000:    0s.  Last read position: 2L:3,319,205
INFO	2025-02-11 11:32:18	MergeVcfs	Processed        70,000 records.  Elapsed time: 00:00:02s.  Time for last 10,000:    0s.  Last read position: 2L:3,711,192
INFO	2025-02-11 11:32:18	MergeVcfs	Processed        80,000 records.  Elapsed time: 00:00:02s.  Time for last 10,000:    0s.  Last read position: 2L:4,136,119
INFO	2025-02-11 11:32:18	MergeVcfs	Processed        90,000 records.  Elapsed time: 00:00:03s.  Time for last 10,000:    0s.  Last read position: 2L:4,654,325
INFO	2025-02-11 11:32:18	MergeVcfs	Processed       100,000 records.  Elapsed time: 00:00:03s.  Time for last 10,000:    0s.  Last read position: 2L:5,255,671
INFO	2025-02-11 11:32:18	MergeVcfs	Processed       110,000 records.  Elapsed time: 00:00:03s.  Time for last 10,000:    0s.  Last read position: 2L:5,756,927
INFO	2025-02-11 11:32:19	MergeVcfs	Processed       120,000 records.  Elapsed time: 00:00:03s.  Time for last 10,000:    0s.  Last read position: 2L:6,263,861
INFO	2025-02-11 11:32:19	MergeVcfs	Processed       130,000 records.  Elapsed time: 00:00:04s.  Time for last 10,000:    0s.  Last read position: 2L:6,811,262
INFO	2025-02-11 11:32:19	MergeVcfs	Processed       140,000 records.  Elapsed time: 00:00:04s.  Time for last 10,000:    0s.  Last read position: 2L:7,316,224
INFO	2025-02-11 11:32:19	MergeVcfs	Processed       150,000 records.  Elapsed time: 00:00:04s.  Time for last 10,000:    0s.  Last read position: 2L:7,844,382
INFO	2025-02-11 11:32:20	MergeVcfs	Processed       160,000 records.  Elapsed time: 00:00:04s.  Time for last 10,000:    0s.  Last read position: 2L:8,334,432
INFO	2025-02-11 11:32:20	MergeVcfs	Processed       170,000 records.  Elapsed time: 00:00:04s.  Time for last 10,000:    0s.  Last read position: 2L:8,872,929
INFO	2025-02-11 11:32:20	MergeVcfs	Processed       180,000 records.  Elapsed time: 00:00:05s.  Time for last 10,000:    0s.  Last read position: 2L:9,300,588
INFO	2025-02-11 11:32:20	MergeVcfs	Processed       190,000 records.  Elapsed time: 00:00:05s.  Time for last 10,000:    0s.  Last read position: 2L:9,736,521
INFO	2025-02-11 11:32:20	MergeVcfs	Processed       200,000 records.  Elapsed time: 00:00:05s.  Time for last 10,000:    0s.  Last read position: 2L:10,179,593
INFO	2025-02-11 11:32:21	MergeVcfs	Processed       210,000 records.  Elapsed time: 00:00:05s.  Time for last 10,000:    0s.  Last read position: 2L:10,631,007
INFO	2025-02-11 11:32:21	MergeVcfs	Processed       220,000 records.  Elapsed time: 00:00:06s.  Time for last 10,000:    0s.  Last read position: 2L:11,051,327
INFO	2025-02-11 11:32:21	MergeVcfs	Processed       230,000 records.  Elapsed time: 00:00:06s.  Time for last 10,000:    0s.  Last read position: 2L:11,469,732
INFO	2025-02-11 11:32:21	MergeVcfs	Processed       240,000 records.  Elapsed time: 00:00:06s.  Time for last 10,000:    0s.  Last read position: 2L:11,890,841
INFO	2025-02-11 11:32:22	MergeVcfs	Processed       250,000 records.  Elapsed time: 00:00:06s.  Time for last 10,000:    0s.  Last read position: 2L:12,293,913
INFO	2025-02-11 11:32:22	MergeVcfs	Processed       260,000 records.  Elapsed time: 00:00:07s.  Time for last 10,000:    0s.  Last read position: 2L:12,694,291
INFO	2025-02-11 11:32:22	MergeVcfs	Processed       270,000 records.  Elapsed time: 00:00:07s.  Time for last 10,000:    0s.  Last read position: 2L:13,276,051
INFO	2025-02-11 11:32:22	MergeVcfs	Processed       280,000 records.  Elapsed time: 00:00:07s.  Time for last 10,000:    0s.  Last read position: 2L:13,902,088
INFO	2025-02-11 11:32:22	MergeVcfs	Processed       290,000 records.  Elapsed time: 00:00:07s.  Time for last 10,000:    0s.  Last read position: 2L:14,461,268
INFO	2025-02-11 11:32:23	MergeVcfs	Processed       300,000 records.  Elapsed time: 00:00:07s.  Time for last 10,000:    0s.  Last read position: 2L:15,075,473
INFO	2025-02-11 11:32:23	MergeVcfs	Processed       310,000 records.  Elapsed time: 00:00:08s.  Time for last 10,000:    0s.  Last read position: 2L:15,729,090
INFO	2025-02-11 11:32:23	MergeVcfs	Processed       320,000 records.  Elapsed time: 00:00:08s.  Time for last 10,000:    0s.  Last read position: 2L:16,358,039
INFO	2025-02-11 11:32:23	MergeVcfs	Processed       330,000 records.  Elapsed time: 00:00:08s.  Time for last 10,000:    0s.  Last read position: 2L:16,954,347
INFO	2025-02-11 11:32:24	MergeVcfs	Processed       340,000 records.  Elapsed time: 00:00:08s.  Time for last 10,000:    0s.  Last read position: 2L:17,576,686
INFO	2025-02-11 11:32:24	MergeVcfs	Processed       350,000 records.  Elapsed time: 00:00:09s.  Time for last 10,000:    0s.  Last read position: 2L:18,319,377
INFO	2025-02-11 11:32:24	MergeVcfs	Processed       360,000 records.  Elapsed time: 00:00:09s.  Time for last 10,000:    0s.  Last read position: 2L:19,079,039
INFO	2025-02-11 11:32:24	MergeVcfs	Processed       370,000 records.  Elapsed time: 00:00:09s.  Time for last 10,000:    0s.  Last read position: 2L:19,806,745
INFO	2025-02-11 11:32:24	MergeVcfs	Processed       380,000 records.  Elapsed time: 00:00:09s.  Time for last 10,000:    0s.  Last read position: 2L:20,468,088
INFO	2025-02-11 11:32:25	MergeVcfs	Processed       390,000 records.  Elapsed time: 00:00:09s.  Time for last 10,000:    0s.  Last read position: 2L:21,624,379
INFO	2025-02-11 11:32:25	MergeVcfs	Processed       400,000 records.  Elapsed time: 00:00:10s.  Time for last 10,000:    0s.  Last read position: 2L:22,988,676
INFO	2025-02-11 11:32:25	MergeVcfs	Processed       410,000 records.  Elapsed time: 00:00:10s.  Time for last 10,000:    0s.  Last read position: 2R:2,586,208
INFO	2025-02-11 11:32:26	MergeVcfs	Processed       420,000 records.  Elapsed time: 00:00:10s.  Time for last 10,000:    0s.  Last read position: 2R:4,874,425
INFO	2025-02-11 11:32:26	MergeVcfs	Processed       430,000 records.  Elapsed time: 00:00:10s.  Time for last 10,000:    0s.  Last read position: 2R:5,696,765
INFO	2025-02-11 11:32:26	MergeVcfs	Processed       440,000 records.  Elapsed time: 00:00:11s.  Time for last 10,000:    0s.  Last read position: 2R:6,829,479
INFO	2025-02-11 11:32:26	MergeVcfs	Processed       450,000 records.  Elapsed time: 00:00:11s.  Time for last 10,000:    0s.  Last read position: 2R:7,845,573
INFO	2025-02-11 11:32:27	MergeVcfs	Processed       460,000 records.  Elapsed time: 00:00:11s.  Time for last 10,000:    0s.  Last read position: 2R:8,696,591
INFO	2025-02-11 11:32:27	MergeVcfs	Processed       470,000 records.  Elapsed time: 00:00:11s.  Time for last 10,000:    0s.  Last read position: 2R:9,636,315
INFO	2025-02-11 11:32:27	MergeVcfs	Processed       480,000 records.  Elapsed time: 00:00:12s.  Time for last 10,000:    0s.  Last read position: 2R:10,313,363
INFO	2025-02-11 11:32:27	MergeVcfs	Processed       490,000 records.  Elapsed time: 00:00:12s.  Time for last 10,000:    0s.  Last read position: 2R:10,819,211
INFO	2025-02-11 11:32:27	MergeVcfs	Processed       500,000 records.  Elapsed time: 00:00:12s.  Time for last 10,000:    0s.  Last read position: 2R:11,323,979
INFO	2025-02-11 11:32:28	MergeVcfs	Processed       510,000 records.  Elapsed time: 00:00:12s.  Time for last 10,000:    0s.  Last read position: 2R:11,862,450
INFO	2025-02-11 11:32:28	MergeVcfs	Processed       520,000 records.  Elapsed time: 00:00:13s.  Time for last 10,000:    0s.  Last read position: 2R:12,417,524
INFO	2025-02-11 11:32:28	MergeVcfs	Processed       530,000 records.  Elapsed time: 00:00:13s.  Time for last 10,000:    0s.  Last read position: 2R:12,980,015
INFO	2025-02-11 11:32:28	MergeVcfs	Processed       540,000 records.  Elapsed time: 00:00:13s.  Time for last 10,000:    0s.  Last read position: 2R:13,463,699
INFO	2025-02-11 11:32:29	MergeVcfs	Processed       550,000 records.  Elapsed time: 00:00:13s.  Time for last 10,000:    0s.  Last read position: 2R:13,910,574
INFO	2025-02-11 11:32:29	MergeVcfs	Processed       560,000 records.  Elapsed time: 00:00:13s.  Time for last 10,000:    0s.  Last read position: 2R:14,519,830
INFO	2025-02-11 11:32:29	MergeVcfs	Processed       570,000 records.  Elapsed time: 00:00:14s.  Time for last 10,000:    0s.  Last read position: 2R:15,006,372
INFO	2025-02-11 11:32:29	MergeVcfs	Processed       580,000 records.  Elapsed time: 00:00:14s.  Time for last 10,000:    0s.  Last read position: 2R:15,540,572
INFO	2025-02-11 11:32:29	MergeVcfs	Processed       590,000 records.  Elapsed time: 00:00:14s.  Time for last 10,000:    0s.  Last read position: 2R:16,037,523
INFO	2025-02-11 11:32:30	MergeVcfs	Processed       600,000 records.  Elapsed time: 00:00:14s.  Time for last 10,000:    0s.  Last read position: 2R:16,495,689
INFO	2025-02-11 11:32:30	MergeVcfs	Processed       610,000 records.  Elapsed time: 00:00:15s.  Time for last 10,000:    0s.  Last read position: 2R:16,942,046
INFO	2025-02-11 11:32:30	MergeVcfs	Processed       620,000 records.  Elapsed time: 00:00:15s.  Time for last 10,000:    0s.  Last read position: 2R:17,610,605
INFO	2025-02-11 11:32:30	MergeVcfs	Processed       630,000 records.  Elapsed time: 00:00:15s.  Time for last 10,000:    0s.  Last read position: 2R:18,144,957
INFO	2025-02-11 11:32:31	MergeVcfs	Processed       640,000 records.  Elapsed time: 00:00:15s.  Time for last 10,000:    0s.  Last read position: 2R:18,663,963
INFO	2025-02-11 11:32:31	MergeVcfs	Processed       650,000 records.  Elapsed time: 00:00:15s.  Time for last 10,000:    0s.  Last read position: 2R:19,166,401
INFO	2025-02-11 11:32:31	MergeVcfs	Processed       660,000 records.  Elapsed time: 00:00:16s.  Time for last 10,000:    0s.  Last read position: 2R:19,799,878
INFO	2025-02-11 11:32:31	MergeVcfs	Processed       670,000 records.  Elapsed time: 00:00:16s.  Time for last 10,000:    0s.  Last read position: 2R:20,384,787
INFO	2025-02-11 11:32:31	MergeVcfs	Processed       680,000 records.  Elapsed time: 00:00:16s.  Time for last 10,000:    0s.  Last read position: 2R:20,849,051
INFO	2025-02-11 11:32:32	MergeVcfs	Processed       690,000 records.  Elapsed time: 00:00:16s.  Time for last 10,000:    0s.  Last read position: 2R:21,274,738
INFO	2025-02-11 11:32:32	MergeVcfs	Processed       700,000 records.  Elapsed time: 00:00:17s.  Time for last 10,000:    0s.  Last read position: 2R:21,748,644
INFO	2025-02-11 11:32:32	MergeVcfs	Processed       710,000 records.  Elapsed time: 00:00:17s.  Time for last 10,000:    0s.  Last read position: 2R:22,140,765
INFO	2025-02-11 11:32:32	MergeVcfs	Processed       720,000 records.  Elapsed time: 00:00:17s.  Time for last 10,000:    0s.  Last read position: 2R:22,669,870
INFO	2025-02-11 11:32:33	MergeVcfs	Processed       730,000 records.  Elapsed time: 00:00:17s.  Time for last 10,000:    0s.  Last read position: 2R:23,181,569
INFO	2025-02-11 11:32:33	MergeVcfs	Processed       740,000 records.  Elapsed time: 00:00:18s.  Time for last 10,000:    0s.  Last read position: 2R:23,691,681
INFO	2025-02-11 11:32:33	MergeVcfs	Processed       750,000 records.  Elapsed time: 00:00:18s.  Time for last 10,000:    0s.  Last read position: 2R:24,319,888
INFO	2025-02-11 11:32:33	MergeVcfs	Processed       760,000 records.  Elapsed time: 00:00:18s.  Time for last 10,000:    0s.  Last read position: 2R:25,251,762
INFO	2025-02-11 11:32:33	MergeVcfs	Processed       770,000 records.  Elapsed time: 00:00:18s.  Time for last 10,000:    0s.  Last read position: 3L:846,025
INFO	2025-02-11 11:32:34	MergeVcfs	Processed       780,000 records.  Elapsed time: 00:00:18s.  Time for last 10,000:    0s.  Last read position: 3L:1,310,285
INFO	2025-02-11 11:32:34	MergeVcfs	Processed       790,000 records.  Elapsed time: 00:00:19s.  Time for last 10,000:    0s.  Last read position: 3L:1,764,581
INFO	2025-02-11 11:32:34	MergeVcfs	Processed       800,000 records.  Elapsed time: 00:00:19s.  Time for last 10,000:    0s.  Last read position: 3L:2,280,267
INFO	2025-02-11 11:32:34	MergeVcfs	Processed       810,000 records.  Elapsed time: 00:00:19s.  Time for last 10,000:    0s.  Last read position: 3L:2,720,598
INFO	2025-02-11 11:32:35	MergeVcfs	Processed       820,000 records.  Elapsed time: 00:00:19s.  Time for last 10,000:    0s.  Last read position: 3L:3,278,166
INFO	2025-02-11 11:32:35	MergeVcfs	Processed       830,000 records.  Elapsed time: 00:00:20s.  Time for last 10,000:    0s.  Last read position: 3L:3,787,023
INFO	2025-02-11 11:32:35	MergeVcfs	Processed       840,000 records.  Elapsed time: 00:00:20s.  Time for last 10,000:    0s.  Last read position: 3L:4,310,216
INFO	2025-02-11 11:32:35	MergeVcfs	Processed       850,000 records.  Elapsed time: 00:00:20s.  Time for last 10,000:    0s.  Last read position: 3L:4,799,968
INFO	2025-02-11 11:32:36	MergeVcfs	Processed       860,000 records.  Elapsed time: 00:00:20s.  Time for last 10,000:    0s.  Last read position: 3L:5,353,911
INFO	2025-02-11 11:32:36	MergeVcfs	Processed       870,000 records.  Elapsed time: 00:00:20s.  Time for last 10,000:    0s.  Last read position: 3L:5,842,169
INFO	2025-02-11 11:32:36	MergeVcfs	Processed       880,000 records.  Elapsed time: 00:00:21s.  Time for last 10,000:    0s.  Last read position: 3L:6,386,400
INFO	2025-02-11 11:32:36	MergeVcfs	Processed       890,000 records.  Elapsed time: 00:00:21s.  Time for last 10,000:    0s.  Last read position: 3L:6,941,574
INFO	2025-02-11 11:32:36	MergeVcfs	Processed       900,000 records.  Elapsed time: 00:00:21s.  Time for last 10,000:    0s.  Last read position: 3L:7,411,968
INFO	2025-02-11 11:32:37	MergeVcfs	Processed       910,000 records.  Elapsed time: 00:00:21s.  Time for last 10,000:    0s.  Last read position: 3L:7,912,769
INFO	2025-02-11 11:32:37	MergeVcfs	Processed       920,000 records.  Elapsed time: 00:00:22s.  Time for last 10,000:    0s.  Last read position: 3L:8,535,100
INFO	2025-02-11 11:32:37	MergeVcfs	Processed       930,000 records.  Elapsed time: 00:00:22s.  Time for last 10,000:    0s.  Last read position: 3L:9,014,371
INFO	2025-02-11 11:32:37	MergeVcfs	Processed       940,000 records.  Elapsed time: 00:00:22s.  Time for last 10,000:    0s.  Last read position: 3L:9,555,845
INFO	2025-02-11 11:32:38	MergeVcfs	Processed       950,000 records.  Elapsed time: 00:00:22s.  Time for last 10,000:    0s.  Last read position: 3L:10,048,256
INFO	2025-02-11 11:32:38	MergeVcfs	Processed       960,000 records.  Elapsed time: 00:00:22s.  Time for last 10,000:    0s.  Last read position: 3L:10,472,325
INFO	2025-02-11 11:32:38	MergeVcfs	Processed       970,000 records.  Elapsed time: 00:00:23s.  Time for last 10,000:    0s.  Last read position: 3L:10,865,370
INFO	2025-02-11 11:32:38	MergeVcfs	Processed       980,000 records.  Elapsed time: 00:00:23s.  Time for last 10,000:    0s.  Last read position: 3L:11,281,645
INFO	2025-02-11 11:32:38	MergeVcfs	Processed       990,000 records.  Elapsed time: 00:00:23s.  Time for last 10,000:    0s.  Last read position: 3L:11,711,796
INFO	2025-02-11 11:32:39	MergeVcfs	Processed     1,000,000 records.  Elapsed time: 00:00:23s.  Time for last 10,000:    0s.  Last read position: 3L:12,202,267
INFO	2025-02-11 11:32:39	MergeVcfs	Processed     1,010,000 records.  Elapsed time: 00:00:24s.  Time for last 10,000:    0s.  Last read position: 3L:12,623,101
INFO	2025-02-11 11:32:39	MergeVcfs	Processed     1,020,000 records.  Elapsed time: 00:00:24s.  Time for last 10,000:    0s.  Last read position: 3L:13,149,593
INFO	2025-02-11 11:32:39	MergeVcfs	Processed     1,030,000 records.  Elapsed time: 00:00:24s.  Time for last 10,000:    0s.  Last read position: 3L:13,675,757
INFO	2025-02-11 11:32:40	MergeVcfs	Processed     1,040,000 records.  Elapsed time: 00:00:24s.  Time for last 10,000:    0s.  Last read position: 3L:14,243,539
INFO	2025-02-11 11:32:40	MergeVcfs	Processed     1,050,000 records.  Elapsed time: 00:00:24s.  Time for last 10,000:    0s.  Last read position: 3L:14,868,010
INFO	2025-02-11 11:32:40	MergeVcfs	Processed     1,060,000 records.  Elapsed time: 00:00:25s.  Time for last 10,000:    0s.  Last read position: 3L:15,529,859
INFO	2025-02-11 11:32:40	MergeVcfs	Processed     1,070,000 records.  Elapsed time: 00:00:25s.  Time for last 10,000:    0s.  Last read position: 3L:16,231,233
INFO	2025-02-11 11:32:40	MergeVcfs	Processed     1,080,000 records.  Elapsed time: 00:00:25s.  Time for last 10,000:    0s.  Last read position: 3L:16,872,860
INFO	2025-02-11 11:32:41	MergeVcfs	Processed     1,090,000 records.  Elapsed time: 00:00:25s.  Time for last 10,000:    0s.  Last read position: 3L:17,673,055
INFO	2025-02-11 11:32:41	MergeVcfs	Processed     1,100,000 records.  Elapsed time: 00:00:26s.  Time for last 10,000:    0s.  Last read position: 3L:18,247,884
INFO	2025-02-11 11:32:41	MergeVcfs	Processed     1,110,000 records.  Elapsed time: 00:00:26s.  Time for last 10,000:    0s.  Last read position: 3L:18,736,651
INFO	2025-02-11 11:32:41	MergeVcfs	Processed     1,120,000 records.  Elapsed time: 00:00:26s.  Time for last 10,000:    0s.  Last read position: 3L:19,455,592
INFO	2025-02-11 11:32:42	MergeVcfs	Processed     1,130,000 records.  Elapsed time: 00:00:26s.  Time for last 10,000:    0s.  Last read position: 3L:20,721,567
INFO	2025-02-11 11:32:42	MergeVcfs	Processed     1,140,000 records.  Elapsed time: 00:00:26s.  Time for last 10,000:    0s.  Last read position: 3L:22,118,789
INFO	2025-02-11 11:32:42	MergeVcfs	Processed     1,150,000 records.  Elapsed time: 00:00:27s.  Time for last 10,000:    0s.  Last read position: 3L:23,632,489
INFO	2025-02-11 11:32:42	MergeVcfs	Processed     1,160,000 records.  Elapsed time: 00:00:27s.  Time for last 10,000:    0s.  Last read position: 3L:27,094,847
INFO	2025-02-11 11:32:43	MergeVcfs	Processed     1,170,000 records.  Elapsed time: 00:00:27s.  Time for last 10,000:    0s.  Last read position: 3R:3,711,557
INFO	2025-02-11 11:32:43	MergeVcfs	Processed     1,180,000 records.  Elapsed time: 00:00:27s.  Time for last 10,000:    0s.  Last read position: 3R:5,985,073
INFO	2025-02-11 11:32:43	MergeVcfs	Processed     1,190,000 records.  Elapsed time: 00:00:28s.  Time for last 10,000:    0s.  Last read position: 3R:7,203,362
INFO	2025-02-11 11:32:43	MergeVcfs	Processed     1,200,000 records.  Elapsed time: 00:00:28s.  Time for last 10,000:    0s.  Last read position: 3R:8,279,888
INFO	2025-02-11 11:32:43	MergeVcfs	Processed     1,210,000 records.  Elapsed time: 00:00:28s.  Time for last 10,000:    0s.  Last read position: 3R:9,428,207
INFO	2025-02-11 11:32:44	MergeVcfs	Processed     1,220,000 records.  Elapsed time: 00:00:28s.  Time for last 10,000:    0s.  Last read position: 3R:10,566,949
INFO	2025-02-11 11:32:44	MergeVcfs	Processed     1,230,000 records.  Elapsed time: 00:00:29s.  Time for last 10,000:    0s.  Last read position: 3R:11,457,003
INFO	2025-02-11 11:32:44	MergeVcfs	Processed     1,240,000 records.  Elapsed time: 00:00:29s.  Time for last 10,000:    0s.  Last read position: 3R:12,450,617
INFO	2025-02-11 11:32:44	MergeVcfs	Processed     1,250,000 records.  Elapsed time: 00:00:29s.  Time for last 10,000:    0s.  Last read position: 3R:13,295,945
INFO	2025-02-11 11:32:45	MergeVcfs	Processed     1,260,000 records.  Elapsed time: 00:00:29s.  Time for last 10,000:    0s.  Last read position: 3R:13,826,665
INFO	2025-02-11 11:32:45	MergeVcfs	Processed     1,270,000 records.  Elapsed time: 00:00:30s.  Time for last 10,000:    0s.  Last read position: 3R:14,282,603
INFO	2025-02-11 11:32:45	MergeVcfs	Processed     1,280,000 records.  Elapsed time: 00:00:30s.  Time for last 10,000:    0s.  Last read position: 3R:14,863,628
INFO	2025-02-11 11:32:45	MergeVcfs	Processed     1,290,000 records.  Elapsed time: 00:00:30s.  Time for last 10,000:    0s.  Last read position: 3R:15,657,286
INFO	2025-02-11 11:32:46	MergeVcfs	Processed     1,300,000 records.  Elapsed time: 00:00:30s.  Time for last 10,000:    0s.  Last read position: 3R:16,491,487
INFO	2025-02-11 11:32:46	MergeVcfs	Processed     1,310,000 records.  Elapsed time: 00:00:30s.  Time for last 10,000:    0s.  Last read position: 3R:17,206,822
INFO	2025-02-11 11:32:46	MergeVcfs	Processed     1,320,000 records.  Elapsed time: 00:00:31s.  Time for last 10,000:    0s.  Last read position: 3R:17,738,311
INFO	2025-02-11 11:32:46	MergeVcfs	Processed     1,330,000 records.  Elapsed time: 00:00:31s.  Time for last 10,000:    0s.  Last read position: 3R:18,203,911
INFO	2025-02-11 11:32:46	MergeVcfs	Processed     1,340,000 records.  Elapsed time: 00:00:31s.  Time for last 10,000:    0s.  Last read position: 3R:18,589,986
INFO	2025-02-11 11:32:47	MergeVcfs	Processed     1,350,000 records.  Elapsed time: 00:00:31s.  Time for last 10,000:    0s.  Last read position: 3R:19,070,446
INFO	2025-02-11 11:32:47	MergeVcfs	Processed     1,360,000 records.  Elapsed time: 00:00:32s.  Time for last 10,000:    0s.  Last read position: 3R:19,603,767
INFO	2025-02-11 11:32:47	MergeVcfs	Processed     1,370,000 records.  Elapsed time: 00:00:32s.  Time for last 10,000:    0s.  Last read position: 3R:20,290,887
INFO	2025-02-11 11:32:47	MergeVcfs	Processed     1,380,000 records.  Elapsed time: 00:00:32s.  Time for last 10,000:    0s.  Last read position: 3R:20,958,564
INFO	2025-02-11 11:32:48	MergeVcfs	Processed     1,390,000 records.  Elapsed time: 00:00:32s.  Time for last 10,000:    0s.  Last read position: 3R:21,496,742
INFO	2025-02-11 11:32:48	MergeVcfs	Processed     1,400,000 records.  Elapsed time: 00:00:32s.  Time for last 10,000:    0s.  Last read position: 3R:22,044,472
INFO	2025-02-11 11:32:48	MergeVcfs	Processed     1,410,000 records.  Elapsed time: 00:00:33s.  Time for last 10,000:    0s.  Last read position: 3R:22,643,119
INFO	2025-02-11 11:32:48	MergeVcfs	Processed     1,420,000 records.  Elapsed time: 00:00:33s.  Time for last 10,000:    0s.  Last read position: 3R:23,195,220
INFO	2025-02-11 11:32:48	MergeVcfs	Processed     1,430,000 records.  Elapsed time: 00:00:33s.  Time for last 10,000:    0s.  Last read position: 3R:23,744,903
INFO	2025-02-11 11:32:49	MergeVcfs	Processed     1,440,000 records.  Elapsed time: 00:00:33s.  Time for last 10,000:    0s.  Last read position: 3R:24,469,203
INFO	2025-02-11 11:32:49	MergeVcfs	Processed     1,450,000 records.  Elapsed time: 00:00:34s.  Time for last 10,000:    0s.  Last read position: 3R:25,169,878
INFO	2025-02-11 11:32:49	MergeVcfs	Processed     1,460,000 records.  Elapsed time: 00:00:34s.  Time for last 10,000:    0s.  Last read position: 3R:25,821,329
INFO	2025-02-11 11:32:49	MergeVcfs	Processed     1,470,000 records.  Elapsed time: 00:00:34s.  Time for last 10,000:    0s.  Last read position: 3R:26,405,853
INFO	2025-02-11 11:32:50	MergeVcfs	Processed     1,480,000 records.  Elapsed time: 00:00:34s.  Time for last 10,000:    0s.  Last read position: 3R:26,904,932
INFO	2025-02-11 11:32:50	MergeVcfs	Processed     1,490,000 records.  Elapsed time: 00:00:34s.  Time for last 10,000:    0s.  Last read position: 3R:27,380,994
INFO	2025-02-11 11:32:50	MergeVcfs	Processed     1,500,000 records.  Elapsed time: 00:00:35s.  Time for last 10,000:    0s.  Last read position: 3R:27,892,641
INFO	2025-02-11 11:32:50	MergeVcfs	Processed     1,510,000 records.  Elapsed time: 00:00:35s.  Time for last 10,000:    0s.  Last read position: 3R:28,572,316
INFO	2025-02-11 11:32:50	MergeVcfs	Processed     1,520,000 records.  Elapsed time: 00:00:35s.  Time for last 10,000:    0s.  Last read position: 3R:29,227,757
INFO	2025-02-11 11:32:51	MergeVcfs	Processed     1,530,000 records.  Elapsed time: 00:00:35s.  Time for last 10,000:    0s.  Last read position: 3R:29,658,329
INFO	2025-02-11 11:32:51	MergeVcfs	Processed     1,540,000 records.  Elapsed time: 00:00:36s.  Time for last 10,000:    0s.  Last read position: 3R:30,092,732
INFO	2025-02-11 11:32:51	MergeVcfs	Processed     1,550,000 records.  Elapsed time: 00:00:36s.  Time for last 10,000:    0s.  Last read position: 3R:30,435,156
INFO	2025-02-11 11:32:51	MergeVcfs	Processed     1,560,000 records.  Elapsed time: 00:00:36s.  Time for last 10,000:    0s.  Last read position: 3R:30,874,666
INFO	2025-02-11 11:32:52	MergeVcfs	Processed     1,570,000 records.  Elapsed time: 00:00:36s.  Time for last 10,000:    0s.  Last read position: 3R:31,615,491
INFO	2025-02-11 11:32:52	MergeVcfs	Processed     1,580,000 records.  Elapsed time: 00:00:36s.  Time for last 10,000:    0s.  Last read position: X:581,687
INFO	2025-02-11 11:32:52	MergeVcfs	Processed     1,590,000 records.  Elapsed time: 00:00:37s.  Time for last 10,000:    0s.  Last read position: X:2,242,266
INFO	2025-02-11 11:32:52	MergeVcfs	Processed     1,600,000 records.  Elapsed time: 00:00:37s.  Time for last 10,000:    0s.  Last read position: X:3,059,818
INFO	2025-02-11 11:32:53	MergeVcfs	Processed     1,610,000 records.  Elapsed time: 00:00:37s.  Time for last 10,000:    0s.  Last read position: X:3,716,669
INFO	2025-02-11 11:32:53	MergeVcfs	Processed     1,620,000 records.  Elapsed time: 00:00:38s.  Time for last 10,000:    0s.  Last read position: X:4,473,843
INFO	2025-02-11 11:32:53	MergeVcfs	Processed     1,630,000 records.  Elapsed time: 00:00:38s.  Time for last 10,000:    0s.  Last read position: X:4,973,926
INFO	2025-02-11 11:32:53	MergeVcfs	Processed     1,640,000 records.  Elapsed time: 00:00:38s.  Time for last 10,000:    0s.  Last read position: X:5,580,968
INFO	2025-02-11 11:32:53	MergeVcfs	Processed     1,650,000 records.  Elapsed time: 00:00:38s.  Time for last 10,000:    0s.  Last read position: X:6,302,513
INFO	2025-02-11 11:32:54	MergeVcfs	Processed     1,660,000 records.  Elapsed time: 00:00:38s.  Time for last 10,000:    0s.  Last read position: X:6,901,606
INFO	2025-02-11 11:32:54	MergeVcfs	Processed     1,670,000 records.  Elapsed time: 00:00:39s.  Time for last 10,000:    0s.  Last read position: X:7,808,089
INFO	2025-02-11 11:32:54	MergeVcfs	Processed     1,680,000 records.  Elapsed time: 00:00:39s.  Time for last 10,000:    0s.  Last read position: X:8,455,200
INFO	2025-02-11 11:32:54	MergeVcfs	Processed     1,690,000 records.  Elapsed time: 00:00:39s.  Time for last 10,000:    0s.  Last read position: X:9,011,445
INFO	2025-02-11 11:32:55	MergeVcfs	Processed     1,700,000 records.  Elapsed time: 00:00:39s.  Time for last 10,000:    0s.  Last read position: X:9,675,575
INFO	2025-02-11 11:32:55	MergeVcfs	Processed     1,710,000 records.  Elapsed time: 00:00:40s.  Time for last 10,000:    0s.  Last read position: X:10,371,549
INFO	2025-02-11 11:32:55	MergeVcfs	Processed     1,720,000 records.  Elapsed time: 00:00:40s.  Time for last 10,000:    0s.  Last read position: X:11,216,539
INFO	2025-02-11 11:32:55	MergeVcfs	Processed     1,730,000 records.  Elapsed time: 00:00:40s.  Time for last 10,000:    0s.  Last read position: X:12,138,843
INFO	2025-02-11 11:32:56	MergeVcfs	Processed     1,740,000 records.  Elapsed time: 00:00:40s.  Time for last 10,000:    0s.  Last read position: X:12,738,061
INFO	2025-02-11 11:32:56	MergeVcfs	Processed     1,750,000 records.  Elapsed time: 00:00:41s.  Time for last 10,000:    0s.  Last read position: X:13,396,051
INFO	2025-02-11 11:32:56	MergeVcfs	Processed     1,760,000 records.  Elapsed time: 00:00:41s.  Time for last 10,000:    0s.  Last read position: X:14,135,767
INFO	2025-02-11 11:32:56	MergeVcfs	Processed     1,770,000 records.  Elapsed time: 00:00:41s.  Time for last 10,000:    0s.  Last read position: X:14,865,252
INFO	2025-02-11 11:32:57	MergeVcfs	Processed     1,780,000 records.  Elapsed time: 00:00:41s.  Time for last 10,000:    0s.  Last read position: X:15,591,772
INFO	2025-02-11 11:32:57	MergeVcfs	Processed     1,790,000 records.  Elapsed time: 00:00:42s.  Time for last 10,000:    0s.  Last read position: X:16,385,782
INFO	2025-02-11 11:32:57	MergeVcfs	Processed     1,800,000 records.  Elapsed time: 00:00:42s.  Time for last 10,000:    0s.  Last read position: X:17,011,793
INFO	2025-02-11 11:32:57	MergeVcfs	Processed     1,810,000 records.  Elapsed time: 00:00:42s.  Time for last 10,000:    0s.  Last read position: X:17,700,339
INFO	2025-02-11 11:32:57	MergeVcfs	Processed     1,820,000 records.  Elapsed time: 00:00:42s.  Time for last 10,000:    0s.  Last read position: X:18,569,699
INFO	2025-02-11 11:32:58	MergeVcfs	Processed     1,830,000 records.  Elapsed time: 00:00:42s.  Time for last 10,000:    0s.  Last read position: X:19,338,460
INFO	2025-02-11 11:32:58	MergeVcfs	Processed     1,840,000 records.  Elapsed time: 00:00:43s.  Time for last 10,000:    0s.  Last read position: X:20,256,738
INFO	2025-02-11 11:32:58	MergeVcfs	Processed     1,850,000 records.  Elapsed time: 00:00:43s.  Time for last 10,000:    0s.  Last read position: X:20,953,079
INFO	2025-02-11 11:32:58	MergeVcfs	Processed     1,860,000 records.  Elapsed time: 00:00:43s.  Time for last 10,000:    0s.  Last read position: X:21,593,108
INFO	2025-02-11 11:32:59	MergeVcfs	Processed     1,870,000 records.  Elapsed time: 00:00:43s.  Time for last 10,000:    0s.  Last read position: X:22,777,503
[Tue Feb 11 11:32:59 PST 2025] picard.vcf.MergeVcfs done. Elapsed time: 0.74 minutes.
Runtime.totalMemory()=608174080
